Log file open, 04/25/18 15:07:28
LogWindows: Failed to load 'aqProf.dll' (GetLastError=126)
LogWindows: File 'aqProf.dll' does not exist
LogWindows: Failed to load 'VSPerf140.dll' (GetLastError=126)
LogWindows: File 'VSPerf140.dll' does not exist
LogWindows: Failed to load 'VtuneApi.dll' (GetLastError=126)
LogWindows: File 'VtuneApi.dll' does not exist
LogWindows: Failed to load 'VtuneApi32e.dll' (GetLastError=126)
LogWindows: File 'VtuneApi32e.dll' does not exist
LogInit: Display: Running engine for game: Prototype_Group_11
LogPlatformFile: Not using cached read wrapper
LogInit: Display: RandInit(-2098309265) SRandInit(-2098309265).
LogTaskGraph: Started task graph with 5 named threads and 20 total threads with 3 sets of task threads.
LogStats: Stats thread started at 0.449341
LogD3D11RHI: Aftermath initialized
LogPluginManager: Mounting plugin Paper2D
LogPluginManager: Mounting plugin LightPropagationVolume
LogPluginManager: Mounting plugin CodeLiteSourceCodeAccess
LogPluginManager: Mounting plugin GitSourceControl
LogPluginManager: Mounting plugin KDevelopSourceCodeAccess
LogPluginManager: Mounting plugin NullSourceCodeAccess
LogPluginManager: Mounting plugin PerforceSourceControl
LogPluginManager: Mounting plugin SubversionSourceControl
LogPluginManager: Mounting plugin UObjectPlugin
LogPluginManager: Mounting plugin VisualStudioSourceCodeAccess
LogPluginManager: Mounting plugin XCodeSourceCodeAccess
LogPluginManager: Mounting plugin AssetManagerEditor
LogPluginManager: Mounting plugin AudioCapture
LogPluginManager: Mounting plugin FacialAnimation
LogPluginManager: Mounting plugin GameplayTagsEditor
LogPluginManager: Mounting plugin MobileLauncherProfileWizard
LogPluginManager: Mounting plugin PluginBrowser
LogPluginManager: Mounting plugin SpeedTreeImporter
LogPluginManager: Mounting plugin AlembicImporter
LogPluginManager: Mounting plugin CharacterAI
LogPluginManager: Mounting plugin HTML5Networking
LogPluginManager: Mounting plugin AndroidMedia
LogPluginManager: Mounting plugin AvfMedia
LogPluginManager: Mounting plugin MediaPlayerEditor
LogPluginManager: Mounting plugin WmfMedia
LogPluginManager: Mounting plugin TcpMessaging
LogPluginManager: Mounting plugin UdpMessaging
LogPluginManager: Mounting plugin LevelSequenceEditor
LogPluginManager: Mounting plugin MatineeToLevelSequence
LogPluginManager: Mounting plugin OnlineSubsystemGooglePlay
LogPluginManager: Mounting plugin OnlineSubsystemIOS
LogPluginManager: Mounting plugin OnlineSubsystem
LogPluginManager: Mounting plugin OnlineSubsystemNull
LogPluginManager: Mounting plugin OnlineSubsystemUtils
LogPluginManager: Mounting plugin AndroidDeviceProfileSelector
LogPluginManager: Mounting plugin AndroidMoviePlayer
LogPluginManager: Mounting plugin AndroidPermission
LogPluginManager: Mounting plugin AppleMoviePlayer
LogPluginManager: Mounting plugin ArchVisCharacter
LogPluginManager: Mounting plugin CableComponent
LogPluginManager: Mounting plugin CustomMeshComponent
LogPluginManager: Mounting plugin ExampleDeviceProfileSelector
LogPluginManager: Mounting plugin GoogleCloudMessaging
LogPluginManager: Mounting plugin ImmediatePhysics
LogPluginManager: Mounting plugin IOSDeviceProfileSelector
LogPluginManager: Mounting plugin LinuxDeviceProfileSelector
LogPluginManager: Mounting plugin LocationServicesBPLibrary
LogPluginManager: Mounting plugin MobilePatchingUtils
LogPluginManager: Mounting plugin OculusVR
LogPluginManager: Mounting plugin PhysXVehicles
LogPluginManager: Mounting plugin ProceduralMeshComponent
LogPluginManager: Mounting plugin RuntimePhysXCooking
LogPluginManager: Mounting plugin SteamVR
LogPluginManager: Mounting plugin WindowsMoviePlayer
LogInit: Using libcurl 7.47.1
LogInit:  - built for x86_64-pc-win32
LogInit:  - supports SSL with OpenSSL/1.0.2g
LogInit:  - supports HTTP deflate (compression) using libz 1.2.8
LogInit:  - other features:
LogInit:      CURL_VERSION_SSL
LogInit:      CURL_VERSION_LIBZ
LogInit:      CURL_VERSION_IPV6
LogInit:      CURL_VERSION_ASYNCHDNS
LogInit:      CURL_VERSION_LARGEFILE
LogInit:      CURL_VERSION_IDN
LogInit:  CurlRequestOptions (configurable via config and command line):
LogInit:  - bVerifyPeer = false  - Libcurl will NOT verify peer certificate
LogInit:  - bUseHttpProxy = false  - Libcurl will NOT use HTTP proxy
LogInit:  - bDontReuseConnections = false  - Libcurl will reuse connections
LogInit:  - CertBundlePath = nullptr  - Libcurl will use whatever was configured at build time.
LogInit: Build: ++UE4+Release-4.17-CL-3658906
LogInit: Engine Version: 4.17.2-3658906+++UE4+Release-4.17
LogInit: Compatible Engine Version: 4.17.0-3573198+++UE4+Release-4.17
LogInit: Net CL: 3573198
LogDevObjectVersion: Number of dev versions registered: 16
LogDevObjectVersion:   Dev-Blueprints (B0D832E4-1F89-4F0D-ACCF-7EB736FD4AA2): 10
LogDevObjectVersion:   Dev-Build (E1C64328-A22C-4D53-A36C-8E866417BD8C): 0
LogDevObjectVersion:   Dev-Core (375EC13C-06E4-48FB-B500-84F0262A717E): 2
LogDevObjectVersion:   Dev-Editor (E4B068ED-F494-42E9-A231-DA0B2E46BB41): 20
LogDevObjectVersion:   Dev-Framework (CFFC743F-43B0-4480-9391-14DF171D2073): 28
LogDevObjectVersion:   Dev-Mobile (B02B49B5-BB20-44E9-A304-32B752E40360): 0
LogDevObjectVersion:   Dev-Networking (A4E4105C-59A1-49B5-A7C5-40C4547EDFEE): 0
LogDevObjectVersion:   Dev-Online (39C831C9-5AE6-47DC-9A44-9C173E1C8E7C): 0
LogDevObjectVersion:   Dev-Physics (78F01B33-EBEA-4F98-B9B4-84EACCB95AA2): 0
LogDevObjectVersion:   Dev-Platform (6631380F-2D4D-43E0-8009-CF276956A95A): 0
LogDevObjectVersion:   Dev-Rendering (12F88B9F-8875-4AFC-A67C-D90C383ABD29): 19
LogDevObjectVersion:   Dev-Sequencer (7B5AE74C-D270-4C10-A958-57980B212A5A): 4
LogDevObjectVersion:   Dev-VR (D7296918-1DD6-4BDD-9DE2-64A83CC13884): 0
LogDevObjectVersion:   Dev-LoadTimes (C2A15278-BFE7-4AFE-6C17-90FF531DF755): 1
LogDevObjectVersion:   Private-Geometry (6EACA3D4-40EC-4CC1-B786-8BED09428FC5): 1
LogDevObjectVersion:   Dev-AnimPhys (29E575DD-E0A3-4627-9D10-D276232CDCEA): 7
LogInit: Compiled (64-bit): Sep 22 2017 13:47:16
LogInit: Compiled with Visual C++: 19.00.24215.01
LogInit: Build Configuration: Development
LogInit: Branch Name: ++UE4+Release-4.17
LogInit: Command line:  
LogInit: Base directory: C:/Program Files/Epic Games/UE_4.17/Engine/Binaries/Win64/
LogInit: Installed Engine Build: 1
LogInit: Presizing for max 8388607 objects, including 0 objects not considered by GC, pre-allocating 0 bytes for permanent pool.
LogInit: Object subsystem initialized
[2018.04.25-14.07.29:804][  0]LogInit: Selected Device Profile: [Windows]
[2018.04.25-14.07.29:804][  0]LogInit: Applying CVar settings loaded from the selected device profile: [Windows]
[2018.04.25-14.07.29:843][  0]LogInit: Computer: TYLER-PC
[2018.04.25-14.07.29:843][  0]LogInit: User: Tyler
[2018.04.25-14.07.29:843][  0]LogInit: CPU Page size=4096, Cores=6
[2018.04.25-14.07.29:843][  0]LogInit: High frequency timer resolution =3.125004 MHz
[2018.04.25-14.07.29:843][  0]LogMemory: Memory total: Physical=8.0GB (8GB approx)
[2018.04.25-14.07.29:843][  0]LogMemory: Platform Memory Stats for Windows
[2018.04.25-14.07.29:843][  0]LogMemory: Process Physical Memory: 280.66 MB used, 280.66 MB peak
[2018.04.25-14.07.29:843][  0]LogMemory: Process Virtual Memory: 283.10 MB used, 283.10 MB peak
[2018.04.25-14.07.29:843][  0]LogMemory: Physical Memory: 5195.41 MB used,  2948.98 MB free, 8144.39 MB total
[2018.04.25-14.07.29:843][  0]LogMemory: Virtual Memory: 715.86 MB used,  2948.98 MB free, 134217728.00 MB total
[2018.04.25-14.07.30:325][  0]LogInit: Using OS detected language (en-GB).
[2018.04.25-14.07.30:325][  0]LogInit: Using OS detected locale (en-GB).
[2018.04.25-14.07.30:394][  0]LogTextLocalizationManager: No specific localization for 'en-GB' exists, so the 'en' localization will be used.
[2018.04.25-14.07.33:713][  0]LogD3D11RHI: D3D11 adapters:
[2018.04.25-14.07.33:790][  0]LogD3D11RHI:    0. 'NVIDIA GeForce GTX 980' (Feature Level 11_0)
[2018.04.25-14.07.33:790][  0]LogD3D11RHI:       4053/0/4072 MB DedicatedVideo/DedicatedSystem/SharedSystem, Outputs:1, VendorId:0x10de
[2018.04.25-14.07.33:793][  0]LogD3D11RHI:    1. 'Microsoft Basic Render Driver' (Feature Level 11_0)
[2018.04.25-14.07.33:793][  0]LogD3D11RHI:       0/0/4072 MB DedicatedVideo/DedicatedSystem/SharedSystem, Outputs:0, VendorId:0x1414
[2018.04.25-14.07.33:793][  0]LogD3D11RHI: Chosen D3D11 Adapter: 0
[2018.04.25-14.07.33:803][  0]LogD3D11RHI: Creating new Direct3DDevice
[2018.04.25-14.07.33:804][  0]LogD3D11RHI:     GPU DeviceId: 0x13c0 (for the marketing name, search the web for "GPU Device Id")
[2018.04.25-14.07.33:804][  0]LogWindows: EnumDisplayDevices:
[2018.04.25-14.07.33:804][  0]LogWindows:    0. 'NVIDIA GeForce GTX 980' (P:1 D:1)
[2018.04.25-14.07.33:804][  0]LogWindows:    1. 'NVIDIA GeForce GTX 980' (P:0 D:0)
[2018.04.25-14.07.33:804][  0]LogWindows:    2. 'NVIDIA GeForce GTX 980' (P:0 D:0)
[2018.04.25-14.07.33:804][  0]LogWindows:    3. 'NVIDIA GeForce GTX 980' (P:0 D:0)
[2018.04.25-14.07.33:804][  0]LogWindows: DebugString: GetVideoDriverDetailsInvalid PrimaryIsNotTheChoosenAdapter GetVideoDriverDetailsInvalid PrimaryIsNotTheChoosenAdapter GetVideoDriverDetailsInvalid PrimaryIsNotTheChoosenAdapter GetVideoDriverDetailsInvalid PrimaryIsNotTheChoosenAdapter FoundDriverCount:0 
[2018.04.25-14.07.33:804][  0]LogD3D11RHI:     Adapter Name: NVIDIA GeForce GTX 980
[2018.04.25-14.07.33:804][  0]LogD3D11RHI:   Driver Version: Unknown (internal:Unknown, unified:Unknown)
[2018.04.25-14.07.33:804][  0]LogD3D11RHI:      Driver Date: Unknown
[2018.04.25-14.07.33:804][  0]LogRHI: Texture pool is 1361 MB (70% of 1945 MB)
[2018.04.25-14.07.33:851][  0]LogD3D11RHI: Async texture creation enabled
[2018.04.25-14.07.33:956][  0]LogD3D11RHI: GPU Timing Frequency: 1000.000000 (Debug: 2 2)
[2018.04.25-14.07.34:007][  0]LogShaderCompilers: Guid format shader working directory is -44 characters bigger than the processId version (../../../../../../Users/Tyler/Documents/GitHub/mgp-mgp-group-11/Development/Unreal Project/Intermediate/Shaders/WorkingDirectory/9728/).
[2018.04.25-14.07.34:008][  0]LogShaderCompilers: Cleaned the shader compiler working directory 'C:/Users/Tyler/AppData/Local/Temp/UnrealShaderWorkingDir/40607E7F4155CA44D59B2EA1E5BBCF7F/'.
[2018.04.25-14.07.34:008][  0]LogShaderCompilers: Display: Using Local Shader Compiler.
[2018.04.25-14.07.36:499][  0]LogTemp: Display: Loaded TP AllDesktopTargetPlatform
[2018.04.25-14.07.36:573][  0]LogTemp: Display: Loaded TP MacClientTargetPlatform
[2018.04.25-14.07.36:651][  0]LogTemp: Display: Loaded TP MacNoEditorTargetPlatform
[2018.04.25-14.07.36:726][  0]LogTemp: Display: Loaded TP MacServerTargetPlatform
[2018.04.25-14.07.36:809][  0]LogTemp: Display: Loaded TP MacTargetPlatform
[2018.04.25-14.07.36:887][  0]LogTemp: Display: Loaded TP WindowsClientTargetPlatform
[2018.04.25-14.07.36:963][  0]LogTemp: Display: Loaded TP WindowsNoEditorTargetPlatform
[2018.04.25-14.07.37:036][  0]LogTemp: Display: Loaded TP WindowsServerTargetPlatform
[2018.04.25-14.07.37:104][  0]LogTemp: Display: Loaded TP WindowsTargetPlatform
[2018.04.25-14.07.37:182][  0]LogTemp: Display: Loaded TP AndroidTargetPlatform
[2018.04.25-14.07.37:255][  0]LogTemp: Display: Loaded TP Android_ASTCTargetPlatform
[2018.04.25-14.07.37:326][  0]LogTemp: Display: Loaded TP Android_ATCTargetPlatform
[2018.04.25-14.07.37:403][  0]LogTemp: Display: Loaded TP Android_DXTTargetPlatform
[2018.04.25-14.07.37:475][  0]LogTemp: Display: Loaded TP Android_ETC1TargetPlatform
[2018.04.25-14.07.37:547][  0]LogTemp: Display: Loaded TP Android_ETC2TargetPlatform
[2018.04.25-14.07.37:696][  0]LogTemp: Display: Loaded TP Android_MultiTargetPlatform
[2018.04.25-14.07.37:696][  0]LogTemp: Display: Loaded TP Android_PVRTCTargetPlatform
[2018.04.25-14.07.37:754][  0]LogTemp: Display: Loaded TP HTML5TargetPlatform
[2018.04.25-14.07.37:889][  0]LogTemp: Display: Loaded TP IOSTargetPlatform
[2018.04.25-14.07.37:935][  0]LogTemp: Display: Loaded TP TVOSTargetPlatform
[2018.04.25-14.07.38:011][  0]LogTemp: Display: Loaded TP LinuxClientTargetPlatform
[2018.04.25-14.07.38:084][  0]LogTemp: Display: Loaded TP LinuxNoEditorTargetPlatform
[2018.04.25-14.07.38:158][  0]LogTemp: Display: Loaded TP LinuxServerTargetPlatform
[2018.04.25-14.07.38:237][  0]LogTemp: Display: Loaded TP LinuxTargetPlatform
[2018.04.25-14.07.38:237][  0]LogTargetPlatformManager: Display: Building Assets For Windows
[2018.04.25-14.07.39:018][  0]LogDerivedDataCache: Display: Max Cache Size: 512 MB
[2018.04.25-14.07.39:454][  0]LogDerivedDataCache: Loaded boot cache 0.44s 93MB C:/Users/Tyler/AppData/Local/UnrealEngine/4.17/DerivedDataCache/Boot.ddc.
[2018.04.25-14.07.39:454][  0]LogDerivedDataCache: Display: Loaded Boot cache: C:/Users/Tyler/AppData/Local/UnrealEngine/4.17/DerivedDataCache/Boot.ddc
[2018.04.25-14.07.39:454][  0]LogDerivedDataCache: FDerivedDataBackendGraph:  Pak pak cache file ../../../../../../Users/Tyler/Documents/GitHub/mgp-mgp-group-11/Development/Unreal Project/DerivedDataCache/DDC.ddp not found, will not use a pak cache.
[2018.04.25-14.07.39:454][  0]LogDerivedDataCache: Unable to find inner node Pak for hierarchical cache Hierarchy.
[2018.04.25-14.07.39:454][  0]LogDerivedDataCache: FDerivedDataBackendGraph:  CompressedPak pak cache file ../../../../../../Users/Tyler/Documents/GitHub/mgp-mgp-group-11/Development/Unreal Project/DerivedDataCache/Compressed.ddp not found, will not use a pak cache.
[2018.04.25-14.07.39:454][  0]LogDerivedDataCache: Unable to find inner node CompressedPak for hierarchical cache Hierarchy.
[2018.04.25-14.07.39:488][  0]LogDerivedDataCache: Display: Pak cache opened for reading ../../../Engine/DerivedDataCache/Compressed.ddp.
[2018.04.25-14.07.39:501][  0]LogDerivedDataCache: Using Local data cache path C:/Users/Tyler/AppData/Local/UnrealEngine/Common/DerivedDataCache: Writable
[2018.04.25-14.07.39:518][  0]LogMaterial: Verifying Global Shaders for PCD3D_SM5
[2018.04.25-14.07.39:526][  0]LogSlate: Using Freetype 2.6.0
[2018.04.25-14.07.39:541][  0]LogSlate: SlateFontCache - WITH_FREETYPE: 1, WITH_HARFBUZZ: 1
[2018.04.25-14.07.39:541][  0]LogSlate: SlateFontCache - WITH_FREETYPE: 1, WITH_HARFBUZZ: 1
[2018.04.25-14.07.40:712][  0]LogAssetRegistry: FAssetRegistry took 0.0340 seconds to start up
[2018.04.25-14.07.40:969][  0]LogInit: Selected Device Profile: [Windows]
[2018.04.25-14.07.41:517][  0]LogContentStreaming: Texture pool size is 0.00 MB
[2018.04.25-14.07.42:019][  0]LogSimplygon: Simplygon DLL not present - disabling.
[2018.04.25-14.07.42:080][  0]LogMeshReduction: Using SimplygonSwarm for distributed automatic mesh merging
[2018.04.25-14.07.42:080][  0]LogMeshReduction: Using QuadricMeshReduction for automatic static mesh reduction
[2018.04.25-14.07.42:080][  0]LogMeshReduction: No automatic skeletal mesh reduction module available
[2018.04.25-14.07.42:080][  0]LogMeshReduction: No automatic mesh merging module available
[2018.04.25-14.07.42:080][  0]LogMeshMerging: No automatic mesh merging module available
[2018.04.25-14.07.42:961][  0]LogNetVersion: Prototype_Group_11 , NetCL: 3573198, EngineNetVer: 2, GameNetVer: 0 (Checksum: 3139247147)
[2018.04.25-14.07.43:465][  0]LogPackageLocalizationCache: Processed 5 localized package path(s) for 2 prioritized culture(s) in 0.089092 seconds
[2018.04.25-14.07.43:475][  0]LogUObjectArray: 35825 objects as part of root set at end of initial load.
[2018.04.25-14.07.43:475][  0]LogUObjectAllocator: 7529112 out of 0 bytes used by permanent object pool.
[2018.04.25-14.07.43:475][  0]LogUObjectArray: CloseDisregardForGC: 0/0 objects in disregard for GC pool
[2018.04.25-14.07.43:562][  0]LogInit: WinSock: version 1.1 (2.2), MaxSocks=32767, MaxUdp=65467
[2018.04.25-14.07.50:263][  0]LogTcpMessaging: Initializing TcpMessaging bridge
[2018.04.25-14.07.50:326][  0]LogUdpMessaging: Initializing bridge on interface 0.0.0.0:0 to multicast group 230.0.0.1:6666.
[2018.04.25-14.07.51:340][  0]LogMaterial: Uniform references updated for custom material expression Custom.
[2018.04.25-14.07.51:912][  0]SourceControl: Source control is disabled
[2018.04.25-14.07.53:461][  0]LogAndroidPermission: UAndroidPermissionCallbackProxy::GetInstance
[2018.04.25-14.07.53:816][  0]LogOcInput: OculusInput pre-init called
[2018.04.25-14.07.54:208][  0]LogEngine: Initializing Engine...
[2018.04.25-14.07.54:219][  0]LogHMD: Failed to initialize OpenVR with code 100
[2018.04.25-14.07.54:497][  0]LogStats: UGameplayTagsManager::ConstructGameplayTagTree: Construct from data asset -  0.000 s
[2018.04.25-14.07.54:498][  0]LogStats: UGameplayTagsManager::ConstructGameplayTagTree: GameplayTagTreeChangedEvent.Broadcast -  0.000 s
[2018.04.25-14.07.54:737][  0]LogAIModule: Creating AISystem for world Untitled
[2018.04.25-14.07.54:768][  0]LogInit: XAudio2 using 'Headset Earphone (4- Corsair VOID Wireless Gaming Dongle)' : 2 channels at 48 kHz using 16 bits per sample (channel mask 0x3)
[2018.04.25-14.07.54:785][  0]LogInit: FAudioDevice initialized.
[2018.04.25-14.07.54:891][  0]LogDerivedDataCache: Saved boot cache 0.10s 93MB C:/Users/Tyler/AppData/Local/UnrealEngine/4.17/DerivedDataCache/Boot.ddc.
[2018.04.25-14.07.54:910][  0]LogInit: Texture streaming: Enabled
[2018.04.25-14.07.55:087][  0]LogEngineSessionManager: EngineSessionManager initialized
[2018.04.25-14.07.55:444][  0]LogInit: Transaction tracking system initialized
[2018.04.25-14.07.55:935][  0]BlueprintLog: New page: Editor Load
[2018.04.25-14.07.57:343][  0]LocalizationService: Localization service is disabled
[2018.04.25-14.07.58:650][  0]LogConsoleResponse: Display: 
[2018.04.25-14.07.58:935][  0]LogCook: Display: Max memory allowance for cook 16384mb min free memory 0mb
[2018.04.25-14.07.58:935][  0]LogCook: Display: Mobile HDR setting 1
[2018.04.25-14.07.58:937][  0]LogFileCache: Scanning file cache for directory 'C:/Users/Tyler/Documents/GitHub/mgp-mgp-group-11/Development/Unreal Project/Content/' took 0.02s
[2018.04.25-14.07.58:937][  0]LogGameplayTags: Display: UGameplayTagsManager::DoneAddingNativeTags. DelegateIsBound: 0
[2018.04.25-14.08.00:586][  0]Cmd: MAP LOAD FILE="../../../../../../Users/Tyler/Documents/GitHub/mgp-mgp-group-11/Development/Unreal Project/Content/Levels/MainMenu.umap" TEMPLATE=0 SHOWPROGRESS=1 FEATURELEVEL=3
[2018.04.25-14.08.00:589][  0]LightingResults: New page: Lighting Build
[2018.04.25-14.08.00:658][  0]MapCheck: New page: Map Check
[2018.04.25-14.08.00:658][  0]LightingResults: New page: Lighting Build
[2018.04.25-14.08.01:330][  0]LogAIModule: Creating AISystem for world MainMenu
[2018.04.25-14.08.01:342][  0]LogEditorServer: Finished looking for orphan Actors (0.000 secs)
[2018.04.25-14.08.01:403][  0]Cmd: MAP CHECKDEP NOCLEARLOG
[2018.04.25-14.08.01:469][  0]MapCheck: Map check complete: 0 Error(s), 0 Warning(s), took 65.574ms to complete.
[2018.04.25-14.08.01:469][  0]LogFileHelpers: Loading map 'MainMenu' took 0.884
[2018.04.25-14.08.01:783][  0]LogCollectionManager: Loaded 0 collections in 0.002804 seconds
[2018.04.25-14.08.01:898][  0]LogFileCache: Scanning file cache for directory 'C:/Users/Tyler/Documents/GitHub/mgp-mgp-group-11/Development/Unreal Project/Saved/Collections/' took 0.01s
[2018.04.25-14.08.01:898][  0]LogFileCache: Scanning file cache for directory 'C:/Users/Tyler/Documents/GitHub/mgp-mgp-group-11/Development/Unreal Project/Content/Developers/Tyler/Collections/' took 0.01s
[2018.04.25-14.08.01:898][  0]LogFileCache: Scanning file cache for directory 'C:/Users/Tyler/Documents/GitHub/mgp-mgp-group-11/Development/Unreal Project/Content/Collections/' took 0.01s
[2018.04.25-14.08.01:898][  0]LogCollectionManager: Rebuilt the GUID cache for 0 collections in 0.000000 seconds
[2018.04.25-14.08.01:913][  0]LogContentBrowser: Native class hierarchy populated in 0.0125 seconds. Added 2386 classes and 500 folders.
[2018.04.25-14.08.02:002][  0]LogContentBrowser: Native class hierarchy updated for 'WidgetCarousel' in 0.0008 seconds. Added 0 classes and 0 folders.
[2018.04.25-14.08.02:456][  0]LogContentBrowser: Native class hierarchy updated for 'AddContentDialog' in 0.0008 seconds. Added 0 classes and 0 folders.
[2018.04.25-14.08.02:526][  0]LogContentBrowser: Native class hierarchy updated for 'SceneOutliner' in 0.0009 seconds. Added 1 classes and 2 folders.
[2018.04.25-14.08.02:874][  0]LogContentBrowser: Native class hierarchy updated for 'HierarchicalLODOutliner' in 0.0008 seconds. Added 1 classes and 2 folders.
[2018.04.25-14.08.02:875][  0]LogLoad: (Engine Initialization) Total time: 36.99 seconds
[2018.04.25-14.08.02:875][  0]LogLoad: (Engine Initialization) Total Blueprint compile time: 0.00 seconds
[2018.04.25-14.08.02:876][  0]LogExternalProfiler: No external profilers were discovered.  External profiling features will not be available.
[2018.04.25-14.08.03:254][  0]SourceControl: On branch master
[2018.04.25-14.08.03:254][  0]SourceControl: Your branch is up to date with 'origin/master'.
[2018.04.25-14.08.03:254][  0]SourceControl: Changes not staged for commit:
[2018.04.25-14.08.03:254][  0]SourceControl:   (use "git add/rm <file>..." to update what will be committed)
[2018.04.25-14.08.03:254][  0]SourceControl:   (use "git checkout -- <file>..." to discard changes in working directory)
[2018.04.25-14.08.03:254][  0]SourceControl: 	modified:   Development/Unreal Project/Intermediate/CachedAssetRegistry.bin
[2018.04.25-14.08.03:254][  0]SourceControl: 	modified:   Development/Unreal Project/Intermediate/Config/CoalescedSourceConfigs/Engine.ini
[2018.04.25-14.08.03:254][  0]SourceControl: 	modified:   Development/Unreal Project/Saved/Config/Windows/Engine.ini
[2018.04.25-14.08.03:254][  0]SourceControl: 	deleted:    Development/Unreal Project/Saved/Logs/Prototype_Group_11-backup-2018.04.20-22.20.20.log
[2018.04.25-14.08.03:254][  0]SourceControl: 	modified:   Development/Unreal Project/Saved/Logs/Prototype_Group_11.log
[2018.04.25-14.08.03:254][  0]SourceControl: Untracked files:
[2018.04.25-14.08.03:254][  0]SourceControl:   (use "git add <file>..." to include in what will be committed)
[2018.04.25-14.08.03:254][  0]SourceControl: 	Development/Unreal Project/Saved/Config/CrashReportClient/UE4CC-Windows-A6120259407C997AAAC95BB08C0FE891/
[2018.04.25-14.08.03:254][  0]SourceControl: 	Development/Unreal Project/Saved/Logs/Prototype_Group_11-backup-2018.04.25-15.07.28.log
[2018.04.25-14.08.03:254][  0]SourceControl: no changes added to commit (use "git add" and/or "git commit -a")
[2018.04.25-14.08.03:255][  0]LogContentStreaming: Texture pool size now 1000 MB
[2018.04.25-14.08.03:270][  0]LogSlate: Took 0.006366 seconds to synchronously load lazily loaded font '../../../Engine/Content/Slate/Fonts/Roboto-Regular.ttf' (155K)
[2018.04.25-14.08.03:283][  0]LogSlate: Took 0.007244 seconds to synchronously load lazily loaded font '../../../Engine/Content/Slate/Fonts/Roboto-Bold.ttf' (160K)
[2018.04.25-14.08.03:295][  0]LogSlate: Took 0.006928 seconds to synchronously load lazily loaded font '../../../Engine/Content/Editor/Slate/Fonts/FontAwesome.ttf' (139K)
[2018.04.25-14.08.03:402][  0]LogSlate: Took 0.006268 seconds to synchronously load lazily loaded font '../../../Engine/Content/Slate/Fonts/Roboto-Light.ttf' (159K)
[2018.04.25-14.08.03:442][  1]LogRenderer: Reallocating scene render targets to support 672x356 Format 10 NumSamples 1 (Frame:1).
[2018.04.25-14.08.03:893][  2]LogAssetRegistry: Asset discovery search completed in 23.2041 seconds
[2018.04.25-14.08.03:897][  2]LogCollectionManager: Rebuilt the object cache for 0 collections in 0.000000 seconds (found 0 objects)
[2018.04.25-14.08.03:898][  2]LogCollectionManager: Fixed up redirectors for 0 collections in 0.000145 seconds (updated 0 objects)
[2018.04.25-14.08.31:737][285]LogRenderer: Reallocating scene render targets to support 1528x596 Format 10 NumSamples 1 (Frame:190).
[2018.04.25-14.08.34:761][640]LogSlate: Took 0.000181 seconds to synchronously load lazily loaded font '../../../Engine/Content/Slate/Fonts/Roboto-Light.ttf' (159K)
[2018.04.25-14.08.35:010][640]LogLinker: Warning: Can't find file '/Game/Levels/JoeLevel1_BuiltData'
[2018.04.25-14.08.35:010][640]LogLinker: Warning: Can't find file for asset '/Game/Levels/JoeLevel1_BuiltData' while loading ../../../../../../Users/Tyler/Documents/GitHub/mgp-mgp-group-11/Development/Unreal Project/Content/Levels/JoeLevel1.umap.
[2018.04.25-14.08.35:010][640]LoadErrors: Error: /Game/Levels/JoeLevel1 : Can't find file for asset. /Game/Levels/JoeLevel1_BuiltData
[2018.04.25-14.08.35:016][640]LogLinker: Warning: Can't find file '/Game/Levels/JoeLevel1_BuiltData'
[2018.04.25-14.08.35:016][640]LogLinker: Warning: Can't find file for asset '/Game/Levels/JoeLevel1_BuiltData' while loading ../../../../../../Users/Tyler/Documents/GitHub/mgp-mgp-group-11/Development/Unreal Project/Content/Levels/JoeLevel1.umap.
[2018.04.25-14.08.35:018][640]LogLinker: Warning: Can't find file '/Game/Levels/JoeLevel1_BuiltData'
[2018.04.25-14.08.35:018][640]LogLinker: Warning: Can't find file for asset '/Game/Levels/JoeLevel1_BuiltData' while loading NULL.
[2018.04.25-14.08.35:019][640]LogLinker: Warning: Can't find file '/Game/Levels/JoeLevel1_BuiltData'
[2018.04.25-14.08.35:019][640]LogLinker: Warning: Can't find file for asset '/Game/Levels/JoeLevel1_BuiltData' while loading NULL.
[2018.04.25-14.08.35:040][640]LogLinker: Warning: Can't find file '/Game/Levels/JoeLevel1_BuiltData'
[2018.04.25-14.08.35:040][640]LoadErrors: Failed to load /Game/Levels/JoeLevel1_BuiltData.JoeLevel1_BuiltData Referenced by PersistentLevel
[2018.04.25-14.08.35:040][640]LogLinker: Warning: Can't find file for asset '/Game/Levels/JoeLevel1_BuiltData' while loading NULL.
[2018.04.25-14.08.35:238][640]LogAIModule: Creating AISystem for world JoeLevel1
[2018.04.25-14.08.35:403][640]Cmd: MAP LOAD FILE="../../../../../../Users/Tyler/Documents/GitHub/mgp-mgp-group-11/Development/Unreal Project/Content/Levels/JoeLevel1.umap" TEMPLATE=0 SHOWPROGRESS=1 FEATURELEVEL=3
[2018.04.25-14.08.35:403][640]LightingResults: New page: Lighting Build
[2018.04.25-14.08.35:404][640]LoadErrors: New page: Loading map: JoeLevel1.umap
[2018.04.25-14.08.35:405][640]MapCheck: New page: Map Check
[2018.04.25-14.08.35:405][640]LightingResults: New page: Lighting Build
[2018.04.25-14.08.35:545][640]LogEditorServer: Finished looking for orphan Actors (0.000 secs)
[2018.04.25-14.08.35:621][640]Cmd: MAP CHECKDEP NOCLEARLOG
[2018.04.25-14.08.35:696][640]MapCheck: Map check complete: 0 Error(s), 0 Warning(s), took 74.965ms to complete.
[2018.04.25-14.08.35:696][640]LogFileHelpers: Loading map 'JoeLevel1' took 0.295
[2018.04.25-14.08.39:510][ 68]LogAIModule: Creating AISystem for world Tutorial2
[2018.04.25-14.08.39:570][ 68]Cmd: MAP LOAD FILE="../../../../../../Users/Tyler/Documents/GitHub/mgp-mgp-group-11/Development/Unreal Project/Content/Levels/Tutorial2.umap" TEMPLATE=0 SHOWPROGRESS=1 FEATURELEVEL=3
[2018.04.25-14.08.39:570][ 68]LightingResults: New page: Lighting Build
[2018.04.25-14.08.39:571][ 68]LoadErrors: New page: Loading map: Tutorial2.umap
[2018.04.25-14.08.39:573][ 68]MapCheck: New page: Map Check
[2018.04.25-14.08.39:573][ 68]LightingResults: New page: Lighting Build
[2018.04.25-14.08.39:708][ 68]LogEditorServer: Finished looking for orphan Actors (0.000 secs)
[2018.04.25-14.08.39:780][ 68]Cmd: MAP CHECKDEP NOCLEARLOG
[2018.04.25-14.08.39:857][ 68]MapCheck: Map check complete: 0 Error(s), 0 Warning(s), took 76.645ms to complete.
[2018.04.25-14.08.39:857][ 68]LogFileHelpers: Loading map 'Tutorial2' took 0.287
[2018.04.25-14.08.42:476][363]LogAIModule: Creating AISystem for world Tutorial1
[2018.04.25-14.08.42:531][363]Cmd: MAP LOAD FILE="../../../../../../Users/Tyler/Documents/GitHub/mgp-mgp-group-11/Development/Unreal Project/Content/Levels/Tutorial1.umap" TEMPLATE=0 SHOWPROGRESS=1 FEATURELEVEL=3
[2018.04.25-14.08.42:532][363]LightingResults: New page: Lighting Build
[2018.04.25-14.08.42:532][363]LoadErrors: New page: Loading map: Tutorial1.umap
[2018.04.25-14.08.42:534][363]MapCheck: New page: Map Check
[2018.04.25-14.08.42:534][363]LightingResults: New page: Lighting Build
[2018.04.25-14.08.42:668][363]LogEditorServer: Finished looking for orphan Actors (0.000 secs)
[2018.04.25-14.08.42:742][363]Cmd: MAP CHECKDEP NOCLEARLOG
[2018.04.25-14.08.42:815][363]MapCheck: Map check complete: 0 Error(s), 0 Warning(s), took 73.494ms to complete.
[2018.04.25-14.08.42:816][363]LogFileHelpers: Loading map 'Tutorial1' took 0.284
[2018.04.25-14.08.44:712][572]LogAIModule: Creating AISystem for world TylerLevel1
[2018.04.25-14.08.44:781][572]Cmd: MAP LOAD FILE="../../../../../../Users/Tyler/Documents/GitHub/mgp-mgp-group-11/Development/Unreal Project/Content/Levels/TylerLevel1.umap" TEMPLATE=0 SHOWPROGRESS=1 FEATURELEVEL=3
[2018.04.25-14.08.44:782][572]LightingResults: New page: Lighting Build
[2018.04.25-14.08.44:782][572]LoadErrors: New page: Loading map: TylerLevel1.umap
[2018.04.25-14.08.44:784][572]MapCheck: New page: Map Check
[2018.04.25-14.08.44:784][572]LightingResults: New page: Lighting Build
[2018.04.25-14.08.44:955][572]LogEditorServer: Finished looking for orphan Actors (0.000 secs)
[2018.04.25-14.08.45:032][572]Cmd: MAP CHECKDEP NOCLEARLOG
[2018.04.25-14.08.45:104][572]MapCheck: Map check complete: 0 Error(s), 0 Warning(s), took 71.56ms to complete.
[2018.04.25-14.08.45:104][572]LogFileHelpers: Loading map 'TylerLevel1' took 0.322
[2018.04.25-14.08.46:492][717]LogAIModule: Creating AISystem for world TylerLevel3
[2018.04.25-14.08.46:551][717]Cmd: MAP LOAD FILE="../../../../../../Users/Tyler/Documents/GitHub/mgp-mgp-group-11/Development/Unreal Project/Content/Levels/TylerLevel3.umap" TEMPLATE=0 SHOWPROGRESS=1 FEATURELEVEL=3
[2018.04.25-14.08.46:551][717]LightingResults: New page: Lighting Build
[2018.04.25-14.08.46:552][717]LoadErrors: New page: Loading map: TylerLevel3.umap
[2018.04.25-14.08.46:554][717]MapCheck: New page: Map Check
[2018.04.25-14.08.46:554][717]LightingResults: New page: Lighting Build
[2018.04.25-14.08.46:721][717]LogEditorServer: Finished looking for orphan Actors (0.000 secs)
[2018.04.25-14.08.46:791][717]Cmd: MAP CHECKDEP NOCLEARLOG
[2018.04.25-14.08.46:864][717]MapCheck: Map check complete: 0 Error(s), 0 Warning(s), took 71.834ms to complete.
[2018.04.25-14.08.46:864][717]LogFileHelpers: Loading map 'TylerLevel3' took 0.313
[2018.04.25-14.08.59:595][209]LogAIModule: Creating AISystem for world CasualLevel2
[2018.04.25-14.08.59:666][209]Cmd: MAP LOAD FILE="../../../../../../Users/Tyler/Documents/GitHub/mgp-mgp-group-11/Development/Unreal Project/Content/Levels/Casual_Levels/CasualLevel2.umap" TEMPLATE=0 SHOWPROGRESS=1 FEATURELEVEL=3
[2018.04.25-14.08.59:666][209]LightingResults: New page: Lighting Build
[2018.04.25-14.08.59:666][209]LoadErrors: New page: Loading map: CasualLevel2.umap
[2018.04.25-14.08.59:668][209]MapCheck: New page: Map Check
[2018.04.25-14.08.59:668][209]LightingResults: New page: Lighting Build
[2018.04.25-14.08.59:866][209]LogEditorServer: Finished looking for orphan Actors (0.000 secs)
[2018.04.25-14.08.59:939][209]Cmd: MAP CHECKDEP NOCLEARLOG
[2018.04.25-14.09.00:015][209]MapCheck: Map check complete: 0 Error(s), 0 Warning(s), took 75.667ms to complete.
[2018.04.25-14.09.00:015][209]LogFileHelpers: Loading map 'CasualLevel2' took 0.350
[2018.04.25-14.09.01:099][328]LogAIModule: Creating AISystem for world CasualLevel12
[2018.04.25-14.09.01:169][328]Cmd: MAP LOAD FILE="../../../../../../Users/Tyler/Documents/GitHub/mgp-mgp-group-11/Development/Unreal Project/Content/Levels/Casual_Levels/CasualLevel12.umap" TEMPLATE=0 SHOWPROGRESS=1 FEATURELEVEL=3
[2018.04.25-14.09.01:169][328]LightingResults: New page: Lighting Build
[2018.04.25-14.09.01:170][328]LoadErrors: New page: Loading map: CasualLevel12.umap
[2018.04.25-14.09.01:171][328]MapCheck: New page: Map Check
[2018.04.25-14.09.01:171][328]LightingResults: New page: Lighting Build
[2018.04.25-14.09.01:396][328]LogEditorServer: Finished looking for orphan Actors (0.000 secs)
[2018.04.25-14.09.01:482][328]Cmd: MAP CHECKDEP NOCLEARLOG
[2018.04.25-14.09.01:554][328]MapCheck: Map check complete: 0 Error(s), 0 Warning(s), took 71.63ms to complete.
[2018.04.25-14.09.01:554][328]LogFileHelpers: Loading map 'CasualLevel12' took 0.386
[2018.04.25-14.09.03:431][519]LogAIModule: Creating AISystem for world CasualLevel11
[2018.04.25-14.09.03:512][519]Cmd: MAP LOAD FILE="../../../../../../Users/Tyler/Documents/GitHub/mgp-mgp-group-11/Development/Unreal Project/Content/Levels/Casual_Levels/CasualLevel11.umap" TEMPLATE=0 SHOWPROGRESS=1 FEATURELEVEL=3
[2018.04.25-14.09.03:512][519]LightingResults: New page: Lighting Build
[2018.04.25-14.09.03:513][519]LoadErrors: New page: Loading map: CasualLevel11.umap
[2018.04.25-14.09.03:514][519]MapCheck: New page: Map Check
[2018.04.25-14.09.03:514][519]LightingResults: New page: Lighting Build
[2018.04.25-14.09.03:776][519]LogEditorServer: Finished looking for orphan Actors (0.000 secs)
[2018.04.25-14.09.03:852][519]Cmd: MAP CHECKDEP NOCLEARLOG
[2018.04.25-14.09.03:926][519]MapCheck: Map check complete: 0 Error(s), 0 Warning(s), took 73.982ms to complete.
[2018.04.25-14.09.03:926][519]LogFileHelpers: Loading map 'CasualLevel11' took 0.414
[2018.04.25-14.09.04:644][590]LogAIModule: Creating AISystem for world CasualLevel1
[2018.04.25-14.09.04:719][590]Cmd: MAP LOAD FILE="../../../../../../Users/Tyler/Documents/GitHub/mgp-mgp-group-11/Development/Unreal Project/Content/Levels/Casual_Levels/CasualLevel1.umap" TEMPLATE=0 SHOWPROGRESS=1 FEATURELEVEL=3
[2018.04.25-14.09.04:719][590]LightingResults: New page: Lighting Build
[2018.04.25-14.09.04:720][590]LoadErrors: New page: Loading map: CasualLevel1.umap
[2018.04.25-14.09.04:721][590]MapCheck: New page: Map Check
[2018.04.25-14.09.04:721][590]LightingResults: New page: Lighting Build
[2018.04.25-14.09.04:989][590]LogEditorServer: Finished looking for orphan Actors (0.000 secs)
[2018.04.25-14.09.05:069][590]Cmd: MAP CHECKDEP NOCLEARLOG
[2018.04.25-14.09.05:142][590]MapCheck: Map check complete: 0 Error(s), 0 Warning(s), took 72.866ms to complete.
[2018.04.25-14.09.05:142][590]LogFileHelpers: Loading map 'CasualLevel1' took 0.424
[2018.04.25-14.09.06:555][745]LogAIModule: Creating AISystem for world CasualLevel5
[2018.04.25-14.09.06:629][745]Cmd: MAP LOAD FILE="../../../../../../Users/Tyler/Documents/GitHub/mgp-mgp-group-11/Development/Unreal Project/Content/Levels/Casual_Levels/CasualLevel5.umap" TEMPLATE=0 SHOWPROGRESS=1 FEATURELEVEL=3
[2018.04.25-14.09.06:629][745]LightingResults: New page: Lighting Build
[2018.04.25-14.09.06:630][745]LoadErrors: New page: Loading map: CasualLevel5.umap
[2018.04.25-14.09.06:632][745]MapCheck: New page: Map Check
[2018.04.25-14.09.06:632][745]LightingResults: New page: Lighting Build
[2018.04.25-14.09.06:904][745]LogEditorServer: Finished looking for orphan Actors (0.000 secs)
[2018.04.25-14.09.06:986][745]Cmd: MAP CHECKDEP NOCLEARLOG
[2018.04.25-14.09.07:060][745]MapCheck: Map check complete: 0 Error(s), 0 Warning(s), took 73.679ms to complete.
[2018.04.25-14.09.07:060][745]LogFileHelpers: Loading map 'CasualLevel5' took 0.431
[2018.04.25-14.09.09:311][997]LogAIModule: Creating AISystem for world CasualLevel6
[2018.04.25-14.09.09:365][997]Cmd: MAP LOAD FILE="../../../../../../Users/Tyler/Documents/GitHub/mgp-mgp-group-11/Development/Unreal Project/Content/Levels/Casual_Levels/CasualLevel6.umap" TEMPLATE=0 SHOWPROGRESS=1 FEATURELEVEL=3
[2018.04.25-14.09.09:365][997]LightingResults: New page: Lighting Build
[2018.04.25-14.09.09:366][997]LoadErrors: New page: Loading map: CasualLevel6.umap
[2018.04.25-14.09.09:368][997]MapCheck: New page: Map Check
[2018.04.25-14.09.09:368][997]LightingResults: New page: Lighting Build
[2018.04.25-14.09.09:645][997]LogEditorServer: Finished looking for orphan Actors (0.000 secs)
[2018.04.25-14.09.09:719][997]Cmd: MAP CHECKDEP NOCLEARLOG
[2018.04.25-14.09.09:794][997]MapCheck: Map check complete: 0 Error(s), 0 Warning(s), took 75.857ms to complete.
[2018.04.25-14.09.09:795][997]LogFileHelpers: Loading map 'CasualLevel6' took 0.430
[2018.04.25-14.09.11:371][175]LogAIModule: Creating AISystem for world CasualLevel7
[2018.04.25-14.09.11:429][175]Cmd: MAP LOAD FILE="../../../../../../Users/Tyler/Documents/GitHub/mgp-mgp-group-11/Development/Unreal Project/Content/Levels/Casual_Levels/CasualLevel7.umap" TEMPLATE=0 SHOWPROGRESS=1 FEATURELEVEL=3
[2018.04.25-14.09.11:429][175]LightingResults: New page: Lighting Build
[2018.04.25-14.09.11:430][175]LoadErrors: New page: Loading map: CasualLevel7.umap
[2018.04.25-14.09.11:431][175]MapCheck: New page: Map Check
[2018.04.25-14.09.11:432][175]LightingResults: New page: Lighting Build
[2018.04.25-14.09.11:730][175]LogEditorServer: Finished looking for orphan Actors (0.000 secs)
[2018.04.25-14.09.11:805][175]Cmd: MAP CHECKDEP NOCLEARLOG
[2018.04.25-14.09.11:880][175]MapCheck: Map check complete: 0 Error(s), 0 Warning(s), took 75.321ms to complete.
[2018.04.25-14.09.11:880][175]LogFileHelpers: Loading map 'CasualLevel7' took 0.452
[2018.04.25-14.09.15:899][643]LogScript: Warning: Accessed None trying to read property K2Node_DynamicCast_AsBounce_Gamemode
	Bullet_C /Engine/Transient.World_0:PersistentLevel.Bullet_C_0
	Function /Game/Blueprints/Bullet.Bullet_C:UserConstructionScript:007F
[2018.04.25-14.09.23:446][297]LogFactory: FactoryCreateFile: Texture with ReimportTextureFactory (0 0 ../../../../../../Users/Tyler/Desktop/ResetButton.png)
[2018.04.25-14.09.23:459][297]LogTexture: Display: Building textures: ResetButton (BGRA8, 338X332)
[2018.04.25-14.09.29:422][925]LogContentBrowser: Native class hierarchy updated for 'BlueprintGraph' in 0.0013 seconds. Added 113 classes and 0 folders.
[2018.04.25-14.09.30:504][925]LogSlate: Took 0.000181 seconds to synchronously load lazily loaded font '../../../Engine/Content/Slate/Fonts/Roboto-Light.ttf' (159K)
[2018.04.25-14.09.30:510][925]LogSlate: Took 0.004924 seconds to synchronously load lazily loaded font '../../../Engine/Content/Editor/Slate/Fonts/Roboto-BoldCondensed.ttf' (158K)
[2018.04.25-14.09.45:314][363]BlueprintLog: New page: Compile OptionsWidget
[2018.04.25-14.09.46:734][454]LogSavePackage: Save=111.71ms
[2018.04.25-14.09.46:734][454]LogSavePackage: Moving '../../../../../../Users/Tyler/Documents/GitHub/mgp-mgp-group-11/Development/Unreal Project/Saved/OptionsWidget2E5ED5844FD80F652FA1E9885B51CB64.tmp' to '../../../../../../Users/Tyler/Documents/GitHub/mgp-mgp-group-11/Development/Unreal Project/Content/Blueprints/Widgets/OptionsWidget.uasset'
[2018.04.25-14.09.46:743][454]LogSavePackage: Display: Finished SavePackage ../../../../../../Users/Tyler/Documents/GitHub/mgp-mgp-group-11/Development/Unreal Project/Content/Blueprints/Widgets/OptionsWidget.uasset
[2018.04.25-14.09.54:189][277]LogSavePackage: Save=98.92ms
[2018.04.25-14.09.54:189][277]LogSavePackage: Moving '../../../../../../Users/Tyler/Documents/GitHub/mgp-mgp-group-11/Development/Unreal Project/Saved/OptionsWidget2C597EBC4A2E18F7B59648A8EC5AAF0A.tmp' to '../../../../../../Users/Tyler/Documents/GitHub/mgp-mgp-group-11/Development/Unreal Project/Content/Blueprints/Widgets/OptionsWidget.uasset'
[2018.04.25-14.09.54:192][277]LogSavePackage: Display: Finished SavePackage ../../../../../../Users/Tyler/Documents/GitHub/mgp-mgp-group-11/Development/Unreal Project/Content/Blueprints/Widgets/OptionsWidget.uasset
[2018.04.25-14.09.57:285][613]LogSlate: Took 0.005026 seconds to synchronously load lazily loaded font '../../../Engine/Content/Editor/Slate/Fonts/Roboto-Italic.ttf' (157K)
[2018.04.25-14.10.24:074][321]LogSavePackage: Save=9.18ms
[2018.04.25-14.10.24:074][321]LogSavePackage: Moving '../../../../../../Users/Tyler/Documents/GitHub/mgp-mgp-group-11/Development/Unreal Project/Saved/BounceSaveGame9DAB9AE04546548AA9435F91D7742A3E.tmp' to '../../../../../../Users/Tyler/Documents/GitHub/mgp-mgp-group-11/Development/Unreal Project/Content/Blueprints/BounceSaveGame.uasset'
[2018.04.25-14.10.24:077][321]LogSavePackage: Display: Finished SavePackage ../../../../../../Users/Tyler/Documents/GitHub/mgp-mgp-group-11/Development/Unreal Project/Content/Blueprints/BounceSaveGame.uasset
[2018.04.25-14.11.04:426][877]LogSavePackage: Save=101.20ms
[2018.04.25-14.11.04:426][877]LogSavePackage: Moving '../../../../../../Users/Tyler/Documents/GitHub/mgp-mgp-group-11/Development/Unreal Project/Saved/OptionsWidget4540D7F34F1F694C7F7B09BE9119441B.tmp' to '../../../../../../Users/Tyler/Documents/GitHub/mgp-mgp-group-11/Development/Unreal Project/Content/Blueprints/Widgets/OptionsWidget.uasset'
[2018.04.25-14.11.04:430][877]LogSavePackage: Display: Finished SavePackage ../../../../../../Users/Tyler/Documents/GitHub/mgp-mgp-group-11/Development/Unreal Project/Content/Blueprints/Widgets/OptionsWidget.uasset
[2018.04.25-14.11.12:090][715]LogBlueprint: Warning: [Compiler ] Pasted node  CustomEvent   conflicted with  On Check State Changed (VibrationCheckbox)  and was replaced as a Custom Event!
[2018.04.25-14.11.40:622][899]LogSavePackage: Save=102.64ms
[2018.04.25-14.11.40:622][899]LogSavePackage: Moving '../../../../../../Users/Tyler/Documents/GitHub/mgp-mgp-group-11/Development/Unreal Project/Saved/OptionsWidget480093AF4C1F5B086C37E3BAEE1E28AA.tmp' to '../../../../../../Users/Tyler/Documents/GitHub/mgp-mgp-group-11/Development/Unreal Project/Content/Blueprints/Widgets/OptionsWidget.uasset'
[2018.04.25-14.11.40:626][899]LogSavePackage: Display: Finished SavePackage ../../../../../../Users/Tyler/Documents/GitHub/mgp-mgp-group-11/Development/Unreal Project/Content/Blueprints/Widgets/OptionsWidget.uasset
[2018.04.25-14.11.42:467][ 97]LogTemp: Repeating last play command: New Editor Window (PIE)
[2018.04.25-14.11.42:593][ 97]LogBlueprintUserMessages: Early PlayInEditor Detection: Level '/Game/Levels/Casual_Levels/CasualLevel7.CasualLevel7:PersistentLevel' has LevelScriptBlueprint '/Game/Levels/Casual_Levels/CasualLevel7.CasualLevel7:PersistentLevel.CasualLevel7' with GeneratedClass '/Game/Levels/Casual_Levels/CasualLevel7.CasualLevel7_C' with ClassGeneratedBy '/Game/Levels/Casual_Levels/CasualLevel7.CasualLevel7:PersistentLevel.CasualLevel7'
[2018.04.25-14.11.42:594][ 97]BlueprintLog: New page: Pre-Play auto-recompile
[2018.04.25-14.11.42:619][ 97]LogPlayLevel: [PlayLevel] Compiling BounceSaveGame before play...
[2018.04.25-14.11.42:624][ 97]LogPlayLevel: [PlayLevel]   Compiling GameOverScreenWidget as a dependent...
[2018.04.25-14.11.42:634][ 97]LogPlayLevel: [PlayLevel]   Compiling LevelButtonWidget as a dependent...
[2018.04.25-14.11.42:643][ 97]LogPlayLevel: [PlayLevel]   Compiling OptionsWidget as a dependent...
[2018.04.25-14.11.42:839][ 97]LogPlayLevel: PlayLevel: Blueprint regeneration took 245 ms (4 blueprints)
[2018.04.25-14.11.42:845][ 97]PIE: New page: PIE session: CasualLevel7 (25 Apr 2018 16:11:42)
[2018.04.25-14.11.42:846][ 97]LogPlayLevel: Creating play world package: /Game/Levels/Casual_Levels/UEDPIE_0_CasualLevel7
[2018.04.25-14.11.42:858][ 97]LogPlayLevel: PIE: StaticDuplicateObject took: (0.012331s)
[2018.04.25-14.11.42:859][ 97]LogAIModule: Creating AISystem for world CasualLevel7
[2018.04.25-14.11.42:859][ 97]LogPlayLevel: PIE: World Init took: (0.000748s)
[2018.04.25-14.11.42:860][ 97]LogPlayLevel: PIE: Created PIE world by copying editor world from /Game/Levels/Casual_Levels/CasualLevel7.CasualLevel7 to /Game/Levels/Casual_Levels/UEDPIE_0_CasualLevel7.CasualLevel7 (0.014070s)
[2018.04.25-14.11.42:893][ 97]LogInit: XAudio2 using 'Headset Earphone (4- Corsair VOID Wireless Gaming Dongle)' : 2 channels at 48 kHz using 16 bits per sample (channel mask 0x3)
[2018.04.25-14.11.42:901][ 97]LogInit: FAudioDevice initialized.
[2018.04.25-14.11.42:966][ 97]LogLoad: Game class is 'BounceGamemode_C'
[2018.04.25-14.11.42:973][ 97]LogWorld: Bringing World /Game/Levels/Casual_Levels/UEDPIE_0_CasualLevel7.CasualLevel7 up for play (max tick rate 0) at 2018.04.25-15.11.42
[2018.04.25-14.11.42:977][ 97]LogWorld: Bringing up level for play took: 0.009245
[2018.04.25-14.11.43:049][ 97]LogContentBrowser: Native class hierarchy updated for 'MovieSceneCapture' in 0.0009 seconds. Added 11 classes and 0 folders.
[2018.04.25-14.11.43:066][ 97]PIE: Play in editor start time for /Game/Levels/Casual_Levels/UEDPIE_0_CasualLevel7 0.379
[2018.04.25-14.11.43:066][ 97]LogBlueprintUserMessages: Late PlayInEditor Detection: Level '/Game/Levels/Casual_Levels/CasualLevel7.CasualLevel7:PersistentLevel' has LevelScriptBlueprint '/Game/Levels/Casual_Levels/CasualLevel7.CasualLevel7:PersistentLevel.CasualLevel7' with GeneratedClass '/Game/Levels/Casual_Levels/CasualLevel7.CasualLevel7_C' with ClassGeneratedBy '/Game/Levels/Casual_Levels/CasualLevel7.CasualLevel7:PersistentLevel.CasualLevel7'
[2018.04.25-14.11.43:124][ 97]LogRenderer: Reallocating scene render targets to support 1528x996 Format 10 NumSamples 1 (Frame:1).
[2018.04.25-14.11.45:847][373]LogNet: Browse: /Game/Levels/MainMenu
[2018.04.25-14.11.45:847][373]LogLoad: LoadMap: /Game/Levels/MainMenu
[2018.04.25-14.11.45:880][373]Cmd: MEM
[2018.04.25-14.11.45:912][373]LogMemory: Platform Memory Stats for Windows
[2018.04.25-14.11.45:912][373]LogMemory: Process Physical Memory: 1670.59 MB used, 1670.59 MB peak
[2018.04.25-14.11.45:912][373]LogMemory: Process Virtual Memory: 2640.38 MB used, 2640.38 MB peak
[2018.04.25-14.11.45:912][373]LogMemory: Physical Memory: 6482.05 MB used,  1662.34 MB free, 8144.39 MB total
[2018.04.25-14.11.45:912][373]LogMemory: Virtual Memory: 3644.23 MB used,  1662.34 MB free, 134217728.00 MB total
[2018.04.25-14.11.45:912][373]LogMemory: 
[2018.04.25-14.11.45:912][373]Allocator Stats for TBB: (not implemented)
[2018.04.25-14.11.46:363][373]LogAIModule: Creating AISystem for world MainMenu
[2018.04.25-14.11.46:363][373]LogLoad: Game class is 'BounceGamemode_C'
[2018.04.25-14.11.46:365][373]LogWorld: Bringing World /Game/Levels/UEDPIE_0_MainMenu.MainMenu up for play (max tick rate 0) at 2018.04.25-15.11.46
[2018.04.25-14.11.46:365][373]LogWorld: Bringing up level for play took: 0.001124
[2018.04.25-14.11.46:365][373]LogGameMode: FindPlayerStart: PATHS NOT DEFINED or NO PLAYERSTART with positive rating
[2018.04.25-14.11.46:377][373]LogScript: Warning: Accessed None trying to read property Music
	MainMenu_C /Game/Levels/UEDPIE_0_MainMenu.MainMenu:PersistentLevel.MainMenu_C_0
	Function /Game/Levels/UEDPIE_0_MainMenu.MainMenu_C:ExecuteUbergraph_MainMenu:0534
[2018.04.25-14.11.46:377][373]PIE: Error: Blueprint Runtime Error: Accessed None trying to read property Music from function: 'ExecuteUbergraph_MainMenu' from node: Branch in graph: EventGraph in object: MainMenu with description: Accessed None trying to read property Music
[2018.04.25-14.11.46:378][373]LogLoad: Took 0.530955 seconds to LoadMap(/Game/Levels/MainMenu)
[2018.04.25-14.11.53:985][227]LogBlueprintUserMessages: Early EndPlayMap Detection: Level '/Game/Levels/Casual_Levels/CasualLevel7.CasualLevel7:PersistentLevel' has LevelScriptBlueprint '/Game/Levels/Casual_Levels/CasualLevel7.CasualLevel7:PersistentLevel.CasualLevel7' with GeneratedClass '/Game/Levels/Casual_Levels/CasualLevel7.CasualLevel7_C' with ClassGeneratedBy '/Game/Levels/Casual_Levels/CasualLevel7.CasualLevel7:PersistentLevel.CasualLevel7'
[2018.04.25-14.11.54:016][227]LogBlueprintUserMessages: Late EndPlayMap Detection: Level '/Game/Levels/Casual_Levels/CasualLevel7.CasualLevel7:PersistentLevel' has LevelScriptBlueprint '/Game/Levels/Casual_Levels/CasualLevel7.CasualLevel7:PersistentLevel.CasualLevel7' with GeneratedClass '/Game/Levels/Casual_Levels/CasualLevel7.CasualLevel7_C' with ClassGeneratedBy '/Game/Levels/Casual_Levels/CasualLevel7.CasualLevel7:PersistentLevel.CasualLevel7'
[2018.04.25-14.11.54:040][227]LogAudio: Warning: Audio Component is being destroyed without stopping looping sound 'Laser_Groove'
