Log file open, 04/22/18 20:44:38
LogWindows: Failed to load 'aqProf.dll' (GetLastError=126)
LogWindows: File 'aqProf.dll' does not exist
LogWindows: Failed to load 'VSPerf140.dll' (GetLastError=126)
LogWindows: File 'VSPerf140.dll' does not exist
LogWindows: Failed to load 'VtuneApi.dll' (GetLastError=126)
LogWindows: File 'VtuneApi.dll' does not exist
LogWindows: Failed to load 'VtuneApi32e.dll' (GetLastError=126)
LogWindows: File 'VtuneApi32e.dll' does not exist
LogInit: Display: Running engine for game: Prototype_Group_11
LogPlatformFile: Not using cached read wrapper
LogInit: Display: RandInit(-909700979) SRandInit(-909700979).
LogTaskGraph: Started task graph with 5 named threads and 8 total threads with 3 sets of task threads.
LogStats: Stats thread started at 0.158115
LogD3D11RHI: Aftermath initialized
LogPluginManager: Mounting plugin Paper2D
LogPluginManager: Mounting plugin LightPropagationVolume
LogPluginManager: Mounting plugin CodeLiteSourceCodeAccess
LogPluginManager: Mounting plugin GitSourceControl
LogPluginManager: Mounting plugin KDevelopSourceCodeAccess
LogPluginManager: Mounting plugin NullSourceCodeAccess
LogPluginManager: Mounting plugin PerforceSourceControl
LogPluginManager: Mounting plugin SubversionSourceControl
LogPluginManager: Mounting plugin UObjectPlugin
LogPluginManager: Mounting plugin VisualStudioSourceCodeAccess
LogPluginManager: Mounting plugin XCodeSourceCodeAccess
LogPluginManager: Mounting plugin AssetManagerEditor
LogPluginManager: Mounting plugin AudioCapture
LogPluginManager: Mounting plugin FacialAnimation
LogPluginManager: Mounting plugin GameplayTagsEditor
LogPluginManager: Mounting plugin MobileLauncherProfileWizard
LogPluginManager: Mounting plugin PluginBrowser
LogPluginManager: Mounting plugin SpeedTreeImporter
LogPluginManager: Mounting plugin AlembicImporter
LogPluginManager: Mounting plugin CharacterAI
LogPluginManager: Mounting plugin HTML5Networking
LogPluginManager: Mounting plugin AndroidMedia
LogPluginManager: Mounting plugin AvfMedia
LogPluginManager: Mounting plugin MediaPlayerEditor
LogPluginManager: Mounting plugin WmfMedia
LogPluginManager: Mounting plugin TcpMessaging
LogPluginManager: Mounting plugin UdpMessaging
LogPluginManager: Mounting plugin LevelSequenceEditor
LogPluginManager: Mounting plugin MatineeToLevelSequence
LogPluginManager: Mounting plugin OnlineSubsystemGooglePlay
LogPluginManager: Mounting plugin OnlineSubsystemIOS
LogPluginManager: Mounting plugin OnlineSubsystem
LogPluginManager: Mounting plugin OnlineSubsystemNull
LogPluginManager: Mounting plugin OnlineSubsystemUtils
LogPluginManager: Mounting plugin AndroidDeviceProfileSelector
LogPluginManager: Mounting plugin AndroidMoviePlayer
LogPluginManager: Mounting plugin AndroidPermission
LogPluginManager: Mounting plugin AppleMoviePlayer
LogPluginManager: Mounting plugin ArchVisCharacter
LogPluginManager: Mounting plugin CableComponent
LogPluginManager: Mounting plugin CustomMeshComponent
LogPluginManager: Mounting plugin ExampleDeviceProfileSelector
LogPluginManager: Mounting plugin GoogleCloudMessaging
LogPluginManager: Mounting plugin ImmediatePhysics
LogPluginManager: Mounting plugin IOSDeviceProfileSelector
LogPluginManager: Mounting plugin LinuxDeviceProfileSelector
LogPluginManager: Mounting plugin LocationServicesBPLibrary
LogPluginManager: Mounting plugin MobilePatchingUtils
LogPluginManager: Mounting plugin OculusVR
LogPluginManager: Mounting plugin PhysXVehicles
LogPluginManager: Mounting plugin ProceduralMeshComponent
LogPluginManager: Mounting plugin RuntimePhysXCooking
LogPluginManager: Mounting plugin SteamVR
LogPluginManager: Mounting plugin WindowsMoviePlayer
LogInit: Using libcurl 7.47.1
LogInit:  - built for x86_64-pc-win32
LogInit:  - supports SSL with OpenSSL/1.0.2g
LogInit:  - supports HTTP deflate (compression) using libz 1.2.8
LogInit:  - other features:
LogInit:      CURL_VERSION_SSL
LogInit:      CURL_VERSION_LIBZ
LogInit:      CURL_VERSION_IPV6
LogInit:      CURL_VERSION_ASYNCHDNS
LogInit:      CURL_VERSION_LARGEFILE
LogInit:      CURL_VERSION_IDN
LogInit:  CurlRequestOptions (configurable via config and command line):
LogInit:  - bVerifyPeer = false  - Libcurl will NOT verify peer certificate
LogInit:  - bUseHttpProxy = false  - Libcurl will NOT use HTTP proxy
LogInit:  - bDontReuseConnections = false  - Libcurl will reuse connections
LogInit:  - CertBundlePath = nullptr  - Libcurl will use whatever was configured at build time.
LogInit: Build: ++UE4+Release-4.17-CL-3658906
LogInit: Engine Version: 4.17.2-3658906+++UE4+Release-4.17
LogInit: Compatible Engine Version: 4.17.0-3573198+++UE4+Release-4.17
LogInit: Net CL: 3573198
LogDevObjectVersion: Number of dev versions registered: 16
LogDevObjectVersion:   Dev-Blueprints (B0D832E4-1F89-4F0D-ACCF-7EB736FD4AA2): 10
LogDevObjectVersion:   Dev-Build (E1C64328-A22C-4D53-A36C-8E866417BD8C): 0
LogDevObjectVersion:   Dev-Core (375EC13C-06E4-48FB-B500-84F0262A717E): 2
LogDevObjectVersion:   Dev-Editor (E4B068ED-F494-42E9-A231-DA0B2E46BB41): 20
LogDevObjectVersion:   Dev-Framework (CFFC743F-43B0-4480-9391-14DF171D2073): 28
LogDevObjectVersion:   Dev-Mobile (B02B49B5-BB20-44E9-A304-32B752E40360): 0
LogDevObjectVersion:   Dev-Networking (A4E4105C-59A1-49B5-A7C5-40C4547EDFEE): 0
LogDevObjectVersion:   Dev-Online (39C831C9-5AE6-47DC-9A44-9C173E1C8E7C): 0
LogDevObjectVersion:   Dev-Physics (78F01B33-EBEA-4F98-B9B4-84EACCB95AA2): 0
LogDevObjectVersion:   Dev-Platform (6631380F-2D4D-43E0-8009-CF276956A95A): 0
LogDevObjectVersion:   Dev-Rendering (12F88B9F-8875-4AFC-A67C-D90C383ABD29): 19
LogDevObjectVersion:   Dev-Sequencer (7B5AE74C-D270-4C10-A958-57980B212A5A): 4
LogDevObjectVersion:   Dev-VR (D7296918-1DD6-4BDD-9DE2-64A83CC13884): 0
LogDevObjectVersion:   Dev-LoadTimes (C2A15278-BFE7-4AFE-6C17-90FF531DF755): 1
LogDevObjectVersion:   Private-Geometry (6EACA3D4-40EC-4CC1-B786-8BED09428FC5): 1
LogDevObjectVersion:   Dev-AnimPhys (29E575DD-E0A3-4627-9D10-D276232CDCEA): 7
LogInit: Compiled (64-bit): Sep 22 2017 13:47:16
LogInit: Compiled with Visual C++: 19.00.24215.01
LogInit: Build Configuration: Development
LogInit: Branch Name: ++UE4+Release-4.17
LogInit: Command line:  
LogInit: Base directory: C:/Program Files/Epic Games/UE_4.17/Engine/Binaries/Win64/
LogInit: Installed Engine Build: 1
LogInit: Presizing for max 8388607 objects, including 0 objects not considered by GC, pre-allocating 0 bytes for permanent pool.
LogInit: Object subsystem initialized
[2018.04.22-19.44.39:225][  0]LogInit: Selected Device Profile: [Windows]
[2018.04.22-19.44.39:225][  0]LogInit: Applying CVar settings loaded from the selected device profile: [Windows]
[2018.04.22-19.44.39:255][  0]LogInit: Computer: JOHN-PC
[2018.04.22-19.44.39:256][  0]LogInit: User: John
[2018.04.22-19.44.39:256][  0]LogInit: CPU Page size=4096, Cores=2
[2018.04.22-19.44.39:256][  0]LogInit: High frequency timer resolution =3.728026 MHz
[2018.04.22-19.44.39:256][  0]LogMemory: Memory total: Physical=16.0GB (16GB approx)
[2018.04.22-19.44.39:256][  0]LogMemory: Platform Memory Stats for Windows
[2018.04.22-19.44.39:256][  0]LogMemory: Process Physical Memory: 278.49 MB used, 278.49 MB peak
[2018.04.22-19.44.39:256][  0]LogMemory: Process Virtual Memory: 275.91 MB used, 275.91 MB peak
[2018.04.22-19.44.39:256][  0]LogMemory: Physical Memory: 6178.28 MB used,  10170.40 MB free, 16348.68 MB total
[2018.04.22-19.44.39:256][  0]LogMemory: Virtual Memory: 704.87 MB used,  10170.40 MB free, 134217728.00 MB total
[2018.04.22-19.44.39:588][  0]LogInit: Using OS detected language (en-GB).
[2018.04.22-19.44.39:588][  0]LogInit: Using OS detected locale (en-GB).
[2018.04.22-19.44.39:592][  0]LogTextLocalizationManager: No specific localization for 'en-GB' exists, so the 'en' localization will be used.
[2018.04.22-19.44.40:589][  0]LogD3D11RHI: D3D11 adapters:
[2018.04.22-19.44.40:642][  0]LogD3D11RHI:    0. 'Radeon(TM) RX 460 Graphics' (Feature Level 11_0)
[2018.04.22-19.44.40:642][  0]LogD3D11RHI:       1993/0/8174 MB DedicatedVideo/DedicatedSystem/SharedSystem, Outputs:1, VendorId:0x1002
[2018.04.22-19.44.40:644][  0]LogD3D11RHI:    1. 'Microsoft Basic Render Driver' (Feature Level 11_0)
[2018.04.22-19.44.40:644][  0]LogD3D11RHI:       0/0/8174 MB DedicatedVideo/DedicatedSystem/SharedSystem, Outputs:0, VendorId:0x1414
[2018.04.22-19.44.40:644][  0]LogD3D11RHI: Chosen D3D11 Adapter: 0
[2018.04.22-19.44.40:658][  0]LogD3D11RHI: Creating new Direct3DDevice
[2018.04.22-19.44.40:658][  0]LogD3D11RHI:     GPU DeviceId: 0x67ef (for the marketing name, search the web for "GPU Device Id")
[2018.04.22-19.44.40:658][  0]LogWindows: EnumDisplayDevices:
[2018.04.22-19.44.40:658][  0]LogWindows:    0. 'Radeon(TM) RX 460 Graphics' (P:1 D:1)
[2018.04.22-19.44.40:659][  0]LogWindows:    1. 'Radeon(TM) RX 460 Graphics' (P:0 D:0)
[2018.04.22-19.44.40:659][  0]LogWindows:    2. 'Radeon(TM) RX 460 Graphics' (P:0 D:0)
[2018.04.22-19.44.40:659][  0]LogWindows:    3. 'Radeon(TM) RX 460 Graphics' (P:0 D:0)
[2018.04.22-19.44.40:659][  0]LogWindows:    4. 'Radeon(TM) RX 460 Graphics' (P:0 D:0)
[2018.04.22-19.44.40:660][  0]LogWindows:    5. 'Radeon(TM) RX 460 Graphics' (P:0 D:0)
[2018.04.22-19.44.40:660][  0]LogWindows:    6. 'Radeon(TM) RX 460 Graphics' (P:0 D:0)
[2018.04.22-19.44.40:660][  0]LogWindows:    7. 'Radeon(TM) RX 460 Graphics' (P:0 D:0)
[2018.04.22-19.44.40:660][  0]LogWindows:    8. 'Radeon(TM) RX 460 Graphics' (P:0 D:0)
[2018.04.22-19.44.40:660][  0]LogWindows:    9. 'Radeon(TM) RX 460 Graphics' (P:0 D:0)
[2018.04.22-19.44.40:661][  0]LogWindows:    10. 'Radeon(TM) RX 460 Graphics' (P:0 D:0)
[2018.04.22-19.44.40:661][  0]LogWindows:    11. 'Radeon(TM) RX 460 Graphics' (P:0 D:0)
[2018.04.22-19.44.40:661][  0]LogWindows:    12. 'Radeon(TM) RX 460 Graphics' (P:0 D:0)
[2018.04.22-19.44.40:661][  0]LogWindows:    13. 'Radeon(TM) RX 460 Graphics' (P:0 D:0)
[2018.04.22-19.44.40:662][  0]LogWindows:    14. 'Radeon(TM) RX 460 Graphics' (P:0 D:0)
[2018.04.22-19.44.40:662][  0]LogWindows:    15. 'Radeon(TM) RX 460 Graphics' (P:0 D:0)
[2018.04.22-19.44.40:662][  0]LogWindows: DebugString: GetVideoDriverDetailsInvalid PrimaryIsNotTheChoosenAdapter GetVideoDriverDetailsInvalid PrimaryIsNotTheChoosenAdapter GetVideoDriverDetailsInvalid PrimaryIsNotTheChoosenAdapter GetVideoDriverDetailsInvalid PrimaryIsNotTheChoosenAdapter GetVideoDriverDetailsInvalid PrimaryIsNotTheChoosenAdapter GetVideoDriverDetailsInvalid PrimaryIsNotTheChoosenAdapter GetVideoDriverDetailsInvalid PrimaryIsNotTheChoosenAdapter GetVideoDriverDetailsInvalid PrimaryIsNotTheChoosenAdapter GetVideoDriverDetailsInvalid PrimaryIsNotTheChoosenAdapter GetVideoDriverDetailsInvalid PrimaryIsNotTheChoosenAdapter GetVideoDriverDetailsInvalid PrimaryIsNotTheChoosenAdapter GetVideoDriverDetailsInvalid PrimaryIsNotTheChoosenAdapter GetVideoDriverDetailsInvalid PrimaryIsNotTheChoosenAdapter GetVideoDriverDetailsInvalid PrimaryIsNotTheChoosenAdapter GetVideoDriverDetailsInvalid PrimaryIsNotTheChoosenAdapter GetVideoDriverDetailsInvalid PrimaryIsNotTheChoosenAdapter FoundDriverCount:0 
[2018.04.22-19.44.40:662][  0]LogD3D11RHI:     Adapter Name: Radeon(TM) RX 460 Graphics
[2018.04.22-19.44.40:662][  0]LogD3D11RHI:   Driver Version: Unknown (internal:Unknown, unified:Unknown)
[2018.04.22-19.44.40:662][  0]LogD3D11RHI:      Driver Date: Unknown
[2018.04.22-19.44.40:662][  0]LogRHI: Texture pool is 1361 MB (70% of 1945 MB)
[2018.04.22-19.44.40:784][  0]LogD3D11RHI: Async texture creation enabled
[2018.04.22-19.44.40:801][  0]LogD3D11RHI: GPU Timing Frequency: 25.000000 (Debug: 2 1)
[2018.04.22-19.44.40:803][  0]LogShaderCompilers: Guid format shader working directory is -44 characters bigger than the processId version (../../../../../../Users/John/Documents/GitHub/mgp-mgp-group-11/Development/Unreal Project/Intermediate/Shaders/WorkingDirectory/7332/).
[2018.04.22-19.44.40:803][  0]LogShaderCompilers: Cleaned the shader compiler working directory 'C:/Users/John/AppData/Local/Temp/UnrealShaderWorkingDir/64851DC1402C0B3F8F6913AE5D13C09E/'.
[2018.04.22-19.44.40:803][  0]LogShaderCompilers: Display: Using Local Shader Compiler.
[2018.04.22-19.44.42:434][  0]LogTemp: Display: Loaded TP AllDesktopTargetPlatform
[2018.04.22-19.44.42:536][  0]LogTemp: Display: Loaded TP MacClientTargetPlatform
[2018.04.22-19.44.42:637][  0]LogTemp: Display: Loaded TP MacNoEditorTargetPlatform
[2018.04.22-19.44.42:738][  0]LogTemp: Display: Loaded TP MacServerTargetPlatform
[2018.04.22-19.44.42:841][  0]LogTemp: Display: Loaded TP MacTargetPlatform
[2018.04.22-19.44.42:941][  0]LogTemp: Display: Loaded TP WindowsClientTargetPlatform
[2018.04.22-19.44.43:044][  0]LogTemp: Display: Loaded TP WindowsNoEditorTargetPlatform
[2018.04.22-19.44.43:150][  0]LogTemp: Display: Loaded TP WindowsServerTargetPlatform
[2018.04.22-19.44.43:243][  0]LogTemp: Display: Loaded TP WindowsTargetPlatform
[2018.04.22-19.44.43:341][  0]LogTemp: Display: Loaded TP AndroidTargetPlatform
[2018.04.22-19.44.43:439][  0]LogTemp: Display: Loaded TP Android_ASTCTargetPlatform
[2018.04.22-19.44.43:543][  0]LogTemp: Display: Loaded TP Android_ATCTargetPlatform
[2018.04.22-19.44.43:641][  0]LogTemp: Display: Loaded TP Android_DXTTargetPlatform
[2018.04.22-19.44.43:739][  0]LogTemp: Display: Loaded TP Android_ETC1TargetPlatform
[2018.04.22-19.44.43:836][  0]LogTemp: Display: Loaded TP Android_ETC2TargetPlatform
[2018.04.22-19.44.44:029][  0]LogTemp: Display: Loaded TP Android_MultiTargetPlatform
[2018.04.22-19.44.44:030][  0]LogTemp: Display: Loaded TP Android_PVRTCTargetPlatform
[2018.04.22-19.44.44:110][  0]LogTemp: Display: Loaded TP HTML5TargetPlatform
[2018.04.22-19.44.44:272][  0]LogTemp: Display: Loaded TP IOSTargetPlatform
[2018.04.22-19.44.44:332][  0]LogTemp: Display: Loaded TP TVOSTargetPlatform
[2018.04.22-19.44.44:431][  0]LogTemp: Display: Loaded TP LinuxClientTargetPlatform
[2018.04.22-19.44.44:530][  0]LogTemp: Display: Loaded TP LinuxNoEditorTargetPlatform
[2018.04.22-19.44.44:629][  0]LogTemp: Display: Loaded TP LinuxServerTargetPlatform
[2018.04.22-19.44.44:727][  0]LogTemp: Display: Loaded TP LinuxTargetPlatform
[2018.04.22-19.44.44:727][  0]LogTargetPlatformManager: Display: Building Assets For Windows
[2018.04.22-19.44.45:709][  0]LogDerivedDataCache: Display: Max Cache Size: 512 MB
[2018.04.22-19.44.45:873][  0]LogDerivedDataCache: Loaded boot cache 0.16s 93MB C:/Users/John/AppData/Local/UnrealEngine/4.17/DerivedDataCache/Boot.ddc.
[2018.04.22-19.44.45:874][  0]LogDerivedDataCache: Display: Loaded Boot cache: C:/Users/John/AppData/Local/UnrealEngine/4.17/DerivedDataCache/Boot.ddc
[2018.04.22-19.44.45:874][  0]LogDerivedDataCache: FDerivedDataBackendGraph:  Pak pak cache file ../../../../../../Users/John/Documents/GitHub/mgp-mgp-group-11/Development/Unreal Project/DerivedDataCache/DDC.ddp not found, will not use a pak cache.
[2018.04.22-19.44.45:874][  0]LogDerivedDataCache: Unable to find inner node Pak for hierarchical cache Hierarchy.
[2018.04.22-19.44.45:874][  0]LogDerivedDataCache: FDerivedDataBackendGraph:  CompressedPak pak cache file ../../../../../../Users/John/Documents/GitHub/mgp-mgp-group-11/Development/Unreal Project/DerivedDataCache/Compressed.ddp not found, will not use a pak cache.
[2018.04.22-19.44.45:874][  0]LogDerivedDataCache: Unable to find inner node CompressedPak for hierarchical cache Hierarchy.
[2018.04.22-19.44.45:896][  0]LogDerivedDataCache: Display: Pak cache opened for reading ../../../Engine/DerivedDataCache/Compressed.ddp.
[2018.04.22-19.44.45:909][  0]LogDerivedDataCache: Using Local data cache path C:/Users/John/AppData/Local/UnrealEngine/Common/DerivedDataCache: Writable
[2018.04.22-19.44.45:927][  0]LogMaterial: Verifying Global Shaders for PCD3D_SM5
[2018.04.22-19.44.45:927][  0]LogSlate: Using Freetype 2.6.0
[2018.04.22-19.44.45:928][  0]LogSlate: SlateFontCache - WITH_FREETYPE: 1, WITH_HARFBUZZ: 1
[2018.04.22-19.44.45:928][  0]LogSlate: SlateFontCache - WITH_FREETYPE: 1, WITH_HARFBUZZ: 1
[2018.04.22-19.44.46:355][  0]LogAssetRegistry: FAssetRegistry took 0.0299 seconds to start up
[2018.04.22-19.44.46:608][  0]LogInit: Selected Device Profile: [Windows]
[2018.04.22-19.44.47:432][  0]LogSimplygon: Simplygon DLL not present - disabling.
[2018.04.22-19.44.47:530][  0]LogMeshReduction: Using SimplygonSwarm for distributed automatic mesh merging
[2018.04.22-19.44.47:530][  0]LogMeshReduction: Using QuadricMeshReduction for automatic static mesh reduction
[2018.04.22-19.44.47:530][  0]LogMeshReduction: No automatic skeletal mesh reduction module available
[2018.04.22-19.44.47:530][  0]LogMeshReduction: No automatic mesh merging module available
[2018.04.22-19.44.47:530][  0]LogMeshMerging: No automatic mesh merging module available
[2018.04.22-19.44.47:533][  0]LogContentStreaming: Texture pool size is 0.00 MB
[2018.04.22-19.44.48:274][  0]LogNetVersion: Prototype_Group_11 , NetCL: 3573198, EngineNetVer: 2, GameNetVer: 0 (Checksum: 3139247147)
[2018.04.22-19.44.48:671][  0]LogPackageLocalizationCache: Processed 5 localized package path(s) for 2 prioritized culture(s) in 0.081980 seconds
[2018.04.22-19.44.48:680][  0]LogUObjectArray: 35825 objects as part of root set at end of initial load.
[2018.04.22-19.44.48:680][  0]LogUObjectAllocator: 7529112 out of 0 bytes used by permanent object pool.
[2018.04.22-19.44.48:680][  0]LogUObjectArray: CloseDisregardForGC: 0/0 objects in disregard for GC pool
[2018.04.22-19.44.48:825][  0]LogInit: WinSock: version 1.1 (2.2), MaxSocks=32767, MaxUdp=65467
[2018.04.22-19.44.53:696][  0]LogTcpMessaging: Initializing TcpMessaging bridge
[2018.04.22-19.44.53:767][  0]LogUdpMessaging: Initializing bridge on interface 0.0.0.0:0 to multicast group 230.0.0.1:6666.
[2018.04.22-19.44.54:986][  0]LogMaterial: Uniform references updated for custom material expression Custom.
[2018.04.22-19.44.55:739][  0]SourceControl: Source control is disabled
[2018.04.22-19.44.57:116][  0]LogAndroidPermission: UAndroidPermissionCallbackProxy::GetInstance
[2018.04.22-19.44.57:604][  0]LogOcInput: OculusInput pre-init called
[2018.04.22-19.44.58:095][  0]LogEngine: Initializing Engine...
[2018.04.22-19.44.58:109][  0]LogHMD: Failed to initialize OpenVR with code 108
[2018.04.22-19.44.58:427][  0]LogStats: UGameplayTagsManager::ConstructGameplayTagTree: Construct from data asset -  0.000 s
[2018.04.22-19.44.58:427][  0]LogStats: UGameplayTagsManager::ConstructGameplayTagTree: GameplayTagTreeChangedEvent.Broadcast -  0.000 s
[2018.04.22-19.44.58:683][  0]LogAIModule: Creating AISystem for world Untitled
[2018.04.22-19.44.58:699][  0]LogInit: XAudio2 using 'Speakers (Realtek High Definition Audio)' : 2 channels at 48 kHz using 32 bits per sample (channel mask 0x3)
[2018.04.22-19.44.58:800][  0]LogInit: FAudioDevice initialized.
[2018.04.22-19.44.58:960][  0]LogDerivedDataCache: Saved boot cache 0.16s 93MB C:/Users/John/AppData/Local/UnrealEngine/4.17/DerivedDataCache/Boot.ddc.
[2018.04.22-19.44.58:987][  0]LogInit: Texture streaming: Enabled
[2018.04.22-19.44.59:220][  0]LogEngineSessionManager: EngineSessionManager initialized
[2018.04.22-19.44.59:660][  0]LogInit: Transaction tracking system initialized
[2018.04.22-19.45.00:295][  0]BlueprintLog: New page: Editor Load
[2018.04.22-19.45.02:093][  0]LocalizationService: Localization service is disabled
[2018.04.22-19.45.03:484][  0]LogConsoleResponse: Display: 
[2018.04.22-19.45.03:801][  0]LogCook: Display: Max memory allowance for cook 16384mb min free memory 0mb
[2018.04.22-19.45.03:801][  0]LogCook: Display: Mobile HDR setting 1
[2018.04.22-19.45.03:801][  0]LogGameplayTags: Display: UGameplayTagsManager::DoneAddingNativeTags. DelegateIsBound: 0
[2018.04.22-19.45.04:140][  0]LogFileCache: Scanning file cache for directory 'C:/Users/John/Documents/GitHub/mgp-mgp-group-11/Development/Unreal Project/Content/' took 0.01s
[2018.04.22-19.45.05:950][  0]Cmd: MAP LOAD FILE="../../../../../../Users/John/Documents/GitHub/mgp-mgp-group-11/Development/Unreal Project/Content/Levels/MainMenu.umap" TEMPLATE=0 SHOWPROGRESS=1 FEATURELEVEL=3
[2018.04.22-19.45.05:951][  0]LightingResults: New page: Lighting Build
[2018.04.22-19.45.06:034][  0]MapCheck: New page: Map Check
[2018.04.22-19.45.06:034][  0]LightingResults: New page: Lighting Build
[2018.04.22-19.45.06:070][  0]LogLinker: Warning: Can't find file '/Game/Levels/MainMenu_BuiltData'
[2018.04.22-19.45.06:070][  0]LogLinker: Warning: Can't find file for asset '/Game/Levels/MainMenu_BuiltData' while loading ../../../../../../Users/John/Documents/GitHub/mgp-mgp-group-11/Development/Unreal Project/Content/Levels/MainMenu.umap.
[2018.04.22-19.45.06:070][  0]LoadErrors: Error: /Game/Levels/MainMenu : Can't find file for asset. /Game/Levels/MainMenu_BuiltData
[2018.04.22-19.45.06:429][  0]LogLinker: Warning: Can't find file '/Game/Levels/MainMenu_BuiltData'
[2018.04.22-19.45.06:429][  0]LogLinker: Warning: Can't find file for asset '/Game/Levels/MainMenu_BuiltData' while loading ../../../../../../Users/John/Documents/GitHub/mgp-mgp-group-11/Development/Unreal Project/Content/Levels/MainMenu.umap.
[2018.04.22-19.45.06:429][  0]LoadErrors: Error: /Game/Levels/MainMenu : Can't find file for asset. /Game/Levels/MainMenu_BuiltData
[2018.04.22-19.45.06:433][  0]LogLinker: Warning: Can't find file '/Game/Levels/MainMenu_BuiltData'
[2018.04.22-19.45.06:433][  0]LogLinker: Warning: Can't find file for asset '/Game/Levels/MainMenu_BuiltData' while loading NULL.
[2018.04.22-19.45.06:433][  0]LogLinker: Warning: Can't find file '/Game/Levels/MainMenu_BuiltData'
[2018.04.22-19.45.06:433][  0]LogLinker: Warning: Can't find file for asset '/Game/Levels/MainMenu_BuiltData' while loading NULL.
[2018.04.22-19.45.06:482][  0]LogLinker: Warning: Can't find file '/Game/Levels/MainMenu_BuiltData'
[2018.04.22-19.45.06:482][  0]LoadErrors: Failed to load /Game/Levels/MainMenu_BuiltData.MainMenu_BuiltData Referenced by PersistentLevel
[2018.04.22-19.45.06:482][  0]LogLinker: Warning: Can't find file for asset '/Game/Levels/MainMenu_BuiltData' while loading NULL.
[2018.04.22-19.45.06:482][  0]LoadErrors: Failed to load /Game/Levels/MainMenu_BuiltData.MainMenu_BuiltData Referenced by PersistentLevel
[2018.04.22-19.45.06:695][  0]LogAIModule: Creating AISystem for world MainMenu
[2018.04.22-19.45.06:696][  0]LogEditorServer: Finished looking for orphan Actors (0.000 secs)
[2018.04.22-19.45.06:718][  0]Cmd: MAP CHECKDEP NOCLEARLOG
[2018.04.22-19.45.06:816][  0]MapCheck: Map check complete: 0 Error(s), 0 Warning(s), took 97.122ms to complete.
[2018.04.22-19.45.06:816][  0]LogFileHelpers: Loading map 'MainMenu' took 0.865
[2018.04.22-19.45.07:031][  0]LogCollectionManager: Loaded 0 collections in 0.003415 seconds
[2018.04.22-19.45.07:157][  0]LogFileCache: Scanning file cache for directory 'C:/Users/John/Documents/GitHub/mgp-mgp-group-11/Development/Unreal Project/Saved/Collections/' took 0.01s
[2018.04.22-19.45.07:157][  0]LogFileCache: Scanning file cache for directory 'C:/Users/John/Documents/GitHub/mgp-mgp-group-11/Development/Unreal Project/Content/Developers/John/Collections/' took 0.01s
[2018.04.22-19.45.07:157][  0]LogFileCache: Scanning file cache for directory 'C:/Users/John/Documents/GitHub/mgp-mgp-group-11/Development/Unreal Project/Content/Collections/' took 0.01s
[2018.04.22-19.45.07:157][  0]LogCollectionManager: Rebuilt the GUID cache for 0 collections in 0.000001 seconds
[2018.04.22-19.45.07:174][  0]LogContentBrowser: Native class hierarchy populated in 0.0167 seconds. Added 2386 classes and 500 folders.
[2018.04.22-19.45.07:303][  0]LogContentBrowser: Native class hierarchy updated for 'WidgetCarousel' in 0.0009 seconds. Added 0 classes and 0 folders.
[2018.04.22-19.45.07:381][  0]LogContentBrowser: Native class hierarchy updated for 'AddContentDialog' in 0.0009 seconds. Added 0 classes and 0 folders.
[2018.04.22-19.45.07:465][  0]LogContentBrowser: Native class hierarchy updated for 'SceneOutliner' in 0.0011 seconds. Added 1 classes and 2 folders.
[2018.04.22-19.45.07:562][  0]LogSlate: Took 0.000332 seconds to synchronously load lazily loaded font '../../../Engine/Content/Slate/Fonts/Roboto-Regular.ttf' (155K)
[2018.04.22-19.45.07:565][  0]LogSlate: Took 0.000327 seconds to synchronously load lazily loaded font '../../../Engine/Content/Slate/Fonts/Roboto-Bold.ttf' (160K)
[2018.04.22-19.45.07:572][  0]LogSlate: Took 0.000304 seconds to synchronously load lazily loaded font '../../../Engine/Content/Editor/Slate/Fonts/FontAwesome.ttf' (139K)
[2018.04.22-19.45.07:745][  0]LogRenderer: Reallocating scene render targets to support 1208x572 Format 10 NumSamples 1 (Frame:1).
[2018.04.22-19.45.08:291][  0]LogContentBrowser: Native class hierarchy updated for 'HierarchicalLODOutliner' in 0.0011 seconds. Added 1 classes and 2 folders.
[2018.04.22-19.45.08:291][  0]LogLoad: (Engine Initialization) Total time: 31.92 seconds
[2018.04.22-19.45.08:291][  0]LogLoad: (Engine Initialization) Total Blueprint compile time: 0.00 seconds
[2018.04.22-19.45.08:291][  0]LogExternalProfiler: No external profilers were discovered.  External profiling features will not be available.
[2018.04.22-19.45.08:661][  0]LogContentStreaming: Texture pool size now 1000 MB
[2018.04.22-19.45.08:747][  0]LogSlate: Took 0.000333 seconds to synchronously load lazily loaded font '../../../Engine/Content/Slate/Fonts/Roboto-Light.ttf' (159K)
[2018.04.22-19.45.09:990][  4]LogAssetRegistry: Asset discovery search completed in 23.6583 seconds
[2018.04.22-19.45.09:993][  4]LogCollectionManager: Rebuilt the object cache for 0 collections in 0.000001 seconds (found 0 objects)
[2018.04.22-19.45.09:993][  4]LogCollectionManager: Fixed up redirectors for 0 collections in 0.000058 seconds (updated 0 objects)
[2018.04.22-19.47.43:467][762]LogSlate: Took 0.000256 seconds to synchronously load lazily loaded font '../../../Engine/Content/Slate/Fonts/Roboto-Light.ttf' (159K)
[2018.04.22-19.47.43:989][762]LogAIModule: Creating AISystem for world CasualLevel1
[2018.04.22-19.47.44:154][762]Cmd: MAP LOAD FILE="../../../../../../Users/John/Documents/GitHub/mgp-mgp-group-11/Development/Unreal Project/Content/Levels/CasualLevel1.umap" TEMPLATE=0 SHOWPROGRESS=1 FEATURELEVEL=3
[2018.04.22-19.47.44:154][762]LightingResults: New page: Lighting Build
[2018.04.22-19.47.44:155][762]LoadErrors: New page: Loading map: CasualLevel1.umap
[2018.04.22-19.47.44:156][762]MapCheck: New page: Map Check
[2018.04.22-19.47.44:156][762]LightingResults: New page: Lighting Build
[2018.04.22-19.47.44:301][762]LogEditorServer: Finished looking for orphan Actors (0.000 secs)
[2018.04.22-19.47.44:402][762]Cmd: MAP CHECKDEP NOCLEARLOG
[2018.04.22-19.47.44:521][762]MapCheck: Map check complete: 0 Error(s), 0 Warning(s), took 118.879ms to complete.
[2018.04.22-19.47.44:521][762]LogFileHelpers: Loading map 'CasualLevel1' took 0.368
[2018.04.22-19.47.46:698][938]LogAIModule: Creating AISystem for world BaseLevel
[2018.04.22-19.47.46:770][938]Cmd: MAP LOAD FILE="../../../../../../Users/John/Documents/GitHub/mgp-mgp-group-11/Development/Unreal Project/Content/Levels/BaseLevel.umap" TEMPLATE=0 SHOWPROGRESS=1 FEATURELEVEL=3
[2018.04.22-19.47.46:770][938]LightingResults: New page: Lighting Build
[2018.04.22-19.47.46:771][938]LoadErrors: New page: Loading map: BaseLevel.umap
[2018.04.22-19.47.46:773][938]MapCheck: New page: Map Check
[2018.04.22-19.47.46:773][938]LightingResults: New page: Lighting Build
[2018.04.22-19.47.46:942][938]LogEditorServer: Finished looking for orphan Actors (0.000 secs)
[2018.04.22-19.47.47:043][938]Cmd: MAP CHECKDEP NOCLEARLOG
[2018.04.22-19.47.47:149][938]MapCheck: Map check complete: 0 Error(s), 0 Warning(s), took 105.437ms to complete.
[2018.04.22-19.47.47:149][938]LogFileHelpers: Loading map 'BaseLevel' took 0.380
[2018.04.22-19.47.48:984][ 94]LogAIModule: Creating AISystem for world CasualLevel1
[2018.04.22-19.47.49:056][ 94]Cmd: MAP LOAD FILE="../../../../../../Users/John/Documents/GitHub/mgp-mgp-group-11/Development/Unreal Project/Content/Levels/CasualLevel1.umap" TEMPLATE=0 SHOWPROGRESS=1 FEATURELEVEL=3
[2018.04.22-19.47.49:056][ 94]LightingResults: New page: Lighting Build
[2018.04.22-19.47.49:057][ 94]LoadErrors: New page: Loading map: CasualLevel1.umap
[2018.04.22-19.47.49:058][ 94]MapCheck: New page: Map Check
[2018.04.22-19.47.49:059][ 94]LightingResults: New page: Lighting Build
[2018.04.22-19.47.49:251][ 94]LogEditorServer: Finished looking for orphan Actors (0.000 secs)
[2018.04.22-19.47.49:350][ 94]Cmd: MAP CHECKDEP NOCLEARLOG
[2018.04.22-19.47.49:464][ 94]MapCheck: Map check complete: 0 Error(s), 0 Warning(s), took 113.554ms to complete.
[2018.04.22-19.47.49:465][ 94]LogFileHelpers: Loading map 'CasualLevel1' took 0.411
[2018.04.22-20.53.36:326][991]LogTemp: Repeating last play command: New Editor Window (PIE)
[2018.04.22-20.53.36:405][991]LogBlueprintUserMessages: Early PlayInEditor Detection: Level '/Game/Levels/CasualLevel1.CasualLevel1:PersistentLevel' has LevelScriptBlueprint '/Game/Levels/CasualLevel1.CasualLevel1:PersistentLevel.CasualLevel1' with GeneratedClass '/Game/Levels/CasualLevel1.CasualLevel1_C' with ClassGeneratedBy '/Game/Levels/CasualLevel1.CasualLevel1:PersistentLevel.CasualLevel1'
[2018.04.22-20.53.36:405][991]LogPlayLevel: PlayLevel: No blueprints needed recompiling
[2018.04.22-20.53.36:406][991]PIE: New page: PIE session: CasualLevel1 (22 Apr 2018 22:53:36)
[2018.04.22-20.53.36:407][991]LogPlayLevel: Creating play world package: /Game/Levels/UEDPIE_0_CasualLevel1
[2018.04.22-20.53.36:423][991]LogPlayLevel: PIE: StaticDuplicateObject took: (0.015865s)
[2018.04.22-20.53.36:424][991]LogAIModule: Creating AISystem for world CasualLevel1
[2018.04.22-20.53.36:424][991]LogPlayLevel: PIE: World Init took: (0.001093s)
[2018.04.22-20.53.36:424][991]LogPlayLevel: PIE: Created PIE world by copying editor world from /Game/Levels/CasualLevel1.CasualLevel1 to /Game/Levels/UEDPIE_0_CasualLevel1.CasualLevel1 (0.017417s)
[2018.04.22-20.53.36:456][991]LogInit: XAudio2 using 'Speakers (Realtek High Definition Audio)' : 2 channels at 48 kHz using 32 bits per sample (channel mask 0x3)
[2018.04.22-20.53.36:536][991]LogInit: FAudioDevice initialized.
[2018.04.22-20.53.36:636][991]LogLoad: Game class is 'BounceGamemode_C'
[2018.04.22-20.53.36:644][991]LogWorld: Bringing World /Game/Levels/UEDPIE_0_CasualLevel1.CasualLevel1 up for play (max tick rate 0) at 2018.04.22-21.53.36
[2018.04.22-20.53.36:645][991]LogWorld: Bringing up level for play took: 0.007320
[2018.04.22-20.53.36:735][991]LogContentBrowser: Native class hierarchy updated for 'MovieSceneCapture' in 0.0011 seconds. Added 11 classes and 0 folders.
[2018.04.22-20.53.36:744][991]PIE: Play in editor start time for /Game/Levels/UEDPIE_0_CasualLevel1 1.2
[2018.04.22-20.53.36:745][991]LogBlueprintUserMessages: Late PlayInEditor Detection: Level '/Game/Levels/CasualLevel1.CasualLevel1:PersistentLevel' has LevelScriptBlueprint '/Game/Levels/CasualLevel1.CasualLevel1:PersistentLevel.CasualLevel1' with GeneratedClass '/Game/Levels/CasualLevel1.CasualLevel1_C' with ClassGeneratedBy '/Game/Levels/CasualLevel1.CasualLevel1:PersistentLevel.CasualLevel1'
[2018.04.22-20.53.36:807][991]LogRenderer: Reallocating scene render targets to support 1208x996 Format 10 NumSamples 1 (Frame:1).
[2018.04.22-20.53.38:467][ 98]LogBlueprintUserMessages: Early EndPlayMap Detection: Level '/Game/Levels/CasualLevel1.CasualLevel1:PersistentLevel' has LevelScriptBlueprint '/Game/Levels/CasualLevel1.CasualLevel1:PersistentLevel.CasualLevel1' with GeneratedClass '/Game/Levels/CasualLevel1.CasualLevel1_C' with ClassGeneratedBy '/Game/Levels/CasualLevel1.CasualLevel1:PersistentLevel.CasualLevel1'
[2018.04.22-20.53.38:545][ 98]LogBlueprintUserMessages: Late EndPlayMap Detection: Level '/Game/Levels/CasualLevel1.CasualLevel1:PersistentLevel' has LevelScriptBlueprint '/Game/Levels/CasualLevel1.CasualLevel1:PersistentLevel.CasualLevel1' with GeneratedClass '/Game/Levels/CasualLevel1.CasualLevel1_C' with ClassGeneratedBy '/Game/Levels/CasualLevel1.CasualLevel1:PersistentLevel.CasualLevel1'
[2018.04.22-20.53.41:023][270]LogScript: Warning: Accessed None trying to read property K2Node_DynamicCast_AsBounce_Gamemode
	Bullet_C /Engine/Transient.World_0:PersistentLevel.Bullet_C_0
	Function /Game/Blueprints/Bullet.Bullet_C:UserConstructionScript:007F
[2018.04.22-20.53.57:693][407]LogTemp: Repeating last play command: New Editor Window (PIE)
[2018.04.22-20.53.57:735][407]LogBlueprintUserMessages: Early PlayInEditor Detection: Level '/Game/Levels/CasualLevel1.CasualLevel1:PersistentLevel' has LevelScriptBlueprint '/Game/Levels/CasualLevel1.CasualLevel1:PersistentLevel.CasualLevel1' with GeneratedClass '/Game/Levels/CasualLevel1.CasualLevel1_C' with ClassGeneratedBy '/Game/Levels/CasualLevel1.CasualLevel1:PersistentLevel.CasualLevel1'
[2018.04.22-20.53.57:735][407]LogPlayLevel: PlayLevel: No blueprints needed recompiling
[2018.04.22-20.53.57:735][407]PIE: New page: PIE session: CasualLevel1 (22 Apr 2018 22:53:57)
[2018.04.22-20.53.57:736][407]LogPlayLevel: Creating play world package: /Game/Levels/UEDPIE_0_CasualLevel1
[2018.04.22-20.53.57:752][407]LogPlayLevel: PIE: StaticDuplicateObject took: (0.016451s)
[2018.04.22-20.53.57:753][407]LogAIModule: Creating AISystem for world CasualLevel1
[2018.04.22-20.53.57:753][407]LogPlayLevel: PIE: World Init took: (0.001196s)
[2018.04.22-20.53.57:754][407]LogPlayLevel: PIE: Created PIE world by copying editor world from /Game/Levels/CasualLevel1.CasualLevel1 to /Game/Levels/UEDPIE_0_CasualLevel1.CasualLevel1 (0.018101s)
[2018.04.22-20.53.57:789][407]LogInit: XAudio2 using 'Speakers (Realtek High Definition Audio)' : 2 channels at 48 kHz using 32 bits per sample (channel mask 0x3)
[2018.04.22-20.53.57:864][407]LogInit: FAudioDevice initialized.
[2018.04.22-20.53.57:937][407]LogLoad: Game class is 'BounceGamemode_C'
[2018.04.22-20.53.57:944][407]LogWorld: Bringing World /Game/Levels/UEDPIE_0_CasualLevel1.CasualLevel1 up for play (max tick rate 0) at 2018.04.22-21.53.57
[2018.04.22-20.53.57:945][407]LogWorld: Bringing up level for play took: 0.007410
[2018.04.22-20.53.57:954][407]PIE: Play in editor start time for /Game/Levels/UEDPIE_0_CasualLevel1 0.418
[2018.04.22-20.53.57:955][407]LogBlueprintUserMessages: Late PlayInEditor Detection: Level '/Game/Levels/CasualLevel1.CasualLevel1:PersistentLevel' has LevelScriptBlueprint '/Game/Levels/CasualLevel1.CasualLevel1:PersistentLevel.CasualLevel1' with GeneratedClass '/Game/Levels/CasualLevel1.CasualLevel1_C' with ClassGeneratedBy '/Game/Levels/CasualLevel1.CasualLevel1:PersistentLevel.CasualLevel1'
[2018.04.22-20.54.00:048][568]LogBlueprintUserMessages: Early EndPlayMap Detection: Level '/Game/Levels/CasualLevel1.CasualLevel1:PersistentLevel' has LevelScriptBlueprint '/Game/Levels/CasualLevel1.CasualLevel1:PersistentLevel.CasualLevel1' with GeneratedClass '/Game/Levels/CasualLevel1.CasualLevel1_C' with ClassGeneratedBy '/Game/Levels/CasualLevel1.CasualLevel1:PersistentLevel.CasualLevel1'
[2018.04.22-20.54.00:135][568]LogBlueprintUserMessages: Late EndPlayMap Detection: Level '/Game/Levels/CasualLevel1.CasualLevel1:PersistentLevel' has LevelScriptBlueprint '/Game/Levels/CasualLevel1.CasualLevel1:PersistentLevel.CasualLevel1' with GeneratedClass '/Game/Levels/CasualLevel1.CasualLevel1_C' with ClassGeneratedBy '/Game/Levels/CasualLevel1.CasualLevel1:PersistentLevel.CasualLevel1'
[2018.04.22-20.54.00:873][620]LogEditorViewport: Clicking on Actor (LMB): Target_C (Target)
[2018.04.22-20.54.06:355][ 41]LogEditorViewport: Clicking Background
[2018.04.22-20.54.06:681][ 68]LogEditorViewport: Clicking on Actor (LMB): Target_C (Target2)
[2018.04.22-20.54.11:672][460]LogEditorViewport: Clicking Background
[2018.04.22-20.54.13:267][618]LogEditorViewport: Clicking Background
[2018.04.22-20.54.13:960][684]LogEditorViewport: Clicking on Actor (LMB): Target_C (Target3)
[2018.04.22-20.54.15:538][803]LogEditorViewport: Clicking on Actor (LMB): Target_C (Target4)
[2018.04.22-20.54.16:731][872]LogEditorViewport: Clicking Background
[2018.04.22-20.54.17:112][902]LogEditorViewport: Clicking on Actor (LMB): Target_C (Target4)
[2018.04.22-20.54.18:497][  3]LogTemp: Repeating last play command: New Editor Window (PIE)
[2018.04.22-20.54.18:538][  3]LogBlueprintUserMessages: Early PlayInEditor Detection: Level '/Game/Levels/CasualLevel1.CasualLevel1:PersistentLevel' has LevelScriptBlueprint '/Game/Levels/CasualLevel1.CasualLevel1:PersistentLevel.CasualLevel1' with GeneratedClass '/Game/Levels/CasualLevel1.CasualLevel1_C' with ClassGeneratedBy '/Game/Levels/CasualLevel1.CasualLevel1:PersistentLevel.CasualLevel1'
[2018.04.22-20.54.18:538][  3]LogPlayLevel: PlayLevel: No blueprints needed recompiling
[2018.04.22-20.54.18:538][  3]PIE: New page: PIE session: CasualLevel1 (22 Apr 2018 22:54:18)
[2018.04.22-20.54.18:539][  3]LogPlayLevel: Creating play world package: /Game/Levels/UEDPIE_0_CasualLevel1
[2018.04.22-20.54.18:556][  3]LogPlayLevel: PIE: StaticDuplicateObject took: (0.016687s)
[2018.04.22-20.54.18:556][  3]LogAIModule: Creating AISystem for world CasualLevel1
[2018.04.22-20.54.18:557][  3]LogPlayLevel: PIE: World Init took: (0.001051s)
[2018.04.22-20.54.18:557][  3]LogPlayLevel: PIE: Created PIE world by copying editor world from /Game/Levels/CasualLevel1.CasualLevel1 to /Game/Levels/UEDPIE_0_CasualLevel1.CasualLevel1 (0.018236s)
[2018.04.22-20.54.18:587][  3]LogInit: XAudio2 using 'Speakers (Realtek High Definition Audio)' : 2 channels at 48 kHz using 32 bits per sample (channel mask 0x3)
[2018.04.22-20.54.18:662][  3]LogInit: FAudioDevice initialized.
[2018.04.22-20.54.18:731][  3]LogLoad: Game class is 'BounceGamemode_C'
[2018.04.22-20.54.18:738][  3]LogWorld: Bringing World /Game/Levels/UEDPIE_0_CasualLevel1.CasualLevel1 up for play (max tick rate 0) at 2018.04.22-21.54.18
[2018.04.22-20.54.18:739][  3]LogWorld: Bringing up level for play took: 0.007155
[2018.04.22-20.54.18:748][  3]PIE: Play in editor start time for /Game/Levels/UEDPIE_0_CasualLevel1 -0.78
[2018.04.22-20.54.18:749][  3]LogBlueprintUserMessages: Late PlayInEditor Detection: Level '/Game/Levels/CasualLevel1.CasualLevel1:PersistentLevel' has LevelScriptBlueprint '/Game/Levels/CasualLevel1.CasualLevel1:PersistentLevel.CasualLevel1' with GeneratedClass '/Game/Levels/CasualLevel1.CasualLevel1_C' with ClassGeneratedBy '/Game/Levels/CasualLevel1.CasualLevel1:PersistentLevel.CasualLevel1'
[2018.04.22-20.54.21:108][183]LogBlueprintUserMessages: Early EndPlayMap Detection: Level '/Game/Levels/CasualLevel1.CasualLevel1:PersistentLevel' has LevelScriptBlueprint '/Game/Levels/CasualLevel1.CasualLevel1:PersistentLevel.CasualLevel1' with GeneratedClass '/Game/Levels/CasualLevel1.CasualLevel1_C' with ClassGeneratedBy '/Game/Levels/CasualLevel1.CasualLevel1:PersistentLevel.CasualLevel1'
[2018.04.22-20.54.21:201][183]LogBlueprintUserMessages: Late EndPlayMap Detection: Level '/Game/Levels/CasualLevel1.CasualLevel1:PersistentLevel' has LevelScriptBlueprint '/Game/Levels/CasualLevel1.CasualLevel1:PersistentLevel.CasualLevel1' with GeneratedClass '/Game/Levels/CasualLevel1.CasualLevel1_C' with ClassGeneratedBy '/Game/Levels/CasualLevel1.CasualLevel1:PersistentLevel.CasualLevel1'
[2018.04.22-20.54.21:834][225]LogEditorViewport: Clicking on Actor (LMB): Target_C (Target4)
[2018.04.22-20.54.23:779][373]LogTemp: Repeating last play command: New Editor Window (PIE)
[2018.04.22-20.54.23:821][373]LogBlueprintUserMessages: Early PlayInEditor Detection: Level '/Game/Levels/CasualLevel1.CasualLevel1:PersistentLevel' has LevelScriptBlueprint '/Game/Levels/CasualLevel1.CasualLevel1:PersistentLevel.CasualLevel1' with GeneratedClass '/Game/Levels/CasualLevel1.CasualLevel1_C' with ClassGeneratedBy '/Game/Levels/CasualLevel1.CasualLevel1:PersistentLevel.CasualLevel1'
[2018.04.22-20.54.23:822][373]LogPlayLevel: PlayLevel: No blueprints needed recompiling
[2018.04.22-20.54.23:822][373]PIE: New page: PIE session: CasualLevel1 (22 Apr 2018 22:54:23)
[2018.04.22-20.54.23:823][373]LogPlayLevel: Creating play world package: /Game/Levels/UEDPIE_0_CasualLevel1
[2018.04.22-20.54.23:839][373]LogPlayLevel: PIE: StaticDuplicateObject took: (0.016041s)
[2018.04.22-20.54.23:840][373]LogAIModule: Creating AISystem for world CasualLevel1
[2018.04.22-20.54.23:840][373]LogPlayLevel: PIE: World Init took: (0.000979s)
[2018.04.22-20.54.23:840][373]LogPlayLevel: PIE: Created PIE world by copying editor world from /Game/Levels/CasualLevel1.CasualLevel1 to /Game/Levels/UEDPIE_0_CasualLevel1.CasualLevel1 (0.017428s)
[2018.04.22-20.54.23:871][373]LogInit: XAudio2 using 'Speakers (Realtek High Definition Audio)' : 2 channels at 48 kHz using 32 bits per sample (channel mask 0x3)
[2018.04.22-20.54.23:947][373]LogInit: FAudioDevice initialized.
[2018.04.22-20.54.24:019][373]LogLoad: Game class is 'BounceGamemode_C'
[2018.04.22-20.54.24:026][373]LogWorld: Bringing World /Game/Levels/UEDPIE_0_CasualLevel1.CasualLevel1 up for play (max tick rate 0) at 2018.04.22-21.54.24
[2018.04.22-20.54.24:027][373]LogWorld: Bringing up level for play took: 0.007657
[2018.04.22-20.54.24:035][373]PIE: Play in editor start time for /Game/Levels/UEDPIE_0_CasualLevel1 0.509
[2018.04.22-20.54.24:036][373]LogBlueprintUserMessages: Late PlayInEditor Detection: Level '/Game/Levels/CasualLevel1.CasualLevel1:PersistentLevel' has LevelScriptBlueprint '/Game/Levels/CasualLevel1.CasualLevel1:PersistentLevel.CasualLevel1' with GeneratedClass '/Game/Levels/CasualLevel1.CasualLevel1_C' with ClassGeneratedBy '/Game/Levels/CasualLevel1.CasualLevel1:PersistentLevel.CasualLevel1'
[2018.04.22-20.54.25:850][510]LogBlueprintUserMessages: Early EndPlayMap Detection: Level '/Game/Levels/CasualLevel1.CasualLevel1:PersistentLevel' has LevelScriptBlueprint '/Game/Levels/CasualLevel1.CasualLevel1:PersistentLevel.CasualLevel1' with GeneratedClass '/Game/Levels/CasualLevel1.CasualLevel1_C' with ClassGeneratedBy '/Game/Levels/CasualLevel1.CasualLevel1:PersistentLevel.CasualLevel1'
[2018.04.22-20.54.25:938][510]LogBlueprintUserMessages: Late EndPlayMap Detection: Level '/Game/Levels/CasualLevel1.CasualLevel1:PersistentLevel' has LevelScriptBlueprint '/Game/Levels/CasualLevel1.CasualLevel1:PersistentLevel.CasualLevel1' with GeneratedClass '/Game/Levels/CasualLevel1.CasualLevel1_C' with ClassGeneratedBy '/Game/Levels/CasualLevel1.CasualLevel1:PersistentLevel.CasualLevel1'
[2018.04.22-20.54.26:490][545]LogEditorViewport: Clicking on Actor (LMB): Target_C (Target2)
[2018.04.22-20.54.28:359][677]LogTemp: Repeating last play command: New Editor Window (PIE)
[2018.04.22-20.54.28:401][677]LogBlueprintUserMessages: Early PlayInEditor Detection: Level '/Game/Levels/CasualLevel1.CasualLevel1:PersistentLevel' has LevelScriptBlueprint '/Game/Levels/CasualLevel1.CasualLevel1:PersistentLevel.CasualLevel1' with GeneratedClass '/Game/Levels/CasualLevel1.CasualLevel1_C' with ClassGeneratedBy '/Game/Levels/CasualLevel1.CasualLevel1:PersistentLevel.CasualLevel1'
[2018.04.22-20.54.28:401][677]LogPlayLevel: PlayLevel: No blueprints needed recompiling
[2018.04.22-20.54.28:401][677]PIE: New page: PIE session: CasualLevel1 (22 Apr 2018 22:54:28)
[2018.04.22-20.54.28:402][677]LogPlayLevel: Creating play world package: /Game/Levels/UEDPIE_0_CasualLevel1
[2018.04.22-20.54.28:419][677]LogPlayLevel: PIE: StaticDuplicateObject took: (0.017410s)
[2018.04.22-20.54.28:420][677]LogAIModule: Creating AISystem for world CasualLevel1
[2018.04.22-20.54.28:421][677]LogPlayLevel: PIE: World Init took: (0.001263s)
[2018.04.22-20.54.28:421][677]LogPlayLevel: PIE: Created PIE world by copying editor world from /Game/Levels/CasualLevel1.CasualLevel1 to /Game/Levels/UEDPIE_0_CasualLevel1.CasualLevel1 (0.019301s)
[2018.04.22-20.54.28:454][677]LogInit: XAudio2 using 'Speakers (Realtek High Definition Audio)' : 2 channels at 48 kHz using 32 bits per sample (channel mask 0x3)
[2018.04.22-20.54.28:530][677]LogInit: FAudioDevice initialized.
[2018.04.22-20.54.28:605][677]LogLoad: Game class is 'BounceGamemode_C'
[2018.04.22-20.54.28:612][677]LogWorld: Bringing World /Game/Levels/UEDPIE_0_CasualLevel1.CasualLevel1 up for play (max tick rate 0) at 2018.04.22-21.54.28
[2018.04.22-20.54.28:613][677]LogWorld: Bringing up level for play took: 0.007696
[2018.04.22-20.54.28:622][677]PIE: Play in editor start time for /Game/Levels/UEDPIE_0_CasualLevel1 1.097
[2018.04.22-20.54.28:623][677]LogBlueprintUserMessages: Late PlayInEditor Detection: Level '/Game/Levels/CasualLevel1.CasualLevel1:PersistentLevel' has LevelScriptBlueprint '/Game/Levels/CasualLevel1.CasualLevel1:PersistentLevel.CasualLevel1' with GeneratedClass '/Game/Levels/CasualLevel1.CasualLevel1_C' with ClassGeneratedBy '/Game/Levels/CasualLevel1.CasualLevel1:PersistentLevel.CasualLevel1'
[2018.04.22-20.54.45:317][888]LogBlueprintUserMessages: Early EndPlayMap Detection: Level '/Game/Levels/CasualLevel1.CasualLevel1:PersistentLevel' has LevelScriptBlueprint '/Game/Levels/CasualLevel1.CasualLevel1:PersistentLevel.CasualLevel1' with GeneratedClass '/Game/Levels/CasualLevel1.CasualLevel1_C' with ClassGeneratedBy '/Game/Levels/CasualLevel1.CasualLevel1:PersistentLevel.CasualLevel1'
[2018.04.22-20.54.45:414][888]LogBlueprintUserMessages: Late EndPlayMap Detection: Level '/Game/Levels/CasualLevel1.CasualLevel1:PersistentLevel' has LevelScriptBlueprint '/Game/Levels/CasualLevel1.CasualLevel1:PersistentLevel.CasualLevel1' with GeneratedClass '/Game/Levels/CasualLevel1.CasualLevel1_C' with ClassGeneratedBy '/Game/Levels/CasualLevel1.CasualLevel1:PersistentLevel.CasualLevel1'
[2018.04.22-20.54.50:630][222]LogEditorViewport: Clicking Background
[2018.04.22-20.54.51:583][310]LogEditorViewport: Clicking on Actor (LMB): Target_C (Target7)
[2018.04.22-20.54.56:512][646]LogTemp: Repeating last play command: New Editor Window (PIE)
[2018.04.22-20.54.56:555][646]LogBlueprintUserMessages: Early PlayInEditor Detection: Level '/Game/Levels/CasualLevel1.CasualLevel1:PersistentLevel' has LevelScriptBlueprint '/Game/Levels/CasualLevel1.CasualLevel1:PersistentLevel.CasualLevel1' with GeneratedClass '/Game/Levels/CasualLevel1.CasualLevel1_C' with ClassGeneratedBy '/Game/Levels/CasualLevel1.CasualLevel1:PersistentLevel.CasualLevel1'
[2018.04.22-20.54.56:555][646]LogPlayLevel: PlayLevel: No blueprints needed recompiling
[2018.04.22-20.54.56:555][646]PIE: New page: PIE session: CasualLevel1 (22 Apr 2018 22:54:56)
[2018.04.22-20.54.56:556][646]LogPlayLevel: Creating play world package: /Game/Levels/UEDPIE_0_CasualLevel1
[2018.04.22-20.54.56:575][646]LogPlayLevel: PIE: StaticDuplicateObject took: (0.018457s)
[2018.04.22-20.54.56:575][646]LogAIModule: Creating AISystem for world CasualLevel1
[2018.04.22-20.54.56:576][646]LogPlayLevel: PIE: World Init took: (0.001025s)
[2018.04.22-20.54.56:576][646]LogPlayLevel: PIE: Created PIE world by copying editor world from /Game/Levels/CasualLevel1.CasualLevel1 to /Game/Levels/UEDPIE_0_CasualLevel1.CasualLevel1 (0.019880s)
[2018.04.22-20.54.56:610][646]LogInit: XAudio2 using 'Speakers (Realtek High Definition Audio)' : 2 channels at 48 kHz using 32 bits per sample (channel mask 0x3)
[2018.04.22-20.54.56:687][646]LogInit: FAudioDevice initialized.
[2018.04.22-20.54.56:757][646]LogLoad: Game class is 'BounceGamemode_C'
[2018.04.22-20.54.56:766][646]LogWorld: Bringing World /Game/Levels/UEDPIE_0_CasualLevel1.CasualLevel1 up for play (max tick rate 0) at 2018.04.22-21.54.56
[2018.04.22-20.54.56:766][646]LogWorld: Bringing up level for play took: 0.008401
[2018.04.22-20.54.56:775][646]PIE: Play in editor start time for /Game/Levels/UEDPIE_0_CasualLevel1 -0.739
[2018.04.22-20.54.56:776][646]LogBlueprintUserMessages: Late PlayInEditor Detection: Level '/Game/Levels/CasualLevel1.CasualLevel1:PersistentLevel' has LevelScriptBlueprint '/Game/Levels/CasualLevel1.CasualLevel1:PersistentLevel.CasualLevel1' with GeneratedClass '/Game/Levels/CasualLevel1.CasualLevel1_C' with ClassGeneratedBy '/Game/Levels/CasualLevel1.CasualLevel1:PersistentLevel.CasualLevel1'
[2018.04.22-20.55.11:198][741]LogBlueprintUserMessages: Early EndPlayMap Detection: Level '/Game/Levels/CasualLevel1.CasualLevel1:PersistentLevel' has LevelScriptBlueprint '/Game/Levels/CasualLevel1.CasualLevel1:PersistentLevel.CasualLevel1' with GeneratedClass '/Game/Levels/CasualLevel1.CasualLevel1_C' with ClassGeneratedBy '/Game/Levels/CasualLevel1.CasualLevel1:PersistentLevel.CasualLevel1'
[2018.04.22-20.55.11:289][741]LogBlueprintUserMessages: Late EndPlayMap Detection: Level '/Game/Levels/CasualLevel1.CasualLevel1:PersistentLevel' has LevelScriptBlueprint '/Game/Levels/CasualLevel1.CasualLevel1:PersistentLevel.CasualLevel1' with GeneratedClass '/Game/Levels/CasualLevel1.CasualLevel1_C' with ClassGeneratedBy '/Game/Levels/CasualLevel1.CasualLevel1:PersistentLevel.CasualLevel1'
[2018.04.22-20.55.12:536][834]LogEditorViewport: Clicking Background
[2018.04.22-20.55.29:785][990]LogSlate: Took 0.000679 seconds to synchronously load lazily loaded font '../../../Engine/Content/Slate/Fonts/Roboto-Light.ttf' (159K)
[2018.04.22-20.55.39:563][ 17]LogSavePackage: Save=503.42ms
[2018.04.22-20.55.39:563][ 17]LogSavePackage: Moving '../../../../../../Users/John/Documents/GitHub/mgp-mgp-group-11/Development/Unreal Project/Saved/CasualLevel1_Auto17FD1F568439FC422395C6D9433C76A68.tmp' to '../../../../../../Users/John/Documents/GitHub/mgp-mgp-group-11/Development/Unreal Project/Saved/Autosaves/Game/Levels/CasualLevel1_Auto1.umap'
[2018.04.22-20.55.39:565][ 17]LogSavePackage: Display: Finished SavePackage ../../../../../../Users/John/Documents/GitHub/mgp-mgp-group-11/Development/Unreal Project/Saved/Autosaves/Game/Levels/CasualLevel1_Auto1.umap
[2018.04.22-20.55.39:569][ 17]LogFileHelpers: Editor autosave (incl. sublevels) for '/Game/Levels/CasualLevel1' took 0.749
[2018.04.22-20.55.39:569][ 17]LogFileHelpers: Editor autosave (incl. sublevels) for all levels took 0.749
[2018.04.22-23.46.06:600][983]LogSavePackage: Save=442.55ms
[2018.04.22-23.46.06:600][983]LogSavePackage: Moving '../../../../../../Users/John/Documents/GitHub/mgp-mgp-group-11/Development/Unreal Project/Saved/CasualLevel1C4892F9045295798CFED859AF2C495A7.tmp' to '../../../../../../Users/John/Documents/GitHub/mgp-mgp-group-11/Development/Unreal Project/Content/Levels/CasualLevel1.umap'
[2018.04.22-23.46.06:607][983]LogSavePackage: Display: Finished SavePackage ../../../../../../Users/John/Documents/GitHub/mgp-mgp-group-11/Development/Unreal Project/Content/Levels/CasualLevel1.umap
[2018.04.22-23.46.06:685][983]LogSlate: Took 0.000284 seconds to synchronously load lazily loaded font '../../../Engine/Content/Slate/Fonts/Roboto-Regular.ttf' (155K)
[2018.04.22-23.46.06:687][983]LogFileHelpers: Saving map 'CasualLevel1' took 0.854
[2018.04.22-23.46.07:160][984]Cmd: QUIT_EDITOR
[2018.04.22-23.46.07:877][984]LogWindowsTextInputMethodSystem: Display: IME system now deactivated.
[2018.04.22-23.46.07:933][984]LogExit: Preparing to exit.
[2018.04.22-23.46.08:880][984]LogDirectoryWatcher: A directory notification for 'C:/Users/John/Documents/GitHub/mgp-mgp-group-11/Development/Unreal Project/Content/' was aborted.
[2018.04.22-23.46.08:916][984]LogExit: Editor shut down
[2018.04.22-23.46.08:932][984]LogExit: Transaction tracking system shut down
[2018.04.22-23.46.09:194][984]LogDirectoryWatcher: A directory notification for '../../../Engine/Content/' was aborted.
[2018.04.22-23.46.09:194][984]LogDirectoryWatcher: A directory notification for '../../../../../../Users/John/Documents/GitHub/mgp-mgp-group-11/Development/Unreal Project/Content/' was aborted.
[2018.04.22-23.46.09:194][984]LogDirectoryWatcher: A directory notification for '../../../Engine/Plugins/2D/Paper2D/Content/' was aborted.
[2018.04.22-23.46.09:194][984]LogDirectoryWatcher: A directory notification for '../../../Engine/Plugins/Runtime/Oculus/OculusVR/Content/' was aborted.
[2018.04.22-23.46.09:195][984]LogDirectoryWatcher: A directory notification for '../../../Engine/Plugins/Runtime/Steam/SteamVR/Content/' was aborted.
[2018.04.22-23.46.09:274][984]LogExit: Object subsystem successfully closed.
[2018.04.22-23.46.09:288][984]LogD3D11RHI: Shutdown
[2018.04.22-23.46.09:288][984]LogD3D11RHI: CleanupD3DDevice
[2018.04.22-23.46.09:434][984]LogD3D11RHI: ~FD3D11DynamicRHI
[2018.04.22-23.46.09:461][984]LogModuleManager: Shutting down and abandoning module MovieSceneCapture (532)
[2018.04.22-23.46.09:461][984]LogModuleManager: Shutting down and abandoning module HierarchicalLODOutliner (530)
[2018.04.22-23.46.09:461][984]LogModuleManager: Shutting down and abandoning module SceneOutliner (528)
[2018.04.22-23.46.09:461][984]LogModuleManager: Shutting down and abandoning module AddContentDialog (526)
[2018.04.22-23.46.09:461][984]LogDirectoryWatcher: A directory notification for 'C:/Program Files/Epic Games/UE_4.17/FeaturePacks/' was aborted.
[2018.04.22-23.46.09:464][984]LogModuleManager: Shutting down and abandoning module WidgetCarousel (525)
[2018.04.22-23.46.09:464][984]LogModuleManager: Shutting down and abandoning module EditorWidgets (522)
[2018.04.22-23.46.09:464][984]LogModuleManager: Shutting down and abandoning module CollectionManager (520)
[2018.04.22-23.46.09:464][984]LogDirectoryWatcher: A directory notification for 'C:/Users/John/Documents/GitHub/mgp-mgp-group-11/Development/Unreal Project/Content/Collections/' was aborted.
[2018.04.22-23.46.09:464][984]LogDirectoryWatcher: A directory notification for 'C:/Users/John/Documents/GitHub/mgp-mgp-group-11/Development/Unreal Project/Content/Developers/John/Collections/' was aborted.
[2018.04.22-23.46.09:464][984]LogDirectoryWatcher: A directory notification for 'C:/Users/John/Documents/GitHub/mgp-mgp-group-11/Development/Unreal Project/Saved/Collections/' was aborted.
[2018.04.22-23.46.09:464][984]LogModuleManager: Shutting down and abandoning module StatsViewer (518)
[2018.04.22-23.46.09:464][984]LogModuleManager: Shutting down and abandoning module FoliageEdit (516)
[2018.04.22-23.46.09:464][984]LogModuleManager: Shutting down and abandoning module LandscapeEditor (514)
[2018.04.22-23.46.09:464][984]LogModuleManager: Shutting down and abandoning module MeshPaintMode (512)
[2018.04.22-23.46.09:464][984]LogModuleManager: Shutting down and abandoning module SceneDepthPickerMode (510)
[2018.04.22-23.46.09:464][984]LogModuleManager: Shutting down and abandoning module ActorPickerMode (508)
[2018.04.22-23.46.09:464][984]LogModuleManager: Shutting down and abandoning module GeometryMode (506)
[2018.04.22-23.46.09:465][984]LogModuleManager: Shutting down and abandoning module TextureAlignMode (504)
[2018.04.22-23.46.09:465][984]LogModuleManager: Shutting down and abandoning module BspMode (502)
[2018.04.22-23.46.09:465][984]LogModuleManager: Shutting down and abandoning module PIEPreviewDeviceProfileSelector (500)
[2018.04.22-23.46.09:465][984]LogModuleManager: Shutting down and abandoning module HardwareSurvey (498)
[2018.04.22-23.46.09:465][984]LogModuleManager: Shutting down and abandoning module SequenceRecorderSections (496)
[2018.04.22-23.46.09:465][984]LogModuleManager: Shutting down and abandoning module AutomationWorker (494)
[2018.04.22-23.46.09:465][984]LogModuleManager: Shutting down and abandoning module MatineeToLevelSequence (492)
[2018.04.22-23.46.09:465][984]LogModuleManager: Shutting down and abandoning module LevelSequenceEditor (490)
[2018.04.22-23.46.09:465][984]LogModuleManager: Shutting down and abandoning module PlacementMode (489)
[2018.04.22-23.46.09:465][984]LogModuleManager: Shutting down and abandoning module WmfMediaFactory (486)
[2018.04.22-23.46.09:465][984]LogModuleManager: Shutting down and abandoning module WmfMediaEditor (484)
[2018.04.22-23.46.09:465][984]LogModuleManager: Shutting down and abandoning module AvfMediaFactory (482)
[2018.04.22-23.46.09:465][984]LogModuleManager: Shutting down and abandoning module AvfMediaEditor (480)
[2018.04.22-23.46.09:465][984]LogModuleManager: Shutting down and abandoning module AndroidMediaFactory (478)
[2018.04.22-23.46.09:465][984]LogModuleManager: Shutting down and abandoning module Media (477)
[2018.04.22-23.46.09:465][984]LogModuleManager: Shutting down and abandoning module AndroidMediaEditor (474)
[2018.04.22-23.46.09:465][984]LogModuleManager: Shutting down and abandoning module CharacterAI (472)
[2018.04.22-23.46.09:465][984]LogModuleManager: Shutting down and abandoning module AudioCapture (470)
[2018.04.22-23.46.09:465][984]LogModuleManager: Shutting down and abandoning module SequenceRecorder (469)
[2018.04.22-23.46.09:465][984]LogModuleManager: Shutting down and abandoning module SmartSnapping (466)
[2018.04.22-23.46.09:465][984]LogModuleManager: Shutting down and abandoning module SessionServices (464)
[2018.04.22-23.46.09:465][984]LogModuleManager: Shutting down and abandoning module ViewportSnapping (462)
[2018.04.22-23.46.09:465][984]LogModuleManager: Shutting down and abandoning module ViewportInteraction (460)
[2018.04.22-23.46.09:465][984]LogModuleManager: Shutting down and abandoning module ClothPainter (458)
[2018.04.22-23.46.09:465][984]LogModuleManager: Shutting down and abandoning module LogVisualizer (456)
[2018.04.22-23.46.09:466][984]LogModuleManager: Shutting down and abandoning module IntroTutorials (454)
[2018.04.22-23.46.09:466][984]LogModuleManager: Shutting down and abandoning module GameProjectGeneration (453)
[2018.04.22-23.46.09:466][984]LogModuleManager: Shutting down and abandoning module IOSPlatformEditor (450)
[2018.04.22-23.46.09:466][984]LogModuleManager: Shutting down and abandoning module HTML5PlatformEditor (448)
[2018.04.22-23.46.09:466][984]LogModuleManager: Shutting down and abandoning module AndroidPlatformEditor (446)
[2018.04.22-23.46.09:466][984]LogModuleManager: Shutting down and abandoning module AndroidDeviceDetection (445)
[2018.04.22-23.46.09:738][984]LogModuleManager: Shutting down and abandoning module WindowsPlatformEditor (442)
[2018.04.22-23.46.09:738][984]LogModuleManager: Shutting down and abandoning module IOSRuntimeSettings (440)
[2018.04.22-23.46.09:738][984]LogModuleManager: Shutting down and abandoning module AndroidRuntimeSettings (438)
[2018.04.22-23.46.09:738][984]LogModuleManager: Shutting down and abandoning module InputBindingEditor (436)
[2018.04.22-23.46.09:738][984]LogModuleManager: Shutting down and abandoning module MergeActors (434)
[2018.04.22-23.46.09:738][984]LogModuleManager: Shutting down and abandoning module SizeMap (432)
[2018.04.22-23.46.09:738][984]LogModuleManager: Shutting down and abandoning module TreeMap (430)
[2018.04.22-23.46.09:739][984]LogModuleManager: Shutting down and abandoning module ReferenceViewer (428)
[2018.04.22-23.46.09:739][984]LogModuleManager: Shutting down and abandoning module LocalizationDashboard (426)
[2018.04.22-23.46.09:739][984]LogModuleManager: Shutting down and abandoning module LocalizationService (425)
[2018.04.22-23.46.09:739][984]LogModuleManager: Shutting down and abandoning module HardwareTargeting (422)
[2018.04.22-23.46.09:739][984]LogModuleManager: Shutting down and abandoning module DeviceProfileEditor (420)
[2018.04.22-23.46.09:739][984]LogModuleManager: Shutting down and abandoning module UndoHistory (418)
[2018.04.22-23.46.09:739][984]LogModuleManager: Shutting down and abandoning module XmlParser (416)
[2018.04.22-23.46.09:739][984]LogModuleManager: Shutting down and abandoning module Blutility (414)
[2018.04.22-23.46.09:739][984]LogModuleManager: Shutting down and abandoning module ProjectSettingsViewer (412)
[2018.04.22-23.46.09:740][984]LogModuleManager: Shutting down and abandoning module ProjectTargetPlatformEditor (411)
[2018.04.22-23.46.09:740][984]LogModuleManager: Shutting down and abandoning module EditorSettingsViewer (408)
[2018.04.22-23.46.09:740][984]LogModuleManager: Shutting down and abandoning module SettingsEditor (406)
[2018.04.22-23.46.09:741][984]LogModuleManager: Shutting down and abandoning module ProjectLauncher (404)
[2018.04.22-23.46.09:741][984]LogModuleManager: Shutting down and abandoning module SessionFrontend (402)
[2018.04.22-23.46.09:741][984]LogModuleManager: Shutting down and abandoning module ProfilerClient (400)
[2018.04.22-23.46.09:741][984]LogModuleManager: Shutting down and abandoning module DeviceManager (398)
[2018.04.22-23.46.09:741][984]LogModuleManager: Shutting down and abandoning module TargetDeviceServices (397)
[2018.04.22-23.46.09:793][984]LogModuleManager: Shutting down and abandoning module AutomationController (394)
[2018.04.22-23.46.09:793][984]LogModuleManager: Shutting down and abandoning module AutomationWindow (392)
[2018.04.22-23.46.09:793][984]LogModuleManager: Shutting down and abandoning module Layers (390)
[2018.04.22-23.46.09:793][984]LogModuleManager: Shutting down and abandoning module ComponentVisualizers (388)
[2018.04.22-23.46.09:793][984]LogModuleManager: Shutting down and abandoning module DetailCustomizations (386)
[2018.04.22-23.46.09:794][984]LogModuleManager: Shutting down and abandoning module PackagesDialog (384)
[2018.04.22-23.46.09:794][984]LogModuleManager: Shutting down and abandoning module Persona (382)
[2018.04.22-23.46.09:794][984]LogModuleManager: Shutting down and abandoning module AdvancedPreviewScene (381)
[2018.04.22-23.46.09:794][984]LogModuleManager: Shutting down and abandoning module AnimGraph (379)
[2018.04.22-23.46.09:794][984]LogModuleManager: Shutting down and abandoning module Kismet (376)
[2018.04.22-23.46.09:796][984]LogModuleManager: Shutting down and abandoning module ClassViewer (374)
[2018.04.22-23.46.09:797][984]LogModuleManager: Shutting down and abandoning module Toolbox (372)
[2018.04.22-23.46.09:797][984]LogModuleManager: Shutting down and abandoning module ModuleUI (370)
[2018.04.22-23.46.09:797][984]LogModuleManager: Shutting down and abandoning module MovieSceneTools (368)
[2018.04.22-23.46.09:797][984]LogModuleManager: Shutting down and abandoning module OutputLog (366)
[2018.04.22-23.46.09:797][984]LogModuleManager: Shutting down and abandoning module GammaUI (364)
[2018.04.22-23.46.09:797][984]LogModuleManager: Shutting down and abandoning module Documentation (362)
[2018.04.22-23.46.09:797][984]LogModuleManager: Shutting down and abandoning module MovieSceneTracks (360)
[2018.04.22-23.46.09:797][984]LogModuleManager: Shutting down and abandoning module MovieScene (358)
[2018.04.22-23.46.09:797][984]LogModuleManager: Shutting down and abandoning module Niagara (356)
[2018.04.22-23.46.09:797][984]LogModuleManager: Shutting down and abandoning module NiagaraEditor (355)
[2018.04.22-23.46.09:797][984]LogModuleManager: Shutting down and abandoning module StreamingPauseRendering (352)
[2018.04.22-23.46.09:797][984]LogModuleManager: Shutting down and abandoning module LauncherPlatform (350)
[2018.04.22-23.46.09:797][984]LogModuleManager: Shutting down and abandoning module AnalyticsET (348)
[2018.04.22-23.46.09:797][984]LogModuleManager: Shutting down and abandoning module PortalServices (346)
[2018.04.22-23.46.09:797][984]LogModuleManager: Shutting down and abandoning module PortalRpc (344)
[2018.04.22-23.46.09:797][984]LogModuleManager: Shutting down and abandoning module MessagingRpc (342)
[2018.04.22-23.46.09:797][984]LogModuleManager: Shutting down and abandoning module AIModule (340)
[2018.04.22-23.46.09:797][984]LogModuleManager: Shutting down and abandoning module GameplayDebugger (339)
[2018.04.22-23.46.09:798][984]LogModuleManager: Shutting down and abandoning module AITestSuite (337)
[2018.04.22-23.46.09:798][984]LogModuleManager: Shutting down and abandoning module ProfilerService (334)
[2018.04.22-23.46.10:029][984]LogModuleManager: Shutting down and abandoning module TaskGraph (332)
[2018.04.22-23.46.10:029][984]LogModuleManager: Shutting down and abandoning module SteamVRController (330)
[2018.04.22-23.46.10:029][984]LogModuleManager: Shutting down and abandoning module ProceduralMeshComponentEditor (328)
[2018.04.22-23.46.10:029][984]LogModuleManager: Shutting down and abandoning module ProceduralMeshComponent (326)
[2018.04.22-23.46.10:030][984]LogModuleManager: Shutting down and abandoning module OculusInput (324)
[2018.04.22-23.46.10:030][984]LogModuleManager: Shutting down and abandoning module MobilePatchingUtils (322)
[2018.04.22-23.46.10:030][984]LogModuleManager: Shutting down and abandoning module CustomMeshComponent (320)
[2018.04.22-23.46.10:030][984]LogModuleManager: Shutting down and abandoning module CableComponent (318)
[2018.04.22-23.46.10:030][984]LogModuleManager: Shutting down and abandoning module ArchVisCharacter (316)
[2018.04.22-23.46.10:030][984]LogModuleManager: Shutting down and abandoning module AndroidPermission (314)
[2018.04.22-23.46.10:030][984]LogModuleManager: Shutting down and abandoning module MediaPlayerEditor (310)
[2018.04.22-23.46.10:030][984]LogModuleManager: Shutting down and abandoning module HTML5Networking (308)
[2018.04.22-23.46.10:030][984]LogModuleManager: Shutting down and abandoning module AlembicImporter (306)
[2018.04.22-23.46.10:031][984]LogModuleManager: Shutting down and abandoning module AlembicLibrary (305)
[2018.04.22-23.46.10:031][984]LogModuleManager: Shutting down and abandoning module GeometryCache (304)
[2018.04.22-23.46.10:031][984]LogModuleManager: Shutting down and abandoning module GeometryCacheEd (303)
[2018.04.22-23.46.10:031][984]LogModuleManager: Shutting down and abandoning module SpeedTreeImporter (298)
[2018.04.22-23.46.10:031][984]LogModuleManager: Shutting down and abandoning module PluginBrowser (296)
[2018.04.22-23.46.10:031][984]LogModuleManager: Shutting down and abandoning module MobileLauncherProfileWizard (294)
[2018.04.22-23.46.10:031][984]LogModuleManager: Shutting down and abandoning module VisualStudioSourceCodeAccess (292)
[2018.04.22-23.46.10:031][984]LogModuleManager: Shutting down and abandoning module DesktopPlatform (291)
[2018.04.22-23.46.10:032][984]LogModuleManager: Shutting down and abandoning module UObjectPlugin (288)
[2018.04.22-23.46.10:032][984]LogModuleManager: Shutting down and abandoning module SubversionSourceControl (286)
[2018.04.22-23.46.10:032][984]LogModuleManager: Shutting down and abandoning module PerforceSourceControl (284)
[2018.04.22-23.46.10:032][984]LogModuleManager: Shutting down and abandoning module GitSourceControl (282)
[2018.04.22-23.46.10:033][984]LogModuleManager: Shutting down and abandoning module SourceControl (281)
[2018.04.22-23.46.10:033][984]LogModuleManager: Shutting down and abandoning module LightPropagationVolumeEditor (278)
[2018.04.22-23.46.10:033][984]LogModuleManager: Shutting down and abandoning module PaperTiledImporter (276)
[2018.04.22-23.46.10:033][984]LogModuleManager: Shutting down and abandoning module PaperSpriteSheetImporter (274)
[2018.04.22-23.46.10:033][984]LogModuleManager: Shutting down and abandoning module Paper2DEditor (272)
[2018.04.22-23.46.10:033][984]LogModuleManager: Shutting down and abandoning module MeshPaint (271)
[2018.04.22-23.46.10:034][984]LogModuleManager: Shutting down and abandoning module LevelEditor (269)
[2018.04.22-23.46.10:036][984]LogModuleManager: Shutting down and abandoning module PixelInspectorModule (268)
[2018.04.22-23.46.10:036][984]LogModuleManager: Shutting down and abandoning module MainFrame (266)
[2018.04.22-23.46.10:036][984]LogModuleManager: Shutting down and abandoning module HotReload (265)
[2018.04.22-23.46.10:038][984]LogModuleManager: Shutting down and abandoning module RuntimePhysXCooking (260)
[2018.04.22-23.46.10:038][984]LogModuleManager: Shutting down and abandoning module PhysXVehiclesEditor (258)
[2018.04.22-23.46.10:038][984]LogModuleManager: Shutting down and abandoning module PhysXVehicles (256)
[2018.04.22-23.46.10:038][984]LogModuleManager: Shutting down and abandoning module OculusEditor (254)
[2018.04.22-23.46.10:038][984]LogModuleManager: Shutting down and abandoning module LocationServicesBPLibrary (252)
[2018.04.22-23.46.10:038][984]LogModuleManager: Shutting down and abandoning module ImmediatePhysicsEditor (250)
[2018.04.22-23.46.10:038][984]LogModuleManager: Shutting down and abandoning module ImmediatePhysics (248)
[2018.04.22-23.46.10:038][984]LogModuleManager: Shutting down and abandoning module UdpMessaging (246)
[2018.04.22-23.46.10:139][984]LogModuleManager: Shutting down and abandoning module TcpMessaging (244)
[2018.04.22-23.46.10:240][984]LogModuleManager: Shutting down and abandoning module GameplayTagsEditor (242)
[2018.04.22-23.46.10:240][984]LogModuleManager: Shutting down and abandoning module FacialAnimationEditor (240)
[2018.04.22-23.46.10:240][984]LogModuleManager: Shutting down and abandoning module FacialAnimation (238)
[2018.04.22-23.46.10:240][984]LogModuleManager: Shutting down and abandoning module AssetManagerEditor (236)
[2018.04.22-23.46.10:240][984]LogModuleManager: Shutting down and abandoning module GraphEditor (235)
[2018.04.22-23.46.10:240][984]LogModuleManager: Shutting down and abandoning module ContentBrowser (233)
[2018.04.22-23.46.10:241][984]LogModuleManager: Shutting down and abandoning module LightPropagationVolumeRuntime (230)
[2018.04.22-23.46.10:241][984]LogModuleManager: Shutting down and abandoning module Paper2D (228)
[2018.04.22-23.46.10:241][984]LogModuleManager: Shutting down and abandoning module WindowsMoviePlayer (226)
[2018.04.22-23.46.10:241][984]LogModuleManager: Shutting down and abandoning module WmfMedia (224)
[2018.04.22-23.46.10:243][984]LogModuleManager: Shutting down and abandoning module PacketHandler (222)
[2018.04.22-23.46.10:243][984]LogModuleManager: Shutting down and abandoning module ClothingSystemEditor (220)
[2018.04.22-23.46.10:243][984]LogModuleManager: Shutting down and abandoning module ClothingSystemRuntime (218)
[2018.04.22-23.46.10:243][984]LogModuleManager: Shutting down and abandoning module Overlay (216)
[2018.04.22-23.46.10:243][984]LogModuleManager: Shutting down and abandoning module OverlayEditor (215)
[2018.04.22-23.46.10:243][984]LogModuleManager: Shutting down and abandoning module MediaAssets (212)
[2018.04.22-23.46.10:243][984]LogModuleManager: Shutting down and abandoning module VREditor (210)
[2018.04.22-23.46.10:243][984]LogModuleManager: Shutting down and abandoning module StringTableEditor (208)
[2018.04.22-23.46.10:243][984]LogModuleManager: Shutting down and abandoning module GameplayTasksEditor (206)
[2018.04.22-23.46.10:243][984]LogModuleManager: Shutting down and abandoning module BehaviorTreeEditor (204)
[2018.04.22-23.46.10:243][984]LogModuleManager: Shutting down and abandoning module FunctionalTesting (202)
[2018.04.22-23.46.10:243][984]LogModuleManager: Shutting down and abandoning module CollisionAnalyzer (200)
[2018.04.22-23.46.10:244][984]LogModuleManager: Shutting down and abandoning module WorkspaceMenuStructure (199)
[2018.04.22-23.46.10:244][984]LogModuleManager: Shutting down and abandoning module UMG (196)
[2018.04.22-23.46.10:244][984]LogModuleManager: Shutting down and abandoning module UMGEditor (195)
[2018.04.22-23.46.10:244][984]LogModuleManager: Shutting down and abandoning module Sequencer (194)
[2018.04.22-23.46.10:244][984]LogModuleManager: Shutting down and abandoning module MessageLog (191)
[2018.04.22-23.46.10:244][984]LogModuleManager: Shutting down and abandoning module SlateReflector (186)
[2018.04.22-23.46.10:244][984]LogModuleManager: Shutting down and abandoning module Slate (184)
[2018.04.22-23.46.10:244][984]LogModuleManager: Shutting down and abandoning module EditorStyle (182)
[2018.04.22-23.46.10:247][984]LogModuleManager: Shutting down and abandoning module MRMesh (180)
[2018.04.22-23.46.10:247][984]LogModuleManager: Shutting down and abandoning module SourceCodeAccess (178)
[2018.04.22-23.46.10:247][984]LogModuleManager: Shutting down and abandoning module HeadMountedDisplay (176)
[2018.04.22-23.46.10:247][984]LogModuleManager: Shutting down and abandoning module XAudio2 (174)
[2018.04.22-23.46.10:247][984]LogModuleManager: Shutting down and abandoning module Networking (172)
[2018.04.22-23.46.10:247][984]LogModuleManager: Shutting down and abandoning module Core (168)
[2018.04.22-23.46.10:247][984]LogModuleManager: Shutting down and abandoning module KismetCompiler (164)
[2018.04.22-23.46.10:247][984]LogModuleManager: Shutting down and abandoning module LevelSequence (162)
[2018.04.22-23.46.10:247][984]LogModuleManager: Shutting down and abandoning module MeshUtilities (160)
[2018.04.22-23.46.10:247][984]LogModuleManager: Shutting down and abandoning module MeshMergeUtilities (159)
[2018.04.22-23.46.10:248][984]LogModuleManager: Shutting down and abandoning module MeshReductionInterface (158)
[2018.04.22-23.46.10:248][984]LogModuleManager: Shutting down and abandoning module SimplygonSwarm (157)
[2018.04.22-23.46.10:248][984]LogModuleManager: Shutting down and abandoning module SimplygonMeshReduction (155)
[2018.04.22-23.46.10:248][984]LogModuleManager: Shutting down and abandoning module QuadricMeshReduction (153)
[2018.04.22-23.46.10:248][984]LogModuleManager: Shutting down and abandoning module MaterialBaking (149)
[2018.04.22-23.46.10:248][984]LogModuleManager: Shutting down and abandoning module DirectoryWatcher (146)
[2018.04.22-23.46.10:249][984]LogModuleManager: Shutting down and abandoning module DerivedDataCache (144)
[2018.04.22-23.46.10:260][984]LogDerivedDataCache: Shutdown
[2018.04.22-23.46.10:260][984]LogModuleManager: Shutting down and abandoning module TargetPlatform (142)
[2018.04.22-23.46.10:260][984]LogModuleManager: Shutting down and abandoning module VulkanShaderFormat (141)
[2018.04.22-23.46.10:260][984]LogModuleManager: Shutting down and abandoning module ShaderFormatVectorVM (139)
[2018.04.22-23.46.10:260][984]LogModuleManager: Shutting down and abandoning module ShaderFormatOpenGL (137)
[2018.04.22-23.46.10:261][984]LogModuleManager: Shutting down and abandoning module ShaderFormatD3D (135)
[2018.04.22-23.46.10:261][984]LogModuleManager: Shutting down and abandoning module MetalShaderFormat (133)
[2018.04.22-23.46.10:261][984]LogModuleManager: Shutting down and abandoning module TextureFormatUncompressed (131)
[2018.04.22-23.46.10:261][984]LogModuleManager: Shutting down and abandoning module TextureFormatPVR (129)
[2018.04.22-23.46.10:261][984]LogModuleManager: Shutting down and abandoning module TextureFormatDXT (127)
[2018.04.22-23.46.10:261][984]LogModuleManager: Shutting down and abandoning module TextureFormatIntelISPCTexComp (125)
[2018.04.22-23.46.10:261][984]LogModuleManager: Shutting down and abandoning module TextureFormatASTC (123)
[2018.04.22-23.46.10:261][984]LogModuleManager: Shutting down and abandoning module ImageWrapper (122)
[2018.04.22-23.46.10:261][984]LogModuleManager: Shutting down and abandoning module TextureFormatAndroid (119)
[2018.04.22-23.46.10:261][984]LogModuleManager: Shutting down and abandoning module AudioFormatOpus (117)
[2018.04.22-23.46.10:261][984]LogModuleManager: Shutting down and abandoning module AudioFormatOgg (115)
[2018.04.22-23.46.10:261][984]LogModuleManager: Shutting down and abandoning module AudioFormatADPCM (113)
[2018.04.22-23.46.10:261][984]LogModuleManager: Shutting down and abandoning module LinuxTargetPlatform (111)
[2018.04.22-23.46.10:261][984]LogModuleManager: Shutting down and abandoning module LinuxServerTargetPlatform (109)
[2018.04.22-23.46.10:261][984]LogModuleManager: Shutting down and abandoning module LinuxNoEditorTargetPlatform (107)
[2018.04.22-23.46.10:261][984]LogModuleManager: Shutting down and abandoning module LinuxClientTargetPlatform (105)
[2018.04.22-23.46.10:261][984]LogModuleManager: Shutting down and abandoning module TVOSTargetPlatform (103)
[2018.04.22-23.46.10:261][984]LogModuleManager: Shutting down and abandoning module Messaging (101)
[2018.04.22-23.46.10:261][984]LogModuleManager: Shutting down and abandoning module IOSTargetPlatform (99)
[2018.04.22-23.46.10:261][984]LogModuleManager: Shutting down and abandoning module HTML5TargetPlatform (97)
[2018.04.22-23.46.10:261][984]LogModuleManager: Shutting down and abandoning module Android_PVRTCTargetPlatform (95)
[2018.04.22-23.46.10:261][984]LogModuleManager: Shutting down and abandoning module Android_MultiTargetPlatform (93)
[2018.04.22-23.46.10:261][984]LogModuleManager: Shutting down and abandoning module Android_ETC2TargetPlatform (91)
[2018.04.22-23.46.10:261][984]LogModuleManager: Shutting down and abandoning module Android_ETC1TargetPlatform (89)
[2018.04.22-23.46.10:261][984]LogModuleManager: Shutting down and abandoning module Android_DXTTargetPlatform (87)
[2018.04.22-23.46.10:261][984]LogModuleManager: Shutting down and abandoning module Android_ATCTargetPlatform (85)
[2018.04.22-23.46.10:261][984]LogModuleManager: Shutting down and abandoning module Android_ASTCTargetPlatform (83)
[2018.04.22-23.46.10:261][984]LogModuleManager: Shutting down and abandoning module AndroidTargetPlatform (81)
[2018.04.22-23.46.10:261][984]LogModuleManager: Shutting down and abandoning module WindowsTargetPlatform (79)
[2018.04.22-23.46.10:261][984]LogModuleManager: Shutting down and abandoning module WindowsServerTargetPlatform (77)
[2018.04.22-23.46.10:261][984]LogModuleManager: Shutting down and abandoning module WindowsNoEditorTargetPlatform (75)
[2018.04.22-23.46.10:261][984]LogModuleManager: Shutting down and abandoning module WindowsClientTargetPlatform (73)
[2018.04.22-23.46.10:262][984]LogModuleManager: Shutting down and abandoning module MacTargetPlatform (71)
[2018.04.22-23.46.10:262][984]LogModuleManager: Shutting down and abandoning module MacServerTargetPlatform (69)
[2018.04.22-23.46.10:262][984]LogModuleManager: Shutting down and abandoning module MacNoEditorTargetPlatform (67)
[2018.04.22-23.46.10:262][984]LogModuleManager: Shutting down and abandoning module MacClientTargetPlatform (65)
[2018.04.22-23.46.10:262][984]LogModuleManager: Shutting down and abandoning module AllDesktopTargetPlatform (63)
[2018.04.22-23.46.10:262][984]LogModuleManager: Shutting down and abandoning module InputCore (60)
[2018.04.22-23.46.10:262][984]LogModuleManager: Shutting down and abandoning module Settings (58)
[2018.04.22-23.46.10:262][984]LogModuleManager: Shutting down and abandoning module PhysXCooking (56)
[2018.04.22-23.46.10:262][984]LogModuleManager: Shutting down and abandoning module SteamVR (54)
[2018.04.22-23.46.10:262][984]LogModuleManager: Shutting down and abandoning module OculusHMD (52)
[2018.04.22-23.46.10:262][984]LogModuleManager: Shutting down and abandoning module ExampleDeviceProfileSelector (50)
[2018.04.22-23.46.10:262][984]LogModuleManager: Shutting down and abandoning module OnlineBlueprintSupport (48)
[2018.04.22-23.46.10:262][984]LogModuleManager: Shutting down and abandoning module OnlineSubsystem (44)
[2018.04.22-23.46.10:262][984]LogOnline: Display: Unloading online subsystem: NULL
[2018.04.22-23.46.10:262][984]LogModuleManager: Shutting down and abandoning module XMPP (43)
[2018.04.22-23.46.10:262][984]LogModuleManager: Shutting down and abandoning module HTTP (41)
[2018.04.22-23.46.10:262][984]LogHttp: Display: Http module shutting down, but needs to wait on 1 outstanding Http requests:
[2018.04.22-23.46.10:262][984]LogHttp: Display: 	verb=[POST] url=[https://datarouter.ol.epicgames.com/datarouter/api/v1/public/data?SessionID=%7BAFCF4C41-4393-C09A-67ED-C8B004B92179%7D&AppID=UEEditor.Rocket.Release&AppVersion=4.17.2-3658906%2B%2B%2BUE4%2BRelease-4.17&UserID=43afbf9e49f2ec39b4ed1d9136ad08b1%7C2ed8ff0489e7442d83bd09a4de59a2bb%7C97e47864-9056-4480-8267-b9692313d887&AppEnvironment=datacollector-binary&UploadType=eteventstream] status=Processing
[2018.04.22-23.46.10:272][984]LogModuleManager: Shutting down and abandoning module SSL (40)
[2018.04.22-23.46.10:274][984]LogModuleManager: Shutting down and abandoning module AnimationModifiers (36)
[2018.04.22-23.46.10:274][984]LogModuleManager: Shutting down and abandoning module PropertyEditor (35)
[2018.04.22-23.46.10:274][984]LogModuleManager: Shutting down and abandoning module AudioEditor (32)
[2018.04.22-23.46.10:274][984]LogModuleManager: Shutting down and abandoning module TextureCompressor (30)
[2018.04.22-23.46.10:274][984]LogModuleManager: Shutting down and abandoning module ShaderCore (28)
[2018.04.22-23.46.10:274][984]LogModuleManager: Shutting down and abandoning module Landscape (26)
[2018.04.22-23.46.10:274][984]LogModuleManager: Shutting down and abandoning module SlateRHIRenderer (24)
[2018.04.22-23.46.10:276][984]LogModuleManager: Shutting down and abandoning module OpenGLDrv (22)
[2018.04.22-23.46.10:276][984]LogModuleManager: Shutting down and abandoning module D3D11RHI (20)
[2018.04.22-23.46.10:276][984]LogModuleManager: Shutting down and abandoning module AnimGraphRuntime (18)
[2018.04.22-23.46.10:276][984]LogModuleManager: Shutting down and abandoning module Renderer (16)
[2018.04.22-23.46.10:276][984]LogModuleManager: Shutting down and abandoning module Engine (14)
[2018.04.22-23.46.10:276][984]LogModuleManager: Shutting down and abandoning module CoreUObject (12)
[2018.04.22-23.46.10:276][984]LogModuleManager: Shutting down and abandoning module NetworkFile (10)
[2018.04.22-23.46.10:276][984]LogModuleManager: Shutting down and abandoning module CookedIterativeFile (8)
[2018.04.22-23.46.10:276][984]LogModuleManager: Shutting down and abandoning module StreamingFile (6)
[2018.04.22-23.46.10:276][984]LogModuleManager: Shutting down and abandoning module SandboxFile (4)
[2018.04.22-23.46.10:276][984]LogModuleManager: Shutting down and abandoning module PakFile (2)
[2018.04.22-23.46.10:279][984]LogExit: Exiting.
[2018.04.22-23.46.10:316][984]Log file closed, 04/23/18 00:46:10
