Log file open, 04/11/18 23:13:14
LogWindows: Failed to load 'aqProf.dll' (GetLastError=126)
LogWindows: File 'aqProf.dll' does not exist
LogWindows: Failed to load 'VSPerf140.dll' (GetLastError=126)
LogWindows: File 'VSPerf140.dll' does not exist
LogWindows: Failed to load 'VtuneApi.dll' (GetLastError=126)
LogWindows: File 'VtuneApi.dll' does not exist
LogWindows: Failed to load 'VtuneApi32e.dll' (GetLastError=126)
LogWindows: File 'VtuneApi32e.dll' does not exist
LogInit: Display: Running engine for game: Prototype_Group_11
LogPlatformFile: Not using cached read wrapper
LogInit: Display: RandInit(249669875) SRandInit(249669875).
LogTaskGraph: Started task graph with 5 named threads and 20 total threads with 3 sets of task threads.
LogStats: Stats thread started at 0.278798
LogD3D11RHI: Aftermath initialized
LogPluginManager: Mounting plugin Paper2D
LogPluginManager: Mounting plugin LightPropagationVolume
LogPluginManager: Mounting plugin CodeLiteSourceCodeAccess
LogPluginManager: Mounting plugin GitSourceControl
LogPluginManager: Mounting plugin KDevelopSourceCodeAccess
LogPluginManager: Mounting plugin NullSourceCodeAccess
LogPluginManager: Mounting plugin PerforceSourceControl
LogPluginManager: Mounting plugin SubversionSourceControl
LogPluginManager: Mounting plugin UObjectPlugin
LogPluginManager: Mounting plugin VisualStudioSourceCodeAccess
LogPluginManager: Mounting plugin XCodeSourceCodeAccess
LogPluginManager: Mounting plugin AssetManagerEditor
LogPluginManager: Mounting plugin AudioCapture
LogPluginManager: Mounting plugin FacialAnimation
LogPluginManager: Mounting plugin GameplayTagsEditor
LogPluginManager: Mounting plugin MobileLauncherProfileWizard
LogPluginManager: Mounting plugin PluginBrowser
LogPluginManager: Mounting plugin SpeedTreeImporter
LogPluginManager: Mounting plugin AlembicImporter
LogPluginManager: Mounting plugin CharacterAI
LogPluginManager: Mounting plugin HTML5Networking
LogPluginManager: Mounting plugin AndroidMedia
LogPluginManager: Mounting plugin AvfMedia
LogPluginManager: Mounting plugin MediaPlayerEditor
LogPluginManager: Mounting plugin WmfMedia
LogPluginManager: Mounting plugin TcpMessaging
LogPluginManager: Mounting plugin UdpMessaging
LogPluginManager: Mounting plugin LevelSequenceEditor
LogPluginManager: Mounting plugin MatineeToLevelSequence
LogPluginManager: Mounting plugin OnlineSubsystemGooglePlay
LogPluginManager: Mounting plugin OnlineSubsystemIOS
LogPluginManager: Mounting plugin OnlineSubsystem
LogPluginManager: Mounting plugin OnlineSubsystemNull
LogPluginManager: Mounting plugin OnlineSubsystemUtils
LogPluginManager: Mounting plugin AndroidDeviceProfileSelector
LogPluginManager: Mounting plugin AndroidMoviePlayer
LogPluginManager: Mounting plugin AndroidPermission
LogPluginManager: Mounting plugin AppleMoviePlayer
LogPluginManager: Mounting plugin ArchVisCharacter
LogPluginManager: Mounting plugin CableComponent
LogPluginManager: Mounting plugin CustomMeshComponent
LogPluginManager: Mounting plugin ExampleDeviceProfileSelector
LogPluginManager: Mounting plugin GoogleCloudMessaging
LogPluginManager: Mounting plugin ImmediatePhysics
LogPluginManager: Mounting plugin IOSDeviceProfileSelector
LogPluginManager: Mounting plugin LinuxDeviceProfileSelector
LogPluginManager: Mounting plugin LocationServicesBPLibrary
LogPluginManager: Mounting plugin MobilePatchingUtils
LogPluginManager: Mounting plugin OculusVR
LogPluginManager: Mounting plugin PhysXVehicles
LogPluginManager: Mounting plugin ProceduralMeshComponent
LogPluginManager: Mounting plugin RuntimePhysXCooking
LogPluginManager: Mounting plugin SteamVR
LogPluginManager: Mounting plugin WindowsMoviePlayer
LogInit: Using libcurl 7.47.1
LogInit:  - built for x86_64-pc-win32
LogInit:  - supports SSL with OpenSSL/1.0.2g
LogInit:  - supports HTTP deflate (compression) using libz 1.2.8
LogInit:  - other features:
LogInit:      CURL_VERSION_SSL
LogInit:      CURL_VERSION_LIBZ
LogInit:      CURL_VERSION_IPV6
LogInit:      CURL_VERSION_ASYNCHDNS
LogInit:      CURL_VERSION_LARGEFILE
LogInit:      CURL_VERSION_IDN
LogInit:  CurlRequestOptions (configurable via config and command line):
LogInit:  - bVerifyPeer = false  - Libcurl will NOT verify peer certificate
LogInit:  - bUseHttpProxy = false  - Libcurl will NOT use HTTP proxy
LogInit:  - bDontReuseConnections = false  - Libcurl will reuse connections
LogInit:  - CertBundlePath = nullptr  - Libcurl will use whatever was configured at build time.
LogInit: Build: ++UE4+Release-4.17-CL-3658906
LogInit: Engine Version: 4.17.2-3658906+++UE4+Release-4.17
LogInit: Compatible Engine Version: 4.17.0-3573198+++UE4+Release-4.17
LogInit: Net CL: 3573198
LogDevObjectVersion: Number of dev versions registered: 16
LogDevObjectVersion:   Dev-Blueprints (B0D832E4-1F89-4F0D-ACCF-7EB736FD4AA2): 10
LogDevObjectVersion:   Dev-Build (E1C64328-A22C-4D53-A36C-8E866417BD8C): 0
LogDevObjectVersion:   Dev-Core (375EC13C-06E4-48FB-B500-84F0262A717E): 2
LogDevObjectVersion:   Dev-Editor (E4B068ED-F494-42E9-A231-DA0B2E46BB41): 20
LogDevObjectVersion:   Dev-Framework (CFFC743F-43B0-4480-9391-14DF171D2073): 28
LogDevObjectVersion:   Dev-Mobile (B02B49B5-BB20-44E9-A304-32B752E40360): 0
LogDevObjectVersion:   Dev-Networking (A4E4105C-59A1-49B5-A7C5-40C4547EDFEE): 0
LogDevObjectVersion:   Dev-Online (39C831C9-5AE6-47DC-9A44-9C173E1C8E7C): 0
LogDevObjectVersion:   Dev-Physics (78F01B33-EBEA-4F98-B9B4-84EACCB95AA2): 0
LogDevObjectVersion:   Dev-Platform (6631380F-2D4D-43E0-8009-CF276956A95A): 0
LogDevObjectVersion:   Dev-Rendering (12F88B9F-8875-4AFC-A67C-D90C383ABD29): 19
LogDevObjectVersion:   Dev-Sequencer (7B5AE74C-D270-4C10-A958-57980B212A5A): 4
LogDevObjectVersion:   Dev-VR (D7296918-1DD6-4BDD-9DE2-64A83CC13884): 0
LogDevObjectVersion:   Dev-LoadTimes (C2A15278-BFE7-4AFE-6C17-90FF531DF755): 1
LogDevObjectVersion:   Private-Geometry (6EACA3D4-40EC-4CC1-B786-8BED09428FC5): 1
LogDevObjectVersion:   Dev-AnimPhys (29E575DD-E0A3-4627-9D10-D276232CDCEA): 7
LogInit: Compiled (64-bit): Sep 22 2017 13:47:16
LogInit: Compiled with Visual C++: 19.00.24215.01
LogInit: Build Configuration: Development
LogInit: Branch Name: ++UE4+Release-4.17
LogInit: Command line:  
LogInit: Base directory: C:/Program Files/Epic Games/UE_4.17/Engine/Binaries/Win64/
LogInit: Installed Engine Build: 1
LogInit: Presizing for max 8388607 objects, including 0 objects not considered by GC, pre-allocating 0 bytes for permanent pool.
LogInit: Object subsystem initialized
[2018.04.11-22.13.15:615][  0]LogInit: Selected Device Profile: [Windows]
[2018.04.11-22.13.15:615][  0]LogInit: Applying CVar settings loaded from the selected device profile: [Windows]
[2018.04.11-22.13.15:653][  0]LogInit: Computer: TYLER-PC
[2018.04.11-22.13.15:653][  0]LogInit: User: Tyler
[2018.04.11-22.13.15:653][  0]LogInit: CPU Page size=4096, Cores=6
[2018.04.11-22.13.15:653][  0]LogInit: High frequency timer resolution =3.125000 MHz
[2018.04.11-22.13.15:654][  0]LogMemory: Memory total: Physical=8.0GB (8GB approx)
[2018.04.11-22.13.15:654][  0]LogMemory: Platform Memory Stats for Windows
[2018.04.11-22.13.15:654][  0]LogMemory: Process Physical Memory: 280.11 MB used, 280.11 MB peak
[2018.04.11-22.13.15:654][  0]LogMemory: Process Virtual Memory: 280.96 MB used, 280.96 MB peak
[2018.04.11-22.13.15:654][  0]LogMemory: Physical Memory: 5193.08 MB used,  2951.31 MB free, 8144.39 MB total
[2018.04.11-22.13.15:654][  0]LogMemory: Virtual Memory: 713.80 MB used,  2951.31 MB free, 134217728.00 MB total
[2018.04.11-22.13.15:899][  0]LogInit: Using OS detected language (en-GB).
[2018.04.11-22.13.15:899][  0]LogInit: Using OS detected locale (en-GB).
[2018.04.11-22.13.15:971][  0]LogTextLocalizationManager: No specific localization for 'en-GB' exists, so the 'en' localization will be used.
[2018.04.11-22.13.19:439][  0]LogD3D11RHI: D3D11 adapters:
[2018.04.11-22.13.19:495][  0]LogD3D11RHI:    0. 'NVIDIA GeForce GTX 980' (Feature Level 11_0)
[2018.04.11-22.13.19:495][  0]LogD3D11RHI:       4053/0/4072 MB DedicatedVideo/DedicatedSystem/SharedSystem, Outputs:1, VendorId:0x10de
[2018.04.11-22.13.19:497][  0]LogD3D11RHI:    1. 'Microsoft Basic Render Driver' (Feature Level 11_0)
[2018.04.11-22.13.19:497][  0]LogD3D11RHI:       0/0/4072 MB DedicatedVideo/DedicatedSystem/SharedSystem, Outputs:0, VendorId:0x1414
[2018.04.11-22.13.19:497][  0]LogD3D11RHI: Chosen D3D11 Adapter: 0
[2018.04.11-22.13.19:516][  0]LogD3D11RHI: Creating new Direct3DDevice
[2018.04.11-22.13.19:516][  0]LogD3D11RHI:     GPU DeviceId: 0x13c0 (for the marketing name, search the web for "GPU Device Id")
[2018.04.11-22.13.19:516][  0]LogWindows: EnumDisplayDevices:
[2018.04.11-22.13.19:516][  0]LogWindows:    0. 'NVIDIA GeForce GTX 980' (P:1 D:1)
[2018.04.11-22.13.19:516][  0]LogWindows:    1. 'NVIDIA GeForce GTX 980' (P:0 D:0)
[2018.04.11-22.13.19:516][  0]LogWindows:    2. 'NVIDIA GeForce GTX 980' (P:0 D:0)
[2018.04.11-22.13.19:516][  0]LogWindows:    3. 'NVIDIA GeForce GTX 980' (P:0 D:0)
[2018.04.11-22.13.19:516][  0]LogWindows: DebugString: GetVideoDriverDetailsInvalid PrimaryIsNotTheChoosenAdapter GetVideoDriverDetailsInvalid PrimaryIsNotTheChoosenAdapter GetVideoDriverDetailsInvalid PrimaryIsNotTheChoosenAdapter GetVideoDriverDetailsInvalid PrimaryIsNotTheChoosenAdapter FoundDriverCount:0 
[2018.04.11-22.13.19:517][  0]LogD3D11RHI:     Adapter Name: NVIDIA GeForce GTX 980
[2018.04.11-22.13.19:517][  0]LogD3D11RHI:   Driver Version: Unknown (internal:Unknown, unified:Unknown)
[2018.04.11-22.13.19:517][  0]LogD3D11RHI:      Driver Date: Unknown
[2018.04.11-22.13.19:517][  0]LogRHI: Texture pool is 1361 MB (70% of 1945 MB)
[2018.04.11-22.13.19:553][  0]LogD3D11RHI: Async texture creation enabled
[2018.04.11-22.13.19:634][  0]LogD3D11RHI: GPU Timing Frequency: 1000.000000 (Debug: 2 2)
[2018.04.11-22.13.19:677][  0]LogShaderCompilers: Guid format shader working directory is -45 characters bigger than the processId version (../../../../../../Users/Tyler/Documents/GitHub/mgp-mgp-group-11/Development/Unreal Project/Intermediate/Shaders/WorkingDirectory/54468/).
[2018.04.11-22.13.19:677][  0]LogShaderCompilers: Cleaned the shader compiler working directory 'C:/Users/Tyler/AppData/Local/Temp/UnrealShaderWorkingDir/EFA1FCEE4E074738F8A77B8F924E7AEF/'.
[2018.04.11-22.13.19:677][  0]LogShaderCompilers: Display: Using Local Shader Compiler.
[2018.04.11-22.13.22:146][  0]LogTemp: Display: Loaded TP AllDesktopTargetPlatform
[2018.04.11-22.13.22:212][  0]LogTemp: Display: Loaded TP MacClientTargetPlatform
[2018.04.11-22.13.22:281][  0]LogTemp: Display: Loaded TP MacNoEditorTargetPlatform
[2018.04.11-22.13.22:360][  0]LogTemp: Display: Loaded TP MacServerTargetPlatform
[2018.04.11-22.13.22:435][  0]LogTemp: Display: Loaded TP MacTargetPlatform
[2018.04.11-22.13.22:508][  0]LogTemp: Display: Loaded TP WindowsClientTargetPlatform
[2018.04.11-22.13.22:576][  0]LogTemp: Display: Loaded TP WindowsNoEditorTargetPlatform
[2018.04.11-22.13.22:665][  0]LogTemp: Display: Loaded TP WindowsServerTargetPlatform
[2018.04.11-22.13.22:730][  0]LogTemp: Display: Loaded TP WindowsTargetPlatform
[2018.04.11-22.13.22:811][  0]LogTemp: Display: Loaded TP AndroidTargetPlatform
[2018.04.11-22.13.22:879][  0]LogTemp: Display: Loaded TP Android_ASTCTargetPlatform
[2018.04.11-22.13.22:954][  0]LogTemp: Display: Loaded TP Android_ATCTargetPlatform
[2018.04.11-22.13.23:020][  0]LogTemp: Display: Loaded TP Android_DXTTargetPlatform
[2018.04.11-22.13.23:091][  0]LogTemp: Display: Loaded TP Android_ETC1TargetPlatform
[2018.04.11-22.13.23:164][  0]LogTemp: Display: Loaded TP Android_ETC2TargetPlatform
[2018.04.11-22.13.23:304][  0]LogTemp: Display: Loaded TP Android_MultiTargetPlatform
[2018.04.11-22.13.23:304][  0]LogTemp: Display: Loaded TP Android_PVRTCTargetPlatform
[2018.04.11-22.13.23:359][  0]LogTemp: Display: Loaded TP HTML5TargetPlatform
[2018.04.11-22.13.23:501][  0]LogTemp: Display: Loaded TP IOSTargetPlatform
[2018.04.11-22.13.23:546][  0]LogTemp: Display: Loaded TP TVOSTargetPlatform
[2018.04.11-22.13.23:615][  0]LogTemp: Display: Loaded TP LinuxClientTargetPlatform
[2018.04.11-22.13.23:682][  0]LogTemp: Display: Loaded TP LinuxNoEditorTargetPlatform
[2018.04.11-22.13.23:752][  0]LogTemp: Display: Loaded TP LinuxServerTargetPlatform
[2018.04.11-22.13.23:835][  0]LogTemp: Display: Loaded TP LinuxTargetPlatform
[2018.04.11-22.13.23:835][  0]LogTargetPlatformManager: Display: Building Assets For Windows
[2018.04.11-22.13.24:536][  0]LogDerivedDataCache: Display: Max Cache Size: 512 MB
[2018.04.11-22.13.24:923][  0]LogDerivedDataCache: Loaded boot cache 0.39s 93MB C:/Users/Tyler/AppData/Local/UnrealEngine/4.17/DerivedDataCache/Boot.ddc.
[2018.04.11-22.13.24:923][  0]LogDerivedDataCache: Display: Loaded Boot cache: C:/Users/Tyler/AppData/Local/UnrealEngine/4.17/DerivedDataCache/Boot.ddc
[2018.04.11-22.13.24:923][  0]LogDerivedDataCache: FDerivedDataBackendGraph:  Pak pak cache file ../../../../../../Users/Tyler/Documents/GitHub/mgp-mgp-group-11/Development/Unreal Project/DerivedDataCache/DDC.ddp not found, will not use a pak cache.
[2018.04.11-22.13.24:923][  0]LogDerivedDataCache: Unable to find inner node Pak for hierarchical cache Hierarchy.
[2018.04.11-22.13.24:923][  0]LogDerivedDataCache: FDerivedDataBackendGraph:  CompressedPak pak cache file ../../../../../../Users/Tyler/Documents/GitHub/mgp-mgp-group-11/Development/Unreal Project/DerivedDataCache/Compressed.ddp not found, will not use a pak cache.
[2018.04.11-22.13.24:923][  0]LogDerivedDataCache: Unable to find inner node CompressedPak for hierarchical cache Hierarchy.
[2018.04.11-22.13.24:943][  0]LogDerivedDataCache: Display: Pak cache opened for reading ../../../Engine/DerivedDataCache/Compressed.ddp.
[2018.04.11-22.13.24:956][  0]LogDerivedDataCache: Using Local data cache path C:/Users/Tyler/AppData/Local/UnrealEngine/Common/DerivedDataCache: Writable
[2018.04.11-22.13.24:986][  0]LogMaterial: Verifying Global Shaders for PCD3D_SM5
[2018.04.11-22.13.24:986][  0]LogSlate: Using Freetype 2.6.0
[2018.04.11-22.13.25:004][  0]LogSlate: SlateFontCache - WITH_FREETYPE: 1, WITH_HARFBUZZ: 1
[2018.04.11-22.13.25:004][  0]LogSlate: SlateFontCache - WITH_FREETYPE: 1, WITH_HARFBUZZ: 1
[2018.04.11-22.13.25:786][  0]LogAssetRegistry: FAssetRegistry took 0.0320 seconds to start up
[2018.04.11-22.13.25:978][  0]LogInit: Selected Device Profile: [Windows]
[2018.04.11-22.13.26:675][  0]LogSimplygon: Simplygon DLL not present - disabling.
[2018.04.11-22.13.26:744][  0]LogMeshReduction: Using SimplygonSwarm for distributed automatic mesh merging
[2018.04.11-22.13.26:744][  0]LogMeshReduction: Using QuadricMeshReduction for automatic static mesh reduction
[2018.04.11-22.13.26:744][  0]LogMeshReduction: No automatic skeletal mesh reduction module available
[2018.04.11-22.13.26:744][  0]LogMeshReduction: No automatic mesh merging module available
[2018.04.11-22.13.26:744][  0]LogMeshMerging: No automatic mesh merging module available
[2018.04.11-22.13.26:784][  0]LogContentStreaming: Texture pool size is 0.00 MB
[2018.04.11-22.13.27:658][  0]LogNetVersion: Prototype_Group_11 , NetCL: 3573198, EngineNetVer: 2, GameNetVer: 0 (Checksum: 3139247147)
[2018.04.11-22.13.28:121][  0]LogPackageLocalizationCache: Processed 5 localized package path(s) for 2 prioritized culture(s) in 0.083581 seconds
[2018.04.11-22.13.28:130][  0]LogUObjectArray: 35825 objects as part of root set at end of initial load.
[2018.04.11-22.13.28:130][  0]LogUObjectAllocator: 7529104 out of 0 bytes used by permanent object pool.
[2018.04.11-22.13.28:130][  0]LogUObjectArray: CloseDisregardForGC: 0/0 objects in disregard for GC pool
[2018.04.11-22.13.28:213][  0]LogInit: WinSock: version 1.1 (2.2), MaxSocks=32767, MaxUdp=65467
[2018.04.11-22.13.34:832][  0]LogTcpMessaging: Initializing TcpMessaging bridge
[2018.04.11-22.13.34:885][  0]LogUdpMessaging: Initializing bridge on interface 0.0.0.0:0 to multicast group 230.0.0.1:6666.
[2018.04.11-22.13.35:845][  0]LogMaterial: Uniform references updated for custom material expression Custom.
[2018.04.11-22.13.36:503][  0]SourceControl: Source control is disabled
[2018.04.11-22.13.38:382][  0]LogAndroidPermission: UAndroidPermissionCallbackProxy::GetInstance
[2018.04.11-22.13.38:738][  0]LogOcInput: OculusInput pre-init called
[2018.04.11-22.13.39:116][  0]LogEngine: Initializing Engine...
[2018.04.11-22.13.39:123][  0]LogHMD: Failed to initialize OpenVR with code 100
[2018.04.11-22.13.39:712][  0]LogStats: UGameplayTagsManager::ConstructGameplayTagTree: Construct from data asset -  0.000 s
[2018.04.11-22.13.39:712][  0]LogStats: UGameplayTagsManager::ConstructGameplayTagTree: GameplayTagTreeChangedEvent.Broadcast -  0.000 s
[2018.04.11-22.13.39:870][  0]LogAIModule: Creating AISystem for world Untitled
[2018.04.11-22.13.39:882][  0]LogInit: XAudio2 using 'Headset Earphone (4- Corsair VOID Wireless Gaming Dongle)' : 2 channels at 48 kHz using 16 bits per sample (channel mask 0x3)
[2018.04.11-22.13.39:906][  0]LogInit: FAudioDevice initialized.
[2018.04.11-22.13.40:029][  0]LogDerivedDataCache: Saved boot cache 0.12s 93MB C:/Users/Tyler/AppData/Local/UnrealEngine/4.17/DerivedDataCache/Boot.ddc.
[2018.04.11-22.13.40:051][  0]LogInit: Texture streaming: Enabled
[2018.04.11-22.13.40:246][  0]LogEngineSessionManager: EngineSessionManager initialized
[2018.04.11-22.13.40:627][  0]LogInit: Transaction tracking system initialized
[2018.04.11-22.13.41:084][  0]BlueprintLog: New page: Editor Load
[2018.04.11-22.13.42:366][  0]LocalizationService: Localization service is disabled
[2018.04.11-22.13.43:621][  0]LogConsoleResponse: Display: 
[2018.04.11-22.13.44:007][  0]LogCook: Display: Max memory allowance for cook 16384mb min free memory 0mb
[2018.04.11-22.13.44:007][  0]LogCook: Display: Mobile HDR setting 1
[2018.04.11-22.13.44:007][  0]LogGameplayTags: Display: UGameplayTagsManager::DoneAddingNativeTags. DelegateIsBound: 0
[2018.04.11-22.13.44:485][  0]LogFileCache: Scanning file cache for directory 'C:/Users/Tyler/Documents/GitHub/mgp-mgp-group-11/Development/Unreal Project/Content/' took 0.02s
[2018.04.11-22.13.45:547][  0]Cmd: MAP LOAD FILE="../../../../../../Users/Tyler/Documents/GitHub/mgp-mgp-group-11/Development/Unreal Project/Content/Levels/MainMenu.umap" TEMPLATE=0 SHOWPROGRESS=1 FEATURELEVEL=3
[2018.04.11-22.13.45:547][  0]LightingResults: New page: Lighting Build
[2018.04.11-22.13.45:607][  0]MapCheck: New page: Map Check
[2018.04.11-22.13.45:607][  0]LightingResults: New page: Lighting Build
[2018.04.11-22.13.46:060][  0]LogAIModule: Creating AISystem for world MainMenu
[2018.04.11-22.13.46:062][  0]LogEditorServer: Finished looking for orphan Actors (0.000 secs)
[2018.04.11-22.13.46:089][  0]Cmd: MAP CHECKDEP NOCLEARLOG
[2018.04.11-22.13.46:161][  0]MapCheck: Map check complete: 0 Error(s), 0 Warning(s), took 72.46ms to complete.
[2018.04.11-22.13.46:161][  0]LogFileHelpers: Loading map 'MainMenu' took 0.615
[2018.04.11-22.13.46:376][  0]LogCollectionManager: Loaded 0 collections in 0.002510 seconds
[2018.04.11-22.13.46:494][  0]LogFileCache: Scanning file cache for directory 'C:/Users/Tyler/Documents/GitHub/mgp-mgp-group-11/Development/Unreal Project/Saved/Collections/' took 0.01s
[2018.04.11-22.13.46:494][  0]LogFileCache: Scanning file cache for directory 'C:/Users/Tyler/Documents/GitHub/mgp-mgp-group-11/Development/Unreal Project/Content/Developers/Tyler/Collections/' took 0.01s
[2018.04.11-22.13.46:494][  0]LogFileCache: Scanning file cache for directory 'C:/Users/Tyler/Documents/GitHub/mgp-mgp-group-11/Development/Unreal Project/Content/Collections/' took 0.01s
[2018.04.11-22.13.46:494][  0]LogCollectionManager: Rebuilt the GUID cache for 0 collections in 0.000000 seconds
[2018.04.11-22.13.46:508][  0]LogContentBrowser: Native class hierarchy populated in 0.0131 seconds. Added 2386 classes and 500 folders.
[2018.04.11-22.13.46:599][  0]LogContentBrowser: Native class hierarchy updated for 'WidgetCarousel' in 0.0008 seconds. Added 0 classes and 0 folders.
[2018.04.11-22.13.47:119][  0]LogContentBrowser: Native class hierarchy updated for 'AddContentDialog' in 0.0008 seconds. Added 0 classes and 0 folders.
[2018.04.11-22.13.47:195][  0]LogContentBrowser: Native class hierarchy updated for 'SceneOutliner' in 0.0013 seconds. Added 1 classes and 2 folders.
[2018.04.11-22.13.47:586][  0]LogSlate: Took 0.005976 seconds to synchronously load lazily loaded font '../../../Engine/Content/Slate/Fonts/Roboto-Regular.ttf' (155K)
[2018.04.11-22.13.47:661][  0]SourceControl: On branch master
[2018.04.11-22.13.47:661][  0]SourceControl: Your branch is up to date with 'origin/master'.
[2018.04.11-22.13.47:661][  0]SourceControl: Changes not staged for commit:
[2018.04.11-22.13.47:661][  0]SourceControl:   (use "git add <file>..." to update what will be committed)
[2018.04.11-22.13.47:661][  0]SourceControl:   (use "git checkout -- <file>..." to discard changes in working directory)
[2018.04.11-22.13.47:661][  0]SourceControl: 	modified:   Development/Unreal Project/Intermediate/CachedAssetRegistry.bin
[2018.04.11-22.13.47:661][  0]SourceControl: 	modified:   Development/Unreal Project/Saved/Logs/Prototype_Group_11.log
[2018.04.11-22.13.47:661][  0]SourceControl: Untracked files:
[2018.04.11-22.13.47:661][  0]SourceControl:   (use "git add <file>..." to include in what will be committed)
[2018.04.11-22.13.47:661][  0]SourceControl: 	Development/Unreal Project/Saved/Config/CrashReportClient/UE4CC-Windows-C281EB3D4C2C2DA2E552869286DFEF2C/
[2018.04.11-22.13.47:661][  0]SourceControl: 	Development/Unreal Project/Saved/Logs/Prototype_Group_11-backup-2018.04.11-23.13.14.log
[2018.04.11-22.13.47:661][  0]SourceControl: no changes added to commit (use "git add" and/or "git commit -a")
[2018.04.11-22.13.47:759][  0]LogWindowsTextInputMethodSystem: Display: IME system now deactivated.
[2018.04.11-22.13.48:824][  0]LogSlate: Took 0.006956 seconds to synchronously load lazily loaded font '../../../Engine/Content/Slate/Fonts/Roboto-Bold.ttf' (160K)
[2018.04.11-22.13.48:835][  0]LogSlate: Took 0.006849 seconds to synchronously load lazily loaded font '../../../Engine/Content/Editor/Slate/Fonts/FontAwesome.ttf' (139K)
[2018.04.11-22.13.48:929][  0]LogTemp: Executing iPhonePackager certificates Engine -bundlename com.YourCompany.PrototypeGroup11
[2018.04.11-22.13.48:929][  0]LogTemp: CWD: C:\Program Files\Epic Games\UE_4.17\Engine\Binaries\DotNET\IOS
[2018.04.11-22.13.48:929][  0]LogTemp: Initial Dir: C:\Program Files\Epic Games\UE_4.17
[2018.04.11-22.13.48:929][  0]LogTemp: Env CWD: C:\Program Files\Epic Games\UE_4.17\Engine\Binaries\DotNET\IOS
[2018.04.11-22.13.48:929][  0]LogTemp: BranchPath = TYLER-PC/C/Program Files/Epic Games/UE_4.17/Engine/Binaries --- GameBranchPath = TYLER-PC/C/Program Files/Epic Games/UE_4.17/Engine/Binaries
[2018.04.11-22.13.48:929][  0]LogTemp: IPP ERROR: Could not find provision directory 'C:\Users\Tyler\AppData\Local/Apple Computer/MobileDevice/Provisioning Profiles/'.
[2018.04.11-22.13.48:929][  0]LogRenderer: Reallocating scene render targets to support 1528x552 Format 10 NumSamples 1 (Frame:1).
[2018.04.11-22.13.49:059][  0]LogContentBrowser: Native class hierarchy updated for 'HierarchicalLODOutliner' in 0.0009 seconds. Added 1 classes and 2 folders.
[2018.04.11-22.13.49:060][  0]LogLoad: (Engine Initialization) Total time: 36.75 seconds
[2018.04.11-22.13.49:060][  0]LogLoad: (Engine Initialization) Total Blueprint compile time: 0.00 seconds
[2018.04.11-22.13.49:060][  0]LogExternalProfiler: No external profilers were discovered.  External profiling features will not be available.
[2018.04.11-22.13.49:429][  0]LogContentStreaming: Texture pool size now 1000 MB
[2018.04.11-22.13.49:473][  0]LogSlate: Took 0.007216 seconds to synchronously load lazily loaded font '../../../Engine/Content/Slate/Fonts/Roboto-Light.ttf' (159K)
[2018.04.11-22.13.49:755][  1]LogAssetRegistry: Asset discovery search completed in 23.9917 seconds
[2018.04.11-22.13.49:758][  1]LogCollectionManager: Rebuilt the object cache for 0 collections in 0.000001 seconds (found 0 objects)
[2018.04.11-22.13.49:758][  1]LogCollectionManager: Fixed up redirectors for 0 collections in 0.000136 seconds (updated 0 objects)
[2018.04.11-22.13.50:396][  3]LogWindowsTextInputMethodSystem: Display: IME system now deactivated.
[2018.04.11-22.13.50:401][  3]LogEditorViewport: Clicking Background
[2018.04.11-22.14.03:620][534]LogSlate: Took 0.000179 seconds to synchronously load lazily loaded font '../../../Engine/Content/Slate/Fonts/Roboto-Light.ttf' (159K)
[2018.04.11-22.14.03:686][534]LogContentBrowser: Native class hierarchy updated for 'MaterialEditor' in 0.0008 seconds. Added 1 classes and 0 folders.
[2018.04.11-22.14.03:688][534]LogMaterial: Missing cached shader map for material MenuBackgroundMaterial, compiling. 
[2018.04.11-22.14.03:782][534]LogMaterial: Missing cached shader map for material MenuBackgroundMaterial, compiling. 
[2018.04.11-22.14.03:797][534]LogMaterial: Missing cached shader map for material MenuBackgroundMaterial, compiling. 
[2018.04.11-22.14.03:856][534]LogSlate: Took 0.007655 seconds to synchronously load lazily loaded font '../../../Engine/Content/Editor/Slate/Fonts/Roboto-BoldCondensed.ttf' (158K)
[2018.04.11-22.14.05:201][610]MaterialEditorStats: Base pass shader: 78 instructions
[2018.04.11-22.14.05:201][610]MaterialEditorStats: Vertex shader: 29 instructions
[2018.04.11-22.14.05:201][610]MaterialEditorStats: Texture samplers: 1/16
[2018.04.11-22.14.06:047][690]LogProperty: Warning: ObjectProperty /Script/Engine.ExpressionInput:Expression: unresolved reference to 'MaterialExpressionPanner'MaterialGraphNode_3.MaterialExpressionPanner_0')'
[2018.04.11-22.14.06:048][690]LogLinker: Can't find file '/Engine/Transient'
[2018.04.11-22.14.06:048][690]LogProperty: Warning: ObjectProperty /Script/Engine.MaterialExpression:Material: unresolved reference to 'PreviewMaterial'/Engine/Transient.Test''
[2018.04.11-22.14.06:049][690]LogProperty: Warning: ObjectProperty /Script/Engine.ExpressionInput:Expression: unresolved reference to 'MaterialExpressionTextureCoordinate'MaterialGraphNode_4.MaterialExpressionTextureCoordinate_0')'
[2018.04.11-22.14.06:049][690]LogProperty: Warning: ObjectProperty /Script/Engine.ExpressionInput:Expression: unresolved reference to 'MaterialExpressionTime'MaterialGraphNode_6.MaterialExpressionTime_0')'
[2018.04.11-22.14.06:049][690]LogProperty: Warning: ObjectProperty /Script/Engine.MaterialExpression:Material: unresolved reference to 'PreviewMaterial'/Engine/Transient.Test''
[2018.04.11-22.14.06:050][690]LogProperty: Warning: ObjectProperty /Script/Engine.MaterialExpression:Material: unresolved reference to 'PreviewMaterial'/Engine/Transient.Test''
[2018.04.11-22.14.06:050][690]LogProperty: Warning: ObjectProperty /Script/Engine.MaterialExpression:Material: unresolved reference to 'PreviewMaterial'/Engine/Transient.Test''
[2018.04.11-22.14.06:057][690]LogMaterial: Missing cached shader map for material MenuBackgroundMaterial, compiling. 
[2018.04.11-22.14.06:071][690]LogMaterial: Missing cached shader map for material FMatExpressionPreview MaterialExpressionTextureSampleParameter2D_0, compiling. 
[2018.04.11-22.14.06:145][691]LogSlate: Took 0.010662 seconds to synchronously load lazily loaded font '../../../Engine/Content/Editor/Slate/Fonts/Roboto-Italic.ttf' (157K)
[2018.04.11-22.14.06:812][730]MaterialEditorStats: Base pass shader: 78 instructions
[2018.04.11-22.14.06:812][730]MaterialEditorStats: Vertex shader: 29 instructions
[2018.04.11-22.14.06:812][730]MaterialEditorStats: Texture samplers: 1/16
[2018.04.11-22.14.11:808][210]LogMaterial: Missing cached shader map for material MenuBackgroundMaterial, compiling. 
[2018.04.11-22.14.11:837][210]LogMaterial: Missing cached shader map for material MenuBackgroundMaterial, compiling. 
[2018.04.11-22.14.11:873][210]LogMaterial: Missing cached shader map for material FMatExpressionPreview MaterialExpressionTextureSampleParameter2D_0, compiling. 
[2018.04.11-22.14.12:310][231]MaterialEditorStats: Default UI Pixel Shader: 15 instructions
[2018.04.11-22.14.12:310][231]MaterialEditorStats: Default UI Vertex Shader: 17 instructions
[2018.04.11-22.14.12:310][231]MaterialEditorStats: Instanced UI Vertex Shader: 17 instructions
[2018.04.11-22.14.12:310][231]MaterialEditorStats: Texture samplers: 1/16
[2018.04.11-22.14.16:377][636]LogMaterial: Missing cached shader map for material MenuBackgroundMaterial, compiling. 
[2018.04.11-22.14.16:392][636]LogMaterial: Missing cached shader map for material FMatExpressionPreview MaterialExpressionTextureSampleParameter2D_0, compiling. 
[2018.04.11-22.14.16:924][668]MaterialEditorStats: Default UI Pixel Shader: 20 instructions
[2018.04.11-22.14.16:924][668]MaterialEditorStats: Default UI Vertex Shader: 17 instructions
[2018.04.11-22.14.16:924][668]MaterialEditorStats: Instanced UI Vertex Shader: 17 instructions
[2018.04.11-22.14.16:924][668]MaterialEditorStats: Texture samplers: 2/16
[2018.04.11-22.14.16:924][668]MaterialEditorStats: User interpolators: 2/4 Scalars (1/4 Vectors) (TexCoords: 2, Custom: 0)
[2018.04.11-22.14.30:645][ 73]LogMaterialEditor: Applying material MenuBackgroundMaterial
[2018.04.11-22.14.31:212][ 73]LogMaterial: Missing cached shader map for material MenuBackgroundMaterial, compiling. 
[2018.04.11-22.14.31:253][ 73]LogMaterial: Missing cached shader map for material MenuBackgroundMaterial, compiling. 
[2018.04.11-22.14.31:277][ 73]LogMaterial: Missing cached shader map for material MenuBackgroundMaterial, compiling. 
[2018.04.11-22.14.31:308][ 73]TextureStreamingBuild: Display: Compiling optional shaders took 0.000 seconds.
[2018.04.11-22.14.31:813][106]LogMaterialEditor: Saving and Compiling material MenuBackgroundMaterial
[2018.04.11-22.14.32:697][106]LogSlate: Took 0.000204 seconds to synchronously load lazily loaded font '../../../Engine/Content/Slate/Fonts/Roboto-Regular.ttf' (155K)
[2018.04.11-22.14.32:733][106]LogSavePackage: Save=16.84ms
[2018.04.11-22.14.32:733][106]LogSavePackage: Moving '../../../../../../Users/Tyler/Documents/GitHub/mgp-mgp-group-11/Development/Unreal Project/Saved/MenuBackgroundMaterial7EB50F0E4221B7C9935651AFDBF1143F.tmp' to '../../../../../../Users/Tyler/Documents/GitHub/mgp-mgp-group-11/Development/Unreal Project/Content/Materials/MenuBackgroundMaterial.uasset'
[2018.04.11-22.14.32:737][106]LogSavePackage: Display: Finished SavePackage ../../../../../../Users/Tyler/Documents/GitHub/mgp-mgp-group-11/Development/Unreal Project/Content/Materials/MenuBackgroundMaterial.uasset
[2018.04.11-22.14.32:957][106]MaterialEditorStats: Default UI Pixel Shader: 20 instructions
[2018.04.11-22.14.32:957][106]MaterialEditorStats: Default UI Vertex Shader: 17 instructions
[2018.04.11-22.14.32:957][106]MaterialEditorStats: Instanced UI Vertex Shader: 17 instructions
[2018.04.11-22.14.32:957][106]MaterialEditorStats: Texture samplers: 2/16
[2018.04.11-22.14.32:957][106]MaterialEditorStats: User interpolators: 2/4 Scalars (1/4 Vectors) (TexCoords: 2, Custom: 0)
[2018.04.11-22.14.44:505][405]LogContentBrowser: Native class hierarchy updated for 'BlueprintGraph' in 0.0013 seconds. Added 113 classes and 0 folders.
[2018.04.11-22.14.45:365][405]LogSlate: Took 0.000230 seconds to synchronously load lazily loaded font '../../../Engine/Content/Slate/Fonts/Roboto-Light.ttf' (159K)
[2018.04.11-22.15.25:152][978]BlueprintLog: New page: Compile BackgroundWidget
[2018.04.11-22.15.26:449][ 98]LogSavePackage: Save=20.31ms
[2018.04.11-22.15.26:450][ 98]LogSavePackage: Moving '../../../../../../Users/Tyler/Documents/GitHub/mgp-mgp-group-11/Development/Unreal Project/Saved/BackgroundWidget37C629D543467CF6FECB868A53668C8E.tmp' to '../../../../../../Users/Tyler/Documents/GitHub/mgp-mgp-group-11/Development/Unreal Project/Content/Blueprints/Widgets/BackgroundWidget.uasset'
[2018.04.11-22.15.26:455][ 98]LogSavePackage: Display: Finished SavePackage ../../../../../../Users/Tyler/Documents/GitHub/mgp-mgp-group-11/Development/Unreal Project/Content/Blueprints/Widgets/BackgroundWidget.uasset
[2018.04.11-22.15.28:722][340]LogSavePackage: Save=14.95ms
[2018.04.11-22.15.28:722][340]LogSavePackage: Moving '../../../../../../Users/Tyler/Documents/GitHub/mgp-mgp-group-11/Development/Unreal Project/Saved/BackgroundWidgetC18E1DDE42ECA859978343B95AAE2F32.tmp' to '../../../../../../Users/Tyler/Documents/GitHub/mgp-mgp-group-11/Development/Unreal Project/Content/Blueprints/Widgets/BackgroundWidget.uasset'
[2018.04.11-22.15.28:725][340]LogSavePackage: Display: Finished SavePackage ../../../../../../Users/Tyler/Documents/GitHub/mgp-mgp-group-11/Development/Unreal Project/Content/Blueprints/Widgets/BackgroundWidget.uasset
[2018.04.11-22.15.30:190][514]LogTemp: Repeating last play command: New Editor Window (PIE)
[2018.04.11-22.15.30:300][514]LogBlueprintUserMessages: Early PlayInEditor Detection: Level '/Game/Levels/MainMenu.MainMenu:PersistentLevel' has LevelScriptBlueprint '/Game/Levels/MainMenu.MainMenu:PersistentLevel.MainMenu' with GeneratedClass '/Game/Levels/MainMenu.MainMenu_C' with ClassGeneratedBy '/Game/Levels/MainMenu.MainMenu:PersistentLevel.MainMenu'
[2018.04.11-22.15.30:300][514]LogPlayLevel: PlayLevel: No blueprints needed recompiling
[2018.04.11-22.15.30:301][514]PIE: New page: PIE session: MainMenu (12 Apr 2018 00:15:30)
[2018.04.11-22.15.30:301][514]LogPlayLevel: Creating play world package: /Game/Levels/UEDPIE_0_MainMenu
[2018.04.11-22.15.30:302][514]LogPlayLevel: PIE: StaticDuplicateObject took: (0.001294s)
[2018.04.11-22.15.30:303][514]LogAIModule: Creating AISystem for world MainMenu
[2018.04.11-22.15.30:303][514]LogPlayLevel: PIE: World Init took: (0.000701s)
[2018.04.11-22.15.30:303][514]LogPlayLevel: PIE: Created PIE world by copying editor world from /Game/Levels/MainMenu.MainMenu to /Game/Levels/UEDPIE_0_MainMenu.MainMenu (0.002331s)
[2018.04.11-22.15.30:336][514]LogInit: XAudio2 using 'Headset Earphone (4- Corsair VOID Wireless Gaming Dongle)' : 2 channels at 48 kHz using 16 bits per sample (channel mask 0x3)
[2018.04.11-22.15.30:345][514]LogInit: FAudioDevice initialized.
[2018.04.11-22.15.30:398][514]LogLoad: Game class is 'BounceGamemode_C'
[2018.04.11-22.15.30:400][514]LogWorld: Bringing World /Game/Levels/UEDPIE_0_MainMenu.MainMenu up for play (max tick rate 0) at 2018.04.11-23.15.30
[2018.04.11-22.15.30:400][514]LogWorld: Bringing up level for play took: 0.000932
[2018.04.11-22.15.30:455][514]LogContentBrowser: Native class hierarchy updated for 'MovieSceneCapture' in 0.0009 seconds. Added 11 classes and 0 folders.
[2018.04.11-22.15.30:467][514]PIE: Play in editor start time for /Game/Levels/UEDPIE_0_MainMenu 0.917
[2018.04.11-22.15.30:468][514]LogBlueprintUserMessages: Late PlayInEditor Detection: Level '/Game/Levels/MainMenu.MainMenu:PersistentLevel' has LevelScriptBlueprint '/Game/Levels/MainMenu.MainMenu:PersistentLevel.MainMenu' with GeneratedClass '/Game/Levels/MainMenu.MainMenu_C' with ClassGeneratedBy '/Game/Levels/MainMenu.MainMenu:PersistentLevel.MainMenu'
[2018.04.11-22.15.30:472][514]LogRenderer: Reallocating scene render targets to support 1528x996 Format 10 NumSamples 1 (Frame:1).
[2018.04.11-22.15.34:103][907]LogBlueprintUserMessages: Early EndPlayMap Detection: Level '/Game/Levels/MainMenu.MainMenu:PersistentLevel' has LevelScriptBlueprint '/Game/Levels/MainMenu.MainMenu:PersistentLevel.MainMenu' with GeneratedClass '/Game/Levels/MainMenu.MainMenu_C' with ClassGeneratedBy '/Game/Levels/MainMenu.MainMenu:PersistentLevel.MainMenu'
[2018.04.11-22.15.34:136][907]LogBlueprintUserMessages: Late EndPlayMap Detection: Level '/Game/Levels/MainMenu.MainMenu:PersistentLevel' has LevelScriptBlueprint '/Game/Levels/MainMenu.MainMenu:PersistentLevel.MainMenu' with GeneratedClass '/Game/Levels/MainMenu.MainMenu_C' with ClassGeneratedBy '/Game/Levels/MainMenu.MainMenu:PersistentLevel.MainMenu'
