Log file open, 03/05/18 16:11:14
LogWindows: Failed to load 'aqProf.dll' (GetLastError=126)
LogWindows: File 'aqProf.dll' does not exist
LogWindows: Failed to load 'VtuneApi.dll' (GetLastError=126)
LogWindows: File 'VtuneApi.dll' does not exist
LogWindows: Failed to load 'VtuneApi32e.dll' (GetLastError=126)
LogWindows: File 'VtuneApi32e.dll' does not exist
LogInit: Display: Running engine for game: Prototype_Group_11
LogPlatformFile: Not using cached read wrapper
LogInit: Display: RandInit(-1612368451) SRandInit(-1612368451).
LogTaskGraph: Started task graph with 5 named threads and 14 total threads with 3 sets of task threads.
LogStats: Stats thread started at 0.164131
LogD3D11RHI: Aftermath initialized
LogPluginManager: Mounting plugin Paper2D
LogPluginManager: Mounting plugin LightPropagationVolume
LogPluginManager: Mounting plugin CodeLiteSourceCodeAccess
LogPluginManager: Mounting plugin GitSourceControl
LogPluginManager: Mounting plugin KDevelopSourceCodeAccess
LogPluginManager: Mounting plugin NullSourceCodeAccess
LogPluginManager: Mounting plugin PerforceSourceControl
LogPluginManager: Mounting plugin SubversionSourceControl
LogPluginManager: Mounting plugin UObjectPlugin
LogPluginManager: Mounting plugin VisualStudioSourceCodeAccess
LogPluginManager: Mounting plugin XCodeSourceCodeAccess
LogPluginManager: Mounting plugin AssetManagerEditor
LogPluginManager: Mounting plugin AudioCapture
LogPluginManager: Mounting plugin FacialAnimation
LogPluginManager: Mounting plugin GameplayTagsEditor
LogPluginManager: Mounting plugin MobileLauncherProfileWizard
LogPluginManager: Mounting plugin PluginBrowser
LogPluginManager: Mounting plugin SpeedTreeImporter
LogPluginManager: Mounting plugin AlembicImporter
LogPluginManager: Mounting plugin CharacterAI
LogPluginManager: Mounting plugin HTML5Networking
LogPluginManager: Mounting plugin AndroidMedia
LogPluginManager: Mounting plugin AvfMedia
LogPluginManager: Mounting plugin MediaPlayerEditor
LogPluginManager: Mounting plugin WmfMedia
LogPluginManager: Mounting plugin TcpMessaging
LogPluginManager: Mounting plugin UdpMessaging
LogPluginManager: Mounting plugin LevelSequenceEditor
LogPluginManager: Mounting plugin MatineeToLevelSequence
LogPluginManager: Mounting plugin OnlineSubsystemGooglePlay
LogPluginManager: Mounting plugin OnlineSubsystemIOS
LogPluginManager: Mounting plugin OnlineSubsystem
LogPluginManager: Mounting plugin OnlineSubsystemNull
LogPluginManager: Mounting plugin OnlineSubsystemUtils
LogPluginManager: Mounting plugin AndroidDeviceProfileSelector
LogPluginManager: Mounting plugin AndroidMoviePlayer
LogPluginManager: Mounting plugin AndroidPermission
LogPluginManager: Mounting plugin AppleMoviePlayer
LogPluginManager: Mounting plugin ArchVisCharacter
LogPluginManager: Mounting plugin CableComponent
LogPluginManager: Mounting plugin CustomMeshComponent
LogPluginManager: Mounting plugin ExampleDeviceProfileSelector
LogPluginManager: Mounting plugin GoogleCloudMessaging
LogPluginManager: Mounting plugin ImmediatePhysics
LogPluginManager: Mounting plugin IOSDeviceProfileSelector
LogPluginManager: Mounting plugin LinuxDeviceProfileSelector
LogPluginManager: Mounting plugin LocationServicesBPLibrary
LogPluginManager: Mounting plugin MobilePatchingUtils
LogPluginManager: Mounting plugin OculusVR
LogPluginManager: Mounting plugin PhysXVehicles
LogPluginManager: Mounting plugin ProceduralMeshComponent
LogPluginManager: Mounting plugin RuntimePhysXCooking
LogPluginManager: Mounting plugin SteamVR
LogPluginManager: Mounting plugin WindowsMoviePlayer
LogInit: Using libcurl 7.47.1
LogInit:  - built for x86_64-pc-win32
LogInit:  - supports SSL with OpenSSL/1.0.2g
LogInit:  - supports HTTP deflate (compression) using libz 1.2.8
LogInit:  - other features:
LogInit:      CURL_VERSION_SSL
LogInit:      CURL_VERSION_LIBZ
LogInit:      CURL_VERSION_IPV6
LogInit:      CURL_VERSION_ASYNCHDNS
LogInit:      CURL_VERSION_LARGEFILE
LogInit:      CURL_VERSION_IDN
LogInit:  CurlRequestOptions (configurable via config and command line):
LogInit:  - bVerifyPeer = false  - Libcurl will NOT verify peer certificate
LogInit:  - bUseHttpProxy = false  - Libcurl will NOT use HTTP proxy
LogInit:  - bDontReuseConnections = false  - Libcurl will reuse connections
LogInit:  - CertBundlePath = nullptr  - Libcurl will use whatever was configured at build time.
LogInit: Build: ++UE4+Release-4.17-CL-3658906
LogInit: Engine Version: 4.17.2-3658906+++UE4+Release-4.17
LogInit: Compatible Engine Version: 4.17.0-3573198+++UE4+Release-4.17
LogInit: Net CL: 3573198
LogDevObjectVersion: Number of dev versions registered: 16
LogDevObjectVersion:   Dev-Blueprints (B0D832E4-1F89-4F0D-ACCF-7EB736FD4AA2): 10
LogDevObjectVersion:   Dev-Build (E1C64328-A22C-4D53-A36C-8E866417BD8C): 0
LogDevObjectVersion:   Dev-Core (375EC13C-06E4-48FB-B500-84F0262A717E): 2
LogDevObjectVersion:   Dev-Editor (E4B068ED-F494-42E9-A231-DA0B2E46BB41): 20
LogDevObjectVersion:   Dev-Framework (CFFC743F-43B0-4480-9391-14DF171D2073): 28
LogDevObjectVersion:   Dev-Mobile (B02B49B5-BB20-44E9-A304-32B752E40360): 0
LogDevObjectVersion:   Dev-Networking (A4E4105C-59A1-49B5-A7C5-40C4547EDFEE): 0
LogDevObjectVersion:   Dev-Online (39C831C9-5AE6-47DC-9A44-9C173E1C8E7C): 0
LogDevObjectVersion:   Dev-Physics (78F01B33-EBEA-4F98-B9B4-84EACCB95AA2): 0
LogDevObjectVersion:   Dev-Platform (6631380F-2D4D-43E0-8009-CF276956A95A): 0
LogDevObjectVersion:   Dev-Rendering (12F88B9F-8875-4AFC-A67C-D90C383ABD29): 19
LogDevObjectVersion:   Dev-Sequencer (7B5AE74C-D270-4C10-A958-57980B212A5A): 4
LogDevObjectVersion:   Dev-VR (D7296918-1DD6-4BDD-9DE2-64A83CC13884): 0
LogDevObjectVersion:   Dev-LoadTimes (C2A15278-BFE7-4AFE-6C17-90FF531DF755): 1
LogDevObjectVersion:   Private-Geometry (6EACA3D4-40EC-4CC1-B786-8BED09428FC5): 1
LogDevObjectVersion:   Dev-AnimPhys (29E575DD-E0A3-4627-9D10-D276232CDCEA): 7
LogInit: Compiled (64-bit): Sep 22 2017 13:47:16
LogInit: Compiled with Visual C++: 19.00.24215.01
LogInit: Build Configuration: Development
LogInit: Branch Name: ++UE4+Release-4.17
LogInit: Command line:  
LogInit: Base directory: C:/UE_4.17/Engine/Binaries/Win64/
LogInit: Installed Engine Build: 1
LogInit: Presizing for max 8388607 objects, including 0 objects not considered by GC, pre-allocating 0 bytes for permanent pool.
LogInit: Object subsystem initialized
[2018.03.05-16.11.15:119][  0]LogInit: Selected Device Profile: [Windows]
[2018.03.05-16.11.15:119][  0]LogInit: Applying CVar settings loaded from the selected device profile: [Windows]
[2018.03.05-16.11.15:440][  0]LogInit: Computer: GAMES-106-022
[2018.03.05-16.11.15:440][  0]LogInit: User: Games
[2018.03.05-16.11.15:440][  0]LogInit: CPU Page size=4096, Cores=4
[2018.03.05-16.11.15:441][  0]LogInit: High frequency timer resolution =3.613339 MHz
[2018.03.05-16.11.15:441][  0]LogMemory: Memory total: Physical=15.9GB (16GB approx)
[2018.03.05-16.11.15:441][  0]LogMemory: Platform Memory Stats for Windows
[2018.03.05-16.11.15:441][  0]LogMemory: Process Physical Memory: 281.71 MB used, 281.71 MB peak
[2018.03.05-16.11.15:441][  0]LogMemory: Process Virtual Memory: 293.31 MB used, 293.31 MB peak
[2018.03.05-16.11.15:441][  0]LogMemory: Physical Memory: 3182.04 MB used,  13079.70 MB free, 16261.73 MB total
[2018.03.05-16.11.15:441][  0]LogMemory: Virtual Memory: 673.04 MB used,  13079.70 MB free, 8388608.00 MB total
[2018.03.05-16.11.15:607][  0]LogInit: Using OS detected language (en-GB).
[2018.03.05-16.11.15:607][  0]LogInit: Using OS detected locale (en-GB).
[2018.03.05-16.11.15:610][  0]LogTextLocalizationManager: No specific localization for 'en-GB' exists, so the 'en' localization will be used.
[2018.03.05-16.11.16:275][  0]LogD3D11RHI: D3D11 adapters:
[2018.03.05-16.11.16:294][  0]LogD3D11RHI:    0. 'NVIDIA GeForce GTX 760' (Feature Level 11_0)
[2018.03.05-16.11.16:294][  0]LogD3D11RHI:       1990/0/2048 MB DedicatedVideo/DedicatedSystem/SharedSystem, Outputs:2, VendorId:0x10de
[2018.03.05-16.11.16:294][  0]LogD3D11RHI: Chosen D3D11 Adapter: 0
[2018.03.05-16.11.16:299][  0]LogD3D11RHI: Creating new Direct3DDevice
[2018.03.05-16.11.16:299][  0]LogD3D11RHI:     GPU DeviceId: 0x1187 (for the marketing name, search the web for "GPU Device Id")
[2018.03.05-16.11.16:299][  0]LogWindows: EnumDisplayDevices:
[2018.03.05-16.11.16:299][  0]LogWindows:    0. 'NVIDIA GeForce GTX 760' (P:0 D:1)
[2018.03.05-16.11.16:299][  0]LogWindows:    1. 'NVIDIA GeForce GTX 760' (P:1 D:1)
[2018.03.05-16.11.16:300][  0]LogWindows:    2. 'NVIDIA GeForce GTX 760' (P:0 D:0)
[2018.03.05-16.11.16:300][  0]LogWindows:    3. 'NVIDIA GeForce GTX 760' (P:0 D:0)
[2018.03.05-16.11.16:300][  0]LogWindows:    4. 'RDPDD Chained DD' (P:0 D:0)
[2018.03.05-16.11.16:300][  0]LogWindows:    5. 'RDP Encoder Mirror Driver' (P:0 D:0)
[2018.03.05-16.11.16:300][  0]LogWindows:    6. 'RDP Reflector Display Driver' (P:0 D:0)
[2018.03.05-16.11.16:300][  0]LogWindows: DebugString: GetVideoDriverDetailsInvalid PrimaryIsNotTheChoosenAdapter GetVideoDriverDetailsInvalid PrimaryIsNotTheChoosenAdapter GetVideoDriverDetailsInvalid PrimaryIsNotTheChoosenAdapter FoundDriverCount:4 
[2018.03.05-16.11.16:300][  0]LogD3D11RHI:     Adapter Name: NVIDIA GeForce GTX 760
[2018.03.05-16.11.16:300][  0]LogD3D11RHI:   Driver Version: 353.30 (internal:10.18.13.5330, unified:353.30)
[2018.03.05-16.11.16:300][  0]LogD3D11RHI:      Driver Date: 6-17-2015
[2018.03.05-16.11.16:300][  0]LogRHI: Texture pool is 1361 MB (70% of 1945 MB)
[2018.03.05-16.11.16:308][  0]LogD3D11RHI: NvAPI_D3D_GetCurrentSLIState failed: 0xfffffff7
[2018.03.05-16.11.16:308][  0]LogD3D11RHI: Async texture creation enabled
[2018.03.05-16.11.16:323][  0]LogD3D11RHI: GPU Timing Frequency: 1000.000000 (Debug: 2 2)
[2018.03.05-16.11.16:325][  0]LogShaderCompilers: Guid format shader working directory is -12 characters bigger than the processId version (../../../../11/mgp-mgp-group-11/Development/Unreal Project/Intermediate/Shaders/WorkingDirectory/4548/).
[2018.03.05-16.11.16:325][  0]LogShaderCompilers: Cleaned the shader compiler working directory 'C:/Users/Games/AppData/Local/Temp/UnrealShaderWorkingDir/25787E72465C02670B04969BBEE720A3/'.
[2018.03.05-16.11.16:325][  0]LogShaderCompilers: Display: Using Local Shader Compiler.
[2018.03.05-16.11.17:557][  0]LogTemp: Display: Loaded TP AllDesktopTargetPlatform
[2018.03.05-16.11.17:616][  0]LogTemp: Display: Loaded TP MacClientTargetPlatform
[2018.03.05-16.11.17:674][  0]LogTemp: Display: Loaded TP MacNoEditorTargetPlatform
[2018.03.05-16.11.17:740][  0]LogTemp: Display: Loaded TP MacServerTargetPlatform
[2018.03.05-16.11.17:804][  0]LogTemp: Display: Loaded TP MacTargetPlatform
[2018.03.05-16.11.17:868][  0]LogTemp: Display: Loaded TP WindowsClientTargetPlatform
[2018.03.05-16.11.17:949][  0]LogTemp: Display: Loaded TP WindowsNoEditorTargetPlatform
[2018.03.05-16.11.18:015][  0]LogTemp: Display: Loaded TP WindowsServerTargetPlatform
[2018.03.05-16.11.18:066][  0]LogTemp: Display: Loaded TP WindowsTargetPlatform
[2018.03.05-16.11.18:124][  0]LogTemp: Display: Loaded TP AndroidTargetPlatform
[2018.03.05-16.11.18:184][  0]LogTemp: Display: Loaded TP Android_ASTCTargetPlatform
[2018.03.05-16.11.18:243][  0]LogTemp: Display: Loaded TP Android_ATCTargetPlatform
[2018.03.05-16.11.18:301][  0]LogTemp: Display: Loaded TP Android_DXTTargetPlatform
[2018.03.05-16.11.18:375][  0]LogTemp: Display: Loaded TP Android_ETC1TargetPlatform
[2018.03.05-16.11.18:436][  0]LogTemp: Display: Loaded TP Android_ETC2TargetPlatform
[2018.03.05-16.11.18:550][  0]LogTemp: Display: Loaded TP Android_MultiTargetPlatform
[2018.03.05-16.11.18:550][  0]LogTemp: Display: Loaded TP Android_PVRTCTargetPlatform
[2018.03.05-16.11.18:593][  0]LogTemp: Display: Loaded TP HTML5TargetPlatform
[2018.03.05-16.11.18:697][  0]LogTemp: Display: Loaded TP IOSTargetPlatform
[2018.03.05-16.11.18:748][  0]LogTemp: Display: Loaded TP TVOSTargetPlatform
[2018.03.05-16.11.18:811][  0]LogTemp: Display: Loaded TP LinuxClientTargetPlatform
[2018.03.05-16.11.18:884][  0]LogTemp: Display: Loaded TP LinuxNoEditorTargetPlatform
[2018.03.05-16.11.18:953][  0]LogTemp: Display: Loaded TP LinuxServerTargetPlatform
[2018.03.05-16.11.19:012][  0]LogTemp: Display: Loaded TP LinuxTargetPlatform
[2018.03.05-16.11.19:012][  0]LogTargetPlatformManager: Display: Building Assets For Windows
[2018.03.05-16.11.19:539][  0]LogDerivedDataCache: Display: Max Cache Size: 512 MB
[2018.03.05-16.11.19:676][  0]LogDerivedDataCache: Loaded boot cache 0.14s 93MB C:/Users/Games/AppData/Local/UnrealEngine/4.17/DerivedDataCache/Boot.ddc.
[2018.03.05-16.11.19:676][  0]LogDerivedDataCache: Display: Loaded Boot cache: C:/Users/Games/AppData/Local/UnrealEngine/4.17/DerivedDataCache/Boot.ddc
[2018.03.05-16.11.19:677][  0]LogDerivedDataCache: FDerivedDataBackendGraph:  Pak pak cache file ../../../../11/mgp-mgp-group-11/Development/Unreal Project/DerivedDataCache/DDC.ddp not found, will not use a pak cache.
[2018.03.05-16.11.19:677][  0]LogDerivedDataCache: Unable to find inner node Pak for hierarchical cache Hierarchy.
[2018.03.05-16.11.19:677][  0]LogDerivedDataCache: FDerivedDataBackendGraph:  CompressedPak pak cache file ../../../../11/mgp-mgp-group-11/Development/Unreal Project/DerivedDataCache/Compressed.ddp not found, will not use a pak cache.
[2018.03.05-16.11.19:677][  0]LogDerivedDataCache: Unable to find inner node CompressedPak for hierarchical cache Hierarchy.
[2018.03.05-16.11.19:696][  0]LogDerivedDataCache: Display: Pak cache opened for reading ../../../Engine/DerivedDataCache/Compressed.ddp.
[2018.03.05-16.11.19:707][  0]LogDerivedDataCache: Using Local data cache path C:/Users/Games/AppData/Local/UnrealEngine/Common/DerivedDataCache: Writable
[2018.03.05-16.11.19:719][  0]LogMaterial: Verifying Global Shaders for PCD3D_SM5
[2018.03.05-16.11.19:720][  0]LogSlate: Using Freetype 2.6.0
[2018.03.05-16.11.19:720][  0]LogSlate: SlateFontCache - WITH_FREETYPE: 1, WITH_HARFBUZZ: 1
[2018.03.05-16.11.19:721][  0]LogSlate: SlateFontCache - WITH_FREETYPE: 1, WITH_HARFBUZZ: 1
[2018.03.05-16.11.20:034][  0]LogAssetRegistry: FAssetRegistry took 0.0252 seconds to start up
[2018.03.05-16.11.20:222][  0]LogInit: Selected Device Profile: [Windows]
[2018.03.05-16.11.20:227][  0]LogContentStreaming: Texture pool size is 0.00 MB
[2018.03.05-16.11.20:634][  0]LogSimplygon: Simplygon DLL not present - disabling.
[2018.03.05-16.11.20:679][  0]LogMeshReduction: Using SimplygonSwarm for distributed automatic mesh merging
[2018.03.05-16.11.20:679][  0]LogMeshReduction: Using QuadricMeshReduction for automatic static mesh reduction
[2018.03.05-16.11.20:679][  0]LogMeshReduction: No automatic skeletal mesh reduction module available
[2018.03.05-16.11.20:679][  0]LogMeshReduction: No automatic mesh merging module available
[2018.03.05-16.11.20:679][  0]LogMeshMerging: No automatic mesh merging module available
[2018.03.05-16.11.21:062][  0]LogNetVersion: Prototype_Group_11 , NetCL: 3573198, EngineNetVer: 2, GameNetVer: 0 (Checksum: 3139247147)
[2018.03.05-16.11.21:301][  0]LogPackageLocalizationCache: Processed 5 localized package path(s) for 2 prioritized culture(s) in 0.052377 seconds
[2018.03.05-16.11.21:307][  0]LogUObjectArray: 35825 objects as part of root set at end of initial load.
[2018.03.05-16.11.21:307][  0]LogUObjectAllocator: 7529104 out of 0 bytes used by permanent object pool.
[2018.03.05-16.11.21:307][  0]LogUObjectArray: CloseDisregardForGC: 0/0 objects in disregard for GC pool
[2018.03.05-16.11.21:368][  0]LogInit: WinSock: version 1.1 (2.2), MaxSocks=32767, MaxUdp=65467
[2018.03.05-16.11.23:959][  0]LogTcpMessaging: Initializing TcpMessaging bridge
[2018.03.05-16.11.23:995][  0]LogUdpMessaging: Initializing bridge on interface 0.0.0.0:0 to multicast group 230.0.0.1:6666.
[2018.03.05-16.11.24:665][  0]LogMaterial: Uniform references updated for custom material expression Custom.
[2018.03.05-16.11.25:103][  0]SourceControl: Source control is disabled
[2018.03.05-16.11.28:599][  0]LogAndroidPermission: UAndroidPermissionCallbackProxy::GetInstance
[2018.03.05-16.11.28:870][  0]LogOcInput: OculusInput pre-init called
[2018.03.05-16.11.29:146][  0]LogEngine: Initializing Engine...
[2018.03.05-16.11.29:148][  0]LogHMD: Failed to initialize OpenVR with code 110
[2018.03.05-16.11.29:412][  0]LogStats: UGameplayTagsManager::ConstructGameplayTagTree: Construct from data asset -  0.000 s
[2018.03.05-16.11.29:412][  0]LogStats: UGameplayTagsManager::ConstructGameplayTagTree: GameplayTagTreeChangedEvent.Broadcast -  0.000 s
[2018.03.05-16.11.29:553][  0]LogAIModule: Creating AISystem for world Untitled
[2018.03.05-16.11.29:564][  0]LogInit: XAudio2 using 'Speakers (Conexant HD Audio)' : 2 channels at 44.1 kHz using 16 bits per sample (channel mask 0x3)
[2018.03.05-16.11.29:601][  0]LogInit: FAudioDevice initialized.
[2018.03.05-16.11.29:757][  0]LogDerivedDataCache: Saved boot cache 0.16s 93MB C:/Users/Games/AppData/Local/UnrealEngine/4.17/DerivedDataCache/Boot.ddc.
[2018.03.05-16.11.29:785][  0]LogInit: Texture streaming: Enabled
[2018.03.05-16.11.29:903][  0]LogEngineSessionManager: EngineSessionManager initialized
[2018.03.05-16.11.30:135][  0]LogInit: Transaction tracking system initialized
[2018.03.05-16.11.30:469][  0]BlueprintLog: New page: Editor Load
[2018.03.05-16.11.31:428][  0]LocalizationService: Localization service is disabled
[2018.03.05-16.11.32:164][  0]LogConsoleResponse: Display: 
[2018.03.05-16.11.32:352][  0]LogCook: Display: Max memory allowance for cook 16384mb min free memory 0mb
[2018.03.05-16.11.32:352][  0]LogCook: Display: Mobile HDR setting 1
[2018.03.05-16.11.32:352][  0]LogGameplayTags: Display: UGameplayTagsManager::DoneAddingNativeTags. DelegateIsBound: 0
[2018.03.05-16.11.32:406][  0]LogFileCache: Scanning file cache for directory 'C:/11/mgp-mgp-group-11/Development/Unreal Project/Content/' took 0.01s
[2018.03.05-16.11.33:442][  0]Cmd: MAP LOAD FILE="../../../../11/mgp-mgp-group-11/Development/Unreal Project/Content/Levels/MainMenu.umap" TEMPLATE=0 SHOWPROGRESS=1 FEATURELEVEL=3
[2018.03.05-16.11.33:442][  0]LightingResults: New page: Lighting Build
[2018.03.05-16.11.33:485][  0]MapCheck: New page: Map Check
[2018.03.05-16.11.33:485][  0]LightingResults: New page: Lighting Build
[2018.03.05-16.11.34:282][  0]LogAIModule: Creating AISystem for world MainMenu
[2018.03.05-16.11.34:284][  0]LogEditorServer: Finished looking for orphan Actors (0.000 secs)
[2018.03.05-16.11.34:297][  0]Cmd: MAP CHECKDEP NOCLEARLOG
[2018.03.05-16.11.34:348][  0]MapCheck: Map check complete: 0 Error(s), 0 Warning(s), took 50.945ms to complete.
[2018.03.05-16.11.34:348][  0]LogFileHelpers: Loading map 'MainMenu' took 0.906
[2018.03.05-16.11.34:505][  0]LogCollectionManager: Loaded 0 collections in 0.001228 seconds
[2018.03.05-16.11.34:590][  0]LogFileCache: Scanning file cache for directory 'C:/11/mgp-mgp-group-11/Development/Unreal Project/Saved/Collections/' took 0.01s
[2018.03.05-16.11.34:590][  0]LogFileCache: Scanning file cache for directory 'C:/11/mgp-mgp-group-11/Development/Unreal Project/Content/Developers/Games/Collections/' took 0.01s
[2018.03.05-16.11.34:590][  0]LogFileCache: Scanning file cache for directory 'C:/11/mgp-mgp-group-11/Development/Unreal Project/Content/Collections/' took 0.01s
[2018.03.05-16.11.34:590][  0]LogCollectionManager: Rebuilt the GUID cache for 0 collections in 0.000001 seconds
[2018.03.05-16.11.34:603][  0]LogContentBrowser: Native class hierarchy populated in 0.0124 seconds. Added 2386 classes and 500 folders.
[2018.03.05-16.11.34:678][  0]LogContentBrowser: Native class hierarchy updated for 'WidgetCarousel' in 0.0007 seconds. Added 0 classes and 0 folders.
[2018.03.05-16.11.34:721][  0]LogContentBrowser: Native class hierarchy updated for 'AddContentDialog' in 0.0006 seconds. Added 0 classes and 0 folders.
[2018.03.05-16.11.34:768][  0]LogContentBrowser: Native class hierarchy updated for 'SceneOutliner' in 0.0007 seconds. Added 1 classes and 2 folders.
[2018.03.05-16.11.34:844][  0]LogSlate: Took 0.000181 seconds to synchronously load lazily loaded font '../../../Engine/Content/Slate/Fonts/Roboto-Regular.ttf' (155K)
[2018.03.05-16.11.34:846][  0]LogSlate: Took 0.000129 seconds to synchronously load lazily loaded font '../../../Engine/Content/Slate/Fonts/Roboto-Bold.ttf' (160K)
[2018.03.05-16.11.34:852][  0]LogSlate: Took 0.000173 seconds to synchronously load lazily loaded font '../../../Engine/Content/Editor/Slate/Fonts/FontAwesome.ttf' (139K)
[2018.03.05-16.11.34:964][  0]LogRenderer: Reallocating scene render targets to support 1204x580 Format 10 NumSamples 1 (Frame:1).
[2018.03.05-16.11.35:204][  0]LogContentBrowser: Native class hierarchy updated for 'HierarchicalLODOutliner' in 0.0007 seconds. Added 1 classes and 2 folders.
[2018.03.05-16.11.35:204][  0]LogLoad: (Engine Initialization) Total time: 21.80 seconds
[2018.03.05-16.11.35:204][  0]LogLoad: (Engine Initialization) Total Blueprint compile time: 0.00 seconds
[2018.03.05-16.11.35:204][  0]LogExternalProfiler: Found external profiler: VSPerf
[2018.03.05-16.11.35:204][  0]LogExternalProfiler: Using external profiler: VSPerf
[2018.03.05-16.11.35:569][  0]SourceControl: On branch master
[2018.03.05-16.11.35:569][  0]SourceControl: Your branch is up-to-date with 'origin/master'.
[2018.03.05-16.11.35:569][  0]SourceControl: Changes not staged for commit:
[2018.03.05-16.11.35:569][  0]SourceControl:   (use "git add/rm <file>..." to update what will be committed)
[2018.03.05-16.11.35:569][  0]SourceControl:   (use "git checkout -- <file>..." to discard changes in working directory)
[2018.03.05-16.11.35:569][  0]SourceControl: 	modified:   Development/Unreal Project/Intermediate/CachedAssetRegistry.bin
[2018.03.05-16.11.35:569][  0]SourceControl: 	modified:   Development/Unreal Project/Saved/Config/Windows/Editor.ini
[2018.03.05-16.11.35:569][  0]SourceControl: 	modified:   Development/Unreal Project/Saved/Config/Windows/EditorPerProjectUserSettings.ini
[2018.03.05-16.11.35:569][  0]SourceControl: 	deleted:    Development/Unreal Project/Saved/Logs/Prototype_Group_11-backup-2018.02.25-13.40.47.log
[2018.03.05-16.11.35:569][  0]SourceControl: 	modified:   Development/Unreal Project/Saved/Logs/Prototype_Group_11.log
[2018.03.05-16.11.35:569][  0]SourceControl: Untracked files:
[2018.03.05-16.11.35:569][  0]SourceControl:   (use "git add <file>..." to include in what will be committed)
[2018.03.05-16.11.35:569][  0]SourceControl: 	Development/Unreal Project/Saved/Config/CrashReportClient/UE4CC-Windows-10DC4FF54E7609AF7436DCAE7F85FB74/
[2018.03.05-16.11.35:569][  0]SourceControl: 	Development/Unreal Project/Saved/Logs/Prototype_Group_11-backup-2018.03.05-16.11.14.log
[2018.03.05-16.11.35:569][  0]SourceControl: no changes added to commit (use "git add" and/or "git commit -a")
[2018.03.05-16.11.35:570][  0]LogContentStreaming: Texture pool size now 1000 MB
[2018.03.05-16.11.35:615][  0]LogSlate: Took 0.000303 seconds to synchronously load lazily loaded font '../../../Engine/Content/Slate/Fonts/Roboto-Light.ttf' (159K)
[2018.03.05-16.11.36:216][  2]LogAssetRegistry: Asset discovery search completed in 16.2032 seconds
[2018.03.05-16.11.36:218][  2]LogCollectionManager: Rebuilt the object cache for 0 collections in 0.000001 seconds (found 0 objects)
[2018.03.05-16.11.36:218][  2]LogCollectionManager: Fixed up redirectors for 0 collections in 0.000081 seconds (updated 0 objects)
[2018.03.05-16.11.36:555][  3]LogSlate: Took 0.000322 seconds to synchronously load lazily loaded font '../../../Engine/Content/Slate/Fonts/Roboto-Light.ttf' (159K)
[2018.03.05-16.12.29:841][363]LogSlate: Took 0.000160 seconds to synchronously load lazily loaded font '../../../Engine/Content/Slate/Fonts/Roboto-Light.ttf' (159K)
[2018.03.05-16.12.29:857][363]Cmd: MAP LOAD FILE="../../../../11/mgp-mgp-group-11/Development/Unreal Project/Content/Levels/MainMenu.umap" TEMPLATE=0 SHOWPROGRESS=1 FEATURELEVEL=3
[2018.03.05-16.12.29:857][363]LightingResults: New page: Lighting Build
[2018.03.05-16.12.29:858][363]LoadErrors: New page: Loading map: MainMenu.umap
[2018.03.05-16.12.29:873][363]MapCheck: New page: Map Check
[2018.03.05-16.12.29:873][363]LightingResults: New page: Lighting Build
[2018.03.05-16.12.29:898][363]LogAIModule: Creating AISystem for world MainMenu
[2018.03.05-16.12.29:953][363]LogEditorServer: Finished looking for orphan Actors (0.000 secs)
[2018.03.05-16.12.30:006][363]Cmd: MAP CHECKDEP NOCLEARLOG
[2018.03.05-16.12.30:058][363]MapCheck: Map check complete: 0 Error(s), 0 Warning(s), took 51.673ms to complete.
[2018.03.05-16.12.30:059][363]LogFileHelpers: Loading map 'MainMenu' took 0.203
[2018.03.05-16.12.31:483][511]LogTemp: Repeating last play command: New Editor Window (PIE)
[2018.03.05-16.12.31:539][511]LogBlueprintUserMessages: Early PlayInEditor Detection: Level '/Game/Levels/MainMenu.MainMenu:PersistentLevel' has LevelScriptBlueprint '/Game/Levels/MainMenu.MainMenu:PersistentLevel.MainMenu' with GeneratedClass '/Game/Levels/MainMenu.MainMenu_C' with ClassGeneratedBy '/Game/Levels/MainMenu.MainMenu:PersistentLevel.MainMenu'
[2018.03.05-16.12.31:539][511]LogPlayLevel: PlayLevel: No blueprints needed recompiling
[2018.03.05-16.12.31:539][511]PIE: New page: PIE session: MainMenu (5 Mar 2018 16:12:31)
[2018.03.05-16.12.31:539][511]LogPlayLevel: Creating play world package: /Game/Levels/UEDPIE_0_MainMenu
[2018.03.05-16.12.31:540][511]LogPlayLevel: PIE: StaticDuplicateObject took: (0.001234s)
[2018.03.05-16.12.31:541][511]LogAIModule: Creating AISystem for world MainMenu
[2018.03.05-16.12.31:541][511]LogPlayLevel: PIE: World Init took: (0.000842s)
[2018.03.05-16.12.31:542][511]LogPlayLevel: PIE: Created PIE world by copying editor world from /Game/Levels/MainMenu.MainMenu to /Game/Levels/UEDPIE_0_MainMenu.MainMenu (0.002391s)
[2018.03.05-16.12.31:553][511]LogInit: XAudio2 using 'Speakers (Conexant HD Audio)' : 2 channels at 44.1 kHz using 16 bits per sample (channel mask 0x3)
[2018.03.05-16.12.31:566][511]LogInit: FAudioDevice initialized.
[2018.03.05-16.12.31:626][511]LogLoad: Game class is 'FunctionalTestGameMode'
[2018.03.05-16.12.31:628][511]LogWorld: Bringing World /Game/Levels/UEDPIE_0_MainMenu.MainMenu up for play (max tick rate 0) at 2018.03.05-16.12.31
[2018.03.05-16.12.31:628][511]LogWorld: Bringing up level for play took: 0.000834
[2018.03.05-16.12.31:801][511]LogContentBrowser: Native class hierarchy updated for 'MovieSceneCapture' in 0.0012 seconds. Added 11 classes and 0 folders.
[2018.03.05-16.12.31:878][511]PIE: Play in editor start time for /Game/Levels/UEDPIE_0_MainMenu -0.212
[2018.03.05-16.12.31:879][511]LogBlueprintUserMessages: Late PlayInEditor Detection: Level '/Game/Levels/MainMenu.MainMenu:PersistentLevel' has LevelScriptBlueprint '/Game/Levels/MainMenu.MainMenu:PersistentLevel.MainMenu' with GeneratedClass '/Game/Levels/MainMenu.MainMenu_C' with ClassGeneratedBy '/Game/Levels/MainMenu.MainMenu:PersistentLevel.MainMenu'
[2018.03.05-16.12.31:911][511]LogRenderer: Reallocating scene render targets to support 1204x996 Format 10 NumSamples 1 (Frame:1).
[2018.03.05-16.12.33:860][731]LogNet: Browse: /Game/Levels/Level1
[2018.03.05-16.12.33:864][731]LogLoad: LoadMap: /Game/Levels/Level1
[2018.03.05-16.12.33:875][731]Cmd: MEM
[2018.03.05-16.12.33:886][731]LogMemory: Platform Memory Stats for Windows
[2018.03.05-16.12.33:886][731]LogMemory: Process Physical Memory: 1018.54 MB used, 1086.53 MB peak
[2018.03.05-16.12.33:886][731]LogMemory: Process Virtual Memory: 1467.38 MB used, 1577.19 MB peak
[2018.03.05-16.12.33:886][731]LogMemory: Physical Memory: 4015.82 MB used,  12245.91 MB free, 16261.73 MB total
[2018.03.05-16.12.33:886][731]LogMemory: Virtual Memory: 2151.11 MB used,  12245.91 MB free, 8388608.00 MB total
[2018.03.05-16.12.33:886][731]LogMemory: 
[2018.03.05-16.12.33:886][731]Allocator Stats for TBB: (not implemented)
[2018.03.05-16.12.34:180][731]LogTexture: Display: Building textures: TargetTexture (AutoDXT, 64X64)
[2018.03.05-16.12.35:334][731]LogAIModule: Creating AISystem for world Level1
[2018.03.05-16.12.35:334][731]LogLoad: Game class is 'FunctionalTestGameMode'
[2018.03.05-16.12.35:393][731]LogWorld: Bringing World /Game/Levels/UEDPIE_0_Level1.Level1 up for play (max tick rate 0) at 2018.03.05-16.12.35
[2018.03.05-16.12.35:393][731]LogWorld: Bringing up level for play took: 0.045310
[2018.03.05-16.12.35:408][731]LogLoad: Took 1.543931 seconds to LoadMap(/Game/Levels/Level1)
[2018.03.05-16.12.53:899][745]LogBlueprintUserMessages: Early EndPlayMap Detection: Level '/Game/Levels/MainMenu.MainMenu:PersistentLevel' has LevelScriptBlueprint '/Game/Levels/MainMenu.MainMenu:PersistentLevel.MainMenu' with GeneratedClass '/Game/Levels/MainMenu.MainMenu_C' with ClassGeneratedBy '/Game/Levels/MainMenu.MainMenu:PersistentLevel.MainMenu'
[2018.03.05-16.12.53:953][745]LogBlueprintUserMessages: Late EndPlayMap Detection: Level '/Game/Levels/MainMenu.MainMenu:PersistentLevel' has LevelScriptBlueprint '/Game/Levels/MainMenu.MainMenu:PersistentLevel.MainMenu' with GeneratedClass '/Game/Levels/MainMenu.MainMenu_C' with ClassGeneratedBy '/Game/Levels/MainMenu.MainMenu:PersistentLevel.MainMenu'
[2018.03.05-16.12.56:506][ 27]LogAIModule: Creating AISystem for world Level1
[2018.03.05-16.12.56:634][ 27]Cmd: MAP LOAD FILE="../../../../11/mgp-mgp-group-11/Development/Unreal Project/Content/Levels/Level1.umap" TEMPLATE=0 SHOWPROGRESS=1 FEATURELEVEL=3
[2018.03.05-16.12.56:634][ 27]LightingResults: New page: Lighting Build
[2018.03.05-16.12.56:635][ 27]LoadErrors: New page: Loading map: Level1.umap
[2018.03.05-16.12.56:636][ 27]MapCheck: New page: Map Check
[2018.03.05-16.12.56:636][ 27]LightingResults: New page: Lighting Build
[2018.03.05-16.12.56:771][ 27]LogEditorServer: Finished looking for orphan Actors (0.000 secs)
[2018.03.05-16.12.56:826][ 27]Cmd: MAP CHECKDEP NOCLEARLOG
[2018.03.05-16.12.56:888][ 27]MapCheck: Map check complete: 0 Error(s), 0 Warning(s), took 62.124ms to complete.
[2018.03.05-16.12.56:888][ 27]LogFileHelpers: Loading map 'Level1' took 0.255
[2018.03.05-16.12.58:908][253]LogTemp: Repeating last play command: New Editor Window (PIE)
[2018.03.05-16.12.58:930][253]LogBlueprintUserMessages: Early PlayInEditor Detection: Level '/Game/Levels/Level1.Level1:PersistentLevel' has LevelScriptBlueprint '/Game/Levels/Level1.Level1:PersistentLevel.Level1' with GeneratedClass '/Game/Levels/Level1.Level1_C' with ClassGeneratedBy '/Game/Levels/Level1.Level1:PersistentLevel.Level1'
[2018.03.05-16.12.58:930][253]LogPlayLevel: PlayLevel: No blueprints needed recompiling
[2018.03.05-16.12.58:930][253]PIE: New page: PIE session: Level1 (5 Mar 2018 16:12:58)
[2018.03.05-16.12.58:930][253]LogPlayLevel: Creating play world package: /Game/Levels/UEDPIE_0_Level1
[2018.03.05-16.12.58:944][253]LogPlayLevel: PIE: StaticDuplicateObject took: (0.013586s)
[2018.03.05-16.12.58:944][253]LogAIModule: Creating AISystem for world Level1
[2018.03.05-16.12.58:944][253]LogPlayLevel: PIE: World Init took: (0.000821s)
[2018.03.05-16.12.58:945][253]LogPlayLevel: PIE: Created PIE world by copying editor world from /Game/Levels/Level1.Level1 to /Game/Levels/UEDPIE_0_Level1.Level1 (0.014788s)
[2018.03.05-16.12.58:956][253]LogInit: XAudio2 using 'Speakers (Conexant HD Audio)' : 2 channels at 44.1 kHz using 16 bits per sample (channel mask 0x3)
[2018.03.05-16.12.58:969][253]LogInit: FAudioDevice initialized.
[2018.03.05-16.12.59:015][253]LogLoad: Game class is 'FunctionalTestGameMode'
[2018.03.05-16.12.59:024][253]LogWorld: Bringing World /Game/Levels/UEDPIE_0_Level1.Level1 up for play (max tick rate 0) at 2018.03.05-16.12.59
[2018.03.05-16.12.59:024][253]LogWorld: Bringing up level for play took: 0.008091
[2018.03.05-16.12.59:030][253]PIE: Play in editor start time for /Game/Levels/UEDPIE_0_Level1 0.941
[2018.03.05-16.12.59:030][253]LogBlueprintUserMessages: Late PlayInEditor Detection: Level '/Game/Levels/Level1.Level1:PersistentLevel' has LevelScriptBlueprint '/Game/Levels/Level1.Level1:PersistentLevel.Level1' with GeneratedClass '/Game/Levels/Level1.Level1_C' with ClassGeneratedBy '/Game/Levels/Level1.Level1:PersistentLevel.Level1'
[2018.03.05-16.13.42:058][237]LogBlueprintUserMessages: Early EndPlayMap Detection: Level '/Game/Levels/Level1.Level1:PersistentLevel' has LevelScriptBlueprint '/Game/Levels/Level1.Level1:PersistentLevel.Level1' with GeneratedClass '/Game/Levels/Level1.Level1_C' with ClassGeneratedBy '/Game/Levels/Level1.Level1:PersistentLevel.Level1'
[2018.03.05-16.13.42:111][237]LogBlueprintUserMessages: Late EndPlayMap Detection: Level '/Game/Levels/Level1.Level1:PersistentLevel' has LevelScriptBlueprint '/Game/Levels/Level1.Level1:PersistentLevel.Level1' with GeneratedClass '/Game/Levels/Level1.Level1_C' with ClassGeneratedBy '/Game/Levels/Level1.Level1:PersistentLevel.Level1'
[2018.03.05-16.13.43:832][433]Cmd: MAP LOAD FILE="../../../../11/mgp-mgp-group-11/Development/Unreal Project/Content/Levels/Level1.umap" TEMPLATE=0 SHOWPROGRESS=1 FEATURELEVEL=3
[2018.03.05-16.13.43:832][433]LightingResults: New page: Lighting Build
[2018.03.05-16.13.43:833][433]LoadErrors: New page: Loading map: Level1.umap
[2018.03.05-16.13.43:835][433]MapCheck: New page: Map Check
[2018.03.05-16.13.43:835][433]LightingResults: New page: Lighting Build
[2018.03.05-16.13.43:891][433]LogAIModule: Creating AISystem for world Level1
[2018.03.05-16.13.44:056][433]LogEditorServer: Finished looking for orphan Actors (0.000 secs)
[2018.03.05-16.13.44:112][433]Cmd: MAP CHECKDEP NOCLEARLOG
[2018.03.05-16.13.44:177][433]MapCheck: Map check complete: 0 Error(s), 0 Warning(s), took 65.124ms to complete.
[2018.03.05-16.13.44:178][433]LogFileHelpers: Loading map 'Level1' took 0.346
[2018.03.05-16.13.46:935][754]LogTemp: Repeating last play command: New Editor Window (PIE)
[2018.03.05-16.13.46:959][754]LogBlueprintUserMessages: Early PlayInEditor Detection: Level '/Game/Levels/Level1.Level1:PersistentLevel' has LevelScriptBlueprint '/Game/Levels/Level1.Level1:PersistentLevel.Level1' with GeneratedClass '/Game/Levels/Level1.Level1_C' with ClassGeneratedBy '/Game/Levels/Level1.Level1:PersistentLevel.Level1'
[2018.03.05-16.13.46:959][754]LogPlayLevel: PlayLevel: No blueprints needed recompiling
[2018.03.05-16.13.46:959][754]PIE: New page: PIE session: Level1 (5 Mar 2018 16:13:46)
[2018.03.05-16.13.46:959][754]LogPlayLevel: Creating play world package: /Game/Levels/UEDPIE_0_Level1
[2018.03.05-16.13.46:973][754]LogPlayLevel: PIE: StaticDuplicateObject took: (0.013327s)
[2018.03.05-16.13.46:973][754]LogAIModule: Creating AISystem for world Level1
[2018.03.05-16.13.46:974][754]LogPlayLevel: PIE: World Init took: (0.001032s)
[2018.03.05-16.13.46:974][754]LogPlayLevel: PIE: Created PIE world by copying editor world from /Game/Levels/Level1.Level1 to /Game/Levels/UEDPIE_0_Level1.Level1 (0.014681s)
[2018.03.05-16.13.46:986][754]LogInit: XAudio2 using 'Speakers (Conexant HD Audio)' : 2 channels at 44.1 kHz using 16 bits per sample (channel mask 0x3)
[2018.03.05-16.13.46:999][754]LogInit: FAudioDevice initialized.
[2018.03.05-16.13.47:048][754]LogLoad: Game class is 'FunctionalTestGameMode'
[2018.03.05-16.13.47:057][754]LogWorld: Bringing World /Game/Levels/UEDPIE_0_Level1.Level1 up for play (max tick rate 0) at 2018.03.05-16.13.47
[2018.03.05-16.13.47:058][754]LogWorld: Bringing up level for play took: 0.008707
[2018.03.05-16.13.47:065][754]PIE: Play in editor start time for /Game/Levels/UEDPIE_0_Level1 0.975
[2018.03.05-16.13.47:066][754]LogBlueprintUserMessages: Late PlayInEditor Detection: Level '/Game/Levels/Level1.Level1:PersistentLevel' has LevelScriptBlueprint '/Game/Levels/Level1.Level1:PersistentLevel.Level1' with GeneratedClass '/Game/Levels/Level1.Level1_C' with ClassGeneratedBy '/Game/Levels/Level1.Level1:PersistentLevel.Level1'
[2018.03.05-16.14.07:002][ 49]LogBlueprintUserMessages: Early EndPlayMap Detection: Level '/Game/Levels/Level1.Level1:PersistentLevel' has LevelScriptBlueprint '/Game/Levels/Level1.Level1:PersistentLevel.Level1' with GeneratedClass '/Game/Levels/Level1.Level1_C' with ClassGeneratedBy '/Game/Levels/Level1.Level1:PersistentLevel.Level1'
[2018.03.05-16.14.07:052][ 49]LogBlueprintUserMessages: Late EndPlayMap Detection: Level '/Game/Levels/Level1.Level1:PersistentLevel' has LevelScriptBlueprint '/Game/Levels/Level1.Level1:PersistentLevel.Level1' with GeneratedClass '/Game/Levels/Level1.Level1_C' with ClassGeneratedBy '/Game/Levels/Level1.Level1:PersistentLevel.Level1'
[2018.03.05-16.14.26:884][349]LogAIModule: Creating AISystem for world MainMenu
[2018.03.05-16.14.26:897][349]Cmd: MAP LOAD FILE="../../../../11/mgp-mgp-group-11/Development/Unreal Project/Content/Levels/MainMenu.umap" TEMPLATE=0 SHOWPROGRESS=1 FEATURELEVEL=3
[2018.03.05-16.14.26:897][349]LightingResults: New page: Lighting Build
[2018.03.05-16.14.26:898][349]LoadErrors: New page: Loading map: MainMenu.umap
[2018.03.05-16.14.26:899][349]MapCheck: New page: Map Check
[2018.03.05-16.14.26:899][349]LightingResults: New page: Lighting Build
[2018.03.05-16.14.27:013][349]LogEditorServer: Finished looking for orphan Actors (0.000 secs)
[2018.03.05-16.14.27:067][349]Cmd: MAP CHECKDEP NOCLEARLOG
[2018.03.05-16.14.27:127][349]MapCheck: Map check complete: 0 Error(s), 0 Warning(s), took 59.862ms to complete.
[2018.03.05-16.14.27:128][349]LogFileHelpers: Loading map 'MainMenu' took 0.233
[2018.03.05-16.14.30:946][804]LogTemp: Repeating last play command: New Editor Window (PIE)
[2018.03.05-16.14.30:969][804]LogBlueprintUserMessages: Early PlayInEditor Detection: Level '/Game/Levels/MainMenu.MainMenu:PersistentLevel' has LevelScriptBlueprint '/Game/Levels/MainMenu.MainMenu:PersistentLevel.MainMenu' with GeneratedClass '/Game/Levels/MainMenu.MainMenu_C' with ClassGeneratedBy '/Game/Levels/MainMenu.MainMenu:PersistentLevel.MainMenu'
[2018.03.05-16.14.30:969][804]LogPlayLevel: PlayLevel: No blueprints needed recompiling
[2018.03.05-16.14.30:969][804]PIE: New page: PIE session: MainMenu (5 Mar 2018 16:14:30)
[2018.03.05-16.14.30:969][804]LogPlayLevel: Creating play world package: /Game/Levels/UEDPIE_0_MainMenu
[2018.03.05-16.14.30:970][804]LogPlayLevel: PIE: StaticDuplicateObject took: (0.001195s)
[2018.03.05-16.14.30:971][804]LogAIModule: Creating AISystem for world MainMenu
[2018.03.05-16.14.30:971][804]LogPlayLevel: PIE: World Init took: (0.000836s)
[2018.03.05-16.14.30:972][804]LogPlayLevel: PIE: Created PIE world by copying editor world from /Game/Levels/MainMenu.MainMenu to /Game/Levels/UEDPIE_0_MainMenu.MainMenu (0.002369s)
[2018.03.05-16.14.30:983][804]LogInit: XAudio2 using 'Speakers (Conexant HD Audio)' : 2 channels at 44.1 kHz using 16 bits per sample (channel mask 0x3)
[2018.03.05-16.14.30:995][804]LogInit: FAudioDevice initialized.
[2018.03.05-16.14.31:039][804]LogLoad: Game class is 'FunctionalTestGameMode'
[2018.03.05-16.14.31:040][804]LogWorld: Bringing World /Game/Levels/UEDPIE_0_MainMenu.MainMenu up for play (max tick rate 0) at 2018.03.05-16.14.31
[2018.03.05-16.14.31:040][804]LogWorld: Bringing up level for play took: 0.000831
[2018.03.05-16.14.31:052][804]PIE: Play in editor start time for /Game/Levels/UEDPIE_0_MainMenu 0.962
[2018.03.05-16.14.31:053][804]LogBlueprintUserMessages: Late PlayInEditor Detection: Level '/Game/Levels/MainMenu.MainMenu:PersistentLevel' has LevelScriptBlueprint '/Game/Levels/MainMenu.MainMenu:PersistentLevel.MainMenu' with GeneratedClass '/Game/Levels/MainMenu.MainMenu_C' with ClassGeneratedBy '/Game/Levels/MainMenu.MainMenu:PersistentLevel.MainMenu'
[2018.03.05-16.14.34:216][177]LogNet: Browse: /Game/Levels/Level1
[2018.03.05-16.14.34:217][177]LogLoad: LoadMap: /Game/Levels/Level1
[2018.03.05-16.14.34:228][177]Cmd: MEM
[2018.03.05-16.14.34:237][177]LogMemory: Platform Memory Stats for Windows
[2018.03.05-16.14.34:237][177]LogMemory: Process Physical Memory: 1176.26 MB used, 1185.15 MB peak
[2018.03.05-16.14.34:237][177]LogMemory: Process Virtual Memory: 1651.05 MB used, 1796.15 MB peak
[2018.03.05-16.14.34:237][177]LogMemory: Physical Memory: 4163.76 MB used,  12097.98 MB free, 16261.73 MB total
[2018.03.05-16.14.34:237][177]LogMemory: Virtual Memory: 2335.61 MB used,  12097.98 MB free, 8388608.00 MB total
[2018.03.05-16.14.34:237][177]LogMemory: 
[2018.03.05-16.14.34:237][177]Allocator Stats for TBB: (not implemented)
[2018.03.05-16.14.34:306][177]LogAIModule: Creating AISystem for world Level1
[2018.03.05-16.14.34:306][177]LogLoad: Game class is 'FunctionalTestGameMode'
[2018.03.05-16.14.34:347][177]LogWorld: Bringing World /Game/Levels/UEDPIE_0_Level1.Level1 up for play (max tick rate 0) at 2018.03.05-16.14.34
[2018.03.05-16.14.34:348][177]LogWorld: Bringing up level for play took: 0.040980
[2018.03.05-16.14.34:350][177]LogLoad: Took 0.133662 seconds to LoadMap(/Game/Levels/Level1)
[2018.03.05-16.14.46:768][605]LogBlueprintUserMessages: Early EndPlayMap Detection: Level '/Game/Levels/MainMenu.MainMenu:PersistentLevel' has LevelScriptBlueprint '/Game/Levels/MainMenu.MainMenu:PersistentLevel.MainMenu' with GeneratedClass '/Game/Levels/MainMenu.MainMenu_C' with ClassGeneratedBy '/Game/Levels/MainMenu.MainMenu:PersistentLevel.MainMenu'
[2018.03.05-16.14.46:821][605]LogBlueprintUserMessages: Late EndPlayMap Detection: Level '/Game/Levels/MainMenu.MainMenu:PersistentLevel' has LevelScriptBlueprint '/Game/Levels/MainMenu.MainMenu:PersistentLevel.MainMenu' with GeneratedClass '/Game/Levels/MainMenu.MainMenu_C' with ClassGeneratedBy '/Game/Levels/MainMenu.MainMenu:PersistentLevel.MainMenu'
[2018.03.05-16.14.49:207][886]Cmd: MAP LOAD FILE="../../../../11/mgp-mgp-group-11/Development/Unreal Project/Content/Levels/MainMenu.umap" TEMPLATE=0 SHOWPROGRESS=1 FEATURELEVEL=3
[2018.03.05-16.14.49:207][886]LightingResults: New page: Lighting Build
[2018.03.05-16.14.49:208][886]LoadErrors: New page: Loading map: MainMenu.umap
[2018.03.05-16.14.49:208][886]MapCheck: New page: Map Check
[2018.03.05-16.14.49:208][886]LightingResults: New page: Lighting Build
[2018.03.05-16.14.49:281][886]LogAIModule: Creating AISystem for world MainMenu
[2018.03.05-16.14.49:407][886]LogEditorServer: Finished looking for orphan Actors (0.000 secs)
[2018.03.05-16.14.49:458][886]Cmd: MAP CHECKDEP NOCLEARLOG
[2018.03.05-16.14.49:517][886]MapCheck: Map check complete: 0 Error(s), 0 Warning(s), took 58.933ms to complete.
[2018.03.05-16.14.49:518][886]LogFileHelpers: Loading map 'MainMenu' took 0.312
[2018.03.05-16.14.50:949][ 54]LogTemp: Repeating last play command: New Editor Window (PIE)
[2018.03.05-16.14.50:972][ 54]LogBlueprintUserMessages: Early PlayInEditor Detection: Level '/Game/Levels/MainMenu.MainMenu:PersistentLevel' has LevelScriptBlueprint '/Game/Levels/MainMenu.MainMenu:PersistentLevel.MainMenu' with GeneratedClass '/Game/Levels/MainMenu.MainMenu_C' with ClassGeneratedBy '/Game/Levels/MainMenu.MainMenu:PersistentLevel.MainMenu'
[2018.03.05-16.14.50:972][ 54]LogPlayLevel: PlayLevel: No blueprints needed recompiling
[2018.03.05-16.14.50:972][ 54]PIE: New page: PIE session: MainMenu (5 Mar 2018 16:14:50)
[2018.03.05-16.14.50:972][ 54]LogPlayLevel: Creating play world package: /Game/Levels/UEDPIE_0_MainMenu
[2018.03.05-16.14.50:973][ 54]LogPlayLevel: PIE: StaticDuplicateObject took: (0.001207s)
[2018.03.05-16.14.50:974][ 54]LogAIModule: Creating AISystem for world MainMenu
[2018.03.05-16.14.50:974][ 54]LogPlayLevel: PIE: World Init took: (0.000671s)
[2018.03.05-16.14.50:974][ 54]LogPlayLevel: PIE: Created PIE world by copying editor world from /Game/Levels/MainMenu.MainMenu to /Game/Levels/UEDPIE_0_MainMenu.MainMenu (0.002094s)
[2018.03.05-16.14.50:985][ 54]LogInit: XAudio2 using 'Speakers (Conexant HD Audio)' : 2 channels at 44.1 kHz using 16 bits per sample (channel mask 0x3)
[2018.03.05-16.14.50:998][ 54]LogInit: FAudioDevice initialized.
[2018.03.05-16.14.51:044][ 54]LogLoad: Game class is 'FunctionalTestGameMode'
[2018.03.05-16.14.51:045][ 54]LogWorld: Bringing World /Game/Levels/UEDPIE_0_MainMenu.MainMenu up for play (max tick rate 0) at 2018.03.05-16.14.51
[2018.03.05-16.14.51:045][ 54]LogWorld: Bringing up level for play took: 0.000836
[2018.03.05-16.14.51:055][ 54]PIE: Play in editor start time for /Game/Levels/UEDPIE_0_MainMenu 0.963
[2018.03.05-16.14.51:056][ 54]LogBlueprintUserMessages: Late PlayInEditor Detection: Level '/Game/Levels/MainMenu.MainMenu:PersistentLevel' has LevelScriptBlueprint '/Game/Levels/MainMenu.MainMenu:PersistentLevel.MainMenu' with GeneratedClass '/Game/Levels/MainMenu.MainMenu_C' with ClassGeneratedBy '/Game/Levels/MainMenu.MainMenu:PersistentLevel.MainMenu'
[2018.03.05-16.15.29:770][735]LogBlueprintUserMessages: Early EndPlayMap Detection: Level '/Game/Levels/MainMenu.MainMenu:PersistentLevel' has LevelScriptBlueprint '/Game/Levels/MainMenu.MainMenu:PersistentLevel.MainMenu' with GeneratedClass '/Game/Levels/MainMenu.MainMenu_C' with ClassGeneratedBy '/Game/Levels/MainMenu.MainMenu:PersistentLevel.MainMenu'
[2018.03.05-16.15.29:799][735]LogBlueprintUserMessages: Late EndPlayMap Detection: Level '/Game/Levels/MainMenu.MainMenu:PersistentLevel' has LevelScriptBlueprint '/Game/Levels/MainMenu.MainMenu:PersistentLevel.MainMenu' with GeneratedClass '/Game/Levels/MainMenu.MainMenu_C' with ClassGeneratedBy '/Game/Levels/MainMenu.MainMenu:PersistentLevel.MainMenu'
[2018.03.05-16.16.15:200][957]LogWindows: LaunchURL http://docs.unrealengine.com/latest/INT/Platforms/Android/GettingStarted/index.html?utm_source=editor&utm_medium=docs&utm_campaign=tutorials
[2018.03.05-16.16.58:036][795]LogTemp: Executing iPhonePackager certificates Engine -bundlename com.YourCompany.PrototypeGroup11
[2018.03.05-16.16.58:036][795]LogTemp: CWD: C:\UE_4.17\Engine\Binaries\DotNET\IOS
[2018.03.05-16.16.58:036][795]LogTemp: Initial Dir: C:\UE_4.17
[2018.03.05-16.16.58:036][795]LogTemp: Env CWD: C:\UE_4.17\Engine\Binaries\DotNET\IOS
[2018.03.05-16.16.58:036][795]LogTemp: BranchPath = GAMES-106-022/C/UE_4.17/Engine/Binaries --- GameBranchPath = GAMES-106-022/C/UE_4.17/Engine/Binaries
[2018.03.05-16.16.58:193][814]LogTemp: IPP ERROR: Could not find provision directory 'C:\Users\Games\AppData\Local/Apple Computer/MobileDevice/Provisioning Profiles/'.
[2018.03.05-16.17.14:208][980]LogTemp: Executing iPhonePackager certificates Engine -bundlename com.YourCompany.PrototypeGroup11
[2018.03.05-16.17.14:208][980]LogTemp: CWD: C:\UE_4.17\Engine\Binaries\DotNET\IOS
[2018.03.05-16.17.14:208][980]LogTemp: Initial Dir: C:\UE_4.17
[2018.03.05-16.17.14:208][980]LogTemp: Env CWD: C:\UE_4.17\Engine\Binaries\DotNET\IOS
[2018.03.05-16.17.14:208][980]LogTemp: BranchPath = GAMES-106-022/C/UE_4.17/Engine/Binaries --- GameBranchPath = GAMES-106-022/C/UE_4.17/Engine/Binaries
[2018.03.05-16.17.14:222][982]LogTemp: IPP ERROR: Could not find provision directory 'C:\Users\Games\AppData\Local/Apple Computer/MobileDevice/Provisioning Profiles/'.
[2018.03.05-16.19.03:442][ 29]Cmd: QUIT_EDITOR
[2018.03.05-16.19.03:474][ 29]LogExit: Preparing to exit.
[2018.03.05-16.19.04:141][ 29]LogDirectoryWatcher: A directory notification for 'C:/11/mgp-mgp-group-11/Development/Unreal Project/Content/' was aborted.
[2018.03.05-16.19.04:172][ 29]LogExit: Editor shut down
[2018.03.05-16.19.04:177][ 29]LogExit: Transaction tracking system shut down
[2018.03.05-16.19.04:280][ 29]LogDirectoryWatcher: A directory notification for '../../../Engine/Content/' was aborted.
[2018.03.05-16.19.04:280][ 29]LogDirectoryWatcher: A directory notification for '../../../../11/mgp-mgp-group-11/Development/Unreal Project/Content/' was aborted.
[2018.03.05-16.19.04:280][ 29]LogDirectoryWatcher: A directory notification for '../../../Engine/Plugins/2D/Paper2D/Content/' was aborted.
[2018.03.05-16.19.04:280][ 29]LogDirectoryWatcher: A directory notification for '../../../Engine/Plugins/Runtime/Oculus/OculusVR/Content/' was aborted.
[2018.03.05-16.19.04:280][ 29]LogDirectoryWatcher: A directory notification for '../../../Engine/Plugins/Runtime/Steam/SteamVR/Content/' was aborted.
[2018.03.05-16.19.04:354][ 29]LogExit: Object subsystem successfully closed.
[2018.03.05-16.19.04:371][ 29]LogD3D11RHI: Shutdown
[2018.03.05-16.19.04:371][ 29]LogD3D11RHI: CleanupD3DDevice
[2018.03.05-16.19.04:422][ 29]LogD3D11RHI: ~FD3D11DynamicRHI
[2018.03.05-16.19.04:436][ 29]LogModuleManager: Shutting down and abandoning module ExternalImagePicker (534)
[2018.03.05-16.19.04:436][ 29]LogModuleManager: Shutting down and abandoning module MovieSceneCapture (532)
[2018.03.05-16.19.04:436][ 29]LogModuleManager: Shutting down and abandoning module HierarchicalLODOutliner (530)
[2018.03.05-16.19.04:436][ 29]LogModuleManager: Shutting down and abandoning module SceneOutliner (528)
[2018.03.05-16.19.04:436][ 29]LogModuleManager: Shutting down and abandoning module AddContentDialog (526)
[2018.03.05-16.19.04:436][ 29]LogDirectoryWatcher: A directory notification for 'C:/UE_4.17/FeaturePacks/' was aborted.
[2018.03.05-16.19.04:442][ 29]LogModuleManager: Shutting down and abandoning module WidgetCarousel (525)
[2018.03.05-16.19.04:442][ 29]LogModuleManager: Shutting down and abandoning module EditorWidgets (522)
[2018.03.05-16.19.04:442][ 29]LogModuleManager: Shutting down and abandoning module CollectionManager (520)
[2018.03.05-16.19.04:442][ 29]LogDirectoryWatcher: A directory notification for 'C:/11/mgp-mgp-group-11/Development/Unreal Project/Content/Collections/' was aborted.
[2018.03.05-16.19.04:442][ 29]LogDirectoryWatcher: A directory notification for 'C:/11/mgp-mgp-group-11/Development/Unreal Project/Content/Developers/Games/Collections/' was aborted.
[2018.03.05-16.19.04:442][ 29]LogDirectoryWatcher: A directory notification for 'C:/11/mgp-mgp-group-11/Development/Unreal Project/Saved/Collections/' was aborted.
[2018.03.05-16.19.04:442][ 29]LogModuleManager: Shutting down and abandoning module StatsViewer (518)
[2018.03.05-16.19.04:442][ 29]LogModuleManager: Shutting down and abandoning module FoliageEdit (516)
[2018.03.05-16.19.04:442][ 29]LogModuleManager: Shutting down and abandoning module LandscapeEditor (514)
[2018.03.05-16.19.04:443][ 29]LogModuleManager: Shutting down and abandoning module MeshPaintMode (512)
[2018.03.05-16.19.04:443][ 29]LogModuleManager: Shutting down and abandoning module SceneDepthPickerMode (510)
[2018.03.05-16.19.04:443][ 29]LogModuleManager: Shutting down and abandoning module ActorPickerMode (508)
[2018.03.05-16.19.04:443][ 29]LogModuleManager: Shutting down and abandoning module GeometryMode (506)
[2018.03.05-16.19.04:443][ 29]LogModuleManager: Shutting down and abandoning module TextureAlignMode (504)
[2018.03.05-16.19.04:443][ 29]LogModuleManager: Shutting down and abandoning module BspMode (502)
[2018.03.05-16.19.04:443][ 29]LogModuleManager: Shutting down and abandoning module PIEPreviewDeviceProfileSelector (500)
[2018.03.05-16.19.04:443][ 29]LogModuleManager: Shutting down and abandoning module HardwareSurvey (498)
[2018.03.05-16.19.04:443][ 29]LogModuleManager: Shutting down and abandoning module SequenceRecorderSections (496)
[2018.03.05-16.19.04:443][ 29]LogModuleManager: Shutting down and abandoning module AutomationWorker (494)
[2018.03.05-16.19.04:443][ 29]LogModuleManager: Shutting down and abandoning module MatineeToLevelSequence (492)
[2018.03.05-16.19.04:443][ 29]LogModuleManager: Shutting down and abandoning module LevelSequenceEditor (490)
[2018.03.05-16.19.04:443][ 29]LogModuleManager: Shutting down and abandoning module PlacementMode (489)
[2018.03.05-16.19.04:443][ 29]LogModuleManager: Shutting down and abandoning module WmfMediaFactory (486)
[2018.03.05-16.19.04:443][ 29]LogModuleManager: Shutting down and abandoning module WmfMediaEditor (484)
[2018.03.05-16.19.04:443][ 29]LogModuleManager: Shutting down and abandoning module AvfMediaFactory (482)
[2018.03.05-16.19.04:443][ 29]LogModuleManager: Shutting down and abandoning module AvfMediaEditor (480)
[2018.03.05-16.19.04:443][ 29]LogModuleManager: Shutting down and abandoning module AndroidMediaFactory (478)
[2018.03.05-16.19.04:443][ 29]LogModuleManager: Shutting down and abandoning module Media (477)
[2018.03.05-16.19.04:443][ 29]LogModuleManager: Shutting down and abandoning module AndroidMediaEditor (474)
[2018.03.05-16.19.04:443][ 29]LogModuleManager: Shutting down and abandoning module CharacterAI (472)
[2018.03.05-16.19.04:443][ 29]LogModuleManager: Shutting down and abandoning module AudioCapture (470)
[2018.03.05-16.19.04:443][ 29]LogModuleManager: Shutting down and abandoning module SequenceRecorder (469)
[2018.03.05-16.19.04:443][ 29]LogModuleManager: Shutting down and abandoning module SmartSnapping (466)
[2018.03.05-16.19.04:443][ 29]LogModuleManager: Shutting down and abandoning module SessionServices (464)
[2018.03.05-16.19.04:443][ 29]LogModuleManager: Shutting down and abandoning module ViewportSnapping (462)
[2018.03.05-16.19.04:443][ 29]LogModuleManager: Shutting down and abandoning module ViewportInteraction (460)
[2018.03.05-16.19.04:443][ 29]LogModuleManager: Shutting down and abandoning module ClothPainter (458)
[2018.03.05-16.19.04:443][ 29]LogModuleManager: Shutting down and abandoning module LogVisualizer (456)
[2018.03.05-16.19.04:444][ 29]LogModuleManager: Shutting down and abandoning module IntroTutorials (454)
[2018.03.05-16.19.04:444][ 29]LogModuleManager: Shutting down and abandoning module GameProjectGeneration (453)
[2018.03.05-16.19.04:444][ 29]LogModuleManager: Shutting down and abandoning module IOSPlatformEditor (450)
[2018.03.05-16.19.04:444][ 29]LogModuleManager: Shutting down and abandoning module HTML5PlatformEditor (448)
[2018.03.05-16.19.04:444][ 29]LogModuleManager: Shutting down and abandoning module AndroidPlatformEditor (446)
[2018.03.05-16.19.04:444][ 29]LogModuleManager: Shutting down and abandoning module AndroidDeviceDetection (445)
[2018.03.05-16.19.04:849][ 29]LogModuleManager: Shutting down and abandoning module WindowsPlatformEditor (442)
[2018.03.05-16.19.04:849][ 29]LogModuleManager: Shutting down and abandoning module IOSRuntimeSettings (440)
[2018.03.05-16.19.04:849][ 29]LogModuleManager: Shutting down and abandoning module AndroidRuntimeSettings (438)
[2018.03.05-16.19.04:849][ 29]LogModuleManager: Shutting down and abandoning module InputBindingEditor (436)
[2018.03.05-16.19.04:849][ 29]LogModuleManager: Shutting down and abandoning module MergeActors (434)
[2018.03.05-16.19.04:849][ 29]LogModuleManager: Shutting down and abandoning module SizeMap (432)
[2018.03.05-16.19.04:849][ 29]LogModuleManager: Shutting down and abandoning module TreeMap (430)
[2018.03.05-16.19.04:850][ 29]LogModuleManager: Shutting down and abandoning module ReferenceViewer (428)
[2018.03.05-16.19.04:850][ 29]LogModuleManager: Shutting down and abandoning module LocalizationDashboard (426)
[2018.03.05-16.19.04:850][ 29]LogModuleManager: Shutting down and abandoning module LocalizationService (425)
[2018.03.05-16.19.04:850][ 29]LogModuleManager: Shutting down and abandoning module HardwareTargeting (422)
[2018.03.05-16.19.04:850][ 29]LogModuleManager: Shutting down and abandoning module DeviceProfileEditor (420)
[2018.03.05-16.19.04:850][ 29]LogModuleManager: Shutting down and abandoning module UndoHistory (418)
[2018.03.05-16.19.04:850][ 29]LogModuleManager: Shutting down and abandoning module XmlParser (416)
[2018.03.05-16.19.04:850][ 29]LogModuleManager: Shutting down and abandoning module Blutility (414)
[2018.03.05-16.19.04:850][ 29]LogModuleManager: Shutting down and abandoning module ProjectSettingsViewer (412)
[2018.03.05-16.19.04:850][ 29]LogModuleManager: Shutting down and abandoning module ProjectTargetPlatformEditor (411)
[2018.03.05-16.19.04:850][ 29]LogModuleManager: Shutting down and abandoning module EditorSettingsViewer (408)
[2018.03.05-16.19.04:851][ 29]LogModuleManager: Shutting down and abandoning module SettingsEditor (406)
[2018.03.05-16.19.04:851][ 29]LogModuleManager: Shutting down and abandoning module ProjectLauncher (404)
[2018.03.05-16.19.04:851][ 29]LogModuleManager: Shutting down and abandoning module SessionFrontend (402)
[2018.03.05-16.19.04:851][ 29]LogModuleManager: Shutting down and abandoning module ProfilerClient (400)
[2018.03.05-16.19.04:851][ 29]LogModuleManager: Shutting down and abandoning module DeviceManager (398)
[2018.03.05-16.19.04:851][ 29]LogModuleManager: Shutting down and abandoning module TargetDeviceServices (397)
[2018.03.05-16.19.04:901][ 29]LogModuleManager: Shutting down and abandoning module AutomationController (394)
[2018.03.05-16.19.04:901][ 29]LogModuleManager: Shutting down and abandoning module AutomationWindow (392)
[2018.03.05-16.19.04:901][ 29]LogModuleManager: Shutting down and abandoning module Layers (390)
[2018.03.05-16.19.04:901][ 29]LogModuleManager: Shutting down and abandoning module ComponentVisualizers (388)
[2018.03.05-16.19.04:901][ 29]LogModuleManager: Shutting down and abandoning module DetailCustomizations (386)
[2018.03.05-16.19.04:901][ 29]LogModuleManager: Shutting down and abandoning module PackagesDialog (384)
[2018.03.05-16.19.04:901][ 29]LogModuleManager: Shutting down and abandoning module Persona (382)
[2018.03.05-16.19.04:901][ 29]LogModuleManager: Shutting down and abandoning module AdvancedPreviewScene (381)
[2018.03.05-16.19.04:901][ 29]LogModuleManager: Shutting down and abandoning module AnimGraph (379)
[2018.03.05-16.19.04:901][ 29]LogModuleManager: Shutting down and abandoning module Kismet (376)
[2018.03.05-16.19.04:904][ 29]LogModuleManager: Shutting down and abandoning module ClassViewer (374)
[2018.03.05-16.19.04:904][ 29]LogModuleManager: Shutting down and abandoning module Toolbox (372)
[2018.03.05-16.19.04:904][ 29]LogModuleManager: Shutting down and abandoning module ModuleUI (370)
[2018.03.05-16.19.04:904][ 29]LogModuleManager: Shutting down and abandoning module MovieSceneTools (368)
[2018.03.05-16.19.04:904][ 29]LogModuleManager: Shutting down and abandoning module OutputLog (366)
[2018.03.05-16.19.04:904][ 29]LogModuleManager: Shutting down and abandoning module GammaUI (364)
[2018.03.05-16.19.04:904][ 29]LogModuleManager: Shutting down and abandoning module Documentation (362)
[2018.03.05-16.19.04:904][ 29]LogModuleManager: Shutting down and abandoning module MovieSceneTracks (360)
[2018.03.05-16.19.04:904][ 29]LogModuleManager: Shutting down and abandoning module MovieScene (358)
[2018.03.05-16.19.04:904][ 29]LogModuleManager: Shutting down and abandoning module Niagara (356)
[2018.03.05-16.19.04:904][ 29]LogModuleManager: Shutting down and abandoning module NiagaraEditor (355)
[2018.03.05-16.19.04:904][ 29]LogModuleManager: Shutting down and abandoning module StreamingPauseRendering (352)
[2018.03.05-16.19.04:904][ 29]LogModuleManager: Shutting down and abandoning module LauncherPlatform (350)
[2018.03.05-16.19.04:904][ 29]LogModuleManager: Shutting down and abandoning module AnalyticsET (348)
[2018.03.05-16.19.04:904][ 29]LogModuleManager: Shutting down and abandoning module PortalServices (346)
[2018.03.05-16.19.04:904][ 29]LogModuleManager: Shutting down and abandoning module PortalRpc (344)
[2018.03.05-16.19.04:904][ 29]LogModuleManager: Shutting down and abandoning module MessagingRpc (342)
[2018.03.05-16.19.04:904][ 29]LogModuleManager: Shutting down and abandoning module AIModule (340)
[2018.03.05-16.19.04:904][ 29]LogModuleManager: Shutting down and abandoning module GameplayDebugger (339)
[2018.03.05-16.19.04:905][ 29]LogModuleManager: Shutting down and abandoning module AITestSuite (337)
[2018.03.05-16.19.04:905][ 29]LogModuleManager: Shutting down and abandoning module ProfilerService (334)
[2018.03.05-16.19.05:132][ 29]LogModuleManager: Shutting down and abandoning module TaskGraph (332)
[2018.03.05-16.19.05:132][ 29]LogModuleManager: Shutting down and abandoning module SteamVRController (330)
[2018.03.05-16.19.05:132][ 29]LogModuleManager: Shutting down and abandoning module ProceduralMeshComponentEditor (328)
[2018.03.05-16.19.05:133][ 29]LogModuleManager: Shutting down and abandoning module ProceduralMeshComponent (326)
[2018.03.05-16.19.05:133][ 29]LogModuleManager: Shutting down and abandoning module OculusInput (324)
[2018.03.05-16.19.05:133][ 29]LogModuleManager: Shutting down and abandoning module MobilePatchingUtils (322)
[2018.03.05-16.19.05:133][ 29]LogModuleManager: Shutting down and abandoning module CustomMeshComponent (320)
[2018.03.05-16.19.05:133][ 29]LogModuleManager: Shutting down and abandoning module CableComponent (318)
[2018.03.05-16.19.05:133][ 29]LogModuleManager: Shutting down and abandoning module ArchVisCharacter (316)
[2018.03.05-16.19.05:133][ 29]LogModuleManager: Shutting down and abandoning module AndroidPermission (314)
[2018.03.05-16.19.05:133][ 29]LogModuleManager: Shutting down and abandoning module MediaPlayerEditor (310)
[2018.03.05-16.19.05:133][ 29]LogModuleManager: Shutting down and abandoning module HTML5Networking (308)
[2018.03.05-16.19.05:133][ 29]LogModuleManager: Shutting down and abandoning module AlembicImporter (306)
[2018.03.05-16.19.05:133][ 29]LogModuleManager: Shutting down and abandoning module AlembicLibrary (305)
[2018.03.05-16.19.05:133][ 29]LogModuleManager: Shutting down and abandoning module GeometryCache (304)
[2018.03.05-16.19.05:133][ 29]LogModuleManager: Shutting down and abandoning module GeometryCacheEd (303)
[2018.03.05-16.19.05:133][ 29]LogModuleManager: Shutting down and abandoning module SpeedTreeImporter (298)
[2018.03.05-16.19.05:133][ 29]LogModuleManager: Shutting down and abandoning module PluginBrowser (296)
[2018.03.05-16.19.05:133][ 29]LogModuleManager: Shutting down and abandoning module MobileLauncherProfileWizard (294)
[2018.03.05-16.19.05:133][ 29]LogModuleManager: Shutting down and abandoning module VisualStudioSourceCodeAccess (292)
[2018.03.05-16.19.05:133][ 29]LogModuleManager: Shutting down and abandoning module DesktopPlatform (291)
[2018.03.05-16.19.05:133][ 29]LogModuleManager: Shutting down and abandoning module UObjectPlugin (288)
[2018.03.05-16.19.05:133][ 29]LogModuleManager: Shutting down and abandoning module SubversionSourceControl (286)
[2018.03.05-16.19.05:133][ 29]LogModuleManager: Shutting down and abandoning module PerforceSourceControl (284)
[2018.03.05-16.19.05:133][ 29]LogModuleManager: Shutting down and abandoning module GitSourceControl (282)
[2018.03.05-16.19.05:133][ 29]LogModuleManager: Shutting down and abandoning module SourceControl (281)
[2018.03.05-16.19.05:133][ 29]LogModuleManager: Shutting down and abandoning module LightPropagationVolumeEditor (278)
[2018.03.05-16.19.05:134][ 29]LogModuleManager: Shutting down and abandoning module PaperTiledImporter (276)
[2018.03.05-16.19.05:134][ 29]LogModuleManager: Shutting down and abandoning module PaperSpriteSheetImporter (274)
[2018.03.05-16.19.05:134][ 29]LogModuleManager: Shutting down and abandoning module Paper2DEditor (272)
[2018.03.05-16.19.05:134][ 29]LogModuleManager: Shutting down and abandoning module MeshPaint (271)
[2018.03.05-16.19.05:134][ 29]LogModuleManager: Shutting down and abandoning module LevelEditor (269)
[2018.03.05-16.19.05:135][ 29]LogModuleManager: Shutting down and abandoning module PixelInspectorModule (268)
[2018.03.05-16.19.05:135][ 29]LogModuleManager: Shutting down and abandoning module MainFrame (266)
[2018.03.05-16.19.05:135][ 29]LogModuleManager: Shutting down and abandoning module HotReload (265)
[2018.03.05-16.19.05:136][ 29]LogModuleManager: Shutting down and abandoning module RuntimePhysXCooking (260)
[2018.03.05-16.19.05:136][ 29]LogModuleManager: Shutting down and abandoning module PhysXVehiclesEditor (258)
[2018.03.05-16.19.05:136][ 29]LogModuleManager: Shutting down and abandoning module PhysXVehicles (256)
[2018.03.05-16.19.05:136][ 29]LogModuleManager: Shutting down and abandoning module OculusEditor (254)
[2018.03.05-16.19.05:136][ 29]LogModuleManager: Shutting down and abandoning module LocationServicesBPLibrary (252)
[2018.03.05-16.19.05:136][ 29]LogModuleManager: Shutting down and abandoning module ImmediatePhysicsEditor (250)
[2018.03.05-16.19.05:136][ 29]LogModuleManager: Shutting down and abandoning module ImmediatePhysics (248)
[2018.03.05-16.19.05:136][ 29]LogModuleManager: Shutting down and abandoning module UdpMessaging (246)
[2018.03.05-16.19.05:236][ 29]LogModuleManager: Shutting down and abandoning module TcpMessaging (244)
[2018.03.05-16.19.05:336][ 29]LogModuleManager: Shutting down and abandoning module GameplayTagsEditor (242)
[2018.03.05-16.19.05:336][ 29]LogModuleManager: Shutting down and abandoning module FacialAnimationEditor (240)
[2018.03.05-16.19.05:336][ 29]LogModuleManager: Shutting down and abandoning module FacialAnimation (238)
[2018.03.05-16.19.05:336][ 29]LogModuleManager: Shutting down and abandoning module AssetManagerEditor (236)
[2018.03.05-16.19.05:336][ 29]LogModuleManager: Shutting down and abandoning module GraphEditor (235)
[2018.03.05-16.19.05:336][ 29]LogModuleManager: Shutting down and abandoning module ContentBrowser (233)
[2018.03.05-16.19.05:337][ 29]LogModuleManager: Shutting down and abandoning module LightPropagationVolumeRuntime (230)
[2018.03.05-16.19.05:337][ 29]LogModuleManager: Shutting down and abandoning module Paper2D (228)
[2018.03.05-16.19.05:337][ 29]LogModuleManager: Shutting down and abandoning module WindowsMoviePlayer (226)
[2018.03.05-16.19.05:337][ 29]LogModuleManager: Shutting down and abandoning module WmfMedia (224)
[2018.03.05-16.19.05:338][ 29]LogModuleManager: Shutting down and abandoning module PacketHandler (222)
[2018.03.05-16.19.05:338][ 29]LogModuleManager: Shutting down and abandoning module ClothingSystemEditor (220)
[2018.03.05-16.19.05:338][ 29]LogModuleManager: Shutting down and abandoning module ClothingSystemRuntime (218)
[2018.03.05-16.19.05:338][ 29]LogModuleManager: Shutting down and abandoning module Overlay (216)
[2018.03.05-16.19.05:338][ 29]LogModuleManager: Shutting down and abandoning module OverlayEditor (215)
[2018.03.05-16.19.05:338][ 29]LogModuleManager: Shutting down and abandoning module MediaAssets (212)
[2018.03.05-16.19.05:338][ 29]LogModuleManager: Shutting down and abandoning module VREditor (210)
[2018.03.05-16.19.05:339][ 29]LogModuleManager: Shutting down and abandoning module StringTableEditor (208)
[2018.03.05-16.19.05:339][ 29]LogModuleManager: Shutting down and abandoning module GameplayTasksEditor (206)
[2018.03.05-16.19.05:339][ 29]LogModuleManager: Shutting down and abandoning module BehaviorTreeEditor (204)
[2018.03.05-16.19.05:339][ 29]LogModuleManager: Shutting down and abandoning module FunctionalTesting (202)
[2018.03.05-16.19.05:339][ 29]LogModuleManager: Shutting down and abandoning module CollisionAnalyzer (200)
[2018.03.05-16.19.05:339][ 29]LogModuleManager: Shutting down and abandoning module WorkspaceMenuStructure (199)
[2018.03.05-16.19.05:339][ 29]LogModuleManager: Shutting down and abandoning module UMG (196)
[2018.03.05-16.19.05:339][ 29]LogModuleManager: Shutting down and abandoning module UMGEditor (195)
[2018.03.05-16.19.05:339][ 29]LogModuleManager: Shutting down and abandoning module Sequencer (194)
[2018.03.05-16.19.05:339][ 29]LogModuleManager: Shutting down and abandoning module MessageLog (191)
[2018.03.05-16.19.05:339][ 29]LogModuleManager: Shutting down and abandoning module SlateReflector (186)
[2018.03.05-16.19.05:339][ 29]LogModuleManager: Shutting down and abandoning module Slate (184)
[2018.03.05-16.19.05:339][ 29]LogModuleManager: Shutting down and abandoning module EditorStyle (182)
[2018.03.05-16.19.05:342][ 29]LogModuleManager: Shutting down and abandoning module MRMesh (180)
[2018.03.05-16.19.05:342][ 29]LogModuleManager: Shutting down and abandoning module SourceCodeAccess (178)
[2018.03.05-16.19.05:342][ 29]LogModuleManager: Shutting down and abandoning module HeadMountedDisplay (176)
[2018.03.05-16.19.05:342][ 29]LogModuleManager: Shutting down and abandoning module XAudio2 (174)
[2018.03.05-16.19.05:342][ 29]LogModuleManager: Shutting down and abandoning module Networking (172)
[2018.03.05-16.19.05:342][ 29]LogModuleManager: Shutting down and abandoning module Core (168)
[2018.03.05-16.19.05:342][ 29]LogModuleManager: Shutting down and abandoning module KismetCompiler (164)
[2018.03.05-16.19.05:342][ 29]LogModuleManager: Shutting down and abandoning module MeshUtilities (162)
[2018.03.05-16.19.05:343][ 29]LogModuleManager: Shutting down and abandoning module MeshMergeUtilities (161)
[2018.03.05-16.19.05:343][ 29]LogModuleManager: Shutting down and abandoning module MeshReductionInterface (160)
[2018.03.05-16.19.05:343][ 29]LogModuleManager: Shutting down and abandoning module SimplygonSwarm (159)
[2018.03.05-16.19.05:343][ 29]LogModuleManager: Shutting down and abandoning module SimplygonMeshReduction (157)
[2018.03.05-16.19.05:343][ 29]LogModuleManager: Shutting down and abandoning module QuadricMeshReduction (155)
[2018.03.05-16.19.05:343][ 29]LogModuleManager: Shutting down and abandoning module MaterialBaking (151)
[2018.03.05-16.19.05:343][ 29]LogModuleManager: Shutting down and abandoning module LevelSequence (148)
[2018.03.05-16.19.05:343][ 29]LogModuleManager: Shutting down and abandoning module DirectoryWatcher (146)
[2018.03.05-16.19.05:344][ 29]LogModuleManager: Shutting down and abandoning module DerivedDataCache (144)
[2018.03.05-16.19.05:378][ 29]LogDerivedDataCache: Shutdown
[2018.03.05-16.19.05:378][ 29]LogModuleManager: Shutting down and abandoning module TargetPlatform (142)
[2018.03.05-16.19.05:378][ 29]LogModuleManager: Shutting down and abandoning module VulkanShaderFormat (141)
[2018.03.05-16.19.05:378][ 29]LogModuleManager: Shutting down and abandoning module ShaderFormatVectorVM (139)
[2018.03.05-16.19.05:378][ 29]LogModuleManager: Shutting down and abandoning module ShaderFormatOpenGL (137)
[2018.03.05-16.19.05:378][ 29]LogModuleManager: Shutting down and abandoning module ShaderFormatD3D (135)
[2018.03.05-16.19.05:378][ 29]LogModuleManager: Shutting down and abandoning module MetalShaderFormat (133)
[2018.03.05-16.19.05:379][ 29]LogModuleManager: Shutting down and abandoning module TextureFormatUncompressed (131)
[2018.03.05-16.19.05:379][ 29]LogModuleManager: Shutting down and abandoning module TextureFormatPVR (129)
[2018.03.05-16.19.05:379][ 29]LogModuleManager: Shutting down and abandoning module TextureFormatDXT (127)
[2018.03.05-16.19.05:379][ 29]LogModuleManager: Shutting down and abandoning module TextureFormatIntelISPCTexComp (125)
[2018.03.05-16.19.05:379][ 29]LogModuleManager: Shutting down and abandoning module TextureFormatASTC (123)
[2018.03.05-16.19.05:379][ 29]LogModuleManager: Shutting down and abandoning module ImageWrapper (122)
[2018.03.05-16.19.05:379][ 29]LogModuleManager: Shutting down and abandoning module TextureFormatAndroid (119)
[2018.03.05-16.19.05:379][ 29]LogModuleManager: Shutting down and abandoning module AudioFormatOpus (117)
[2018.03.05-16.19.05:379][ 29]LogModuleManager: Shutting down and abandoning module AudioFormatOgg (115)
[2018.03.05-16.19.05:379][ 29]LogModuleManager: Shutting down and abandoning module AudioFormatADPCM (113)
[2018.03.05-16.19.05:379][ 29]LogModuleManager: Shutting down and abandoning module LinuxTargetPlatform (111)
[2018.03.05-16.19.05:379][ 29]LogModuleManager: Shutting down and abandoning module LinuxServerTargetPlatform (109)
[2018.03.05-16.19.05:379][ 29]LogModuleManager: Shutting down and abandoning module LinuxNoEditorTargetPlatform (107)
[2018.03.05-16.19.05:379][ 29]LogModuleManager: Shutting down and abandoning module LinuxClientTargetPlatform (105)
[2018.03.05-16.19.05:379][ 29]LogModuleManager: Shutting down and abandoning module TVOSTargetPlatform (103)
[2018.03.05-16.19.05:379][ 29]LogModuleManager: Shutting down and abandoning module Messaging (101)
[2018.03.05-16.19.05:379][ 29]LogModuleManager: Shutting down and abandoning module IOSTargetPlatform (99)
[2018.03.05-16.19.05:379][ 29]LogModuleManager: Shutting down and abandoning module HTML5TargetPlatform (97)
[2018.03.05-16.19.05:379][ 29]LogModuleManager: Shutting down and abandoning module Android_PVRTCTargetPlatform (95)
[2018.03.05-16.19.05:379][ 29]LogModuleManager: Shutting down and abandoning module Android_MultiTargetPlatform (93)
[2018.03.05-16.19.05:379][ 29]LogModuleManager: Shutting down and abandoning module Android_ETC2TargetPlatform (91)
[2018.03.05-16.19.05:379][ 29]LogModuleManager: Shutting down and abandoning module Android_ETC1TargetPlatform (89)
[2018.03.05-16.19.05:379][ 29]LogModuleManager: Shutting down and abandoning module Android_DXTTargetPlatform (87)
[2018.03.05-16.19.05:379][ 29]LogModuleManager: Shutting down and abandoning module Android_ATCTargetPlatform (85)
[2018.03.05-16.19.05:379][ 29]LogModuleManager: Shutting down and abandoning module Android_ASTCTargetPlatform (83)
[2018.03.05-16.19.05:379][ 29]LogModuleManager: Shutting down and abandoning module AndroidTargetPlatform (81)
[2018.03.05-16.19.05:379][ 29]LogModuleManager: Shutting down and abandoning module WindowsTargetPlatform (79)
[2018.03.05-16.19.05:379][ 29]LogModuleManager: Shutting down and abandoning module WindowsServerTargetPlatform (77)
[2018.03.05-16.19.05:379][ 29]LogModuleManager: Shutting down and abandoning module WindowsNoEditorTargetPlatform (75)
[2018.03.05-16.19.05:379][ 29]LogModuleManager: Shutting down and abandoning module WindowsClientTargetPlatform (73)
[2018.03.05-16.19.05:379][ 29]LogModuleManager: Shutting down and abandoning module MacTargetPlatform (71)
[2018.03.05-16.19.05:379][ 29]LogModuleManager: Shutting down and abandoning module MacServerTargetPlatform (69)
[2018.03.05-16.19.05:379][ 29]LogModuleManager: Shutting down and abandoning module MacNoEditorTargetPlatform (67)
[2018.03.05-16.19.05:379][ 29]LogModuleManager: Shutting down and abandoning module MacClientTargetPlatform (65)
[2018.03.05-16.19.05:379][ 29]LogModuleManager: Shutting down and abandoning module AllDesktopTargetPlatform (63)
[2018.03.05-16.19.05:379][ 29]LogModuleManager: Shutting down and abandoning module InputCore (60)
[2018.03.05-16.19.05:379][ 29]LogModuleManager: Shutting down and abandoning module Settings (58)
[2018.03.05-16.19.05:380][ 29]LogModuleManager: Shutting down and abandoning module PhysXCooking (56)
[2018.03.05-16.19.05:380][ 29]LogModuleManager: Shutting down and abandoning module SteamVR (54)
[2018.03.05-16.19.05:380][ 29]LogModuleManager: Shutting down and abandoning module OculusHMD (52)
[2018.03.05-16.19.05:380][ 29]LogModuleManager: Shutting down and abandoning module ExampleDeviceProfileSelector (50)
[2018.03.05-16.19.05:380][ 29]LogModuleManager: Shutting down and abandoning module OnlineBlueprintSupport (48)
[2018.03.05-16.19.05:380][ 29]LogModuleManager: Shutting down and abandoning module OnlineSubsystem (44)
[2018.03.05-16.19.05:380][ 29]LogOnline: Display: Unloading online subsystem: NULL
[2018.03.05-16.19.05:380][ 29]LogModuleManager: Shutting down and abandoning module XMPP (43)
[2018.03.05-16.19.05:380][ 29]LogModuleManager: Shutting down and abandoning module HTTP (41)
[2018.03.05-16.19.05:380][ 29]LogHttp: Display: Http module shutting down, but needs to wait on 1 outstanding Http requests:
[2018.03.05-16.19.05:380][ 29]LogHttp: Display: 	verb=[POST] url=[https://datarouter.ol.epicgames.com/datarouter/api/v1/public/data?SessionID=%7B06D65C54-472D-B968-588A-78A532454A8E%7D&AppID=UEEditor.Rocket.Release&AppVersion=4.17.2-3658906%2B%2B%2BUE4%2BRelease-4.17&UserID=60aec9e64294a2f220da1db9b76919a1%7Ccb9ee9768053446fbfeea3ec97ac1edf%7Cb572d0d3-381d-4f92-94a2-e0f98671a83e&AppEnvironment=datacollector-binary&UploadType=eteventstream] status=Processing
[2018.03.05-16.19.05:413][ 29]LogModuleManager: Shutting down and abandoning module SSL (40)
[2018.03.05-16.19.05:416][ 29]LogModuleManager: Shutting down and abandoning module AnimationModifiers (36)
[2018.03.05-16.19.05:416][ 29]LogModuleManager: Shutting down and abandoning module PropertyEditor (35)
[2018.03.05-16.19.05:416][ 29]LogModuleManager: Shutting down and abandoning module AudioEditor (32)
[2018.03.05-16.19.05:416][ 29]LogModuleManager: Shutting down and abandoning module TextureCompressor (30)
[2018.03.05-16.19.05:416][ 29]LogModuleManager: Shutting down and abandoning module ShaderCore (28)
[2018.03.05-16.19.05:416][ 29]LogModuleManager: Shutting down and abandoning module Landscape (26)
[2018.03.05-16.19.05:416][ 29]LogModuleManager: Shutting down and abandoning module SlateRHIRenderer (24)
[2018.03.05-16.19.05:417][ 29]LogModuleManager: Shutting down and abandoning module OpenGLDrv (22)
[2018.03.05-16.19.05:417][ 29]LogModuleManager: Shutting down and abandoning module D3D11RHI (20)
[2018.03.05-16.19.05:417][ 29]LogModuleManager: Shutting down and abandoning module AnimGraphRuntime (18)
[2018.03.05-16.19.05:417][ 29]LogModuleManager: Shutting down and abandoning module Renderer (16)
[2018.03.05-16.19.05:417][ 29]LogModuleManager: Shutting down and abandoning module Engine (14)
[2018.03.05-16.19.05:417][ 29]LogModuleManager: Shutting down and abandoning module CoreUObject (12)
[2018.03.05-16.19.05:417][ 29]LogModuleManager: Shutting down and abandoning module NetworkFile (10)
[2018.03.05-16.19.05:417][ 29]LogModuleManager: Shutting down and abandoning module CookedIterativeFile (8)
[2018.03.05-16.19.05:417][ 29]LogModuleManager: Shutting down and abandoning module StreamingFile (6)
[2018.03.05-16.19.05:418][ 29]LogModuleManager: Shutting down and abandoning module SandboxFile (4)
[2018.03.05-16.19.05:418][ 29]LogModuleManager: Shutting down and abandoning module PakFile (2)
[2018.03.05-16.19.05:420][ 29]LogExit: Exiting.
[2018.03.05-16.19.05:449][ 29]Log file closed, 03/05/18 16:19:05
