Log file open, 03/09/18 12:12:05
LogWindows: Failed to load 'aqProf.dll' (GetLastError=126)
LogWindows: File 'aqProf.dll' does not exist
LogWindows: Failed to load 'VSPerf140.dll' (GetLastError=126)
LogWindows: File 'VSPerf140.dll' does not exist
LogWindows: Failed to load 'VtuneApi.dll' (GetLastError=126)
LogWindows: File 'VtuneApi.dll' does not exist
LogWindows: Failed to load 'VtuneApi32e.dll' (GetLastError=126)
LogWindows: File 'VtuneApi32e.dll' does not exist
LogInit: Display: Running engine for game: Prototype_Group_11
LogPlatformFile: Not using cached read wrapper
LogInit: Display: RandInit(-451947900) SRandInit(-451947900).
LogTaskGraph: Started task graph with 5 named threads and 14 total threads with 3 sets of task threads.
LogStats: Stats thread started at 0.228074
LogD3D11RHI: Aftermath initialized
LogPluginManager: Mounting plugin Paper2D
LogPluginManager: Mounting plugin LightPropagationVolume
LogPluginManager: Mounting plugin CodeLiteSourceCodeAccess
LogPluginManager: Mounting plugin GitSourceControl
LogPluginManager: Mounting plugin KDevelopSourceCodeAccess
LogPluginManager: Mounting plugin NullSourceCodeAccess
LogPluginManager: Mounting plugin PerforceSourceControl
LogPluginManager: Mounting plugin SubversionSourceControl
LogPluginManager: Mounting plugin UObjectPlugin
LogPluginManager: Mounting plugin VisualStudioSourceCodeAccess
LogPluginManager: Mounting plugin XCodeSourceCodeAccess
LogPluginManager: Mounting plugin AssetManagerEditor
LogPluginManager: Mounting plugin AudioCapture
LogPluginManager: Mounting plugin FacialAnimation
LogPluginManager: Mounting plugin GameplayTagsEditor
LogPluginManager: Mounting plugin MobileLauncherProfileWizard
LogPluginManager: Mounting plugin PluginBrowser
LogPluginManager: Mounting plugin SpeedTreeImporter
LogPluginManager: Mounting plugin AlembicImporter
LogPluginManager: Mounting plugin CharacterAI
LogPluginManager: Mounting plugin HTML5Networking
LogPluginManager: Mounting plugin AndroidMedia
LogPluginManager: Mounting plugin AvfMedia
LogPluginManager: Mounting plugin MediaPlayerEditor
LogPluginManager: Mounting plugin WmfMedia
LogPluginManager: Mounting plugin TcpMessaging
LogPluginManager: Mounting plugin UdpMessaging
LogPluginManager: Mounting plugin LevelSequenceEditor
LogPluginManager: Mounting plugin MatineeToLevelSequence
LogPluginManager: Mounting plugin OnlineSubsystemGooglePlay
LogPluginManager: Mounting plugin OnlineSubsystemIOS
LogPluginManager: Mounting plugin OnlineSubsystem
LogPluginManager: Mounting plugin OnlineSubsystemNull
LogPluginManager: Mounting plugin OnlineSubsystemUtils
LogPluginManager: Mounting plugin AndroidDeviceProfileSelector
LogPluginManager: Mounting plugin AndroidMoviePlayer
LogPluginManager: Mounting plugin AndroidPermission
LogPluginManager: Mounting plugin AppleMoviePlayer
LogPluginManager: Mounting plugin ArchVisCharacter
LogPluginManager: Mounting plugin CableComponent
LogPluginManager: Mounting plugin CustomMeshComponent
LogPluginManager: Mounting plugin ExampleDeviceProfileSelector
LogPluginManager: Mounting plugin GoogleCloudMessaging
LogPluginManager: Mounting plugin ImmediatePhysics
LogPluginManager: Mounting plugin IOSDeviceProfileSelector
LogPluginManager: Mounting plugin LinuxDeviceProfileSelector
LogPluginManager: Mounting plugin LocationServicesBPLibrary
LogPluginManager: Mounting plugin MobilePatchingUtils
LogPluginManager: Mounting plugin OculusVR
LogPluginManager: Mounting plugin PhysXVehicles
LogPluginManager: Mounting plugin ProceduralMeshComponent
LogPluginManager: Mounting plugin RuntimePhysXCooking
LogPluginManager: Mounting plugin SteamVR
LogPluginManager: Mounting plugin WindowsMoviePlayer
LogInit: Using libcurl 7.47.1
LogInit:  - built for x86_64-pc-win32
LogInit:  - supports SSL with OpenSSL/1.0.2g
LogInit:  - supports HTTP deflate (compression) using libz 1.2.8
LogInit:  - other features:
LogInit:      CURL_VERSION_SSL
LogInit:      CURL_VERSION_LIBZ
LogInit:      CURL_VERSION_IPV6
LogInit:      CURL_VERSION_ASYNCHDNS
LogInit:      CURL_VERSION_LARGEFILE
LogInit:      CURL_VERSION_IDN
LogInit:  CurlRequestOptions (configurable via config and command line):
LogInit:  - bVerifyPeer = false  - Libcurl will NOT verify peer certificate
LogInit:  - bUseHttpProxy = false  - Libcurl will NOT use HTTP proxy
LogInit:  - bDontReuseConnections = false  - Libcurl will reuse connections
LogInit:  - CertBundlePath = nullptr  - Libcurl will use whatever was configured at build time.
LogInit: Build: ++UE4+Release-4.17-CL-3658906
LogInit: Engine Version: 4.17.2-3658906+++UE4+Release-4.17
LogInit: Compatible Engine Version: 4.17.0-3573198+++UE4+Release-4.17
LogInit: Net CL: 3573198
LogDevObjectVersion: Number of dev versions registered: 16
LogDevObjectVersion:   Dev-Blueprints (B0D832E4-1F89-4F0D-ACCF-7EB736FD4AA2): 10
LogDevObjectVersion:   Dev-Build (E1C64328-A22C-4D53-A36C-8E866417BD8C): 0
LogDevObjectVersion:   Dev-Core (375EC13C-06E4-48FB-B500-84F0262A717E): 2
LogDevObjectVersion:   Dev-Editor (E4B068ED-F494-42E9-A231-DA0B2E46BB41): 20
LogDevObjectVersion:   Dev-Framework (CFFC743F-43B0-4480-9391-14DF171D2073): 28
LogDevObjectVersion:   Dev-Mobile (B02B49B5-BB20-44E9-A304-32B752E40360): 0
LogDevObjectVersion:   Dev-Networking (A4E4105C-59A1-49B5-A7C5-40C4547EDFEE): 0
LogDevObjectVersion:   Dev-Online (39C831C9-5AE6-47DC-9A44-9C173E1C8E7C): 0
LogDevObjectVersion:   Dev-Physics (78F01B33-EBEA-4F98-B9B4-84EACCB95AA2): 0
LogDevObjectVersion:   Dev-Platform (6631380F-2D4D-43E0-8009-CF276956A95A): 0
LogDevObjectVersion:   Dev-Rendering (12F88B9F-8875-4AFC-A67C-D90C383ABD29): 19
LogDevObjectVersion:   Dev-Sequencer (7B5AE74C-D270-4C10-A958-57980B212A5A): 4
LogDevObjectVersion:   Dev-VR (D7296918-1DD6-4BDD-9DE2-64A83CC13884): 0
LogDevObjectVersion:   Dev-LoadTimes (C2A15278-BFE7-4AFE-6C17-90FF531DF755): 1
LogDevObjectVersion:   Private-Geometry (6EACA3D4-40EC-4CC1-B786-8BED09428FC5): 1
LogDevObjectVersion:   Dev-AnimPhys (29E575DD-E0A3-4627-9D10-D276232CDCEA): 7
LogInit: Compiled (64-bit): Sep 22 2017 13:47:16
LogInit: Compiled with Visual C++: 19.00.24215.01
LogInit: Build Configuration: Development
LogInit: Branch Name: ++UE4+Release-4.17
LogInit: Command line:  
LogInit: Base directory: C:/Program Files/Epic Games/UE_4.17/Engine/Binaries/Win64/
LogInit: Installed Engine Build: 1
LogInit: Presizing for max 8388607 objects, including 0 objects not considered by GC, pre-allocating 0 bytes for permanent pool.
LogInit: Object subsystem initialized
[2018.03.09-12.12.07:253][  0]LogInit: Selected Device Profile: [Windows]
[2018.03.09-12.12.07:253][  0]LogInit: Applying CVar settings loaded from the selected device profile: [Windows]
[2018.03.09-12.12.07:305][  0]LogInit: Computer: TYLER-PC
[2018.03.09-12.12.07:305][  0]LogInit: User: Tyler
[2018.03.09-12.12.07:305][  0]LogInit: CPU Page size=4096, Cores=4
[2018.03.09-12.12.07:305][  0]LogInit: High frequency timer resolution =3.418042 MHz
[2018.03.09-12.12.07:305][  0]LogMemory: Memory total: Physical=3.9GB (4GB approx)
[2018.03.09-12.12.07:305][  0]LogMemory: Platform Memory Stats for Windows
[2018.03.09-12.12.07:305][  0]LogMemory: Process Physical Memory: 279.35 MB used, 279.35 MB peak
[2018.03.09-12.12.07:305][  0]LogMemory: Process Virtual Memory: 282.20 MB used, 282.20 MB peak
[2018.03.09-12.12.07:305][  0]LogMemory: Physical Memory: 2562.70 MB used,  1481.62 MB free, 4044.32 MB total
[2018.03.09-12.12.07:305][  0]LogMemory: Virtual Memory: 710.12 MB used,  1481.62 MB free, 134217728.00 MB total
[2018.03.09-12.12.07:712][  0]LogInit: Using OS detected language (en-GB).
[2018.03.09-12.12.07:712][  0]LogInit: Using OS detected locale (en-GB).
[2018.03.09-12.12.07:784][  0]LogTextLocalizationManager: No specific localization for 'en-GB' exists, so the 'en' localization will be used.
[2018.03.09-12.12.11:625][  0]LogD3D11RHI: D3D11 adapters:
[2018.03.09-12.12.11:689][  0]LogD3D11RHI:    0. 'NVIDIA GeForce GTX 980' (Feature Level 11_0)
[2018.03.09-12.12.11:689][  0]LogD3D11RHI:       4053/0/2022 MB DedicatedVideo/DedicatedSystem/SharedSystem, Outputs:1, VendorId:0x10de
[2018.03.09-12.12.11:692][  0]LogD3D11RHI:    1. 'Microsoft Basic Render Driver' (Feature Level 11_0)
[2018.03.09-12.12.11:692][  0]LogD3D11RHI:       0/0/2022 MB DedicatedVideo/DedicatedSystem/SharedSystem, Outputs:0, VendorId:0x1414
[2018.03.09-12.12.11:692][  0]LogD3D11RHI: Chosen D3D11 Adapter: 0
[2018.03.09-12.12.11:704][  0]LogD3D11RHI: Creating new Direct3DDevice
[2018.03.09-12.12.11:705][  0]LogD3D11RHI:     GPU DeviceId: 0x13c0 (for the marketing name, search the web for "GPU Device Id")
[2018.03.09-12.12.11:705][  0]LogWindows: EnumDisplayDevices:
[2018.03.09-12.12.11:705][  0]LogWindows:    0. 'NVIDIA GeForce GTX 980' (P:1 D:1)
[2018.03.09-12.12.11:705][  0]LogWindows:    1. 'NVIDIA GeForce GTX 980' (P:0 D:0)
[2018.03.09-12.12.11:705][  0]LogWindows:    2. 'NVIDIA GeForce GTX 980' (P:0 D:0)
[2018.03.09-12.12.11:705][  0]LogWindows:    3. 'NVIDIA GeForce GTX 980' (P:0 D:0)
[2018.03.09-12.12.11:706][  0]LogWindows: DebugString: GetVideoDriverDetailsInvalid PrimaryIsNotTheChoosenAdapter GetVideoDriverDetailsInvalid PrimaryIsNotTheChoosenAdapter GetVideoDriverDetailsInvalid PrimaryIsNotTheChoosenAdapter GetVideoDriverDetailsInvalid PrimaryIsNotTheChoosenAdapter FoundDriverCount:0 
[2018.03.09-12.12.11:706][  0]LogD3D11RHI:     Adapter Name: NVIDIA GeForce GTX 980
[2018.03.09-12.12.11:706][  0]LogD3D11RHI:   Driver Version: Unknown (internal:Unknown, unified:Unknown)
[2018.03.09-12.12.11:706][  0]LogD3D11RHI:      Driver Date: Unknown
[2018.03.09-12.12.11:706][  0]LogRHI: Texture pool is 1361 MB (70% of 1945 MB)
[2018.03.09-12.12.11:752][  0]LogD3D11RHI: Async texture creation enabled
[2018.03.09-12.12.11:784][  0]LogD3D11RHI: GPU Timing Frequency: 1000.000000 (Debug: 2 2)
[2018.03.09-12.12.11:833][  0]LogShaderCompilers: Guid format shader working directory is -45 characters bigger than the processId version (../../../../../../Users/Tyler/Documents/GitHub/mgp-mgp-group-11/Development/Unreal Project/Intermediate/Shaders/WorkingDirectory/13832/).
[2018.03.09-12.12.11:834][  0]LogShaderCompilers: Cleaned the shader compiler working directory 'C:/Users/Tyler/AppData/Local/Temp/UnrealShaderWorkingDir/DA661043478DC120EBFF31A338923375/'.
[2018.03.09-12.12.11:834][  0]LogShaderCompilers: Display: Using Local Shader Compiler.
[2018.03.09-12.12.14:815][  0]LogTemp: Display: Loaded TP AllDesktopTargetPlatform
[2018.03.09-12.12.14:926][  0]LogTemp: Display: Loaded TP MacClientTargetPlatform
[2018.03.09-12.12.15:031][  0]LogTemp: Display: Loaded TP MacNoEditorTargetPlatform
[2018.03.09-12.12.15:140][  0]LogTemp: Display: Loaded TP MacServerTargetPlatform
[2018.03.09-12.12.15:259][  0]LogTemp: Display: Loaded TP MacTargetPlatform
[2018.03.09-12.12.15:372][  0]LogTemp: Display: Loaded TP WindowsClientTargetPlatform
[2018.03.09-12.12.15:481][  0]LogTemp: Display: Loaded TP WindowsNoEditorTargetPlatform
[2018.03.09-12.12.15:588][  0]LogTemp: Display: Loaded TP WindowsServerTargetPlatform
[2018.03.09-12.12.15:688][  0]LogTemp: Display: Loaded TP WindowsTargetPlatform
[2018.03.09-12.12.15:798][  0]LogTemp: Display: Loaded TP AndroidTargetPlatform
[2018.03.09-12.12.15:904][  0]LogTemp: Display: Loaded TP Android_ASTCTargetPlatform
[2018.03.09-12.12.16:006][  0]LogTemp: Display: Loaded TP Android_ATCTargetPlatform
[2018.03.09-12.12.16:119][  0]LogTemp: Display: Loaded TP Android_DXTTargetPlatform
[2018.03.09-12.12.16:219][  0]LogTemp: Display: Loaded TP Android_ETC1TargetPlatform
[2018.03.09-12.12.16:331][  0]LogTemp: Display: Loaded TP Android_ETC2TargetPlatform
[2018.03.09-12.12.16:542][  0]LogTemp: Display: Loaded TP Android_MultiTargetPlatform
[2018.03.09-12.12.16:542][  0]LogTemp: Display: Loaded TP Android_PVRTCTargetPlatform
[2018.03.09-12.12.16:626][  0]LogTemp: Display: Loaded TP HTML5TargetPlatform
[2018.03.09-12.12.16:806][  0]LogTemp: Display: Loaded TP IOSTargetPlatform
[2018.03.09-12.12.16:869][  0]LogTemp: Display: Loaded TP TVOSTargetPlatform
[2018.03.09-12.12.16:973][  0]LogTemp: Display: Loaded TP LinuxClientTargetPlatform
[2018.03.09-12.12.17:078][  0]LogTemp: Display: Loaded TP LinuxNoEditorTargetPlatform
[2018.03.09-12.12.17:180][  0]LogTemp: Display: Loaded TP LinuxServerTargetPlatform
[2018.03.09-12.12.17:292][  0]LogTemp: Display: Loaded TP LinuxTargetPlatform
[2018.03.09-12.12.17:292][  0]LogTargetPlatformManager: Display: Building Assets For Windows
[2018.03.09-12.12.18:418][  0]LogDerivedDataCache: Display: Max Cache Size: 512 MB
[2018.03.09-12.12.19:124][  0]LogDerivedDataCache: Loaded boot cache 0.71s 93MB C:/Users/Tyler/AppData/Local/UnrealEngine/4.17/DerivedDataCache/Boot.ddc.
[2018.03.09-12.12.19:125][  0]LogDerivedDataCache: Display: Loaded Boot cache: C:/Users/Tyler/AppData/Local/UnrealEngine/4.17/DerivedDataCache/Boot.ddc
[2018.03.09-12.12.19:125][  0]LogDerivedDataCache: FDerivedDataBackendGraph:  Pak pak cache file ../../../../../../Users/Tyler/Documents/GitHub/mgp-mgp-group-11/Development/Unreal Project/DerivedDataCache/DDC.ddp not found, will not use a pak cache.
[2018.03.09-12.12.19:125][  0]LogDerivedDataCache: Unable to find inner node Pak for hierarchical cache Hierarchy.
[2018.03.09-12.12.19:125][  0]LogDerivedDataCache: FDerivedDataBackendGraph:  CompressedPak pak cache file ../../../../../../Users/Tyler/Documents/GitHub/mgp-mgp-group-11/Development/Unreal Project/DerivedDataCache/Compressed.ddp not found, will not use a pak cache.
[2018.03.09-12.12.19:125][  0]LogDerivedDataCache: Unable to find inner node CompressedPak for hierarchical cache Hierarchy.
[2018.03.09-12.12.19:155][  0]LogDerivedDataCache: Display: Pak cache opened for reading ../../../Engine/DerivedDataCache/Compressed.ddp.
[2018.03.09-12.12.19:169][  0]LogDerivedDataCache: Using Local data cache path C:/Users/Tyler/AppData/Local/UnrealEngine/Common/DerivedDataCache: Writable
[2018.03.09-12.12.19:188][  0]LogMaterial: Verifying Global Shaders for PCD3D_SM5
[2018.03.09-12.12.19:191][  0]LogSlate: Using Freetype 2.6.0
[2018.03.09-12.12.19:202][  0]LogSlate: SlateFontCache - WITH_FREETYPE: 1, WITH_HARFBUZZ: 1
[2018.03.09-12.12.19:202][  0]LogSlate: SlateFontCache - WITH_FREETYPE: 1, WITH_HARFBUZZ: 1
[2018.03.09-12.12.20:463][  0]LogAssetRegistry: FAssetRegistry took 0.0298 seconds to start up
[2018.03.09-12.12.20:724][  0]LogInit: Selected Device Profile: [Windows]
[2018.03.09-12.12.21:425][  0]LogContentStreaming: Texture pool size is 0.00 MB
[2018.03.09-12.12.22:098][  0]LogSimplygon: Simplygon DLL not present - disabling.
[2018.03.09-12.12.22:202][  0]LogMeshReduction: Using SimplygonSwarm for distributed automatic mesh merging
[2018.03.09-12.12.22:203][  0]LogMeshReduction: Using QuadricMeshReduction for automatic static mesh reduction
[2018.03.09-12.12.22:203][  0]LogMeshReduction: No automatic skeletal mesh reduction module available
[2018.03.09-12.12.22:203][  0]LogMeshReduction: No automatic mesh merging module available
[2018.03.09-12.12.22:203][  0]LogMeshMerging: No automatic mesh merging module available
[2018.03.09-12.12.23:509][  0]LogNetVersion: Prototype_Group_11 , NetCL: 3573198, EngineNetVer: 2, GameNetVer: 0 (Checksum: 3139247147)
[2018.03.09-12.12.24:294][  0]LogPackageLocalizationCache: Processed 5 localized package path(s) for 2 prioritized culture(s) in 0.108304 seconds
[2018.03.09-12.12.24:305][  0]LogUObjectArray: 35825 objects as part of root set at end of initial load.
[2018.03.09-12.12.24:305][  0]LogUObjectAllocator: 7529112 out of 0 bytes used by permanent object pool.
[2018.03.09-12.12.24:306][  0]LogUObjectArray: CloseDisregardForGC: 0/0 objects in disregard for GC pool
[2018.03.09-12.12.24:453][  0]LogInit: WinSock: version 1.1 (2.2), MaxSocks=32767, MaxUdp=65467
[2018.03.09-12.12.33:635][  0]LogTcpMessaging: Initializing TcpMessaging bridge
[2018.03.09-12.12.33:715][  0]LogUdpMessaging: Initializing bridge on interface 0.0.0.0:0 to multicast group 230.0.0.1:6666.
[2018.03.09-12.12.35:227][  0]LogMaterial: Uniform references updated for custom material expression Custom.
[2018.03.09-12.12.36:227][  0]SourceControl: Source control is disabled
[2018.03.09-12.12.38:867][  0]LogAndroidPermission: UAndroidPermissionCallbackProxy::GetInstance
[2018.03.09-12.12.39:402][  0]LogOcInput: OculusInput pre-init called
[2018.03.09-12.12.40:024][  0]LogEngine: Initializing Engine...
[2018.03.09-12.12.40:267][  0]LogHMD: Failed to initialize OpenVR with code 100
[2018.03.09-12.12.41:062][  0]LogStats: UGameplayTagsManager::ConstructGameplayTagTree: Construct from data asset -  0.000 s
[2018.03.09-12.12.41:063][  0]LogStats: UGameplayTagsManager::ConstructGameplayTagTree: GameplayTagTreeChangedEvent.Broadcast -  0.000 s
[2018.03.09-12.12.41:355][  0]LogAIModule: Creating AISystem for world Untitled
[2018.03.09-12.12.41:377][  0]LogInit: XAudio2 using 'Headset Earphone (3- Corsair VOID Wireless Gaming Dongle)' : 2 channels at 48 kHz using 16 bits per sample (channel mask 0x3)
[2018.03.09-12.12.41:401][  0]LogInit: FAudioDevice initialized.
[2018.03.09-12.12.41:578][  0]LogDerivedDataCache: Saved boot cache 0.18s 93MB C:/Users/Tyler/AppData/Local/UnrealEngine/4.17/DerivedDataCache/Boot.ddc.
[2018.03.09-12.12.41:655][  0]LogInit: Texture streaming: Enabled
[2018.03.09-12.12.42:064][  0]LogEngineSessionManager: EngineSessionManager initialized
[2018.03.09-12.12.42:603][  0]LogInit: Transaction tracking system initialized
[2018.03.09-12.12.43:378][  0]BlueprintLog: New page: Editor Load
[2018.03.09-12.12.45:436][  0]LocalizationService: Localization service is disabled
[2018.03.09-12.12.47:111][  0]LogConsoleResponse: Display: 
[2018.03.09-12.12.47:859][  0]LogCook: Display: Max memory allowance for cook 16384mb min free memory 0mb
[2018.03.09-12.12.47:859][  0]LogCook: Display: Mobile HDR setting 1
[2018.03.09-12.12.47:860][  0]LogFileCache: Scanning file cache for directory 'C:/Users/Tyler/Documents/GitHub/mgp-mgp-group-11/Development/Unreal Project/Content/' took 0.02s
[2018.03.09-12.12.47:860][  0]LogGameplayTags: Display: UGameplayTagsManager::DoneAddingNativeTags. DelegateIsBound: 0
[2018.03.09-12.12.50:439][  0]Cmd: MAP LOAD FILE="../../../../../../Users/Tyler/Documents/GitHub/mgp-mgp-group-11/Development/Unreal Project/Content/Levels/MainMenu.umap" TEMPLATE=0 SHOWPROGRESS=1 FEATURELEVEL=3
[2018.03.09-12.12.50:449][  0]LightingResults: New page: Lighting Build
[2018.03.09-12.12.50:545][  0]MapCheck: New page: Map Check
[2018.03.09-12.12.50:545][  0]LightingResults: New page: Lighting Build
[2018.03.09-12.12.51:487][  0]LogAIModule: Creating AISystem for world MainMenu
[2018.03.09-12.12.51:495][  0]LogEditorServer: Finished looking for orphan Actors (0.000 secs)
[2018.03.09-12.12.51:544][  0]Cmd: MAP CHECKDEP NOCLEARLOG
[2018.03.09-12.12.51:643][  0]MapCheck: Map check complete: 0 Error(s), 0 Warning(s), took 98.771ms to complete.
[2018.03.09-12.12.51:643][  0]LogFileHelpers: Loading map 'MainMenu' took 1.204
[2018.03.09-12.12.51:971][  0]LogCollectionManager: Loaded 0 collections in 0.003572 seconds
[2018.03.09-12.12.52:133][  0]LogFileCache: Scanning file cache for directory 'C:/Users/Tyler/Documents/GitHub/mgp-mgp-group-11/Development/Unreal Project/Saved/Collections/' took 0.01s
[2018.03.09-12.12.52:133][  0]LogFileCache: Scanning file cache for directory 'C:/Users/Tyler/Documents/GitHub/mgp-mgp-group-11/Development/Unreal Project/Content/Developers/Tyler/Collections/' took 0.01s
[2018.03.09-12.12.52:133][  0]LogFileCache: Scanning file cache for directory 'C:/Users/Tyler/Documents/GitHub/mgp-mgp-group-11/Development/Unreal Project/Content/Collections/' took 0.01s
[2018.03.09-12.12.52:133][  0]LogCollectionManager: Rebuilt the GUID cache for 0 collections in 0.000001 seconds
[2018.03.09-12.12.52:156][  0]LogContentBrowser: Native class hierarchy populated in 0.0204 seconds. Added 2386 classes and 500 folders.
[2018.03.09-12.12.52:301][  0]LogContentBrowser: Native class hierarchy updated for 'WidgetCarousel' in 0.0010 seconds. Added 0 classes and 0 folders.
[2018.03.09-12.12.52:863][  0]LogContentBrowser: Native class hierarchy updated for 'AddContentDialog' in 0.0010 seconds. Added 0 classes and 0 folders.
[2018.03.09-12.12.52:976][  0]LogContentBrowser: Native class hierarchy updated for 'SceneOutliner' in 0.0016 seconds. Added 1 classes and 2 folders.
[2018.03.09-12.12.53:058][  0]LogSlate: Took 0.018194 seconds to synchronously load lazily loaded font '../../../Engine/Content/Slate/Fonts/Roboto-Regular.ttf' (155K)
[2018.03.09-12.12.53:079][  0]LogSlate: Took 0.009425 seconds to synchronously load lazily loaded font '../../../Engine/Content/Slate/Fonts/Roboto-Bold.ttf' (160K)
[2018.03.09-12.12.53:089][  0]LogSlate: Took 0.006633 seconds to synchronously load lazily loaded font '../../../Engine/Content/Editor/Slate/Fonts/FontAwesome.ttf' (139K)
[2018.03.09-12.12.53:203][  0]LogRenderer: Reallocating scene render targets to support 1528x576 Format 10 NumSamples 1 (Frame:1).
[2018.03.09-12.12.53:532][  0]LogContentBrowser: Native class hierarchy updated for 'HierarchicalLODOutliner' in 0.0009 seconds. Added 1 classes and 2 folders.
[2018.03.09-12.12.53:533][  0]LogLoad: (Engine Initialization) Total time: 50.42 seconds
[2018.03.09-12.12.53:533][  0]LogLoad: (Engine Initialization) Total Blueprint compile time: 0.00 seconds
[2018.03.09-12.12.53:534][  0]LogExternalProfiler: No external profilers were discovered.  External profiling features will not be available.
[2018.03.09-12.12.53:923][  0]SourceControl: On branch master
[2018.03.09-12.12.53:924][  0]SourceControl: Your branch is up to date with 'origin/master'.
[2018.03.09-12.12.53:924][  0]SourceControl: Changes to be committed:
[2018.03.09-12.12.53:924][  0]SourceControl:   (use "git reset HEAD <file>..." to unstage)
[2018.03.09-12.12.53:924][  0]SourceControl: 	new file:   Development/Unreal Project/Content/Textures/MainMenuPictures/TitleImage.uasset
[2018.03.09-12.12.53:924][  0]SourceControl: Changes not staged for commit:
[2018.03.09-12.12.53:924][  0]SourceControl:   (use "git add/rm <file>..." to update what will be committed)
[2018.03.09-12.12.53:924][  0]SourceControl:   (use "git checkout -- <file>..." to discard changes in working directory)
[2018.03.09-12.12.53:924][  0]SourceControl: 	modified:   Development/Unreal Project/Content/Blueprints/Target.uasset
[2018.03.09-12.12.53:924][  0]SourceControl: 	modified:   Development/Unreal Project/Intermediate/CachedAssetRegistry.bin
[2018.03.09-12.12.53:924][  0]SourceControl: 	modified:   Development/Unreal Project/Saved/Autosaves/Game/Blueprints/Target_Auto2.uasset
[2018.03.09-12.12.53:924][  0]SourceControl: 	modified:   Development/Unreal Project/Saved/Autosaves/PackageRestoreData.json
[2018.03.09-12.12.53:924][  0]SourceControl: 	modified:   Development/Unreal Project/Saved/Config/Windows/Editor.ini
[2018.03.09-12.12.53:924][  0]SourceControl: 	modified:   Development/Unreal Project/Saved/Config/Windows/EditorPerProjectUserSettings.ini
[2018.03.09-12.12.53:924][  0]SourceControl: 	deleted:    Development/Unreal Project/Saved/Logs/Prototype_Group_11-backup-2018.03.05-22.48.10.log
[2018.03.09-12.12.53:924][  0]SourceControl: 	modified:   Development/Unreal Project/Saved/Logs/Prototype_Group_11.log
[2018.03.09-12.12.53:924][  0]SourceControl: Untracked files:
[2018.03.09-12.12.53:924][  0]SourceControl:   (use "git add <file>..." to include in what will be committed)
[2018.03.09-12.12.53:924][  0]SourceControl: 	Development/Unreal Project/Saved/Autosaves/Game/Textures/MainMenuPictures/TitleImage_Auto2.uasset
[2018.03.09-12.12.53:924][  0]SourceControl: 	Development/Unreal Project/Saved/Backup/Target_2018-03-09-11-44-49.uasset
[2018.03.09-12.12.53:924][  0]SourceControl: 	Development/Unreal Project/Saved/Config/CrashReportClient/UE4CC-Windows-E28A18AC4FC6B347B2CA0CB24E8D5291/
[2018.03.09-12.12.53:924][  0]SourceControl: 	Development/Unreal Project/Saved/Logs/Prototype_Group_11-backup-2018.03.09-12.12.05.log
[2018.03.09-12.12.53:926][  0]LogContentStreaming: Texture pool size now 1000 MB
[2018.03.09-12.12.54:017][  0]LogSlate: Took 0.007548 seconds to synchronously load lazily loaded font '../../../Engine/Content/Slate/Fonts/Roboto-Light.ttf' (159K)
[2018.03.09-12.12.54:556][  2]LogAssetRegistry: Asset discovery search completed in 34.1150 seconds
[2018.03.09-12.12.54:568][  2]LogCollectionManager: Rebuilt the object cache for 0 collections in 0.000001 seconds (found 0 objects)
[2018.03.09-12.12.54:568][  2]LogCollectionManager: Fixed up redirectors for 0 collections in 0.000612 seconds (updated 0 objects)
[2018.03.09-12.12.54:893][  3]LogSlate: Took 0.000571 seconds to synchronously load lazily loaded font '../../../Engine/Content/Slate/Fonts/Roboto-Light.ttf' (159K)
[2018.03.09-12.13.20:807][559]LogSlate: Took 0.000459 seconds to synchronously load lazily loaded font '../../../Engine/Content/Slate/Fonts/Roboto-Light.ttf' (159K)
[2018.03.09-12.13.20:860][559]Cmd: MAP LOAD FILE="../../../../../../Users/Tyler/Documents/GitHub/mgp-mgp-group-11/Development/Unreal Project/Content/Levels/MainMenu.umap" TEMPLATE=0 SHOWPROGRESS=1 FEATURELEVEL=3
[2018.03.09-12.13.20:861][559]LightingResults: New page: Lighting Build
[2018.03.09-12.13.20:862][559]LoadErrors: New page: Loading map: MainMenu.umap
[2018.03.09-12.13.20:865][559]MapCheck: New page: Map Check
[2018.03.09-12.13.20:865][559]LightingResults: New page: Lighting Build
[2018.03.09-12.13.20:946][559]LogAIModule: Creating AISystem for world MainMenu
[2018.03.09-12.13.20:952][559]LogEditorServer: Finished looking for orphan Actors (0.000 secs)
[2018.03.09-12.13.21:080][559]Cmd: MAP CHECKDEP NOCLEARLOG
[2018.03.09-12.13.21:180][559]MapCheck: Map check complete: 0 Error(s), 0 Warning(s), took 99.527ms to complete.
[2018.03.09-12.13.21:182][559]LogFileHelpers: Loading map 'MainMenu' took 0.324
[2018.03.09-12.13.21:881][632]LogTemp: Repeating last play command: New Editor Window (PIE)
[2018.03.09-12.13.21:962][632]LogBlueprintUserMessages: Early PlayInEditor Detection: Level '/Game/Levels/MainMenu.MainMenu:PersistentLevel' has LevelScriptBlueprint '/Game/Levels/MainMenu.MainMenu:PersistentLevel.MainMenu' with GeneratedClass '/Game/Levels/MainMenu.MainMenu_C' with ClassGeneratedBy '/Game/Levels/MainMenu.MainMenu:PersistentLevel.MainMenu'
[2018.03.09-12.13.21:963][632]LogPlayLevel: PlayLevel: No blueprints needed recompiling
[2018.03.09-12.13.21:966][632]PIE: New page: PIE session: MainMenu (9 Mar 2018 12:13:21)
[2018.03.09-12.13.21:966][632]LogPlayLevel: Creating play world package: /Game/Levels/UEDPIE_0_MainMenu
[2018.03.09-12.13.21:972][632]LogPlayLevel: PIE: StaticDuplicateObject took: (0.005093s)
[2018.03.09-12.13.21:974][632]LogAIModule: Creating AISystem for world MainMenu
[2018.03.09-12.13.21:974][632]LogPlayLevel: PIE: World Init took: (0.002508s)
[2018.03.09-12.13.21:976][632]LogPlayLevel: PIE: Created PIE world by copying editor world from /Game/Levels/MainMenu.MainMenu to /Game/Levels/UEDPIE_0_MainMenu.MainMenu (0.009741s)
[2018.03.09-12.13.22:018][632]LogInit: XAudio2 using 'Headset Earphone (3- Corsair VOID Wireless Gaming Dongle)' : 2 channels at 48 kHz using 16 bits per sample (channel mask 0x3)
[2018.03.09-12.13.22:029][632]LogInit: FAudioDevice initialized.
[2018.03.09-12.13.22:104][632]LogLoad: Game class is 'BounceGamemode_C'
[2018.03.09-12.13.22:115][632]LogWorld: Bringing World /Game/Levels/UEDPIE_0_MainMenu.MainMenu up for play (max tick rate 0) at 2018.03.09-12.13.22
[2018.03.09-12.13.22:118][632]LogWorld: Bringing up level for play took: 0.003728
[2018.03.09-12.13.22:224][632]LogContentBrowser: Native class hierarchy updated for 'MovieSceneCapture' in 0.0016 seconds. Added 11 classes and 0 folders.
[2018.03.09-12.13.22:270][632]PIE: Play in editor start time for /Game/Levels/UEDPIE_0_MainMenu 0.162
[2018.03.09-12.13.22:271][632]LogBlueprintUserMessages: Late PlayInEditor Detection: Level '/Game/Levels/MainMenu.MainMenu:PersistentLevel' has LevelScriptBlueprint '/Game/Levels/MainMenu.MainMenu:PersistentLevel.MainMenu' with GeneratedClass '/Game/Levels/MainMenu.MainMenu_C' with ClassGeneratedBy '/Game/Levels/MainMenu.MainMenu:PersistentLevel.MainMenu'
[2018.03.09-12.13.22:323][632]LogRenderer: Reallocating scene render targets to support 1528x996 Format 10 NumSamples 1 (Frame:1).
[2018.03.09-12.13.24:111][771]LogBlueprintUserMessages: Early EndPlayMap Detection: Level '/Game/Levels/MainMenu.MainMenu:PersistentLevel' has LevelScriptBlueprint '/Game/Levels/MainMenu.MainMenu:PersistentLevel.MainMenu' with GeneratedClass '/Game/Levels/MainMenu.MainMenu_C' with ClassGeneratedBy '/Game/Levels/MainMenu.MainMenu:PersistentLevel.MainMenu'
[2018.03.09-12.13.24:199][771]LogBlueprintUserMessages: Late EndPlayMap Detection: Level '/Game/Levels/MainMenu.MainMenu:PersistentLevel' has LevelScriptBlueprint '/Game/Levels/MainMenu.MainMenu:PersistentLevel.MainMenu' with GeneratedClass '/Game/Levels/MainMenu.MainMenu_C' with ClassGeneratedBy '/Game/Levels/MainMenu.MainMenu:PersistentLevel.MainMenu'
[2018.03.09-13.09.52:421][967]LogStreaming: Warning: Took 112.41ms to ProcessLoadedPackages
[2018.03.09-14.45.53:569][192]LogTemp: Repeating last play command: New Editor Window (PIE)
[2018.03.09-14.45.53:799][192]LogBlueprintUserMessages: Early PlayInEditor Detection: Level '/Game/Levels/MainMenu.MainMenu:PersistentLevel' has LevelScriptBlueprint '/Game/Levels/MainMenu.MainMenu:PersistentLevel.MainMenu' with GeneratedClass '/Game/Levels/MainMenu.MainMenu_C' with ClassGeneratedBy '/Game/Levels/MainMenu.MainMenu:PersistentLevel.MainMenu'
[2018.03.09-14.45.53:809][192]LogPlayLevel: PlayLevel: No blueprints needed recompiling
[2018.03.09-14.45.53:838][192]PIE: New page: PIE session: MainMenu (9 Mar 2018 14:45:53)
[2018.03.09-14.45.53:853][192]LogPlayLevel: Creating play world package: /Game/Levels/UEDPIE_0_MainMenu
[2018.03.09-14.45.54:007][192]LogPlayLevel: PIE: StaticDuplicateObject took: (0.149173s)
[2018.03.09-14.45.54:093][192]LogAIModule: Creating AISystem for world MainMenu
[2018.03.09-14.45.54:116][192]LogPlayLevel: PIE: World Init took: (0.108837s)
[2018.03.09-14.45.54:123][192]LogPlayLevel: PIE: Created PIE world by copying editor world from /Game/Levels/MainMenu.MainMenu to /Game/Levels/UEDPIE_0_MainMenu.MainMenu (0.272409s)
[2018.03.09-14.45.54:257][192]LogInit: XAudio2 using 'Headset Earphone (3- Corsair VOID Wireless Gaming Dongle)' : 2 channels at 48 kHz using 16 bits per sample (channel mask 0x3)
[2018.03.09-14.45.54:280][192]LogInit: FAudioDevice initialized.
[2018.03.09-14.45.54:415][192]LogLoad: Game class is 'BounceGamemode_C'
[2018.03.09-14.45.54:469][192]LogWorld: Bringing World /Game/Levels/UEDPIE_0_MainMenu.MainMenu up for play (max tick rate 0) at 2018.03.09-14.45.54
[2018.03.09-14.45.54:474][192]LogWorld: Bringing up level for play took: 0.044187
[2018.03.09-14.45.54:597][192]PIE: Play in editor start time for /Game/Levels/UEDPIE_0_MainMenu 0.488
[2018.03.09-14.45.54:630][192]LogBlueprintUserMessages: Late PlayInEditor Detection: Level '/Game/Levels/MainMenu.MainMenu:PersistentLevel' has LevelScriptBlueprint '/Game/Levels/MainMenu.MainMenu:PersistentLevel.MainMenu' with GeneratedClass '/Game/Levels/MainMenu.MainMenu_C' with ClassGeneratedBy '/Game/Levels/MainMenu.MainMenu:PersistentLevel.MainMenu'
[2018.03.09-14.45.59:204][511]LogNet: Browse: /Game/Levels/Level1
[2018.03.09-14.45.59:206][511]LogLoad: LoadMap: /Game/Levels/Level1
[2018.03.09-14.45.59:263][511]Cmd: MEM
[2018.03.09-14.45.59:309][511]LogMemory: Platform Memory Stats for Windows
[2018.03.09-14.45.59:310][511]LogMemory: Process Physical Memory: 320.81 MB used, 1207.39 MB peak
[2018.03.09-14.45.59:310][511]LogMemory: Process Virtual Memory: 1572.96 MB used, 1691.84 MB peak
[2018.03.09-14.45.59:310][511]LogMemory: Physical Memory: 2603.35 MB used,  1440.97 MB free, 4044.32 MB total
[2018.03.09-14.45.59:310][511]LogMemory: Virtual Memory: 2520.76 MB used,  1440.97 MB free, 134217728.00 MB total
[2018.03.09-14.45.59:310][511]LogMemory: 
[2018.03.09-14.45.59:310][511]Allocator Stats for TBB: (not implemented)
[2018.03.09-14.45.59:776][511]LogBlueprint: Warning: [Cannon] 'TimerImage' variable not found. Base class was probably changed.
[2018.03.09-14.46.02:316][511]LogAIModule: Creating AISystem for world Level1
[2018.03.09-14.46.02:317][511]LogLoad: Game class is 'BounceGamemode_C'
[2018.03.09-14.46.02:371][511]LogWorld: Bringing World /Game/Levels/UEDPIE_0_Level1.Level1 up for play (max tick rate 0) at 2018.03.09-14.46.02
[2018.03.09-14.46.02:372][511]LogWorld: Bringing up level for play took: 0.052825
[2018.03.09-14.46.02:376][511]LogLoad: Took 3.170107 seconds to LoadMap(/Game/Levels/Level1)
[2018.03.09-14.46.40:046][864]LogNet: Browse: /Game/Levels/Level2
[2018.03.09-14.46.40:046][864]LogLoad: LoadMap: /Game/Levels/Level2
[2018.03.09-14.46.40:096][864]Cmd: MEM
[2018.03.09-14.46.40:138][864]LogMemory: Platform Memory Stats for Windows
[2018.03.09-14.46.40:138][864]LogMemory: Process Physical Memory: 479.61 MB used, 1207.39 MB peak
[2018.03.09-14.46.40:138][864]LogMemory: Process Virtual Memory: 1703.15 MB used, 1874.11 MB peak
[2018.03.09-14.46.40:138][864]LogMemory: Physical Memory: 2716.00 MB used,  1328.32 MB free, 4044.32 MB total
[2018.03.09-14.46.40:138][864]LogMemory: Virtual Memory: 2693.64 MB used,  1328.32 MB free, 134217728.00 MB total
[2018.03.09-14.46.40:138][864]LogMemory: 
[2018.03.09-14.46.40:138][864]Allocator Stats for TBB: (not implemented)
[2018.03.09-14.46.40:644][864]LogAIModule: Creating AISystem for world Level2
[2018.03.09-14.46.40:646][864]LogLoad: Game class is 'BounceGamemode_C'
[2018.03.09-14.46.40:706][864]LogWorld: Bringing World /Game/Levels/UEDPIE_0_Level2.Level2 up for play (max tick rate 0) at 2018.03.09-14.46.40
[2018.03.09-14.46.40:707][864]LogWorld: Bringing up level for play took: 0.057705
[2018.03.09-14.46.40:709][864]LogLoad: Took 0.662910 seconds to LoadMap(/Game/Levels/Level2)
[2018.03.09-14.47.54:972][784]LogNet: Browse: /Game/Levels/MainMenu
[2018.03.09-14.47.54:974][784]LogLoad: LoadMap: /Game/Levels/MainMenu
[2018.03.09-14.47.55:024][784]Cmd: MEM
[2018.03.09-14.47.55:066][784]LogMemory: Platform Memory Stats for Windows
[2018.03.09-14.47.55:066][784]LogMemory: Process Physical Memory: 480.73 MB used, 1207.39 MB peak
[2018.03.09-14.47.55:066][784]LogMemory: Process Virtual Memory: 1694.12 MB used, 1874.11 MB peak
[2018.03.09-14.47.55:066][784]LogMemory: Physical Memory: 2747.35 MB used,  1296.97 MB free, 4044.32 MB total
[2018.03.09-14.47.55:066][784]LogMemory: Virtual Memory: 2653.64 MB used,  1296.97 MB free, 134217728.00 MB total
[2018.03.09-14.47.55:066][784]LogMemory: 
[2018.03.09-14.47.55:066][784]Allocator Stats for TBB: (not implemented)
[2018.03.09-14.47.55:067][784]LogPlayLevel: Creating play world package: /Game/Levels/UEDPIE_0_MainMenu
[2018.03.09-14.47.55:069][784]LogPlayLevel: PIE: StaticDuplicateObject took: (0.002226s)
[2018.03.09-14.47.55:070][784]LogAIModule: Creating AISystem for world MainMenu
[2018.03.09-14.47.55:071][784]LogPlayLevel: PIE: World Init took: (0.001580s)
[2018.03.09-14.47.55:071][784]LogPlayLevel: PIE: Created PIE world by copying editor world from /Game/Levels/MainMenu.MainMenu to /Game/Levels/UEDPIE_0_MainMenu.MainMenu (0.004488s)
[2018.03.09-14.47.55:071][784]LogLoad: Game class is 'BounceGamemode_C'
[2018.03.09-14.47.55:075][784]LogWorld: Bringing World /Game/Levels/UEDPIE_0_MainMenu.MainMenu up for play (max tick rate 0) at 2018.03.09-14.47.55
[2018.03.09-14.47.55:076][784]LogWorld: Bringing up level for play took: 0.002662
[2018.03.09-14.47.55:077][784]LogGameMode: FindPlayerStart: PATHS NOT DEFINED or NO PLAYERSTART with positive rating
[2018.03.09-14.47.55:093][784]LogLoad: Took 0.118586 seconds to LoadMap(/Game/Levels/UEDPIE_0_MainMenu)
[2018.03.09-14.48.11:115][211]LogBlueprintUserMessages: Early EndPlayMap Detection: Level '/Game/Levels/MainMenu.MainMenu:PersistentLevel' has LevelScriptBlueprint '/Game/Levels/MainMenu.MainMenu:PersistentLevel.MainMenu' with GeneratedClass '/Game/Levels/MainMenu.MainMenu_C' with ClassGeneratedBy '/Game/Levels/MainMenu.MainMenu:PersistentLevel.MainMenu'
[2018.03.09-14.48.11:207][211]LogBlueprintUserMessages: Late EndPlayMap Detection: Level '/Game/Levels/MainMenu.MainMenu:PersistentLevel' has LevelScriptBlueprint '/Game/Levels/MainMenu.MainMenu:PersistentLevel.MainMenu' with GeneratedClass '/Game/Levels/MainMenu.MainMenu_C' with ClassGeneratedBy '/Game/Levels/MainMenu.MainMenu:PersistentLevel.MainMenu'
[2018.03.09-14.48.36:685][440]LogTemp: Repeating last play command: New Editor Window (PIE)
[2018.03.09-14.48.36:731][440]LogBlueprintUserMessages: Early PlayInEditor Detection: Level '/Game/Levels/MainMenu.MainMenu:PersistentLevel' has LevelScriptBlueprint '/Game/Levels/MainMenu.MainMenu:PersistentLevel.MainMenu' with GeneratedClass '/Game/Levels/MainMenu.MainMenu_C' with ClassGeneratedBy '/Game/Levels/MainMenu.MainMenu:PersistentLevel.MainMenu'
[2018.03.09-14.48.36:731][440]LogPlayLevel: PlayLevel: No blueprints needed recompiling
[2018.03.09-14.48.36:731][440]PIE: New page: PIE session: MainMenu (9 Mar 2018 14:48:36)
[2018.03.09-14.48.36:732][440]LogPlayLevel: Creating play world package: /Game/Levels/UEDPIE_0_MainMenu
[2018.03.09-14.48.36:733][440]LogPlayLevel: PIE: StaticDuplicateObject took: (0.001517s)
[2018.03.09-14.48.36:734][440]LogAIModule: Creating AISystem for world MainMenu
[2018.03.09-14.48.36:734][440]LogPlayLevel: PIE: World Init took: (0.001308s)
[2018.03.09-14.48.36:735][440]LogPlayLevel: PIE: Created PIE world by copying editor world from /Game/Levels/MainMenu.MainMenu to /Game/Levels/UEDPIE_0_MainMenu.MainMenu (0.003386s)
[2018.03.09-14.48.36:777][440]LogInit: XAudio2 using 'Headset Earphone (3- Corsair VOID Wireless Gaming Dongle)' : 2 channels at 48 kHz using 16 bits per sample (channel mask 0x3)
[2018.03.09-14.48.36:790][440]LogInit: FAudioDevice initialized.
[2018.03.09-14.48.36:845][440]LogLoad: Game class is 'BounceGamemode_C'
[2018.03.09-14.48.36:849][440]LogWorld: Bringing World /Game/Levels/UEDPIE_0_MainMenu.MainMenu up for play (max tick rate 0) at 2018.03.09-14.48.36
[2018.03.09-14.48.36:850][440]LogWorld: Bringing up level for play took: 0.002934
[2018.03.09-14.48.36:865][440]PIE: Play in editor start time for /Game/Levels/UEDPIE_0_MainMenu 0.758
[2018.03.09-14.48.36:866][440]LogBlueprintUserMessages: Late PlayInEditor Detection: Level '/Game/Levels/MainMenu.MainMenu:PersistentLevel' has LevelScriptBlueprint '/Game/Levels/MainMenu.MainMenu:PersistentLevel.MainMenu' with GeneratedClass '/Game/Levels/MainMenu.MainMenu_C' with ClassGeneratedBy '/Game/Levels/MainMenu.MainMenu:PersistentLevel.MainMenu'
[2018.03.09-14.48.38:071][524]LogNet: Browse: /Game/Levels/Level1
[2018.03.09-14.48.38:072][524]LogLoad: LoadMap: /Game/Levels/Level1
[2018.03.09-14.48.38:120][524]Cmd: MEM
[2018.03.09-14.48.38:163][524]LogMemory: Platform Memory Stats for Windows
[2018.03.09-14.48.38:164][524]LogMemory: Process Physical Memory: 484.83 MB used, 1207.39 MB peak
[2018.03.09-14.48.38:164][524]LogMemory: Process Virtual Memory: 1695.44 MB used, 1874.11 MB peak
[2018.03.09-14.48.38:164][524]LogMemory: Physical Memory: 2756.76 MB used,  1287.56 MB free, 4044.32 MB total
[2018.03.09-14.48.38:164][524]LogMemory: Virtual Memory: 2653.64 MB used,  1287.56 MB free, 134217728.00 MB total
[2018.03.09-14.48.38:164][524]LogMemory: 
[2018.03.09-14.48.38:164][524]Allocator Stats for TBB: (not implemented)
[2018.03.09-14.48.38:503][524]LogAIModule: Creating AISystem for world Level1
[2018.03.09-14.48.38:503][524]LogLoad: Game class is 'BounceGamemode_C'
[2018.03.09-14.48.38:552][524]LogWorld: Bringing World /Game/Levels/UEDPIE_0_Level1.Level1 up for play (max tick rate 0) at 2018.03.09-14.48.38
[2018.03.09-14.48.38:554][524]LogWorld: Bringing up level for play took: 0.049472
[2018.03.09-14.48.38:556][524]LogLoad: Took 0.484454 seconds to LoadMap(/Game/Levels/Level1)
[2018.03.09-14.49.41:966][240]LogNet: Browse: /Game/Levels/MainMenu
[2018.03.09-14.49.41:967][240]LogLoad: LoadMap: /Game/Levels/MainMenu
[2018.03.09-14.49.42:014][240]Cmd: MEM
[2018.03.09-14.49.42:054][240]LogMemory: Platform Memory Stats for Windows
[2018.03.09-14.49.42:055][240]LogMemory: Process Physical Memory: 494.84 MB used, 1207.39 MB peak
[2018.03.09-14.49.42:055][240]LogMemory: Process Virtual Memory: 1698.77 MB used, 1874.11 MB peak
[2018.03.09-14.49.42:055][240]LogMemory: Physical Memory: 2778.09 MB used,  1266.23 MB free, 4044.32 MB total
[2018.03.09-14.49.42:055][240]LogMemory: Virtual Memory: 2693.45 MB used,  1266.23 MB free, 134217728.00 MB total
[2018.03.09-14.49.42:055][240]LogMemory: 
[2018.03.09-14.49.42:055][240]Allocator Stats for TBB: (not implemented)
[2018.03.09-14.49.42:055][240]LogPlayLevel: Creating play world package: /Game/Levels/UEDPIE_0_MainMenu
[2018.03.09-14.49.42:057][240]LogPlayLevel: PIE: StaticDuplicateObject took: (0.001905s)
[2018.03.09-14.49.42:058][240]LogAIModule: Creating AISystem for world MainMenu
[2018.03.09-14.49.42:059][240]LogPlayLevel: PIE: World Init took: (0.001552s)
[2018.03.09-14.49.42:059][240]LogPlayLevel: PIE: Created PIE world by copying editor world from /Game/Levels/MainMenu.MainMenu to /Game/Levels/UEDPIE_0_MainMenu.MainMenu (0.004024s)
[2018.03.09-14.49.42:059][240]LogLoad: Game class is 'BounceGamemode_C'
[2018.03.09-14.49.42:062][240]LogWorld: Bringing World /Game/Levels/UEDPIE_0_MainMenu.MainMenu up for play (max tick rate 0) at 2018.03.09-14.49.42
[2018.03.09-14.49.42:063][240]LogWorld: Bringing up level for play took: 0.001874
[2018.03.09-14.49.42:063][240]LogGameMode: FindPlayerStart: PATHS NOT DEFINED or NO PLAYERSTART with positive rating
[2018.03.09-14.49.42:076][240]LogLoad: Took 0.109107 seconds to LoadMap(/Game/Levels/UEDPIE_0_MainMenu)
[2018.03.09-14.50.27:305][ 31]LogNet: Browse: /Game/Levels/Level1
[2018.03.09-14.50.27:305][ 31]LogLoad: LoadMap: /Game/Levels/Level1
[2018.03.09-14.50.27:348][ 31]Cmd: MEM
[2018.03.09-14.50.27:388][ 31]LogMemory: Platform Memory Stats for Windows
[2018.03.09-14.50.27:388][ 31]LogMemory: Process Physical Memory: 488.09 MB used, 1207.39 MB peak
[2018.03.09-14.50.27:388][ 31]LogMemory: Process Virtual Memory: 1692.71 MB used, 1874.11 MB peak
[2018.03.09-14.50.27:388][ 31]LogMemory: Physical Memory: 2823.13 MB used,  1221.20 MB free, 4044.32 MB total
[2018.03.09-14.50.27:388][ 31]LogMemory: Virtual Memory: 2669.45 MB used,  1221.20 MB free, 134217728.00 MB total
[2018.03.09-14.50.27:388][ 31]LogMemory: 
[2018.03.09-14.50.27:388][ 31]Allocator Stats for TBB: (not implemented)
[2018.03.09-14.50.27:735][ 31]LogAIModule: Creating AISystem for world Level1
[2018.03.09-14.50.27:735][ 31]LogLoad: Game class is 'BounceGamemode_C'
[2018.03.09-14.50.27:777][ 31]LogWorld: Bringing World /Game/Levels/UEDPIE_0_Level1.Level1 up for play (max tick rate 0) at 2018.03.09-14.50.27
[2018.03.09-14.50.27:778][ 31]LogWorld: Bringing up level for play took: 0.041383
[2018.03.09-14.50.27:780][ 31]LogLoad: Took 0.474984 seconds to LoadMap(/Game/Levels/Level1)
[2018.03.09-14.51.06:113][509]LogNet: Browse: /Game/Levels/Level2
[2018.03.09-14.51.06:114][509]LogLoad: LoadMap: /Game/Levels/Level2
[2018.03.09-14.51.06:161][509]Cmd: MEM
[2018.03.09-14.51.06:201][509]LogMemory: Platform Memory Stats for Windows
[2018.03.09-14.51.06:201][509]LogMemory: Process Physical Memory: 499.64 MB used, 1207.39 MB peak
[2018.03.09-14.51.06:201][509]LogMemory: Process Virtual Memory: 1702.56 MB used, 1874.11 MB peak
[2018.03.09-14.51.06:201][509]LogMemory: Physical Memory: 2798.80 MB used,  1245.52 MB free, 4044.32 MB total
[2018.03.09-14.51.06:201][509]LogMemory: Virtual Memory: 2694.95 MB used,  1245.52 MB free, 134217728.00 MB total
[2018.03.09-14.51.06:201][509]LogMemory: 
[2018.03.09-14.51.06:201][509]Allocator Stats for TBB: (not implemented)
[2018.03.09-14.51.06:557][509]LogAIModule: Creating AISystem for world Level2
[2018.03.09-14.51.06:557][509]LogLoad: Game class is 'BounceGamemode_C'
[2018.03.09-14.51.06:610][509]LogWorld: Bringing World /Game/Levels/UEDPIE_0_Level2.Level2 up for play (max tick rate 0) at 2018.03.09-14.51.06
[2018.03.09-14.51.06:610][509]LogWorld: Bringing up level for play took: 0.052155
[2018.03.09-14.51.06:613][509]LogLoad: Took 0.499077 seconds to LoadMap(/Game/Levels/Level2)
[2018.03.09-14.51.37:608][552]LogBlueprintUserMessages: Early EndPlayMap Detection: Level '/Game/Levels/MainMenu.MainMenu:PersistentLevel' has LevelScriptBlueprint '/Game/Levels/MainMenu.MainMenu:PersistentLevel.MainMenu' with GeneratedClass '/Game/Levels/MainMenu.MainMenu_C' with ClassGeneratedBy '/Game/Levels/MainMenu.MainMenu:PersistentLevel.MainMenu'
[2018.03.09-14.51.37:722][552]LogBlueprintUserMessages: Late EndPlayMap Detection: Level '/Game/Levels/MainMenu.MainMenu:PersistentLevel' has LevelScriptBlueprint '/Game/Levels/MainMenu.MainMenu:PersistentLevel.MainMenu' with GeneratedClass '/Game/Levels/MainMenu.MainMenu_C' with ClassGeneratedBy '/Game/Levels/MainMenu.MainMenu:PersistentLevel.MainMenu'
[2018.03.09-14.51.41:952][742]LogAIModule: Creating AISystem for world Level2
[2018.03.09-14.51.42:237][742]Cmd: MAP LOAD FILE="../../../../../../Users/Tyler/Documents/GitHub/mgp-mgp-group-11/Development/Unreal Project/Content/Levels/Level2.umap" TEMPLATE=0 SHOWPROGRESS=1 FEATURELEVEL=3
[2018.03.09-14.51.42:238][742]LightingResults: New page: Lighting Build
[2018.03.09-14.51.42:247][742]LoadErrors: New page: Loading map: Level2.umap
[2018.03.09-14.51.42:249][742]MapCheck: New page: Map Check
[2018.03.09-14.51.42:249][742]LightingResults: New page: Lighting Build
[2018.03.09-14.51.42:393][742]LogEditorServer: Finished looking for orphan Actors (0.000 secs)
[2018.03.09-14.51.42:522][742]Cmd: MAP CHECKDEP NOCLEARLOG
[2018.03.09-14.51.45:168][742]MapCheck: Map check complete: 0 Error(s), 0 Warning(s), took 2,645.461ms to complete.
[2018.03.09-14.51.45:172][742]LogFileHelpers: Loading map 'Level2' took 2.945
[2018.03.09-14.51.45:184][742]LogSlate: Took 0.007738 seconds to synchronously load lazily loaded font '../../../Engine/Content/Slate/Fonts/Roboto-Regular.ttf' (155K)
[2018.03.09-14.51.46:883][847]LogEditorViewport: Clicking on Actor (LMB): TileDoubleWall_C (TileDoubleWall10)
[2018.03.09-14.51.48:040][904]Cmd: DELETE
[2018.03.09-14.51.48:040][904]Cmd: ACTOR DELETE
[2018.03.09-14.51.48:054][904]LogEditorActor: Deleted Actor: TileDoubleWall_C
[2018.03.09-14.51.48:100][904]LogEditorActor: Deleted 1 Actors (0.056 secs)
[2018.03.09-14.51.48:884][963]LogEditorViewport: Clicking on Actor (LMB): TileDoubleWall_C (TileDoubleWall11)
[2018.03.09-14.51.49:423][994]LogEditorViewport: Clicking on Actor (LMB): TileDoubleWall_C (TileDoubleWall37)
[2018.03.09-14.51.50:691][ 81]LogEditorViewport: Clicking on Actor (LMB): TileDoubleWall_C (TileDoubleWall11)
[2018.03.09-14.51.51:041][101]Cmd: DELETE
[2018.03.09-14.51.51:041][101]Cmd: ACTOR DELETE
[2018.03.09-14.51.51:043][101]LogEditorActor: Deleted Actor: TileDoubleWall_C
[2018.03.09-14.51.51:085][101]LogEditorActor: Deleted 1 Actors (0.043 secs)
[2018.03.09-14.51.51:555][142]LogEditorViewport: Clicking on Actor (LMB): TileDoubleWall_C (TileDoubleWall13)
[2018.03.09-14.51.51:899][161]Cmd: DELETE
[2018.03.09-14.51.51:899][161]Cmd: ACTOR DELETE
[2018.03.09-14.51.51:901][161]LogEditorActor: Deleted Actor: TileDoubleWall_C
[2018.03.09-14.51.51:939][161]LogEditorActor: Deleted 1 Actors (0.039 secs)
[2018.03.09-14.51.53:070][258]Cmd: TRANSACTION UNDO
[2018.03.09-14.51.53:071][258]LogEditorTransaction: Undo Delete Actors
[2018.03.09-14.51.53:623][282]LogEditorViewport: Clicking on Actor (LMB): TileDoubleWall_C (TileDoubleWall14)
[2018.03.09-14.51.54:023][304]Cmd: DELETE
[2018.03.09-14.51.54:023][304]Cmd: ACTOR DELETE
[2018.03.09-14.51.54:024][304]LogEditorActor: Deleted Actor: TileDoubleWall_C
[2018.03.09-14.51.54:061][304]LogEditorActor: Deleted 1 Actors (0.038 secs)
[2018.03.09-14.51.54:948][376]Cmd: TRANSACTION UNDO
[2018.03.09-14.51.54:948][376]LogEditorTransaction: Undo Delete Actors
[2018.03.09-14.51.55:347][399]LogEditorViewport: Clicking on Actor (LMB): TileDoubleWall_C (TileDoubleWall22)
[2018.03.09-14.51.55:687][417]Cmd: DELETE
[2018.03.09-14.51.55:687][417]Cmd: ACTOR DELETE
[2018.03.09-14.51.55:688][417]LogEditorActor: Deleted Actor: TileDoubleWall_C
[2018.03.09-14.51.55:727][417]LogEditorActor: Deleted 1 Actors (0.040 secs)
[2018.03.09-14.51.56:364][469]Cmd: TRANSACTION UNDO
[2018.03.09-14.51.56:364][469]LogEditorTransaction: Undo Delete Actors
[2018.03.09-14.51.56:771][491]LogEditorViewport: Clicking on Actor (LMB): TileEnd_C (TileEnd3)
[2018.03.09-14.51.57:100][507]Cmd: DELETE
[2018.03.09-14.51.57:100][507]Cmd: ACTOR DELETE
[2018.03.09-14.51.57:101][507]LogEditorActor: Deleted Actor: TileEnd_C
[2018.03.09-14.51.57:134][507]LogEditorActor: Deleted 1 Actors (0.034 secs)
[2018.03.09-14.51.57:874][568]Cmd: TRANSACTION UNDO
[2018.03.09-14.51.57:874][568]LogEditorTransaction: Undo Delete Actors
[2018.03.09-14.51.59:120][642]LogEditorViewport: Clicking on Actor (LMB): TileEnd_C (TileEnd4)
[2018.03.09-14.51.59:455][659]Cmd: DELETE
[2018.03.09-14.51.59:455][659]Cmd: ACTOR DELETE
[2018.03.09-14.51.59:457][659]LogEditorActor: Deleted Actor: TileEnd_C
[2018.03.09-14.51.59:492][659]LogEditorActor: Deleted 1 Actors (0.036 secs)
[2018.03.09-14.52.00:125][711]Cmd: TRANSACTION UNDO
[2018.03.09-14.52.00:125][711]LogEditorTransaction: Undo Delete Actors
[2018.03.09-14.52.00:491][730]LogEditorViewport: Clicking on Actor (LMB): TileDoubleWall_C (TileDoubleWall40)
[2018.03.09-14.52.00:822][748]Cmd: DELETE
[2018.03.09-14.52.00:822][748]Cmd: ACTOR DELETE
[2018.03.09-14.52.00:823][748]LogEditorActor: Deleted Actor: TileDoubleWall_C
[2018.03.09-14.52.00:863][748]LogEditorActor: Deleted 1 Actors (0.041 secs)
[2018.03.09-14.52.01:445][795]Cmd: TRANSACTION UNDO
[2018.03.09-14.52.01:445][795]LogEditorTransaction: Undo Delete Actors
[2018.03.09-14.52.01:807][816]LogEditorViewport: Clicking on Actor (LMB): TileDoubleWall_C (TileDoubleWall47)
[2018.03.09-14.52.02:199][837]Cmd: DELETE
[2018.03.09-14.52.02:199][837]Cmd: ACTOR DELETE
[2018.03.09-14.52.02:200][837]LogEditorActor: Deleted Actor: TileDoubleWall_C
[2018.03.09-14.52.02:235][837]LogEditorActor: Deleted 1 Actors (0.036 secs)
[2018.03.09-14.52.03:070][905]Cmd: TRANSACTION UNDO
[2018.03.09-14.52.03:070][905]LogEditorTransaction: Undo Delete Actors
[2018.03.09-14.52.03:471][926]LogEditorViewport: Clicking on Actor (LMB): TileDoubleWall_C (TileDoubleWall79)
[2018.03.09-14.52.03:801][943]Cmd: DELETE
[2018.03.09-14.52.03:801][943]Cmd: ACTOR DELETE
[2018.03.09-14.52.03:803][943]LogEditorActor: Deleted Actor: TileDoubleWall_C
[2018.03.09-14.52.03:843][943]LogEditorActor: Deleted 1 Actors (0.041 secs)
[2018.03.09-14.52.04:610][  9]Cmd: TRANSACTION UNDO
[2018.03.09-14.52.04:610][  9]LogEditorTransaction: Undo Delete Actors
[2018.03.09-14.52.05:001][ 32]LogEditorViewport: Clicking on Actor (LMB): TileDoubleWall_C (TileDoubleWall53)
[2018.03.09-14.52.05:500][ 60]Cmd: DELETE
[2018.03.09-14.52.05:500][ 60]Cmd: ACTOR DELETE
[2018.03.09-14.52.05:501][ 60]LogEditorActor: Deleted Actor: TileDoubleWall_C
[2018.03.09-14.52.05:536][ 60]LogEditorActor: Deleted 1 Actors (0.036 secs)
[2018.03.09-14.52.06:472][138]LogEditorViewport: Clicking on Actor (LMB): TileDoubleWall_C (TileDoubleWall48)
[2018.03.09-14.52.06:857][159]Cmd: DELETE
[2018.03.09-14.52.06:857][159]Cmd: ACTOR DELETE
[2018.03.09-14.52.06:859][159]LogEditorActor: Deleted Actor: TileDoubleWall_C
[2018.03.09-14.52.06:901][159]LogEditorActor: Deleted 1 Actors (0.044 secs)
[2018.03.09-14.52.07:641][221]Cmd: TRANSACTION UNDO
[2018.03.09-14.52.07:641][221]LogEditorTransaction: Undo Delete Actors
[2018.03.09-14.52.11:240][343]LogSavePackage: Save=569.07ms
[2018.03.09-14.52.11:241][343]LogSavePackage: Moving '../../../../../../Users/Tyler/Documents/GitHub/mgp-mgp-group-11/Development/Unreal Project/Saved/Level2188302BD4D9F8D77BAF92891221E480E.tmp' to '../../../../../../Users/Tyler/Documents/GitHub/mgp-mgp-group-11/Development/Unreal Project/Content/Levels/Level2.umap'
[2018.03.09-14.52.11:253][343]LogSavePackage: Display: Finished SavePackage ../../../../../../Users/Tyler/Documents/GitHub/mgp-mgp-group-11/Development/Unreal Project/Content/Levels/Level2.umap
[2018.03.09-14.52.11:340][343]LogFileHelpers: Saving map 'Level2' took 1.127
[2018.03.09-14.52.12:508][416]LogEditorViewport: Clicking on Actor (LMB): TileEnd_C (TileEnd3)
[2018.03.09-14.52.13:043][446]Cmd: DELETE
[2018.03.09-14.52.13:044][446]Cmd: ACTOR DELETE
[2018.03.09-14.52.13:045][446]LogEditorActor: Deleted Actor: TileEnd_C
[2018.03.09-14.52.13:085][446]LogEditorActor: Deleted 1 Actors (0.042 secs)
[2018.03.09-14.52.13:817][505]Cmd: TRANSACTION UNDO
[2018.03.09-14.52.13:817][505]LogEditorTransaction: Undo Delete Actors
[2018.03.09-14.52.17:051][559]LogSavePackage: Save=584.12ms
[2018.03.09-14.52.17:051][559]LogSavePackage: Moving '../../../../../../Users/Tyler/Documents/GitHub/mgp-mgp-group-11/Development/Unreal Project/Saved/Level25822342F46FC0F6F796FC0838675D292.tmp' to '../../../../../../Users/Tyler/Documents/GitHub/mgp-mgp-group-11/Development/Unreal Project/Content/Levels/Level2.umap'
[2018.03.09-14.52.17:058][559]LogSavePackage: Display: Finished SavePackage ../../../../../../Users/Tyler/Documents/GitHub/mgp-mgp-group-11/Development/Unreal Project/Content/Levels/Level2.umap
[2018.03.09-14.52.17:148][559]LogFileHelpers: Saving map 'Level2' took 1.007
[2018.03.09-14.52.17:952][560]Cmd: QUIT_EDITOR
[2018.03.09-14.52.18:659][560]LogWindowsTextInputMethodSystem: Display: IME system now deactivated.
[2018.03.09-14.52.18:719][560]LogExit: Preparing to exit.
[2018.03.09-14.52.19:492][560]LogDirectoryWatcher: A directory notification for 'C:/Users/Tyler/Documents/GitHub/mgp-mgp-group-11/Development/Unreal Project/Content/' was aborted.
[2018.03.09-14.52.19:813][560]LogExit: Editor shut down
[2018.03.09-14.52.19:858][560]LogExit: Transaction tracking system shut down
[2018.03.09-14.52.20:183][560]LogDirectoryWatcher: A directory notification for '../../../Engine/Content/' was aborted.
[2018.03.09-14.52.20:183][560]LogDirectoryWatcher: A directory notification for '../../../../../../Users/Tyler/Documents/GitHub/mgp-mgp-group-11/Development/Unreal Project/Content/' was aborted.
[2018.03.09-14.52.20:183][560]LogDirectoryWatcher: A directory notification for '../../../Engine/Plugins/2D/Paper2D/Content/' was aborted.
[2018.03.09-14.52.20:183][560]LogDirectoryWatcher: A directory notification for '../../../Engine/Plugins/Runtime/Oculus/OculusVR/Content/' was aborted.
[2018.03.09-14.52.20:183][560]LogDirectoryWatcher: A directory notification for '../../../Engine/Plugins/Runtime/Steam/SteamVR/Content/' was aborted.
[2018.03.09-14.52.20:683][560]LogExit: Object subsystem successfully closed.
[2018.03.09-14.52.20:810][560]LogD3D11RHI: Shutdown
[2018.03.09-14.52.20:811][560]LogD3D11RHI: CleanupD3DDevice
[2018.03.09-14.52.21:002][560]LogD3D11RHI: ~FD3D11DynamicRHI
[2018.03.09-14.52.21:169][560]LogModuleManager: Shutting down and abandoning module MovieSceneCapture (532)
[2018.03.09-14.52.21:170][560]LogModuleManager: Shutting down and abandoning module HierarchicalLODOutliner (530)
[2018.03.09-14.52.21:170][560]LogModuleManager: Shutting down and abandoning module SceneOutliner (528)
[2018.03.09-14.52.21:170][560]LogModuleManager: Shutting down and abandoning module AddContentDialog (526)
[2018.03.09-14.52.21:174][560]LogDirectoryWatcher: A directory notification for 'C:/Program Files/Epic Games/UE_4.17/FeaturePacks/' was aborted.
[2018.03.09-14.52.21:204][560]LogModuleManager: Shutting down and abandoning module WidgetCarousel (525)
[2018.03.09-14.52.21:204][560]LogModuleManager: Shutting down and abandoning module EditorWidgets (522)
[2018.03.09-14.52.21:204][560]LogModuleManager: Shutting down and abandoning module CollectionManager (520)
[2018.03.09-14.52.21:206][560]LogDirectoryWatcher: A directory notification for 'C:/Users/Tyler/Documents/GitHub/mgp-mgp-group-11/Development/Unreal Project/Content/Collections/' was aborted.
[2018.03.09-14.52.21:206][560]LogDirectoryWatcher: A directory notification for 'C:/Users/Tyler/Documents/GitHub/mgp-mgp-group-11/Development/Unreal Project/Content/Developers/Tyler/Collections/' was aborted.
[2018.03.09-14.52.21:206][560]LogDirectoryWatcher: A directory notification for 'C:/Users/Tyler/Documents/GitHub/mgp-mgp-group-11/Development/Unreal Project/Saved/Collections/' was aborted.
[2018.03.09-14.52.21:206][560]LogModuleManager: Shutting down and abandoning module StatsViewer (518)
[2018.03.09-14.52.21:209][560]LogModuleManager: Shutting down and abandoning module FoliageEdit (516)
[2018.03.09-14.52.21:209][560]LogModuleManager: Shutting down and abandoning module LandscapeEditor (514)
[2018.03.09-14.52.21:215][560]LogModuleManager: Shutting down and abandoning module MeshPaintMode (512)
[2018.03.09-14.52.21:216][560]LogModuleManager: Shutting down and abandoning module SceneDepthPickerMode (510)
[2018.03.09-14.52.21:216][560]LogModuleManager: Shutting down and abandoning module ActorPickerMode (508)
[2018.03.09-14.52.21:216][560]LogModuleManager: Shutting down and abandoning module GeometryMode (506)
[2018.03.09-14.52.21:216][560]LogModuleManager: Shutting down and abandoning module TextureAlignMode (504)
[2018.03.09-14.52.21:216][560]LogModuleManager: Shutting down and abandoning module BspMode (502)
[2018.03.09-14.52.21:216][560]LogModuleManager: Shutting down and abandoning module PIEPreviewDeviceProfileSelector (500)
[2018.03.09-14.52.21:217][560]LogModuleManager: Shutting down and abandoning module HardwareSurvey (498)
[2018.03.09-14.52.21:217][560]LogModuleManager: Shutting down and abandoning module SequenceRecorderSections (496)
[2018.03.09-14.52.21:217][560]LogModuleManager: Shutting down and abandoning module AutomationWorker (494)
[2018.03.09-14.52.21:218][560]LogModuleManager: Shutting down and abandoning module MatineeToLevelSequence (492)
[2018.03.09-14.52.21:220][560]LogModuleManager: Shutting down and abandoning module LevelSequenceEditor (490)
[2018.03.09-14.52.21:225][560]LogModuleManager: Shutting down and abandoning module PlacementMode (489)
[2018.03.09-14.52.21:225][560]LogModuleManager: Shutting down and abandoning module WmfMediaFactory (486)
[2018.03.09-14.52.21:225][560]LogModuleManager: Shutting down and abandoning module WmfMediaEditor (484)
[2018.03.09-14.52.21:225][560]LogModuleManager: Shutting down and abandoning module AvfMediaFactory (482)
[2018.03.09-14.52.21:225][560]LogModuleManager: Shutting down and abandoning module AvfMediaEditor (480)
[2018.03.09-14.52.21:225][560]LogModuleManager: Shutting down and abandoning module AndroidMediaFactory (478)
[2018.03.09-14.52.21:225][560]LogModuleManager: Shutting down and abandoning module Media (477)
[2018.03.09-14.52.21:225][560]LogModuleManager: Shutting down and abandoning module AndroidMediaEditor (474)
[2018.03.09-14.52.21:225][560]LogModuleManager: Shutting down and abandoning module CharacterAI (472)
[2018.03.09-14.52.21:225][560]LogModuleManager: Shutting down and abandoning module AudioCapture (470)
[2018.03.09-14.52.21:225][560]LogModuleManager: Shutting down and abandoning module SequenceRecorder (469)
[2018.03.09-14.52.21:226][560]LogModuleManager: Shutting down and abandoning module SmartSnapping (466)
[2018.03.09-14.52.21:227][560]LogModuleManager: Shutting down and abandoning module SessionServices (464)
[2018.03.09-14.52.21:227][560]LogModuleManager: Shutting down and abandoning module ViewportSnapping (462)
[2018.03.09-14.52.21:227][560]LogModuleManager: Shutting down and abandoning module ViewportInteraction (460)
[2018.03.09-14.52.21:227][560]LogModuleManager: Shutting down and abandoning module ClothPainter (458)
[2018.03.09-14.52.21:229][560]LogModuleManager: Shutting down and abandoning module LogVisualizer (456)
[2018.03.09-14.52.21:233][560]LogModuleManager: Shutting down and abandoning module IntroTutorials (454)
[2018.03.09-14.52.21:236][560]LogModuleManager: Shutting down and abandoning module GameProjectGeneration (453)
[2018.03.09-14.52.21:238][560]LogModuleManager: Shutting down and abandoning module IOSPlatformEditor (450)
[2018.03.09-14.52.21:238][560]LogModuleManager: Shutting down and abandoning module HTML5PlatformEditor (448)
[2018.03.09-14.52.21:238][560]LogModuleManager: Shutting down and abandoning module AndroidPlatformEditor (446)
[2018.03.09-14.52.21:238][560]LogModuleManager: Shutting down and abandoning module AndroidDeviceDetection (445)
[2018.03.09-14.52.21:516][560]LogModuleManager: Shutting down and abandoning module WindowsPlatformEditor (442)
[2018.03.09-14.52.21:517][560]LogModuleManager: Shutting down and abandoning module IOSRuntimeSettings (440)
[2018.03.09-14.52.21:517][560]LogModuleManager: Shutting down and abandoning module AndroidRuntimeSettings (438)
[2018.03.09-14.52.21:517][560]LogModuleManager: Shutting down and abandoning module InputBindingEditor (436)
[2018.03.09-14.52.21:518][560]LogModuleManager: Shutting down and abandoning module MergeActors (434)
[2018.03.09-14.52.21:519][560]LogModuleManager: Shutting down and abandoning module SizeMap (432)
[2018.03.09-14.52.21:519][560]LogModuleManager: Shutting down and abandoning module TreeMap (430)
[2018.03.09-14.52.21:520][560]LogModuleManager: Shutting down and abandoning module ReferenceViewer (428)
[2018.03.09-14.52.21:520][560]LogModuleManager: Shutting down and abandoning module LocalizationDashboard (426)
[2018.03.09-14.52.21:521][560]LogModuleManager: Shutting down and abandoning module LocalizationService (425)
[2018.03.09-14.52.21:522][560]LogModuleManager: Shutting down and abandoning module HardwareTargeting (422)
[2018.03.09-14.52.21:522][560]LogModuleManager: Shutting down and abandoning module DeviceProfileEditor (420)
[2018.03.09-14.52.21:523][560]LogModuleManager: Shutting down and abandoning module UndoHistory (418)
[2018.03.09-14.52.21:523][560]LogModuleManager: Shutting down and abandoning module XmlParser (416)
[2018.03.09-14.52.21:524][560]LogModuleManager: Shutting down and abandoning module Blutility (414)
[2018.03.09-14.52.21:524][560]LogModuleManager: Shutting down and abandoning module ProjectSettingsViewer (412)
[2018.03.09-14.52.21:524][560]LogModuleManager: Shutting down and abandoning module ProjectTargetPlatformEditor (411)
[2018.03.09-14.52.21:526][560]LogModuleManager: Shutting down and abandoning module EditorSettingsViewer (408)
[2018.03.09-14.52.21:526][560]LogModuleManager: Shutting down and abandoning module SettingsEditor (406)
[2018.03.09-14.52.21:527][560]LogModuleManager: Shutting down and abandoning module ProjectLauncher (404)
[2018.03.09-14.52.21:528][560]LogModuleManager: Shutting down and abandoning module SessionFrontend (402)
[2018.03.09-14.52.21:529][560]LogModuleManager: Shutting down and abandoning module ProfilerClient (400)
[2018.03.09-14.52.21:529][560]LogModuleManager: Shutting down and abandoning module DeviceManager (398)
[2018.03.09-14.52.21:530][560]LogModuleManager: Shutting down and abandoning module TargetDeviceServices (397)
[2018.03.09-14.52.21:584][560]LogModuleManager: Shutting down and abandoning module AutomationController (394)
[2018.03.09-14.52.21:585][560]LogModuleManager: Shutting down and abandoning module AutomationWindow (392)
[2018.03.09-14.52.21:586][560]LogModuleManager: Shutting down and abandoning module Layers (390)
[2018.03.09-14.52.21:589][560]LogModuleManager: Shutting down and abandoning module ComponentVisualizers (388)
[2018.03.09-14.52.21:589][560]LogModuleManager: Shutting down and abandoning module DetailCustomizations (386)
[2018.03.09-14.52.21:590][560]LogModuleManager: Shutting down and abandoning module PackagesDialog (384)
[2018.03.09-14.52.21:590][560]LogModuleManager: Shutting down and abandoning module Persona (382)
[2018.03.09-14.52.21:592][560]LogModuleManager: Shutting down and abandoning module AdvancedPreviewScene (381)
[2018.03.09-14.52.21:592][560]LogModuleManager: Shutting down and abandoning module AnimGraph (379)
[2018.03.09-14.52.21:592][560]LogModuleManager: Shutting down and abandoning module Kismet (376)
[2018.03.09-14.52.21:596][560]LogModuleManager: Shutting down and abandoning module ClassViewer (374)
[2018.03.09-14.52.21:597][560]LogModuleManager: Shutting down and abandoning module Toolbox (372)
[2018.03.09-14.52.21:597][560]LogModuleManager: Shutting down and abandoning module ModuleUI (370)
[2018.03.09-14.52.21:597][560]LogModuleManager: Shutting down and abandoning module MovieSceneTools (368)
[2018.03.09-14.52.21:601][560]LogModuleManager: Shutting down and abandoning module OutputLog (366)
[2018.03.09-14.52.21:601][560]LogModuleManager: Shutting down and abandoning module GammaUI (364)
[2018.03.09-14.52.21:601][560]LogModuleManager: Shutting down and abandoning module Documentation (362)
[2018.03.09-14.52.21:602][560]LogModuleManager: Shutting down and abandoning module MovieSceneTracks (360)
[2018.03.09-14.52.21:602][560]LogModuleManager: Shutting down and abandoning module MovieScene (358)
[2018.03.09-14.52.21:602][560]LogModuleManager: Shutting down and abandoning module Niagara (356)
[2018.03.09-14.52.21:602][560]LogModuleManager: Shutting down and abandoning module NiagaraEditor (355)
[2018.03.09-14.52.21:606][560]LogModuleManager: Shutting down and abandoning module StreamingPauseRendering (352)
[2018.03.09-14.52.21:606][560]LogModuleManager: Shutting down and abandoning module LauncherPlatform (350)
[2018.03.09-14.52.21:606][560]LogModuleManager: Shutting down and abandoning module AnalyticsET (348)
[2018.03.09-14.52.21:606][560]LogModuleManager: Shutting down and abandoning module PortalServices (346)
[2018.03.09-14.52.21:606][560]LogModuleManager: Shutting down and abandoning module PortalRpc (344)
[2018.03.09-14.52.21:606][560]LogModuleManager: Shutting down and abandoning module MessagingRpc (342)
[2018.03.09-14.52.21:606][560]LogModuleManager: Shutting down and abandoning module AIModule (340)
[2018.03.09-14.52.21:606][560]LogModuleManager: Shutting down and abandoning module GameplayDebugger (339)
[2018.03.09-14.52.21:607][560]LogModuleManager: Shutting down and abandoning module AITestSuite (337)
[2018.03.09-14.52.21:607][560]LogModuleManager: Shutting down and abandoning module ProfilerService (334)
[2018.03.09-14.52.21:675][560]LogModuleManager: Shutting down and abandoning module TaskGraph (332)
[2018.03.09-14.52.21:676][560]LogModuleManager: Shutting down and abandoning module SteamVRController (330)
[2018.03.09-14.52.21:676][560]LogModuleManager: Shutting down and abandoning module ProceduralMeshComponentEditor (328)
[2018.03.09-14.52.21:676][560]LogModuleManager: Shutting down and abandoning module ProceduralMeshComponent (326)
[2018.03.09-14.52.21:676][560]LogModuleManager: Shutting down and abandoning module OculusInput (324)
[2018.03.09-14.52.21:676][560]LogModuleManager: Shutting down and abandoning module MobilePatchingUtils (322)
[2018.03.09-14.52.21:676][560]LogModuleManager: Shutting down and abandoning module CustomMeshComponent (320)
[2018.03.09-14.52.21:676][560]LogModuleManager: Shutting down and abandoning module CableComponent (318)
[2018.03.09-14.52.21:676][560]LogModuleManager: Shutting down and abandoning module ArchVisCharacter (316)
[2018.03.09-14.52.21:676][560]LogModuleManager: Shutting down and abandoning module AndroidPermission (314)
[2018.03.09-14.52.21:677][560]LogModuleManager: Shutting down and abandoning module MediaPlayerEditor (310)
[2018.03.09-14.52.21:679][560]LogModuleManager: Shutting down and abandoning module HTML5Networking (308)
[2018.03.09-14.52.21:679][560]LogModuleManager: Shutting down and abandoning module AlembicImporter (306)
[2018.03.09-14.52.21:679][560]LogModuleManager: Shutting down and abandoning module AlembicLibrary (305)
[2018.03.09-14.52.21:680][560]LogModuleManager: Shutting down and abandoning module GeometryCache (304)
[2018.03.09-14.52.21:680][560]LogModuleManager: Shutting down and abandoning module GeometryCacheEd (303)
[2018.03.09-14.52.21:680][560]LogModuleManager: Shutting down and abandoning module SpeedTreeImporter (298)
[2018.03.09-14.52.21:680][560]LogModuleManager: Shutting down and abandoning module PluginBrowser (296)
[2018.03.09-14.52.21:682][560]LogModuleManager: Shutting down and abandoning module MobileLauncherProfileWizard (294)
[2018.03.09-14.52.21:684][560]LogModuleManager: Shutting down and abandoning module VisualStudioSourceCodeAccess (292)
[2018.03.09-14.52.21:684][560]LogModuleManager: Shutting down and abandoning module DesktopPlatform (291)
[2018.03.09-14.52.21:685][560]LogModuleManager: Shutting down and abandoning module UObjectPlugin (288)
[2018.03.09-14.52.21:685][560]LogModuleManager: Shutting down and abandoning module SubversionSourceControl (286)
[2018.03.09-14.52.21:686][560]LogModuleManager: Shutting down and abandoning module PerforceSourceControl (284)
[2018.03.09-14.52.21:689][560]LogModuleManager: Shutting down and abandoning module GitSourceControl (282)
[2018.03.09-14.52.21:689][560]LogModuleManager: Shutting down and abandoning module SourceControl (281)
[2018.03.09-14.52.21:690][560]LogModuleManager: Shutting down and abandoning module LightPropagationVolumeEditor (278)
[2018.03.09-14.52.21:690][560]LogModuleManager: Shutting down and abandoning module PaperTiledImporter (276)
[2018.03.09-14.52.21:690][560]LogModuleManager: Shutting down and abandoning module PaperSpriteSheetImporter (274)
[2018.03.09-14.52.21:690][560]LogModuleManager: Shutting down and abandoning module Paper2DEditor (272)
[2018.03.09-14.52.21:692][560]LogModuleManager: Shutting down and abandoning module MeshPaint (271)
[2018.03.09-14.52.21:692][560]LogModuleManager: Shutting down and abandoning module LevelEditor (269)
[2018.03.09-14.52.21:696][560]LogModuleManager: Shutting down and abandoning module PixelInspectorModule (268)
[2018.03.09-14.52.21:697][560]LogModuleManager: Shutting down and abandoning module MainFrame (266)
[2018.03.09-14.52.21:698][560]LogModuleManager: Shutting down and abandoning module HotReload (265)
[2018.03.09-14.52.21:700][560]LogModuleManager: Shutting down and abandoning module RuntimePhysXCooking (260)
[2018.03.09-14.52.21:700][560]LogModuleManager: Shutting down and abandoning module PhysXVehiclesEditor (258)
[2018.03.09-14.52.21:701][560]LogModuleManager: Shutting down and abandoning module PhysXVehicles (256)
[2018.03.09-14.52.21:701][560]LogModuleManager: Shutting down and abandoning module OculusEditor (254)
[2018.03.09-14.52.21:701][560]LogModuleManager: Shutting down and abandoning module LocationServicesBPLibrary (252)
[2018.03.09-14.52.21:701][560]LogModuleManager: Shutting down and abandoning module ImmediatePhysicsEditor (250)
[2018.03.09-14.52.21:701][560]LogModuleManager: Shutting down and abandoning module ImmediatePhysics (248)
[2018.03.09-14.52.21:701][560]LogModuleManager: Shutting down and abandoning module UdpMessaging (246)
[2018.03.09-14.52.21:802][560]LogModuleManager: Shutting down and abandoning module TcpMessaging (244)
[2018.03.09-14.52.21:902][560]LogModuleManager: Shutting down and abandoning module GameplayTagsEditor (242)
[2018.03.09-14.52.21:904][560]LogModuleManager: Shutting down and abandoning module FacialAnimationEditor (240)
[2018.03.09-14.52.21:904][560]LogModuleManager: Shutting down and abandoning module FacialAnimation (238)
[2018.03.09-14.52.21:904][560]LogModuleManager: Shutting down and abandoning module AssetManagerEditor (236)
[2018.03.09-14.52.21:906][560]LogModuleManager: Shutting down and abandoning module GraphEditor (235)
[2018.03.09-14.52.21:908][560]LogModuleManager: Shutting down and abandoning module ContentBrowser (233)
[2018.03.09-14.52.21:912][560]LogModuleManager: Shutting down and abandoning module LightPropagationVolumeRuntime (230)
[2018.03.09-14.52.21:912][560]LogModuleManager: Shutting down and abandoning module Paper2D (228)
[2018.03.09-14.52.21:912][560]LogModuleManager: Shutting down and abandoning module WindowsMoviePlayer (226)
[2018.03.09-14.52.21:913][560]LogModuleManager: Shutting down and abandoning module WmfMedia (224)
[2018.03.09-14.52.21:918][560]LogModuleManager: Shutting down and abandoning module PacketHandler (222)
[2018.03.09-14.52.21:918][560]LogModuleManager: Shutting down and abandoning module ClothingSystemEditor (220)
[2018.03.09-14.52.21:918][560]LogModuleManager: Shutting down and abandoning module ClothingSystemRuntime (218)
[2018.03.09-14.52.21:920][560]LogModuleManager: Shutting down and abandoning module Overlay (216)
[2018.03.09-14.52.21:920][560]LogModuleManager: Shutting down and abandoning module OverlayEditor (215)
[2018.03.09-14.52.21:921][560]LogModuleManager: Shutting down and abandoning module MediaAssets (212)
[2018.03.09-14.52.21:921][560]LogModuleManager: Shutting down and abandoning module VREditor (210)
[2018.03.09-14.52.21:922][560]LogModuleManager: Shutting down and abandoning module StringTableEditor (208)
[2018.03.09-14.52.21:922][560]LogModuleManager: Shutting down and abandoning module GameplayTasksEditor (206)
[2018.03.09-14.52.21:922][560]LogModuleManager: Shutting down and abandoning module BehaviorTreeEditor (204)
[2018.03.09-14.52.21:925][560]LogModuleManager: Shutting down and abandoning module FunctionalTesting (202)
[2018.03.09-14.52.21:925][560]LogModuleManager: Shutting down and abandoning module CollisionAnalyzer (200)
[2018.03.09-14.52.21:927][560]LogModuleManager: Shutting down and abandoning module WorkspaceMenuStructure (199)
[2018.03.09-14.52.21:929][560]LogModuleManager: Shutting down and abandoning module UMG (196)
[2018.03.09-14.52.21:930][560]LogModuleManager: Shutting down and abandoning module UMGEditor (195)
[2018.03.09-14.52.21:932][560]LogModuleManager: Shutting down and abandoning module Sequencer (194)
[2018.03.09-14.52.21:934][560]LogModuleManager: Shutting down and abandoning module MessageLog (191)
[2018.03.09-14.52.21:934][560]LogModuleManager: Shutting down and abandoning module SlateReflector (186)
[2018.03.09-14.52.21:938][560]LogModuleManager: Shutting down and abandoning module Slate (184)
[2018.03.09-14.52.21:938][560]LogModuleManager: Shutting down and abandoning module EditorStyle (182)
[2018.03.09-14.52.21:950][560]LogModuleManager: Shutting down and abandoning module MRMesh (180)
[2018.03.09-14.52.21:950][560]LogModuleManager: Shutting down and abandoning module SourceCodeAccess (178)
[2018.03.09-14.52.21:950][560]LogModuleManager: Shutting down and abandoning module HeadMountedDisplay (176)
[2018.03.09-14.52.21:950][560]LogModuleManager: Shutting down and abandoning module XAudio2 (174)
[2018.03.09-14.52.21:950][560]LogModuleManager: Shutting down and abandoning module Networking (172)
[2018.03.09-14.52.21:950][560]LogModuleManager: Shutting down and abandoning module Core (168)
[2018.03.09-14.52.21:950][560]LogModuleManager: Shutting down and abandoning module KismetCompiler (164)
[2018.03.09-14.52.21:951][560]LogModuleManager: Shutting down and abandoning module LevelSequence (162)
[2018.03.09-14.52.21:951][560]LogModuleManager: Shutting down and abandoning module MeshUtilities (160)
[2018.03.09-14.52.21:953][560]LogModuleManager: Shutting down and abandoning module MeshMergeUtilities (159)
[2018.03.09-14.52.21:954][560]LogModuleManager: Shutting down and abandoning module MeshReductionInterface (158)
[2018.03.09-14.52.21:954][560]LogModuleManager: Shutting down and abandoning module SimplygonSwarm (157)
[2018.03.09-14.52.21:955][560]LogModuleManager: Shutting down and abandoning module SimplygonMeshReduction (155)
[2018.03.09-14.52.21:956][560]LogModuleManager: Shutting down and abandoning module QuadricMeshReduction (153)
[2018.03.09-14.52.21:957][560]LogModuleManager: Shutting down and abandoning module MaterialBaking (149)
[2018.03.09-14.52.21:958][560]LogModuleManager: Shutting down and abandoning module DirectoryWatcher (146)
[2018.03.09-14.52.21:969][560]LogModuleManager: Shutting down and abandoning module DerivedDataCache (144)
[2018.03.09-14.52.21:980][560]LogDerivedDataCache: Shutdown
[2018.03.09-14.52.21:980][560]LogModuleManager: Shutting down and abandoning module TargetPlatform (142)
[2018.03.09-14.52.21:981][560]LogModuleManager: Shutting down and abandoning module VulkanShaderFormat (141)
[2018.03.09-14.52.21:982][560]LogModuleManager: Shutting down and abandoning module ShaderFormatVectorVM (139)
[2018.03.09-14.52.21:983][560]LogModuleManager: Shutting down and abandoning module ShaderFormatOpenGL (137)
[2018.03.09-14.52.21:983][560]LogModuleManager: Shutting down and abandoning module ShaderFormatD3D (135)
[2018.03.09-14.52.21:983][560]LogModuleManager: Shutting down and abandoning module MetalShaderFormat (133)
[2018.03.09-14.52.21:984][560]LogModuleManager: Shutting down and abandoning module TextureFormatUncompressed (131)
[2018.03.09-14.52.21:984][560]LogModuleManager: Shutting down and abandoning module TextureFormatPVR (129)
[2018.03.09-14.52.21:985][560]LogModuleManager: Shutting down and abandoning module TextureFormatDXT (127)
[2018.03.09-14.52.21:985][560]LogModuleManager: Shutting down and abandoning module TextureFormatIntelISPCTexComp (125)
[2018.03.09-14.52.21:987][560]LogModuleManager: Shutting down and abandoning module TextureFormatASTC (123)
[2018.03.09-14.52.21:987][560]LogModuleManager: Shutting down and abandoning module ImageWrapper (122)
[2018.03.09-14.52.21:987][560]LogModuleManager: Shutting down and abandoning module TextureFormatAndroid (119)
[2018.03.09-14.52.21:987][560]LogModuleManager: Shutting down and abandoning module AudioFormatOpus (117)
[2018.03.09-14.52.21:987][560]LogModuleManager: Shutting down and abandoning module AudioFormatOgg (115)
[2018.03.09-14.52.21:987][560]LogModuleManager: Shutting down and abandoning module AudioFormatADPCM (113)
[2018.03.09-14.52.21:987][560]LogModuleManager: Shutting down and abandoning module LinuxTargetPlatform (111)
[2018.03.09-14.52.21:991][560]LogModuleManager: Shutting down and abandoning module LinuxServerTargetPlatform (109)
[2018.03.09-14.52.21:991][560]LogModuleManager: Shutting down and abandoning module LinuxNoEditorTargetPlatform (107)
[2018.03.09-14.52.21:991][560]LogModuleManager: Shutting down and abandoning module LinuxClientTargetPlatform (105)
[2018.03.09-14.52.21:992][560]LogModuleManager: Shutting down and abandoning module TVOSTargetPlatform (103)
[2018.03.09-14.52.21:992][560]LogModuleManager: Shutting down and abandoning module Messaging (101)
[2018.03.09-14.52.21:992][560]LogModuleManager: Shutting down and abandoning module IOSTargetPlatform (99)
[2018.03.09-14.52.21:993][560]LogModuleManager: Shutting down and abandoning module HTML5TargetPlatform (97)
[2018.03.09-14.52.21:994][560]LogModuleManager: Shutting down and abandoning module Android_PVRTCTargetPlatform (95)
[2018.03.09-14.52.21:994][560]LogModuleManager: Shutting down and abandoning module Android_MultiTargetPlatform (93)
[2018.03.09-14.52.21:994][560]LogModuleManager: Shutting down and abandoning module Android_ETC2TargetPlatform (91)
[2018.03.09-14.52.21:994][560]LogModuleManager: Shutting down and abandoning module Android_ETC1TargetPlatform (89)
[2018.03.09-14.52.21:994][560]LogModuleManager: Shutting down and abandoning module Android_DXTTargetPlatform (87)
[2018.03.09-14.52.21:994][560]LogModuleManager: Shutting down and abandoning module Android_ATCTargetPlatform (85)
[2018.03.09-14.52.21:994][560]LogModuleManager: Shutting down and abandoning module Android_ASTCTargetPlatform (83)
[2018.03.09-14.52.21:994][560]LogModuleManager: Shutting down and abandoning module AndroidTargetPlatform (81)
[2018.03.09-14.52.21:994][560]LogModuleManager: Shutting down and abandoning module WindowsTargetPlatform (79)
[2018.03.09-14.52.21:994][560]LogModuleManager: Shutting down and abandoning module WindowsServerTargetPlatform (77)
[2018.03.09-14.52.21:995][560]LogModuleManager: Shutting down and abandoning module WindowsNoEditorTargetPlatform (75)
[2018.03.09-14.52.21:995][560]LogModuleManager: Shutting down and abandoning module WindowsClientTargetPlatform (73)
[2018.03.09-14.52.21:996][560]LogModuleManager: Shutting down and abandoning module MacTargetPlatform (71)
[2018.03.09-14.52.21:996][560]LogModuleManager: Shutting down and abandoning module MacServerTargetPlatform (69)
[2018.03.09-14.52.21:996][560]LogModuleManager: Shutting down and abandoning module MacNoEditorTargetPlatform (67)
[2018.03.09-14.52.21:997][560]LogModuleManager: Shutting down and abandoning module MacClientTargetPlatform (65)
[2018.03.09-14.52.21:998][560]LogModuleManager: Shutting down and abandoning module AllDesktopTargetPlatform (63)
[2018.03.09-14.52.21:998][560]LogModuleManager: Shutting down and abandoning module InputCore (60)
[2018.03.09-14.52.21:998][560]LogModuleManager: Shutting down and abandoning module Settings (58)
[2018.03.09-14.52.21:999][560]LogModuleManager: Shutting down and abandoning module PhysXCooking (56)
[2018.03.09-14.52.21:999][560]LogModuleManager: Shutting down and abandoning module SteamVR (54)
[2018.03.09-14.52.21:999][560]LogModuleManager: Shutting down and abandoning module OculusHMD (52)
[2018.03.09-14.52.22:000][560]LogModuleManager: Shutting down and abandoning module ExampleDeviceProfileSelector (50)
[2018.03.09-14.52.22:000][560]LogModuleManager: Shutting down and abandoning module OnlineBlueprintSupport (48)
[2018.03.09-14.52.22:000][560]LogModuleManager: Shutting down and abandoning module OnlineSubsystem (44)
[2018.03.09-14.52.22:000][560]LogOnline: Display: Unloading online subsystem: NULL
[2018.03.09-14.52.22:003][560]LogModuleManager: Shutting down and abandoning module XMPP (43)
[2018.03.09-14.52.22:006][560]LogModuleManager: Shutting down and abandoning module HTTP (41)
[2018.03.09-14.52.22:006][560]LogHttp: Display: Http module shutting down, but needs to wait on 1 outstanding Http requests:
[2018.03.09-14.52.22:006][560]LogHttp: Display: 	verb=[POST] url=[https://datarouter.ol.epicgames.com/datarouter/api/v1/public/data?SessionID=%7B299F0DA7-464B-C06B-7BAF-2EBA23BF63A3%7D&AppID=UEEditor.Rocket.Release&AppVersion=4.17.2-3658906%2B%2B%2BUE4%2BRelease-4.17&UserID=ad426ac64c6a4c3b3bc68a9d0be433f0%7C3e484fc28f53456396d68cb79bbbd8db%7C22fe4f5b-d916-4dca-8f3b-0be2b7be1635&AppEnvironment=datacollector-binary&UploadType=eteventstream] status=Processing
[2018.03.09-14.52.22:037][560]LogModuleManager: Shutting down and abandoning module SSL (40)
[2018.03.09-14.52.22:044][560]LogModuleManager: Shutting down and abandoning module AnimationModifiers (36)
[2018.03.09-14.52.22:045][560]LogModuleManager: Shutting down and abandoning module PropertyEditor (35)
[2018.03.09-14.52.22:048][560]LogModuleManager: Shutting down and abandoning module AudioEditor (32)
[2018.03.09-14.52.22:049][560]LogModuleManager: Shutting down and abandoning module TextureCompressor (30)
[2018.03.09-14.52.22:051][560]LogModuleManager: Shutting down and abandoning module ShaderCore (28)
[2018.03.09-14.52.22:051][560]LogModuleManager: Shutting down and abandoning module Landscape (26)
[2018.03.09-14.52.22:051][560]LogModuleManager: Shutting down and abandoning module SlateRHIRenderer (24)
[2018.03.09-14.52.22:063][560]LogModuleManager: Shutting down and abandoning module OpenGLDrv (22)
[2018.03.09-14.52.22:064][560]LogModuleManager: Shutting down and abandoning module D3D11RHI (20)
[2018.03.09-14.52.22:064][560]LogModuleManager: Shutting down and abandoning module AnimGraphRuntime (18)
[2018.03.09-14.52.22:064][560]LogModuleManager: Shutting down and abandoning module Renderer (16)
[2018.03.09-14.52.22:064][560]LogModuleManager: Shutting down and abandoning module Engine (14)
[2018.03.09-14.52.22:064][560]LogModuleManager: Shutting down and abandoning module CoreUObject (12)
[2018.03.09-14.52.22:064][560]LogModuleManager: Shutting down and abandoning module NetworkFile (10)
[2018.03.09-14.52.22:064][560]LogModuleManager: Shutting down and abandoning module CookedIterativeFile (8)
[2018.03.09-14.52.22:064][560]LogModuleManager: Shutting down and abandoning module StreamingFile (6)
[2018.03.09-14.52.22:065][560]LogModuleManager: Shutting down and abandoning module SandboxFile (4)
[2018.03.09-14.52.22:065][560]LogModuleManager: Shutting down and abandoning module PakFile (2)
[2018.03.09-14.52.22:074][560]LogExit: Exiting.
[2018.03.09-14.52.22:134][560]Log file closed, 03/09/18 14:52:22
