Log file open, 04/12/18 16:30:18
LogWindows: Failed to load 'aqProf.dll' (GetLastError=126)
LogWindows: File 'aqProf.dll' does not exist
LogWindows: Failed to load 'VSPerf140.dll' (GetLastError=126)
LogWindows: File 'VSPerf140.dll' does not exist
LogWindows: Failed to load 'VtuneApi.dll' (GetLastError=126)
LogWindows: File 'VtuneApi.dll' does not exist
LogWindows: Failed to load 'VtuneApi32e.dll' (GetLastError=126)
LogWindows: File 'VtuneApi32e.dll' does not exist
LogInit: Display: Running engine for game: Prototype_Group_11
LogPlatformFile: Not using cached read wrapper
LogInit: Display: RandInit(1424094063) SRandInit(1424094063).
LogTaskGraph: Started task graph with 5 named threads and 20 total threads with 3 sets of task threads.
LogStats: Stats thread started at 0.275298
LogD3D11RHI: Aftermath initialized
LogPluginManager: Mounting plugin Paper2D
LogPluginManager: Mounting plugin LightPropagationVolume
LogPluginManager: Mounting plugin CodeLiteSourceCodeAccess
LogPluginManager: Mounting plugin GitSourceControl
LogPluginManager: Mounting plugin KDevelopSourceCodeAccess
LogPluginManager: Mounting plugin NullSourceCodeAccess
LogPluginManager: Mounting plugin PerforceSourceControl
LogPluginManager: Mounting plugin SubversionSourceControl
LogPluginManager: Mounting plugin UObjectPlugin
LogPluginManager: Mounting plugin VisualStudioSourceCodeAccess
LogPluginManager: Mounting plugin XCodeSourceCodeAccess
LogPluginManager: Mounting plugin AssetManagerEditor
LogPluginManager: Mounting plugin AudioCapture
LogPluginManager: Mounting plugin FacialAnimation
LogPluginManager: Mounting plugin GameplayTagsEditor
LogPluginManager: Mounting plugin MobileLauncherProfileWizard
LogPluginManager: Mounting plugin PluginBrowser
LogPluginManager: Mounting plugin SpeedTreeImporter
LogPluginManager: Mounting plugin AlembicImporter
LogPluginManager: Mounting plugin CharacterAI
LogPluginManager: Mounting plugin HTML5Networking
LogPluginManager: Mounting plugin AndroidMedia
LogPluginManager: Mounting plugin AvfMedia
LogPluginManager: Mounting plugin MediaPlayerEditor
LogPluginManager: Mounting plugin WmfMedia
LogPluginManager: Mounting plugin TcpMessaging
LogPluginManager: Mounting plugin UdpMessaging
LogPluginManager: Mounting plugin LevelSequenceEditor
LogPluginManager: Mounting plugin MatineeToLevelSequence
LogPluginManager: Mounting plugin OnlineSubsystemGooglePlay
LogPluginManager: Mounting plugin OnlineSubsystemIOS
LogPluginManager: Mounting plugin OnlineSubsystem
LogPluginManager: Mounting plugin OnlineSubsystemNull
LogPluginManager: Mounting plugin OnlineSubsystemUtils
LogPluginManager: Mounting plugin AndroidDeviceProfileSelector
LogPluginManager: Mounting plugin AndroidMoviePlayer
LogPluginManager: Mounting plugin AndroidPermission
LogPluginManager: Mounting plugin AppleMoviePlayer
LogPluginManager: Mounting plugin ArchVisCharacter
LogPluginManager: Mounting plugin CableComponent
LogPluginManager: Mounting plugin CustomMeshComponent
LogPluginManager: Mounting plugin ExampleDeviceProfileSelector
LogPluginManager: Mounting plugin GoogleCloudMessaging
LogPluginManager: Mounting plugin ImmediatePhysics
LogPluginManager: Mounting plugin IOSDeviceProfileSelector
LogPluginManager: Mounting plugin LinuxDeviceProfileSelector
LogPluginManager: Mounting plugin LocationServicesBPLibrary
LogPluginManager: Mounting plugin MobilePatchingUtils
LogPluginManager: Mounting plugin OculusVR
LogPluginManager: Mounting plugin PhysXVehicles
LogPluginManager: Mounting plugin ProceduralMeshComponent
LogPluginManager: Mounting plugin RuntimePhysXCooking
LogPluginManager: Mounting plugin SteamVR
LogPluginManager: Mounting plugin WindowsMoviePlayer
LogInit: Using libcurl 7.47.1
LogInit:  - built for x86_64-pc-win32
LogInit:  - supports SSL with OpenSSL/1.0.2g
LogInit:  - supports HTTP deflate (compression) using libz 1.2.8
LogInit:  - other features:
LogInit:      CURL_VERSION_SSL
LogInit:      CURL_VERSION_LIBZ
LogInit:      CURL_VERSION_IPV6
LogInit:      CURL_VERSION_ASYNCHDNS
LogInit:      CURL_VERSION_LARGEFILE
LogInit:      CURL_VERSION_IDN
LogInit:  CurlRequestOptions (configurable via config and command line):
LogInit:  - bVerifyPeer = false  - Libcurl will NOT verify peer certificate
LogInit:  - bUseHttpProxy = false  - Libcurl will NOT use HTTP proxy
LogInit:  - bDontReuseConnections = false  - Libcurl will reuse connections
LogInit:  - CertBundlePath = nullptr  - Libcurl will use whatever was configured at build time.
LogInit: Build: ++UE4+Release-4.17-CL-3658906
LogInit: Engine Version: 4.17.2-3658906+++UE4+Release-4.17
LogInit: Compatible Engine Version: 4.17.0-3573198+++UE4+Release-4.17
LogInit: Net CL: 3573198
LogDevObjectVersion: Number of dev versions registered: 16
LogDevObjectVersion:   Dev-Blueprints (B0D832E4-1F89-4F0D-ACCF-7EB736FD4AA2): 10
LogDevObjectVersion:   Dev-Build (E1C64328-A22C-4D53-A36C-8E866417BD8C): 0
LogDevObjectVersion:   Dev-Core (375EC13C-06E4-48FB-B500-84F0262A717E): 2
LogDevObjectVersion:   Dev-Editor (E4B068ED-F494-42E9-A231-DA0B2E46BB41): 20
LogDevObjectVersion:   Dev-Framework (CFFC743F-43B0-4480-9391-14DF171D2073): 28
LogDevObjectVersion:   Dev-Mobile (B02B49B5-BB20-44E9-A304-32B752E40360): 0
LogDevObjectVersion:   Dev-Networking (A4E4105C-59A1-49B5-A7C5-40C4547EDFEE): 0
LogDevObjectVersion:   Dev-Online (39C831C9-5AE6-47DC-9A44-9C173E1C8E7C): 0
LogDevObjectVersion:   Dev-Physics (78F01B33-EBEA-4F98-B9B4-84EACCB95AA2): 0
LogDevObjectVersion:   Dev-Platform (6631380F-2D4D-43E0-8009-CF276956A95A): 0
LogDevObjectVersion:   Dev-Rendering (12F88B9F-8875-4AFC-A67C-D90C383ABD29): 19
LogDevObjectVersion:   Dev-Sequencer (7B5AE74C-D270-4C10-A958-57980B212A5A): 4
LogDevObjectVersion:   Dev-VR (D7296918-1DD6-4BDD-9DE2-64A83CC13884): 0
LogDevObjectVersion:   Dev-LoadTimes (C2A15278-BFE7-4AFE-6C17-90FF531DF755): 1
LogDevObjectVersion:   Private-Geometry (6EACA3D4-40EC-4CC1-B786-8BED09428FC5): 1
LogDevObjectVersion:   Dev-AnimPhys (29E575DD-E0A3-4627-9D10-D276232CDCEA): 7
LogInit: Compiled (64-bit): Sep 22 2017 13:47:16
LogInit: Compiled with Visual C++: 19.00.24215.01
LogInit: Build Configuration: Development
LogInit: Branch Name: ++UE4+Release-4.17
LogInit: Command line:  
LogInit: Base directory: C:/Program Files/Epic Games/UE_4.17/Engine/Binaries/Win64/
LogInit: Installed Engine Build: 1
LogInit: Presizing for max 8388607 objects, including 0 objects not considered by GC, pre-allocating 0 bytes for permanent pool.
LogInit: Object subsystem initialized
[2018.04.12-15.30.18:941][  0]LogInit: Selected Device Profile: [Windows]
[2018.04.12-15.30.18:941][  0]LogInit: Applying CVar settings loaded from the selected device profile: [Windows]
[2018.04.12-15.30.18:977][  0]LogInit: Computer: TYLER-PC
[2018.04.12-15.30.18:977][  0]LogInit: User: Tyler
[2018.04.12-15.30.18:977][  0]LogInit: CPU Page size=4096, Cores=6
[2018.04.12-15.30.18:977][  0]LogInit: High frequency timer resolution =3.125000 MHz
[2018.04.12-15.30.18:978][  0]LogMemory: Memory total: Physical=8.0GB (8GB approx)
[2018.04.12-15.30.18:978][  0]LogMemory: Platform Memory Stats for Windows
[2018.04.12-15.30.18:978][  0]LogMemory: Process Physical Memory: 280.18 MB used, 280.18 MB peak
[2018.04.12-15.30.18:978][  0]LogMemory: Process Virtual Memory: 281.06 MB used, 281.06 MB peak
[2018.04.12-15.30.18:978][  0]LogMemory: Physical Memory: 5780.55 MB used,  2363.84 MB free, 8144.39 MB total
[2018.04.12-15.30.18:978][  0]LogMemory: Virtual Memory: 713.80 MB used,  2363.84 MB free, 134217728.00 MB total
[2018.04.12-15.30.19:224][  0]LogInit: Using OS detected language (en-GB).
[2018.04.12-15.30.19:224][  0]LogInit: Using OS detected locale (en-GB).
[2018.04.12-15.30.19:313][  0]LogTextLocalizationManager: No specific localization for 'en-GB' exists, so the 'en' localization will be used.
[2018.04.12-15.30.23:291][  0]LogD3D11RHI: D3D11 adapters:
[2018.04.12-15.30.23:362][  0]LogD3D11RHI:    0. 'NVIDIA GeForce GTX 980' (Feature Level 11_0)
[2018.04.12-15.30.23:362][  0]LogD3D11RHI:       4053/0/4072 MB DedicatedVideo/DedicatedSystem/SharedSystem, Outputs:1, VendorId:0x10de
[2018.04.12-15.30.23:366][  0]LogD3D11RHI:    1. 'Microsoft Basic Render Driver' (Feature Level 11_0)
[2018.04.12-15.30.23:366][  0]LogD3D11RHI:       0/0/4072 MB DedicatedVideo/DedicatedSystem/SharedSystem, Outputs:0, VendorId:0x1414
[2018.04.12-15.30.23:366][  0]LogD3D11RHI: Chosen D3D11 Adapter: 0
[2018.04.12-15.30.23:389][  0]LogD3D11RHI: Creating new Direct3DDevice
[2018.04.12-15.30.23:389][  0]LogD3D11RHI:     GPU DeviceId: 0x13c0 (for the marketing name, search the web for "GPU Device Id")
[2018.04.12-15.30.23:389][  0]LogWindows: EnumDisplayDevices:
[2018.04.12-15.30.23:389][  0]LogWindows:    0. 'NVIDIA GeForce GTX 980' (P:1 D:1)
[2018.04.12-15.30.23:389][  0]LogWindows:    1. 'NVIDIA GeForce GTX 980' (P:0 D:0)
[2018.04.12-15.30.23:389][  0]LogWindows:    2. 'NVIDIA GeForce GTX 980' (P:0 D:0)
[2018.04.12-15.30.23:389][  0]LogWindows:    3. 'NVIDIA GeForce GTX 980' (P:0 D:0)
[2018.04.12-15.30.23:390][  0]LogWindows: DebugString: GetVideoDriverDetailsInvalid PrimaryIsNotTheChoosenAdapter GetVideoDriverDetailsInvalid PrimaryIsNotTheChoosenAdapter GetVideoDriverDetailsInvalid PrimaryIsNotTheChoosenAdapter GetVideoDriverDetailsInvalid PrimaryIsNotTheChoosenAdapter FoundDriverCount:0 
[2018.04.12-15.30.23:390][  0]LogD3D11RHI:     Adapter Name: NVIDIA GeForce GTX 980
[2018.04.12-15.30.23:390][  0]LogD3D11RHI:   Driver Version: Unknown (internal:Unknown, unified:Unknown)
[2018.04.12-15.30.23:390][  0]LogD3D11RHI:      Driver Date: Unknown
[2018.04.12-15.30.23:390][  0]LogRHI: Texture pool is 1361 MB (70% of 1945 MB)
[2018.04.12-15.30.23:430][  0]LogD3D11RHI: Async texture creation enabled
[2018.04.12-15.30.23:523][  0]LogD3D11RHI: GPU Timing Frequency: 1000.000000 (Debug: 2 2)
[2018.04.12-15.30.23:566][  0]LogShaderCompilers: Guid format shader working directory is -45 characters bigger than the processId version (../../../../../../Users/Tyler/Documents/GitHub/mgp-mgp-group-11/Development/Unreal Project/Intermediate/Shaders/WorkingDirectory/53748/).
[2018.04.12-15.30.23:567][  0]LogShaderCompilers: Cleaned the shader compiler working directory 'C:/Users/Tyler/AppData/Local/Temp/UnrealShaderWorkingDir/5B9CA31448B10328C14CE1AC6E4B64A2/'.
[2018.04.12-15.30.23:567][  0]LogShaderCompilers: Display: Using Local Shader Compiler.
[2018.04.12-15.30.26:081][  0]LogTemp: Display: Loaded TP AllDesktopTargetPlatform
[2018.04.12-15.30.26:150][  0]LogTemp: Display: Loaded TP MacClientTargetPlatform
[2018.04.12-15.30.26:216][  0]LogTemp: Display: Loaded TP MacNoEditorTargetPlatform
[2018.04.12-15.30.26:284][  0]LogTemp: Display: Loaded TP MacServerTargetPlatform
[2018.04.12-15.30.26:356][  0]LogTemp: Display: Loaded TP MacTargetPlatform
[2018.04.12-15.30.26:424][  0]LogTemp: Display: Loaded TP WindowsClientTargetPlatform
[2018.04.12-15.30.26:492][  0]LogTemp: Display: Loaded TP WindowsNoEditorTargetPlatform
[2018.04.12-15.30.26:563][  0]LogTemp: Display: Loaded TP WindowsServerTargetPlatform
[2018.04.12-15.30.26:621][  0]LogTemp: Display: Loaded TP WindowsTargetPlatform
[2018.04.12-15.30.26:694][  0]LogTemp: Display: Loaded TP AndroidTargetPlatform
[2018.04.12-15.30.26:761][  0]LogTemp: Display: Loaded TP Android_ASTCTargetPlatform
[2018.04.12-15.30.26:829][  0]LogTemp: Display: Loaded TP Android_ATCTargetPlatform
[2018.04.12-15.30.26:912][  0]LogTemp: Display: Loaded TP Android_DXTTargetPlatform
[2018.04.12-15.30.26:984][  0]LogTemp: Display: Loaded TP Android_ETC1TargetPlatform
[2018.04.12-15.30.27:053][  0]LogTemp: Display: Loaded TP Android_ETC2TargetPlatform
[2018.04.12-15.30.27:199][  0]LogTemp: Display: Loaded TP Android_MultiTargetPlatform
[2018.04.12-15.30.27:199][  0]LogTemp: Display: Loaded TP Android_PVRTCTargetPlatform
[2018.04.12-15.30.27:251][  0]LogTemp: Display: Loaded TP HTML5TargetPlatform
[2018.04.12-15.30.27:377][  0]LogTemp: Display: Loaded TP IOSTargetPlatform
[2018.04.12-15.30.27:419][  0]LogTemp: Display: Loaded TP TVOSTargetPlatform
[2018.04.12-15.30.27:488][  0]LogTemp: Display: Loaded TP LinuxClientTargetPlatform
[2018.04.12-15.30.27:564][  0]LogTemp: Display: Loaded TP LinuxNoEditorTargetPlatform
[2018.04.12-15.30.27:649][  0]LogTemp: Display: Loaded TP LinuxServerTargetPlatform
[2018.04.12-15.30.27:726][  0]LogTemp: Display: Loaded TP LinuxTargetPlatform
[2018.04.12-15.30.27:726][  0]LogTargetPlatformManager: Display: Building Assets For Windows
[2018.04.12-15.30.28:442][  0]LogDerivedDataCache: Display: Max Cache Size: 512 MB
[2018.04.12-15.30.28:922][  0]LogDerivedDataCache: Loaded boot cache 0.48s 93MB C:/Users/Tyler/AppData/Local/UnrealEngine/4.17/DerivedDataCache/Boot.ddc.
[2018.04.12-15.30.28:922][  0]LogDerivedDataCache: Display: Loaded Boot cache: C:/Users/Tyler/AppData/Local/UnrealEngine/4.17/DerivedDataCache/Boot.ddc
[2018.04.12-15.30.28:922][  0]LogDerivedDataCache: FDerivedDataBackendGraph:  Pak pak cache file ../../../../../../Users/Tyler/Documents/GitHub/mgp-mgp-group-11/Development/Unreal Project/DerivedDataCache/DDC.ddp not found, will not use a pak cache.
[2018.04.12-15.30.28:922][  0]LogDerivedDataCache: Unable to find inner node Pak for hierarchical cache Hierarchy.
[2018.04.12-15.30.28:922][  0]LogDerivedDataCache: FDerivedDataBackendGraph:  CompressedPak pak cache file ../../../../../../Users/Tyler/Documents/GitHub/mgp-mgp-group-11/Development/Unreal Project/DerivedDataCache/Compressed.ddp not found, will not use a pak cache.
[2018.04.12-15.30.28:922][  0]LogDerivedDataCache: Unable to find inner node CompressedPak for hierarchical cache Hierarchy.
[2018.04.12-15.30.28:944][  0]LogDerivedDataCache: Display: Pak cache opened for reading ../../../Engine/DerivedDataCache/Compressed.ddp.
[2018.04.12-15.30.28:957][  0]LogDerivedDataCache: Using Local data cache path C:/Users/Tyler/AppData/Local/UnrealEngine/Common/DerivedDataCache: Writable
[2018.04.12-15.30.28:970][  0]LogMaterial: Verifying Global Shaders for PCD3D_SM5
[2018.04.12-15.30.28:970][  0]LogSlate: Using Freetype 2.6.0
[2018.04.12-15.30.28:985][  0]LogSlate: SlateFontCache - WITH_FREETYPE: 1, WITH_HARFBUZZ: 1
[2018.04.12-15.30.28:985][  0]LogSlate: SlateFontCache - WITH_FREETYPE: 1, WITH_HARFBUZZ: 1
[2018.04.12-15.30.29:717][  0]LogAssetRegistry: FAssetRegistry took 0.0282 seconds to start up
[2018.04.12-15.30.29:883][  0]LogInit: Selected Device Profile: [Windows]
[2018.04.12-15.30.30:357][  0]LogContentStreaming: Texture pool size is 0.00 MB
[2018.04.12-15.30.30:783][  0]LogSimplygon: Simplygon DLL not present - disabling.
[2018.04.12-15.30.30:839][  0]LogMeshReduction: Using SimplygonSwarm for distributed automatic mesh merging
[2018.04.12-15.30.30:839][  0]LogMeshReduction: Using QuadricMeshReduction for automatic static mesh reduction
[2018.04.12-15.30.30:839][  0]LogMeshReduction: No automatic skeletal mesh reduction module available
[2018.04.12-15.30.30:839][  0]LogMeshReduction: No automatic mesh merging module available
[2018.04.12-15.30.30:839][  0]LogMeshMerging: No automatic mesh merging module available
[2018.04.12-15.30.31:774][  0]LogNetVersion: Prototype_Group_11 , NetCL: 3573198, EngineNetVer: 2, GameNetVer: 0 (Checksum: 3139247147)
[2018.04.12-15.30.32:418][  0]LogPackageLocalizationCache: Processed 5 localized package path(s) for 2 prioritized culture(s) in 0.075883 seconds
[2018.04.12-15.30.32:427][  0]LogUObjectArray: 35825 objects as part of root set at end of initial load.
[2018.04.12-15.30.32:427][  0]LogUObjectAllocator: 7529104 out of 0 bytes used by permanent object pool.
[2018.04.12-15.30.32:427][  0]LogUObjectArray: CloseDisregardForGC: 0/0 objects in disregard for GC pool
[2018.04.12-15.30.32:518][  0]LogInit: WinSock: version 1.1 (2.2), MaxSocks=32767, MaxUdp=65467
[2018.04.12-15.30.38:944][  0]LogTcpMessaging: Initializing TcpMessaging bridge
[2018.04.12-15.30.38:994][  0]LogUdpMessaging: Initializing bridge on interface 0.0.0.0:0 to multicast group 230.0.0.1:6666.
[2018.04.12-15.30.40:064][  0]LogMaterial: Uniform references updated for custom material expression Custom.
[2018.04.12-15.30.40:747][  0]SourceControl: Source control is disabled
[2018.04.12-15.30.42:501][  0]LogAndroidPermission: UAndroidPermissionCallbackProxy::GetInstance
[2018.04.12-15.30.42:848][  0]LogOcInput: OculusInput pre-init called
[2018.04.12-15.30.43:225][  0]LogEngine: Initializing Engine...
[2018.04.12-15.30.43:231][  0]LogHMD: Failed to initialize OpenVR with code 100
[2018.04.12-15.30.43:727][  0]LogStats: UGameplayTagsManager::ConstructGameplayTagTree: Construct from data asset -  0.000 s
[2018.04.12-15.30.43:727][  0]LogStats: UGameplayTagsManager::ConstructGameplayTagTree: GameplayTagTreeChangedEvent.Broadcast -  0.000 s
[2018.04.12-15.30.43:905][  0]LogAIModule: Creating AISystem for world Untitled
[2018.04.12-15.30.43:922][  0]LogInit: XAudio2 using 'Headset Earphone (4- Corsair VOID Wireless Gaming Dongle)' : 2 channels at 48 kHz using 16 bits per sample (channel mask 0x3)
[2018.04.12-15.30.43:935][  0]LogInit: FAudioDevice initialized.
[2018.04.12-15.30.44:040][  0]LogDerivedDataCache: Saved boot cache 0.10s 93MB C:/Users/Tyler/AppData/Local/UnrealEngine/4.17/DerivedDataCache/Boot.ddc.
[2018.04.12-15.30.44:063][  0]LogInit: Texture streaming: Enabled
[2018.04.12-15.30.44:229][  0]LogEngineSessionManager: EngineSessionManager initialized
[2018.04.12-15.30.44:559][  0]LogInit: Transaction tracking system initialized
[2018.04.12-15.30.44:973][  0]BlueprintLog: New page: Editor Load
[2018.04.12-15.30.46:240][  0]LocalizationService: Localization service is disabled
[2018.04.12-15.30.47:451][  0]LogConsoleResponse: Display: 
[2018.04.12-15.30.47:957][  0]LogCook: Display: Max memory allowance for cook 16384mb min free memory 0mb
[2018.04.12-15.30.47:957][  0]LogCook: Display: Mobile HDR setting 1
[2018.04.12-15.30.47:957][  0]LogGameplayTags: Display: UGameplayTagsManager::DoneAddingNativeTags. DelegateIsBound: 0
[2018.04.12-15.30.48:308][  0]LogFileCache: Scanning file cache for directory 'C:/Users/Tyler/Documents/GitHub/mgp-mgp-group-11/Development/Unreal Project/Content/' took 0.02s
[2018.04.12-15.30.49:522][  0]Cmd: MAP LOAD FILE="../../../../../../Users/Tyler/Documents/GitHub/mgp-mgp-group-11/Development/Unreal Project/Content/Levels/MainMenu.umap" TEMPLATE=0 SHOWPROGRESS=1 FEATURELEVEL=3
[2018.04.12-15.30.49:522][  0]LightingResults: New page: Lighting Build
[2018.04.12-15.30.49:579][  0]MapCheck: New page: Map Check
[2018.04.12-15.30.49:579][  0]LightingResults: New page: Lighting Build
[2018.04.12-15.30.49:978][  0]LogAIModule: Creating AISystem for world MainMenu
[2018.04.12-15.30.49:980][  0]LogEditorServer: Finished looking for orphan Actors (0.000 secs)
[2018.04.12-15.30.50:004][  0]Cmd: MAP CHECKDEP NOCLEARLOG
[2018.04.12-15.30.50:066][  0]MapCheck: Map check complete: 0 Error(s), 0 Warning(s), took 62.79ms to complete.
[2018.04.12-15.30.50:066][  0]LogFileHelpers: Loading map 'MainMenu' took 0.545
[2018.04.12-15.30.50:286][  0]LogCollectionManager: Loaded 0 collections in 0.002876 seconds
[2018.04.12-15.30.50:396][  0]LogFileCache: Scanning file cache for directory 'C:/Users/Tyler/Documents/GitHub/mgp-mgp-group-11/Development/Unreal Project/Saved/Collections/' took 0.01s
[2018.04.12-15.30.50:396][  0]LogFileCache: Scanning file cache for directory 'C:/Users/Tyler/Documents/GitHub/mgp-mgp-group-11/Development/Unreal Project/Content/Developers/Tyler/Collections/' took 0.01s
[2018.04.12-15.30.50:396][  0]LogFileCache: Scanning file cache for directory 'C:/Users/Tyler/Documents/GitHub/mgp-mgp-group-11/Development/Unreal Project/Content/Collections/' took 0.01s
[2018.04.12-15.30.50:396][  0]LogCollectionManager: Rebuilt the GUID cache for 0 collections in 0.000001 seconds
[2018.04.12-15.30.50:410][  0]LogContentBrowser: Native class hierarchy populated in 0.0136 seconds. Added 2386 classes and 500 folders.
[2018.04.12-15.30.50:495][  0]LogContentBrowser: Native class hierarchy updated for 'WidgetCarousel' in 0.0008 seconds. Added 0 classes and 0 folders.
[2018.04.12-15.30.50:951][  0]LogContentBrowser: Native class hierarchy updated for 'AddContentDialog' in 0.0009 seconds. Added 0 classes and 0 folders.
[2018.04.12-15.30.51:007][  0]LogContentBrowser: Native class hierarchy updated for 'SceneOutliner' in 0.0008 seconds. Added 1 classes and 2 folders.
[2018.04.12-15.30.51:401][  0]LogSlate: Took 0.008321 seconds to synchronously load lazily loaded font '../../../Engine/Content/Slate/Fonts/Roboto-Regular.ttf' (155K)
[2018.04.12-15.30.51:516][  0]SourceControl: On branch master
[2018.04.12-15.30.51:516][  0]SourceControl: Your branch is up to date with 'origin/master'.
[2018.04.12-15.30.51:516][  0]SourceControl: Changes not staged for commit:
[2018.04.12-15.30.51:516][  0]SourceControl:   (use "git add/rm <file>..." to update what will be committed)
[2018.04.12-15.30.51:516][  0]SourceControl:   (use "git checkout -- <file>..." to discard changes in working directory)
[2018.04.12-15.30.51:516][  0]SourceControl: 	modified:   Development/Unreal Project/Intermediate/CachedAssetRegistry.bin
[2018.04.12-15.30.51:516][  0]SourceControl: 	modified:   Development/Unreal Project/Saved/Config/Windows/EditorPerProjectUserSettings.ini
[2018.04.12-15.30.51:516][  0]SourceControl: 	deleted:    Development/Unreal Project/Saved/Logs/Prototype_Group_11-backup-2018.04.12-14.10.33.log
[2018.04.12-15.30.51:516][  0]SourceControl: 	modified:   Development/Unreal Project/Saved/Logs/Prototype_Group_11.log
[2018.04.12-15.30.51:516][  0]SourceControl: Untracked files:
[2018.04.12-15.30.51:516][  0]SourceControl:   (use "git add <file>..." to include in what will be committed)
[2018.04.12-15.30.51:516][  0]SourceControl: 	Development/Unreal Project/Saved/Config/CrashReportClient/UE4CC-Windows-E817B1B6443E42D5100DF0B57BC5B03D/
[2018.04.12-15.30.51:516][  0]SourceControl: 	Development/Unreal Project/Saved/Logs/Prototype_Group_11-backup-2018.04.12-16.30.18.log
[2018.04.12-15.30.51:516][  0]SourceControl: no changes added to commit (use "git add" and/or "git commit -a")
[2018.04.12-15.30.51:633][  0]LogWindowsTextInputMethodSystem: Display: IME system now deactivated.
[2018.04.12-15.30.52:668][  0]LogWindowsTextInputMethodSystem: Display: IME system now deactivated.
[2018.04.12-15.30.52:689][  0]LogSlate: Took 0.007043 seconds to synchronously load lazily loaded font '../../../Engine/Content/Slate/Fonts/Roboto-Bold.ttf' (160K)
[2018.04.12-15.30.52:700][  0]LogSlate: Took 0.006063 seconds to synchronously load lazily loaded font '../../../Engine/Content/Editor/Slate/Fonts/FontAwesome.ttf' (139K)
[2018.04.12-15.30.52:796][  0]LogTemp: Executing iPhonePackager certificates Engine -bundlename com.YourCompany.PrototypeGroup11
[2018.04.12-15.30.52:796][  0]LogTemp: CWD: C:\Program Files\Epic Games\UE_4.17\Engine\Binaries\DotNET\IOS
[2018.04.12-15.30.52:796][  0]LogTemp: Initial Dir: C:\Program Files\Epic Games\UE_4.17
[2018.04.12-15.30.52:796][  0]LogTemp: Env CWD: C:\Program Files\Epic Games\UE_4.17\Engine\Binaries\DotNET\IOS
[2018.04.12-15.30.52:796][  0]LogTemp: BranchPath = TYLER-PC/C/Program Files/Epic Games/UE_4.17/Engine/Binaries --- GameBranchPath = TYLER-PC/C/Program Files/Epic Games/UE_4.17/Engine/Binaries
[2018.04.12-15.30.52:796][  0]LogTemp: IPP ERROR: Could not find provision directory 'C:\Users\Tyler\AppData\Local/Apple Computer/MobileDevice/Provisioning Profiles/'.
[2018.04.12-15.30.52:796][  0]LogRenderer: Reallocating scene render targets to support 1528x552 Format 10 NumSamples 1 (Frame:1).
[2018.04.12-15.30.52:967][  0]LogContentBrowser: Native class hierarchy updated for 'HierarchicalLODOutliner' in 0.0010 seconds. Added 1 classes and 2 folders.
[2018.04.12-15.30.52:968][  0]LogLoad: (Engine Initialization) Total time: 37.41 seconds
[2018.04.12-15.30.52:968][  0]LogLoad: (Engine Initialization) Total Blueprint compile time: 0.00 seconds
[2018.04.12-15.30.52:968][  0]LogExternalProfiler: No external profilers were discovered.  External profiling features will not be available.
[2018.04.12-15.30.53:004][  0]LogContentStreaming: Texture pool size now 1000 MB
[2018.04.12-15.30.53:061][  0]LogSlate: Took 0.006826 seconds to synchronously load lazily loaded font '../../../Engine/Content/Slate/Fonts/Roboto-Light.ttf' (159K)
[2018.04.12-15.30.53:085][  1]LogAssetRegistry: Asset discovery search completed in 23.3897 seconds
[2018.04.12-15.30.53:086][  1]LogCollectionManager: Rebuilt the object cache for 0 collections in 0.000000 seconds (found 0 objects)
[2018.04.12-15.30.53:086][  1]LogCollectionManager: Fixed up redirectors for 0 collections in 0.000109 seconds (updated 0 objects)
[2018.04.12-15.31.00:919][907]LogSlate: Took 0.000207 seconds to synchronously load lazily loaded font '../../../Engine/Content/Slate/Fonts/Roboto-Light.ttf' (159K)
[2018.04.12-15.31.01:032][907]LogBlueprint: Warning: [Cannon] 'TimerImage' variable not found. Base class was probably changed.
[2018.04.12-15.31.01:417][907]LogAIModule: Creating AISystem for world JoeLevel1
[2018.04.12-15.31.01:594][907]Cmd: MAP LOAD FILE="../../../../../../Users/Tyler/Documents/GitHub/mgp-mgp-group-11/Development/Unreal Project/Content/Levels/JoeLevel1.umap" TEMPLATE=0 SHOWPROGRESS=1 FEATURELEVEL=3
[2018.04.12-15.31.01:594][907]LightingResults: New page: Lighting Build
[2018.04.12-15.31.01:595][907]LoadErrors: New page: Loading map: JoeLevel1.umap
[2018.04.12-15.31.01:596][907]MapCheck: New page: Map Check
[2018.04.12-15.31.01:596][907]LightingResults: New page: Lighting Build
[2018.04.12-15.31.01:668][907]LogEditorServer: Finished looking for orphan Actors (0.000 secs)
[2018.04.12-15.31.01:742][907]Cmd: MAP CHECKDEP NOCLEARLOG
[2018.04.12-15.31.01:812][907]MapCheck: Map check complete: 0 Error(s), 0 Warning(s), took 69.628ms to complete.
[2018.04.12-15.31.01:813][907]LogFileHelpers: Loading map 'JoeLevel1' took 0.220
[2018.04.12-15.31.30:659][207]LogInit: Warning: CVar named 'r.MobileHDR' marked up in RendererSettings was not found or is set to read-only
[2018.04.12-15.31.30:720][207]LogSlate: Took 0.000333 seconds to synchronously load lazily loaded font '../../../Engine/Content/Slate/Fonts/Roboto-Light.ttf' (159K)
[2018.04.12-15.31.48:232][296]LogInit: Warning: CVar named 'r.Mobile.DisableVertexFog' marked up in RendererSettings was not found or is set to read-only
[2018.04.12-15.32.39:731][285]SourceControl: Error: fatal: Invalid path '/Script': No such file or directory
