Log file open, 02/19/18 18:05:10
LogWindows: Failed to load 'aqProf.dll' (GetLastError=126)
LogWindows: File 'aqProf.dll' does not exist
LogWindows: Failed to load 'VtuneApi.dll' (GetLastError=126)
LogWindows: File 'VtuneApi.dll' does not exist
LogWindows: Failed to load 'VtuneApi32e.dll' (GetLastError=126)
LogWindows: File 'VtuneApi32e.dll' does not exist
LogInit: Display: Running engine for game: Prototype_Group_11
LogPlatformFile: Not using cached read wrapper
LogInit: Display: RandInit(1689632306) SRandInit(1689632306).
LogTaskGraph: Started task graph with 5 named threads and 14 total threads with 3 sets of task threads.
LogStats: Stats thread started at 0.178963
LogD3D11RHI: Aftermath initialized
LogPluginManager: Mounting plugin Paper2D
LogPluginManager: Mounting plugin LightPropagationVolume
LogPluginManager: Mounting plugin CodeLiteSourceCodeAccess
LogPluginManager: Mounting plugin GitSourceControl
LogPluginManager: Mounting plugin KDevelopSourceCodeAccess
LogPluginManager: Mounting plugin NullSourceCodeAccess
LogPluginManager: Mounting plugin PerforceSourceControl
LogPluginManager: Mounting plugin SubversionSourceControl
LogPluginManager: Mounting plugin UObjectPlugin
LogPluginManager: Mounting plugin VisualStudioSourceCodeAccess
LogPluginManager: Mounting plugin XCodeSourceCodeAccess
LogPluginManager: Mounting plugin AssetManagerEditor
LogPluginManager: Mounting plugin AudioCapture
LogPluginManager: Mounting plugin FacialAnimation
LogPluginManager: Mounting plugin GameplayTagsEditor
LogPluginManager: Mounting plugin MobileLauncherProfileWizard
LogPluginManager: Mounting plugin PluginBrowser
LogPluginManager: Mounting plugin SpeedTreeImporter
LogPluginManager: Mounting plugin AlembicImporter
LogPluginManager: Mounting plugin CharacterAI
LogPluginManager: Mounting plugin HTML5Networking
LogPluginManager: Mounting plugin AndroidMedia
LogPluginManager: Mounting plugin AvfMedia
LogPluginManager: Mounting plugin MediaPlayerEditor
LogPluginManager: Mounting plugin WmfMedia
LogPluginManager: Mounting plugin TcpMessaging
LogPluginManager: Mounting plugin UdpMessaging
LogPluginManager: Mounting plugin LevelSequenceEditor
LogPluginManager: Mounting plugin MatineeToLevelSequence
LogPluginManager: Mounting plugin OnlineSubsystemGooglePlay
LogPluginManager: Mounting plugin OnlineSubsystemIOS
LogPluginManager: Mounting plugin OnlineSubsystem
LogPluginManager: Mounting plugin OnlineSubsystemNull
LogPluginManager: Mounting plugin OnlineSubsystemUtils
LogPluginManager: Mounting plugin AndroidDeviceProfileSelector
LogPluginManager: Mounting plugin AndroidMoviePlayer
LogPluginManager: Mounting plugin AndroidPermission
LogPluginManager: Mounting plugin AppleMoviePlayer
LogPluginManager: Mounting plugin ArchVisCharacter
LogPluginManager: Mounting plugin CableComponent
LogPluginManager: Mounting plugin CustomMeshComponent
LogPluginManager: Mounting plugin ExampleDeviceProfileSelector
LogPluginManager: Mounting plugin GoogleCloudMessaging
LogPluginManager: Mounting plugin ImmediatePhysics
LogPluginManager: Mounting plugin IOSDeviceProfileSelector
LogPluginManager: Mounting plugin LinuxDeviceProfileSelector
LogPluginManager: Mounting plugin LocationServicesBPLibrary
LogPluginManager: Mounting plugin MobilePatchingUtils
LogPluginManager: Mounting plugin OculusVR
LogPluginManager: Mounting plugin PhysXVehicles
LogPluginManager: Mounting plugin ProceduralMeshComponent
LogPluginManager: Mounting plugin RuntimePhysXCooking
LogPluginManager: Mounting plugin SteamVR
LogPluginManager: Mounting plugin WindowsMoviePlayer
LogInit: Using libcurl 7.47.1
LogInit:  - built for x86_64-pc-win32
LogInit:  - supports SSL with OpenSSL/1.0.2g
LogInit:  - supports HTTP deflate (compression) using libz 1.2.8
LogInit:  - other features:
LogInit:      CURL_VERSION_SSL
LogInit:      CURL_VERSION_LIBZ
LogInit:      CURL_VERSION_IPV6
LogInit:      CURL_VERSION_ASYNCHDNS
LogInit:      CURL_VERSION_LARGEFILE
LogInit:      CURL_VERSION_IDN
LogInit:  CurlRequestOptions (configurable via config and command line):
LogInit:  - bVerifyPeer = false  - Libcurl will NOT verify peer certificate
LogInit:  - bUseHttpProxy = false  - Libcurl will NOT use HTTP proxy
LogInit:  - bDontReuseConnections = false  - Libcurl will reuse connections
LogInit:  - CertBundlePath = nullptr  - Libcurl will use whatever was configured at build time.
LogInit: Build: ++UE4+Release-4.17-CL-3658906
LogInit: Engine Version: 4.17.2-3658906+++UE4+Release-4.17
LogInit: Compatible Engine Version: 4.17.0-3573198+++UE4+Release-4.17
LogInit: Net CL: 3573198
LogDevObjectVersion: Number of dev versions registered: 16
LogDevObjectVersion:   Dev-Blueprints (B0D832E4-1F89-4F0D-ACCF-7EB736FD4AA2): 10
LogDevObjectVersion:   Dev-Build (E1C64328-A22C-4D53-A36C-8E866417BD8C): 0
LogDevObjectVersion:   Dev-Core (375EC13C-06E4-48FB-B500-84F0262A717E): 2
LogDevObjectVersion:   Dev-Editor (E4B068ED-F494-42E9-A231-DA0B2E46BB41): 20
LogDevObjectVersion:   Dev-Framework (CFFC743F-43B0-4480-9391-14DF171D2073): 28
LogDevObjectVersion:   Dev-Mobile (B02B49B5-BB20-44E9-A304-32B752E40360): 0
LogDevObjectVersion:   Dev-Networking (A4E4105C-59A1-49B5-A7C5-40C4547EDFEE): 0
LogDevObjectVersion:   Dev-Online (39C831C9-5AE6-47DC-9A44-9C173E1C8E7C): 0
LogDevObjectVersion:   Dev-Physics (78F01B33-EBEA-4F98-B9B4-84EACCB95AA2): 0
LogDevObjectVersion:   Dev-Platform (6631380F-2D4D-43E0-8009-CF276956A95A): 0
LogDevObjectVersion:   Dev-Rendering (12F88B9F-8875-4AFC-A67C-D90C383ABD29): 19
LogDevObjectVersion:   Dev-Sequencer (7B5AE74C-D270-4C10-A958-57980B212A5A): 4
LogDevObjectVersion:   Dev-VR (D7296918-1DD6-4BDD-9DE2-64A83CC13884): 0
LogDevObjectVersion:   Dev-LoadTimes (C2A15278-BFE7-4AFE-6C17-90FF531DF755): 1
LogDevObjectVersion:   Private-Geometry (6EACA3D4-40EC-4CC1-B786-8BED09428FC5): 1
LogDevObjectVersion:   Dev-AnimPhys (29E575DD-E0A3-4627-9D10-D276232CDCEA): 7
LogInit: Compiled (64-bit): Sep 22 2017 13:47:16
LogInit: Compiled with Visual C++: 19.00.24215.01
LogInit: Build Configuration: Development
LogInit: Branch Name: ++UE4+Release-4.17
LogInit: Command line:  
LogInit: Base directory: C:/Program Files/Epic Games/UE_4.17/Engine/Binaries/Win64/
LogInit: Installed Engine Build: 1
LogInit: Presizing for max 8388607 objects, including 0 objects not considered by GC, pre-allocating 0 bytes for permanent pool.
LogInit: Object subsystem initialized
[2018.02.19-18.05.11:398][  0]LogInit: Selected Device Profile: [Windows]
[2018.02.19-18.05.11:399][  0]LogInit: Applying CVar settings loaded from the selected device profile: [Windows]
[2018.02.19-18.05.11:426][  0]LogInit: Computer: GAMES-105-015
[2018.02.19-18.05.11:426][  0]LogInit: User: Games
[2018.02.19-18.05.11:426][  0]LogInit: CPU Page size=4096, Cores=4
[2018.02.19-18.05.11:426][  0]LogInit: High frequency timer resolution =3.613287 MHz
[2018.02.19-18.05.11:427][  0]LogMemory: Memory total: Physical=15.9GB (16GB approx)
[2018.02.19-18.05.11:427][  0]LogMemory: Platform Memory Stats for Windows
[2018.02.19-18.05.11:427][  0]LogMemory: Process Physical Memory: 279.39 MB used, 279.39 MB peak
[2018.02.19-18.05.11:427][  0]LogMemory: Process Virtual Memory: 290.48 MB used, 290.48 MB peak
[2018.02.19-18.05.11:427][  0]LogMemory: Physical Memory: 4625.89 MB used,  11635.84 MB free, 16261.73 MB total
[2018.02.19-18.05.11:427][  0]LogMemory: Virtual Memory: 718.38 MB used,  11635.84 MB free, 134217728.00 MB total
[2018.02.19-18.05.11:650][  0]LogInit: Using OS detected language (en-US).
[2018.02.19-18.05.11:650][  0]LogInit: Using OS detected locale (en-US).
[2018.02.19-18.05.11:653][  0]LogTextLocalizationManager: No specific localization for 'en-US' exists, so the 'en' localization will be used.
[2018.02.19-18.05.12:402][  0]LogD3D11RHI: D3D11 adapters:
[2018.02.19-18.05.12:475][  0]LogD3D11RHI:    0. 'NVIDIA GeForce GTX 760' (Feature Level 11_0)
[2018.02.19-18.05.12:475][  0]LogD3D11RHI:       2017/0/8130 MB DedicatedVideo/DedicatedSystem/SharedSystem, Outputs:2, VendorId:0x10de
[2018.02.19-18.05.12:477][  0]LogD3D11RHI:    1. 'Microsoft Basic Render Driver' (Feature Level 11_0)
[2018.02.19-18.05.12:477][  0]LogD3D11RHI:       0/0/8130 MB DedicatedVideo/DedicatedSystem/SharedSystem, Outputs:0, VendorId:0x1414
[2018.02.19-18.05.12:477][  0]LogD3D11RHI: Chosen D3D11 Adapter: 0
[2018.02.19-18.05.12:483][  0]LogD3D11RHI: Creating new Direct3DDevice
[2018.02.19-18.05.12:483][  0]LogD3D11RHI:     GPU DeviceId: 0x1187 (for the marketing name, search the web for "GPU Device Id")
[2018.02.19-18.05.12:483][  0]LogWindows: EnumDisplayDevices:
[2018.02.19-18.05.12:483][  0]LogWindows:    0. 'NVIDIA GeForce GTX 760' (P:0 D:1)
[2018.02.19-18.05.12:484][  0]LogWindows:    1. 'NVIDIA GeForce GTX 760' (P:1 D:1)
[2018.02.19-18.05.12:484][  0]LogWindows:    2. 'NVIDIA GeForce GTX 760' (P:0 D:0)
[2018.02.19-18.05.12:484][  0]LogWindows:    3. 'NVIDIA GeForce GTX 760' (P:0 D:0)
[2018.02.19-18.05.12:484][  0]LogWindows: DebugString: GetVideoDriverDetailsInvalid PrimaryIsNotTheChoosenAdapter GetVideoDriverDetailsInvalid PrimaryIsNotTheChoosenAdapter GetVideoDriverDetailsInvalid PrimaryIsNotTheChoosenAdapter GetVideoDriverDetailsInvalid PrimaryIsNotTheChoosenAdapter FoundDriverCount:0 
[2018.02.19-18.05.12:484][  0]LogD3D11RHI:     Adapter Name: NVIDIA GeForce GTX 760
[2018.02.19-18.05.12:484][  0]LogD3D11RHI:   Driver Version: Unknown (internal:Unknown, unified:Unknown)
[2018.02.19-18.05.12:484][  0]LogD3D11RHI:      Driver Date: Unknown
[2018.02.19-18.05.12:484][  0]LogRHI: Texture pool is 1361 MB (70% of 1945 MB)
[2018.02.19-18.05.12:523][  0]LogD3D11RHI: Async texture creation enabled
[2018.02.19-18.05.12:542][  0]LogD3D11RHI: GPU Timing Frequency: 1000.000000 (Debug: 2 2)
[2018.02.19-18.05.12:588][  0]LogShaderCompilers: Guid format shader working directory is -36 characters bigger than the processId version (../../../../../../Users/Games/Desktop/mgp-mgp-group-11/Development/Unreal Project/Intermediate/Shaders/WorkingDirectory/11024/).
[2018.02.19-18.05.12:588][  0]LogShaderCompilers: Cleaned the shader compiler working directory 'C:/Users/Games/AppData/Local/Temp/UnrealShaderWorkingDir/B53095994D0518A0FB910AA6195EF6DD/'.
[2018.02.19-18.05.12:588][  0]LogShaderCompilers: Display: Using Local Shader Compiler.
[2018.02.19-18.05.13:782][  0]LogTemp: Display: Loaded TP AllDesktopTargetPlatform
[2018.02.19-18.05.13:841][  0]LogTemp: Display: Loaded TP MacClientTargetPlatform
[2018.02.19-18.05.13:901][  0]LogTemp: Display: Loaded TP MacNoEditorTargetPlatform
[2018.02.19-18.05.13:961][  0]LogTemp: Display: Loaded TP MacServerTargetPlatform
[2018.02.19-18.05.14:023][  0]LogTemp: Display: Loaded TP MacTargetPlatform
[2018.02.19-18.05.14:083][  0]LogTemp: Display: Loaded TP WindowsClientTargetPlatform
[2018.02.19-18.05.14:144][  0]LogTemp: Display: Loaded TP WindowsNoEditorTargetPlatform
[2018.02.19-18.05.14:204][  0]LogTemp: Display: Loaded TP WindowsServerTargetPlatform
[2018.02.19-18.05.14:256][  0]LogTemp: Display: Loaded TP WindowsTargetPlatform
[2018.02.19-18.05.14:314][  0]LogTemp: Display: Loaded TP AndroidTargetPlatform
[2018.02.19-18.05.14:406][  0]LogTemp: Display: Loaded TP Android_ASTCTargetPlatform
[2018.02.19-18.05.14:495][  0]LogTemp: Display: Loaded TP Android_ATCTargetPlatform
[2018.02.19-18.05.14:581][  0]LogTemp: Display: Loaded TP Android_DXTTargetPlatform
[2018.02.19-18.05.14:687][  0]LogTemp: Display: Loaded TP Android_ETC1TargetPlatform
[2018.02.19-18.05.14:811][  0]LogTemp: Display: Loaded TP Android_ETC2TargetPlatform
[2018.02.19-18.05.14:930][  0]LogTemp: Display: Loaded TP Android_MultiTargetPlatform
[2018.02.19-18.05.14:930][  0]LogTemp: Display: Loaded TP Android_PVRTCTargetPlatform
[2018.02.19-18.05.15:024][  0]LogTemp: Display: Loaded TP HTML5TargetPlatform
[2018.02.19-18.05.15:130][  0]LogTemp: Display: Loaded TP IOSTargetPlatform
[2018.02.19-18.05.15:181][  0]LogTemp: Display: Loaded TP TVOSTargetPlatform
[2018.02.19-18.05.15:264][  0]LogTemp: Display: Loaded TP LinuxClientTargetPlatform
[2018.02.19-18.05.15:341][  0]LogTemp: Display: Loaded TP LinuxNoEditorTargetPlatform
[2018.02.19-18.05.15:400][  0]LogTemp: Display: Loaded TP LinuxServerTargetPlatform
[2018.02.19-18.05.15:459][  0]LogTemp: Display: Loaded TP LinuxTargetPlatform
[2018.02.19-18.05.15:459][  0]LogTargetPlatformManager: Display: Building Assets For Windows
[2018.02.19-18.05.16:246][  0]LogDerivedDataCache: Display: Max Cache Size: 512 MB
[2018.02.19-18.05.16:359][  0]LogDerivedDataCache: Loaded boot cache 0.11s 93MB C:/Users/Games/AppData/Local/UnrealEngine/4.17/DerivedDataCache/Boot.ddc.
[2018.02.19-18.05.16:359][  0]LogDerivedDataCache: Display: Loaded Boot cache: C:/Users/Games/AppData/Local/UnrealEngine/4.17/DerivedDataCache/Boot.ddc
[2018.02.19-18.05.16:359][  0]LogDerivedDataCache: FDerivedDataBackendGraph:  Pak pak cache file ../../../../../../Users/Games/Desktop/mgp-mgp-group-11/Development/Unreal Project/DerivedDataCache/DDC.ddp not found, will not use a pak cache.
[2018.02.19-18.05.16:359][  0]LogDerivedDataCache: Unable to find inner node Pak for hierarchical cache Hierarchy.
[2018.02.19-18.05.16:359][  0]LogDerivedDataCache: FDerivedDataBackendGraph:  CompressedPak pak cache file ../../../../../../Users/Games/Desktop/mgp-mgp-group-11/Development/Unreal Project/DerivedDataCache/Compressed.ddp not found, will not use a pak cache.
[2018.02.19-18.05.16:359][  0]LogDerivedDataCache: Unable to find inner node CompressedPak for hierarchical cache Hierarchy.
[2018.02.19-18.05.16:375][  0]LogDerivedDataCache: Display: Pak cache opened for reading ../../../Engine/DerivedDataCache/Compressed.ddp.
[2018.02.19-18.05.16:387][  0]LogDerivedDataCache: Using Local data cache path C:/Users/Games/AppData/Local/UnrealEngine/Common/DerivedDataCache: Writable
[2018.02.19-18.05.16:418][  0]LogMaterial: Verifying Global Shaders for PCD3D_SM5
[2018.02.19-18.05.16:419][  0]LogSlate: Using Freetype 2.6.0
[2018.02.19-18.05.16:420][  0]LogSlate: SlateFontCache - WITH_FREETYPE: 1, WITH_HARFBUZZ: 1
[2018.02.19-18.05.16:420][  0]LogSlate: SlateFontCache - WITH_FREETYPE: 1, WITH_HARFBUZZ: 1
[2018.02.19-18.05.16:776][  0]LogAssetRegistry: FAssetRegistry took 0.0279 seconds to start up
[2018.02.19-18.05.16:964][  0]LogInit: Selected Device Profile: [Windows]
[2018.02.19-18.05.17:134][  0]LogContentStreaming: Texture pool size is 0.00 MB
[2018.02.19-18.05.17:510][  0]LogSimplygon: Simplygon DLL not present - disabling.
[2018.02.19-18.05.17:561][  0]LogMeshReduction: Using SimplygonSwarm for distributed automatic mesh merging
[2018.02.19-18.05.17:561][  0]LogMeshReduction: Using QuadricMeshReduction for automatic static mesh reduction
[2018.02.19-18.05.17:561][  0]LogMeshReduction: No automatic skeletal mesh reduction module available
[2018.02.19-18.05.17:561][  0]LogMeshReduction: No automatic mesh merging module available
[2018.02.19-18.05.17:561][  0]LogMeshMerging: No automatic mesh merging module available
[2018.02.19-18.05.17:944][  0]LogNetVersion: Prototype_Group_11 , NetCL: 3573198, EngineNetVer: 2, GameNetVer: 0 (Checksum: 3139247147)
[2018.02.19-18.05.18:176][  0]LogPackageLocalizationCache: Processed 5 localized package path(s) for 2 prioritized culture(s) in 0.047144 seconds
[2018.02.19-18.05.18:185][  0]LogUObjectArray: 35825 objects as part of root set at end of initial load.
[2018.02.19-18.05.18:185][  0]LogUObjectAllocator: 7529112 out of 0 bytes used by permanent object pool.
[2018.02.19-18.05.18:185][  0]LogUObjectArray: CloseDisregardForGC: 0/0 objects in disregard for GC pool
[2018.02.19-18.05.18:281][  0]LogInit: WinSock: version 1.1 (2.2), MaxSocks=32767, MaxUdp=65467
[2018.02.19-18.05.21:331][  0]LogTcpMessaging: Initializing TcpMessaging bridge
[2018.02.19-18.05.21:419][  0]LogUdpMessaging: Initializing bridge on interface 0.0.0.0:0 to multicast group 230.0.0.1:6666.
[2018.02.19-18.05.22:587][  0]LogMaterial: Uniform references updated for custom material expression Custom.
[2018.02.19-18.05.23:220][  0]SourceControl: Source control is disabled
[2018.02.19-18.05.23:221][  0]SourceControl: Source control is disabled
[2018.02.19-18.05.23:364][  0]SourceControl: Source control is disabled
[2018.02.19-18.05.23:473][  0]SourceControl: Source control is disabled
[2018.02.19-18.05.24:433][  0]LogAndroidPermission: UAndroidPermissionCallbackProxy::GetInstance
[2018.02.19-18.05.24:933][  0]LogOcInput: OculusInput pre-init called
[2018.02.19-18.05.25:303][  0]LogEngine: Initializing Engine...
[2018.02.19-18.05.25:304][  0]LogHMD: Failed to initialize OpenVR with code 100
[2018.02.19-18.05.25:628][  0]LogStats: UGameplayTagsManager::ConstructGameplayTagTree: Construct from data asset -  0.000 s
[2018.02.19-18.05.25:628][  0]LogStats: UGameplayTagsManager::ConstructGameplayTagTree: GameplayTagTreeChangedEvent.Broadcast -  0.000 s
[2018.02.19-18.05.25:866][  0]LogAIModule: Creating AISystem for world Untitled
[2018.02.19-18.05.25:883][  0]LogInit: XAudio2 using 'Headphones (High Definition Audio Device)' : 2 channels at 44.1 kHz using 16 bits per sample (channel mask 0x3)
[2018.02.19-18.05.25:932][  0]LogInit: FAudioDevice initialized.
[2018.02.19-18.05.26:120][  0]LogDerivedDataCache: Saved boot cache 0.19s 93MB C:/Users/Games/AppData/Local/UnrealEngine/4.17/DerivedDataCache/Boot.ddc.
[2018.02.19-18.05.26:162][  0]LogInit: Texture streaming: Enabled
[2018.02.19-18.05.26:423][  0]LogEngineSessionManager: EngineSessionManager initialized
[2018.02.19-18.05.26:747][  0]LogInit: Transaction tracking system initialized
[2018.02.19-18.05.27:433][  0]BlueprintLog: New page: Editor Load
[2018.02.19-18.05.29:305][  0]LocalizationService: Localization service is disabled
[2018.02.19-18.05.30:535][  0]LogConsoleResponse: Display: 
[2018.02.19-18.05.30:777][  0]LogCook: Display: Max memory allowance for cook 16384mb min free memory 0mb
[2018.02.19-18.05.30:777][  0]LogCook: Display: Mobile HDR setting 1
[2018.02.19-18.05.30:778][  0]LogGameplayTags: Display: UGameplayTagsManager::DoneAddingNativeTags. DelegateIsBound: 0
[2018.02.19-18.05.31:233][  0]LogFileCache: Scanning file cache for directory 'C:/Users/Games/Desktop/mgp-mgp-group-11/Development/Unreal Project/Content/' took 0.01s
[2018.02.19-18.05.32:312][  0]SourceControl: Source control is disabled
[2018.02.19-18.05.32:312][  0]Cmd: MAP LOAD FILE="../../../../../../Users/Games/Desktop/mgp-mgp-group-11/Development/Unreal Project/Content/2DSideScrollerBP/Maps/2DSideScrollerExampleMap.umap" TEMPLATE=0 SHOWPROGRESS=1 FEATURELEVEL=3
[2018.02.19-18.05.32:313][  0]LightingResults: New page: Lighting Build
[2018.02.19-18.05.32:379][  0]MapCheck: New page: Map Check
[2018.02.19-18.05.32:379][  0]LightingResults: New page: Lighting Build
[2018.02.19-18.05.32:715][  0]LogAIModule: Creating AISystem for world 2DSideScrollerExampleMap
[2018.02.19-18.05.32:746][  0]LogEditorServer: Finished looking for orphan Actors (0.000 secs)
[2018.02.19-18.05.32:762][  0]Cmd: MAP CHECKDEP NOCLEARLOG
[2018.02.19-18.05.32:829][  0]MapCheck: Map check complete: 0 Error(s), 0 Warning(s), took 66.135ms to complete.
[2018.02.19-18.05.32:829][  0]LogFileHelpers: Loading map '2DSideScrollerExampleMap' took 0.516
[2018.02.19-18.05.33:079][  0]LogCollectionManager: Loaded 0 collections in 0.003571 seconds
[2018.02.19-18.05.33:212][  0]LogFileCache: Scanning file cache for directory 'C:/Users/Games/Desktop/mgp-mgp-group-11/Development/Unreal Project/Saved/Collections/' took 0.01s
[2018.02.19-18.05.33:212][  0]LogFileCache: Scanning file cache for directory 'C:/Users/Games/Desktop/mgp-mgp-group-11/Development/Unreal Project/Content/Developers/Games/Collections/' took 0.01s
[2018.02.19-18.05.33:213][  0]LogFileCache: Scanning file cache for directory 'C:/Users/Games/Desktop/mgp-mgp-group-11/Development/Unreal Project/Content/Collections/' took 0.01s
[2018.02.19-18.05.33:213][  0]LogCollectionManager: Rebuilt the GUID cache for 0 collections in 0.000002 seconds
[2018.02.19-18.05.33:228][  0]LogContentBrowser: Native class hierarchy populated in 0.0148 seconds. Added 2386 classes and 500 folders.
[2018.02.19-18.05.33:320][  0]LogContentBrowser: Native class hierarchy updated for 'WidgetCarousel' in 0.0008 seconds. Added 0 classes and 0 folders.
[2018.02.19-18.05.33:377][  0]LogContentBrowser: Native class hierarchy updated for 'AddContentDialog' in 0.0006 seconds. Added 0 classes and 0 folders.
[2018.02.19-18.05.33:444][  0]LogContentBrowser: Native class hierarchy updated for 'SceneOutliner' in 0.0018 seconds. Added 1 classes and 2 folders.
[2018.02.19-18.05.33:480][  0]LogSlate: Took 0.000284 seconds to synchronously load lazily loaded font '../../../Engine/Content/Slate/Fonts/Roboto-Regular.ttf' (155K)
[2018.02.19-18.05.33:484][  0]LogSlate: Took 0.000356 seconds to synchronously load lazily loaded font '../../../Engine/Content/Slate/Fonts/Roboto-Bold.ttf' (160K)
[2018.02.19-18.05.33:497][  0]LogSlate: Took 0.000462 seconds to synchronously load lazily loaded font '../../../Engine/Content/Editor/Slate/Fonts/FontAwesome.ttf' (139K)
[2018.02.19-18.05.33:621][  0]LogRenderer: Reallocating scene render targets to support 1208x580 Format 10 NumSamples 1 (Frame:1).
[2018.02.19-18.05.33:821][  0]LogContentBrowser: Native class hierarchy updated for 'HierarchicalLODOutliner' in 0.0007 seconds. Added 1 classes and 2 folders.
[2018.02.19-18.05.33:822][  0]LogLoad: (Engine Initialization) Total time: 24.61 seconds
[2018.02.19-18.05.33:822][  0]LogLoad: (Engine Initialization) Total Blueprint compile time: 0.00 seconds
[2018.02.19-18.05.33:822][  0]LogExternalProfiler: Found external profiler: VSPerf
[2018.02.19-18.05.33:822][  0]LogExternalProfiler: Using external profiler: VSPerf
[2018.02.19-18.05.34:188][  0]LogContentStreaming: Texture pool size now 1000 MB
[2018.02.19-18.05.34:279][  0]LogSlate: Took 0.000211 seconds to synchronously load lazily loaded font '../../../Engine/Content/Slate/Fonts/Roboto-Light.ttf' (159K)
[2018.02.19-18.05.35:179][  3]LogAssetRegistry: Asset discovery search completed in 18.4257 seconds
[2018.02.19-18.05.35:183][  3]LogCollectionManager: Rebuilt the object cache for 0 collections in 0.000002 seconds (found 0 objects)
[2018.02.19-18.05.35:184][  3]LogCollectionManager: Fixed up redirectors for 0 collections in 0.000139 seconds (updated 0 objects)
