Log file open, 03/05/18 17:08:30
LogWindows: Failed to load 'aqProf.dll' (GetLastError=126)
LogWindows: File 'aqProf.dll' does not exist
LogWindows: Failed to load 'VtuneApi.dll' (GetLastError=126)
LogWindows: File 'VtuneApi.dll' does not exist
LogWindows: Failed to load 'VtuneApi32e.dll' (GetLastError=126)
LogWindows: File 'VtuneApi32e.dll' does not exist
LogInit: Display: Running engine for game: Prototype_Group_11
LogPlatformFile: Not using cached read wrapper
LogInit: Display: RandInit(1975932470) SRandInit(1975932471).
LogTaskGraph: Started task graph with 5 named threads and 14 total threads with 3 sets of task threads.
LogStats: Stats thread started at 0.179030
LogD3D11RHI: Aftermath initialized
LogPluginManager: Mounting plugin Paper2D
LogPluginManager: Mounting plugin LightPropagationVolume
LogPluginManager: Mounting plugin CodeLiteSourceCodeAccess
LogPluginManager: Mounting plugin GitSourceControl
LogPluginManager: Mounting plugin KDevelopSourceCodeAccess
LogPluginManager: Mounting plugin NullSourceCodeAccess
LogPluginManager: Mounting plugin PerforceSourceControl
LogPluginManager: Mounting plugin SubversionSourceControl
LogPluginManager: Mounting plugin UObjectPlugin
LogPluginManager: Mounting plugin VisualStudioSourceCodeAccess
LogPluginManager: Mounting plugin XCodeSourceCodeAccess
LogPluginManager: Mounting plugin AssetManagerEditor
LogPluginManager: Mounting plugin AudioCapture
LogPluginManager: Mounting plugin FacialAnimation
LogPluginManager: Mounting plugin GameplayTagsEditor
LogPluginManager: Mounting plugin MobileLauncherProfileWizard
LogPluginManager: Mounting plugin PluginBrowser
LogPluginManager: Mounting plugin SpeedTreeImporter
LogPluginManager: Mounting plugin AlembicImporter
LogPluginManager: Mounting plugin CharacterAI
LogPluginManager: Mounting plugin HTML5Networking
LogPluginManager: Mounting plugin AndroidMedia
LogPluginManager: Mounting plugin AvfMedia
LogPluginManager: Mounting plugin MediaPlayerEditor
LogPluginManager: Mounting plugin WmfMedia
LogPluginManager: Mounting plugin TcpMessaging
LogPluginManager: Mounting plugin UdpMessaging
LogPluginManager: Mounting plugin LevelSequenceEditor
LogPluginManager: Mounting plugin MatineeToLevelSequence
LogPluginManager: Mounting plugin OnlineSubsystemGooglePlay
LogPluginManager: Mounting plugin OnlineSubsystemIOS
LogPluginManager: Mounting plugin OnlineSubsystem
LogPluginManager: Mounting plugin OnlineSubsystemNull
LogPluginManager: Mounting plugin OnlineSubsystemUtils
LogPluginManager: Mounting plugin AndroidDeviceProfileSelector
LogPluginManager: Mounting plugin AndroidMoviePlayer
LogPluginManager: Mounting plugin AndroidPermission
LogPluginManager: Mounting plugin AppleMoviePlayer
LogPluginManager: Mounting plugin ArchVisCharacter
LogPluginManager: Mounting plugin CableComponent
LogPluginManager: Mounting plugin CustomMeshComponent
LogPluginManager: Mounting plugin ExampleDeviceProfileSelector
LogPluginManager: Mounting plugin GoogleCloudMessaging
LogPluginManager: Mounting plugin ImmediatePhysics
LogPluginManager: Mounting plugin IOSDeviceProfileSelector
LogPluginManager: Mounting plugin LinuxDeviceProfileSelector
LogPluginManager: Mounting plugin LocationServicesBPLibrary
LogPluginManager: Mounting plugin MobilePatchingUtils
LogPluginManager: Mounting plugin OculusVR
LogPluginManager: Mounting plugin PhysXVehicles
LogPluginManager: Mounting plugin ProceduralMeshComponent
LogPluginManager: Mounting plugin RuntimePhysXCooking
LogPluginManager: Mounting plugin SteamVR
LogPluginManager: Mounting plugin WindowsMoviePlayer
LogInit: Using libcurl 7.47.1
LogInit:  - built for x86_64-pc-win32
LogInit:  - supports SSL with OpenSSL/1.0.2g
LogInit:  - supports HTTP deflate (compression) using libz 1.2.8
LogInit:  - other features:
LogInit:      CURL_VERSION_SSL
LogInit:      CURL_VERSION_LIBZ
LogInit:      CURL_VERSION_IPV6
LogInit:      CURL_VERSION_ASYNCHDNS
LogInit:      CURL_VERSION_LARGEFILE
LogInit:      CURL_VERSION_IDN
LogInit:  CurlRequestOptions (configurable via config and command line):
LogInit:  - bVerifyPeer = false  - Libcurl will NOT verify peer certificate
LogInit:  - bUseHttpProxy = false  - Libcurl will NOT use HTTP proxy
LogInit:  - bDontReuseConnections = false  - Libcurl will reuse connections
LogInit:  - CertBundlePath = nullptr  - Libcurl will use whatever was configured at build time.
LogInit: Build: ++UE4+Release-4.17-CL-3658906
LogInit: Engine Version: 4.17.2-3658906+++UE4+Release-4.17
LogInit: Compatible Engine Version: 4.17.0-3573198+++UE4+Release-4.17
LogInit: Net CL: 3573198
LogDevObjectVersion: Number of dev versions registered: 16
LogDevObjectVersion:   Dev-Blueprints (B0D832E4-1F89-4F0D-ACCF-7EB736FD4AA2): 10
LogDevObjectVersion:   Dev-Build (E1C64328-A22C-4D53-A36C-8E866417BD8C): 0
LogDevObjectVersion:   Dev-Core (375EC13C-06E4-48FB-B500-84F0262A717E): 2
LogDevObjectVersion:   Dev-Editor (E4B068ED-F494-42E9-A231-DA0B2E46BB41): 20
LogDevObjectVersion:   Dev-Framework (CFFC743F-43B0-4480-9391-14DF171D2073): 28
LogDevObjectVersion:   Dev-Mobile (B02B49B5-BB20-44E9-A304-32B752E40360): 0
LogDevObjectVersion:   Dev-Networking (A4E4105C-59A1-49B5-A7C5-40C4547EDFEE): 0
LogDevObjectVersion:   Dev-Online (39C831C9-5AE6-47DC-9A44-9C173E1C8E7C): 0
LogDevObjectVersion:   Dev-Physics (78F01B33-EBEA-4F98-B9B4-84EACCB95AA2): 0
LogDevObjectVersion:   Dev-Platform (6631380F-2D4D-43E0-8009-CF276956A95A): 0
LogDevObjectVersion:   Dev-Rendering (12F88B9F-8875-4AFC-A67C-D90C383ABD29): 19
LogDevObjectVersion:   Dev-Sequencer (7B5AE74C-D270-4C10-A958-57980B212A5A): 4
LogDevObjectVersion:   Dev-VR (D7296918-1DD6-4BDD-9DE2-64A83CC13884): 0
LogDevObjectVersion:   Dev-LoadTimes (C2A15278-BFE7-4AFE-6C17-90FF531DF755): 1
LogDevObjectVersion:   Private-Geometry (6EACA3D4-40EC-4CC1-B786-8BED09428FC5): 1
LogDevObjectVersion:   Dev-AnimPhys (29E575DD-E0A3-4627-9D10-D276232CDCEA): 7
LogInit: Compiled (64-bit): Sep 22 2017 13:47:16
LogInit: Compiled with Visual C++: 19.00.24215.01
LogInit: Build Configuration: Development
LogInit: Branch Name: ++UE4+Release-4.17
LogInit: Command line:  
LogInit: Base directory: C:/UE_4.17/Engine/Binaries/Win64/
LogInit: Installed Engine Build: 1
LogInit: Presizing for max 8388607 objects, including 0 objects not considered by GC, pre-allocating 0 bytes for permanent pool.
LogInit: Object subsystem initialized
[2018.03.05-17.08.31:573][  0]LogInit: Selected Device Profile: [Windows]
[2018.03.05-17.08.31:574][  0]LogInit: Applying CVar settings loaded from the selected device profile: [Windows]
[2018.03.05-17.08.31:595][  0]LogInit: Computer: GAMES-106-022
[2018.03.05-17.08.31:595][  0]LogInit: User: Games
[2018.03.05-17.08.31:595][  0]LogInit: CPU Page size=4096, Cores=4
[2018.03.05-17.08.31:595][  0]LogInit: High frequency timer resolution =3.613310 MHz
[2018.03.05-17.08.31:595][  0]LogMemory: Memory total: Physical=15.9GB (16GB approx)
[2018.03.05-17.08.31:595][  0]LogMemory: Platform Memory Stats for Windows
[2018.03.05-17.08.31:595][  0]LogMemory: Process Physical Memory: 280.61 MB used, 280.61 MB peak
[2018.03.05-17.08.31:595][  0]LogMemory: Process Virtual Memory: 285.28 MB used, 285.28 MB peak
[2018.03.05-17.08.31:595][  0]LogMemory: Physical Memory: 3802.84 MB used,  12458.89 MB free, 16261.73 MB total
[2018.03.05-17.08.31:595][  0]LogMemory: Virtual Memory: 665.04 MB used,  12458.89 MB free, 8388608.00 MB total
[2018.03.05-17.08.32:190][  0]LogInit: Using OS detected language (en-GB).
[2018.03.05-17.08.32:190][  0]LogInit: Using OS detected locale (en-GB).
[2018.03.05-17.08.32:193][  0]LogTextLocalizationManager: No specific localization for 'en-GB' exists, so the 'en' localization will be used.
[2018.03.05-17.08.35:011][  0]LogD3D11RHI: D3D11 adapters:
[2018.03.05-17.08.35:030][  0]LogD3D11RHI:    0. 'NVIDIA GeForce GTX 760' (Feature Level 11_0)
[2018.03.05-17.08.35:030][  0]LogD3D11RHI:       1990/0/2048 MB DedicatedVideo/DedicatedSystem/SharedSystem, Outputs:2, VendorId:0x10de
[2018.03.05-17.08.35:030][  0]LogD3D11RHI: Chosen D3D11 Adapter: 0
[2018.03.05-17.08.35:034][  0]LogD3D11RHI: Creating new Direct3DDevice
[2018.03.05-17.08.35:034][  0]LogD3D11RHI:     GPU DeviceId: 0x1187 (for the marketing name, search the web for "GPU Device Id")
[2018.03.05-17.08.35:034][  0]LogWindows: EnumDisplayDevices:
[2018.03.05-17.08.35:035][  0]LogWindows:    0. 'NVIDIA GeForce GTX 760' (P:0 D:1)
[2018.03.05-17.08.35:035][  0]LogWindows:    1. 'NVIDIA GeForce GTX 760' (P:1 D:1)
[2018.03.05-17.08.35:035][  0]LogWindows:    2. 'NVIDIA GeForce GTX 760' (P:0 D:0)
[2018.03.05-17.08.35:035][  0]LogWindows:    3. 'NVIDIA GeForce GTX 760' (P:0 D:0)
[2018.03.05-17.08.35:035][  0]LogWindows:    4. 'RDPDD Chained DD' (P:0 D:0)
[2018.03.05-17.08.35:035][  0]LogWindows:    5. 'RDP Encoder Mirror Driver' (P:0 D:0)
[2018.03.05-17.08.35:035][  0]LogWindows:    6. 'RDP Reflector Display Driver' (P:0 D:0)
[2018.03.05-17.08.35:036][  0]LogWindows: DebugString: GetVideoDriverDetailsInvalid PrimaryIsNotTheChoosenAdapter GetVideoDriverDetailsInvalid PrimaryIsNotTheChoosenAdapter GetVideoDriverDetailsInvalid PrimaryIsNotTheChoosenAdapter FoundDriverCount:4 
[2018.03.05-17.08.35:036][  0]LogD3D11RHI:     Adapter Name: NVIDIA GeForce GTX 760
[2018.03.05-17.08.35:036][  0]LogD3D11RHI:   Driver Version: 353.30 (internal:10.18.13.5330, unified:353.30)
[2018.03.05-17.08.35:036][  0]LogD3D11RHI:      Driver Date: 6-17-2015
[2018.03.05-17.08.35:036][  0]LogRHI: Texture pool is 1361 MB (70% of 1945 MB)
[2018.03.05-17.08.35:043][  0]LogD3D11RHI: NvAPI_D3D_GetCurrentSLIState failed: 0xfffffff7
[2018.03.05-17.08.35:043][  0]LogD3D11RHI: Async texture creation enabled
[2018.03.05-17.08.35:058][  0]LogD3D11RHI: GPU Timing Frequency: 1000.000000 (Debug: 2 2)
[2018.03.05-17.08.35:060][  0]LogShaderCompilers: Guid format shader working directory is -12 characters bigger than the processId version (../../../../11/mgp-mgp-group-11/Development/Unreal Project/Intermediate/Shaders/WorkingDirectory/5016/).
[2018.03.05-17.08.35:060][  0]LogShaderCompilers: Cleaned the shader compiler working directory 'C:/Users/Games/AppData/Local/Temp/UnrealShaderWorkingDir/AD227B36419478B74915F193CCC093FC/'.
[2018.03.05-17.08.35:060][  0]LogShaderCompilers: Display: Using Local Shader Compiler.
[2018.03.05-17.08.37:245][  0]LogTemp: Display: Loaded TP AllDesktopTargetPlatform
[2018.03.05-17.08.37:309][  0]LogTemp: Display: Loaded TP MacClientTargetPlatform
[2018.03.05-17.08.37:382][  0]LogTemp: Display: Loaded TP MacNoEditorTargetPlatform
[2018.03.05-17.08.37:447][  0]LogTemp: Display: Loaded TP MacServerTargetPlatform
[2018.03.05-17.08.37:511][  0]LogTemp: Display: Loaded TP MacTargetPlatform
[2018.03.05-17.08.37:570][  0]LogTemp: Display: Loaded TP WindowsClientTargetPlatform
[2018.03.05-17.08.37:637][  0]LogTemp: Display: Loaded TP WindowsNoEditorTargetPlatform
[2018.03.05-17.08.37:697][  0]LogTemp: Display: Loaded TP WindowsServerTargetPlatform
[2018.03.05-17.08.37:749][  0]LogTemp: Display: Loaded TP WindowsTargetPlatform
[2018.03.05-17.08.37:811][  0]LogTemp: Display: Loaded TP AndroidTargetPlatform
[2018.03.05-17.08.37:867][  0]LogTemp: Display: Loaded TP Android_ASTCTargetPlatform
[2018.03.05-17.08.37:925][  0]LogTemp: Display: Loaded TP Android_ATCTargetPlatform
[2018.03.05-17.08.37:980][  0]LogTemp: Display: Loaded TP Android_DXTTargetPlatform
[2018.03.05-17.08.38:038][  0]LogTemp: Display: Loaded TP Android_ETC1TargetPlatform
[2018.03.05-17.08.38:095][  0]LogTemp: Display: Loaded TP Android_ETC2TargetPlatform
[2018.03.05-17.08.38:225][  0]LogTemp: Display: Loaded TP Android_MultiTargetPlatform
[2018.03.05-17.08.38:225][  0]LogTemp: Display: Loaded TP Android_PVRTCTargetPlatform
[2018.03.05-17.08.38:269][  0]LogTemp: Display: Loaded TP HTML5TargetPlatform
[2018.03.05-17.08.38:389][  0]LogTemp: Display: Loaded TP IOSTargetPlatform
[2018.03.05-17.08.38:429][  0]LogTemp: Display: Loaded TP TVOSTargetPlatform
[2018.03.05-17.08.38:494][  0]LogTemp: Display: Loaded TP LinuxClientTargetPlatform
[2018.03.05-17.08.38:557][  0]LogTemp: Display: Loaded TP LinuxNoEditorTargetPlatform
[2018.03.05-17.08.38:611][  0]LogTemp: Display: Loaded TP LinuxServerTargetPlatform
[2018.03.05-17.08.38:684][  0]LogTemp: Display: Loaded TP LinuxTargetPlatform
[2018.03.05-17.08.38:684][  0]LogTargetPlatformManager: Display: Building Assets For Windows
[2018.03.05-17.08.39:187][  0]LogDerivedDataCache: Display: Max Cache Size: 512 MB
[2018.03.05-17.08.39:319][  0]LogDerivedDataCache: Loaded boot cache 0.13s 93MB C:/Users/Games/AppData/Local/UnrealEngine/4.17/DerivedDataCache/Boot.ddc.
[2018.03.05-17.08.39:320][  0]LogDerivedDataCache: Display: Loaded Boot cache: C:/Users/Games/AppData/Local/UnrealEngine/4.17/DerivedDataCache/Boot.ddc
[2018.03.05-17.08.39:320][  0]LogDerivedDataCache: FDerivedDataBackendGraph:  Pak pak cache file ../../../../11/mgp-mgp-group-11/Development/Unreal Project/DerivedDataCache/DDC.ddp not found, will not use a pak cache.
[2018.03.05-17.08.39:320][  0]LogDerivedDataCache: Unable to find inner node Pak for hierarchical cache Hierarchy.
[2018.03.05-17.08.39:320][  0]LogDerivedDataCache: FDerivedDataBackendGraph:  CompressedPak pak cache file ../../../../11/mgp-mgp-group-11/Development/Unreal Project/DerivedDataCache/Compressed.ddp not found, will not use a pak cache.
[2018.03.05-17.08.39:320][  0]LogDerivedDataCache: Unable to find inner node CompressedPak for hierarchical cache Hierarchy.
[2018.03.05-17.08.39:339][  0]LogDerivedDataCache: Display: Pak cache opened for reading ../../../Engine/DerivedDataCache/Compressed.ddp.
[2018.03.05-17.08.39:351][  0]LogDerivedDataCache: Using Local data cache path C:/Users/Games/AppData/Local/UnrealEngine/Common/DerivedDataCache: Writable
[2018.03.05-17.08.39:362][  0]LogMaterial: Verifying Global Shaders for PCD3D_SM5
[2018.03.05-17.08.39:363][  0]LogSlate: Using Freetype 2.6.0
[2018.03.05-17.08.39:363][  0]LogSlate: SlateFontCache - WITH_FREETYPE: 1, WITH_HARFBUZZ: 1
[2018.03.05-17.08.39:363][  0]LogSlate: SlateFontCache - WITH_FREETYPE: 1, WITH_HARFBUZZ: 1
[2018.03.05-17.08.39:684][  0]LogAssetRegistry: FAssetRegistry took 0.0253 seconds to start up
[2018.03.05-17.08.39:870][  0]LogInit: Selected Device Profile: [Windows]
[2018.03.05-17.08.39:874][  0]LogContentStreaming: Texture pool size is 0.00 MB
[2018.03.05-17.08.40:281][  0]LogSimplygon: Simplygon DLL not present - disabling.
[2018.03.05-17.08.40:324][  0]LogMeshReduction: Using SimplygonSwarm for distributed automatic mesh merging
[2018.03.05-17.08.40:324][  0]LogMeshReduction: Using QuadricMeshReduction for automatic static mesh reduction
[2018.03.05-17.08.40:324][  0]LogMeshReduction: No automatic skeletal mesh reduction module available
[2018.03.05-17.08.40:324][  0]LogMeshReduction: No automatic mesh merging module available
[2018.03.05-17.08.40:324][  0]LogMeshMerging: No automatic mesh merging module available
[2018.03.05-17.08.40:705][  0]LogNetVersion: Prototype_Group_11 , NetCL: 3573198, EngineNetVer: 2, GameNetVer: 0 (Checksum: 3139247147)
[2018.03.05-17.08.40:914][  0]LogPackageLocalizationCache: Processed 5 localized package path(s) for 2 prioritized culture(s) in 0.040814 seconds
[2018.03.05-17.08.40:920][  0]LogUObjectArray: 35825 objects as part of root set at end of initial load.
[2018.03.05-17.08.40:920][  0]LogUObjectAllocator: 7529104 out of 0 bytes used by permanent object pool.
[2018.03.05-17.08.40:920][  0]LogUObjectArray: CloseDisregardForGC: 0/0 objects in disregard for GC pool
[2018.03.05-17.08.40:979][  0]LogInit: WinSock: version 1.1 (2.2), MaxSocks=32767, MaxUdp=65467
[2018.03.05-17.08.43:725][  0]LogTcpMessaging: Initializing TcpMessaging bridge
[2018.03.05-17.08.43:772][  0]LogUdpMessaging: Initializing bridge on interface 0.0.0.0:0 to multicast group 230.0.0.1:6666.
[2018.03.05-17.08.44:446][  0]LogMaterial: Uniform references updated for custom material expression Custom.
[2018.03.05-17.08.44:931][  0]SourceControl: Source control is disabled
[2018.03.05-17.08.47:183][  0]LogAndroidPermission: UAndroidPermissionCallbackProxy::GetInstance
[2018.03.05-17.08.47:461][  0]LogOcInput: OculusInput pre-init called
[2018.03.05-17.08.47:750][  0]LogEngine: Initializing Engine...
[2018.03.05-17.08.47:753][  0]LogHMD: Failed to initialize OpenVR with code 110
[2018.03.05-17.08.48:033][  0]LogStats: UGameplayTagsManager::ConstructGameplayTagTree: Construct from data asset -  0.000 s
[2018.03.05-17.08.48:033][  0]LogStats: UGameplayTagsManager::ConstructGameplayTagTree: GameplayTagTreeChangedEvent.Broadcast -  0.000 s
[2018.03.05-17.08.48:174][  0]LogAIModule: Creating AISystem for world Untitled
[2018.03.05-17.08.48:185][  0]LogInit: XAudio2 using 'Speakers (Conexant HD Audio)' : 2 channels at 44.1 kHz using 16 bits per sample (channel mask 0x3)
[2018.03.05-17.08.48:225][  0]LogInit: FAudioDevice initialized.
[2018.03.05-17.08.49:002][  0]LogDerivedDataCache: Saved boot cache 0.78s 93MB C:/Users/Games/AppData/Local/UnrealEngine/4.17/DerivedDataCache/Boot.ddc.
[2018.03.05-17.08.49:038][  0]LogInit: Texture streaming: Enabled
[2018.03.05-17.08.49:154][  0]LogEngineSessionManager: EngineSessionManager initialized
[2018.03.05-17.08.49:403][  0]LogInit: Transaction tracking system initialized
[2018.03.05-17.08.49:987][  0]BlueprintLog: New page: Editor Load
[2018.03.05-17.08.50:956][  0]LocalizationService: Localization service is disabled
[2018.03.05-17.08.51:717][  0]LogConsoleResponse: Display: 
[2018.03.05-17.08.51:901][  0]LogCook: Display: Max memory allowance for cook 16384mb min free memory 0mb
[2018.03.05-17.08.51:901][  0]LogCook: Display: Mobile HDR setting 1
[2018.03.05-17.08.51:901][  0]LogGameplayTags: Display: UGameplayTagsManager::DoneAddingNativeTags. DelegateIsBound: 0
[2018.03.05-17.08.52:647][  0]LogFileCache: Scanning file cache for directory 'C:/11/mgp-mgp-group-11/Development/Unreal Project/Content/' took 0.01s
[2018.03.05-17.08.53:054][  0]Cmd: MAP LOAD FILE="../../../../11/mgp-mgp-group-11/Development/Unreal Project/Content/Levels/MainMenu.umap" TEMPLATE=0 SHOWPROGRESS=1 FEATURELEVEL=3
[2018.03.05-17.08.53:054][  0]LightingResults: New page: Lighting Build
[2018.03.05-17.08.53:100][  0]MapCheck: New page: Map Check
[2018.03.05-17.08.53:100][  0]LightingResults: New page: Lighting Build
[2018.03.05-17.08.53:256][  0]LogAIModule: Creating AISystem for world MainMenu
[2018.03.05-17.08.53:257][  0]LogEditorServer: Finished looking for orphan Actors (0.000 secs)
[2018.03.05-17.08.53:270][  0]Cmd: MAP CHECKDEP NOCLEARLOG
[2018.03.05-17.08.53:321][  0]MapCheck: Map check complete: 0 Error(s), 0 Warning(s), took 50.854ms to complete.
[2018.03.05-17.08.53:321][  0]LogFileHelpers: Loading map 'MainMenu' took 0.268
[2018.03.05-17.08.53:471][  0]LogCollectionManager: Loaded 0 collections in 0.001527 seconds
[2018.03.05-17.08.53:552][  0]LogFileCache: Scanning file cache for directory 'C:/11/mgp-mgp-group-11/Development/Unreal Project/Saved/Collections/' took 0.01s
[2018.03.05-17.08.53:552][  0]LogFileCache: Scanning file cache for directory 'C:/11/mgp-mgp-group-11/Development/Unreal Project/Content/Developers/Games/Collections/' took 0.01s
[2018.03.05-17.08.53:552][  0]LogFileCache: Scanning file cache for directory 'C:/11/mgp-mgp-group-11/Development/Unreal Project/Content/Collections/' took 0.01s
[2018.03.05-17.08.53:552][  0]LogCollectionManager: Rebuilt the GUID cache for 0 collections in 0.000001 seconds
[2018.03.05-17.08.53:562][  0]LogContentBrowser: Native class hierarchy populated in 0.0091 seconds. Added 2386 classes and 500 folders.
[2018.03.05-17.08.53:631][  0]LogContentBrowser: Native class hierarchy updated for 'WidgetCarousel' in 0.0006 seconds. Added 0 classes and 0 folders.
[2018.03.05-17.08.53:673][  0]LogContentBrowser: Native class hierarchy updated for 'AddContentDialog' in 0.0006 seconds. Added 0 classes and 0 folders.
[2018.03.05-17.08.53:721][  0]LogContentBrowser: Native class hierarchy updated for 'SceneOutliner' in 0.0006 seconds. Added 1 classes and 2 folders.
[2018.03.05-17.08.53:799][  0]LogSlate: Took 0.000203 seconds to synchronously load lazily loaded font '../../../Engine/Content/Slate/Fonts/Roboto-Regular.ttf' (155K)
[2018.03.05-17.08.53:802][  0]LogSlate: Took 0.000167 seconds to synchronously load lazily loaded font '../../../Engine/Content/Slate/Fonts/Roboto-Bold.ttf' (160K)
[2018.03.05-17.08.53:808][  0]LogSlate: Took 0.000213 seconds to synchronously load lazily loaded font '../../../Engine/Content/Editor/Slate/Fonts/FontAwesome.ttf' (139K)
[2018.03.05-17.08.53:909][  0]LogRenderer: Reallocating scene render targets to support 1204x660 Format 10 NumSamples 1 (Frame:1).
[2018.03.05-17.08.54:161][  0]LogContentBrowser: Native class hierarchy updated for 'HierarchicalLODOutliner' in 0.0007 seconds. Added 1 classes and 2 folders.
[2018.03.05-17.08.54:162][  0]LogLoad: (Engine Initialization) Total time: 24.77 seconds
[2018.03.05-17.08.54:162][  0]LogLoad: (Engine Initialization) Total Blueprint compile time: 0.00 seconds
[2018.03.05-17.08.54:162][  0]LogExternalProfiler: Found external profiler: VSPerf
[2018.03.05-17.08.54:162][  0]LogExternalProfiler: Using external profiler: VSPerf
[2018.03.05-17.08.54:528][  0]SourceControl: On branch master
[2018.03.05-17.08.54:528][  0]SourceControl: Your branch is ahead of 'origin/master' by 2 commits.
[2018.03.05-17.08.54:528][  0]SourceControl:   (use "git push" to publish your local commits)
[2018.03.05-17.08.54:528][  0]SourceControl: Changes not staged for commit:
[2018.03.05-17.08.54:529][  0]SourceControl:   (use "git add/rm <file>..." to update what will be committed)
[2018.03.05-17.08.54:529][  0]SourceControl:   (use "git checkout -- <file>..." to discard changes in working directory)
[2018.03.05-17.08.54:529][  0]SourceControl: 	modified:   Development/Unreal Project/Intermediate/CachedAssetRegistry.bin
[2018.03.05-17.08.54:529][  0]SourceControl: 	modified:   Development/Unreal Project/Saved/Config/Windows/Editor.ini
[2018.03.05-17.08.54:529][  0]SourceControl: 	modified:   Development/Unreal Project/Saved/Config/Windows/Engine.ini
[2018.03.05-17.08.54:529][  0]SourceControl: 	deleted:    Development/Unreal Project/Saved/Logs/Prototype_Group_11-backup-2018.02.22-09.21.11.log
[2018.03.05-17.08.54:529][  0]SourceControl: 	modified:   Development/Unreal Project/Saved/Logs/Prototype_Group_11.log
[2018.03.05-17.08.54:529][  0]SourceControl: Untracked files:
[2018.03.05-17.08.54:529][  0]SourceControl:   (use "git add <file>..." to include in what will be committed)
[2018.03.05-17.08.54:529][  0]SourceControl: 	Development/Unreal Project/Saved/Config/CrashReportClient/UE4CC-Windows-7CEBC4A4402F052F07625AB3E95F1985/
[2018.03.05-17.08.54:529][  0]SourceControl: 	Development/Unreal Project/Saved/Logs/Prototype_Group_11-backup-2018.03.05-17.08.30.log
[2018.03.05-17.08.54:529][  0]SourceControl: no changes added to commit (use "git add" and/or "git commit -a")
[2018.03.05-17.08.54:530][  0]LogContentStreaming: Texture pool size now 1000 MB
[2018.03.05-17.08.55:507][  3]LogAssetRegistry: Asset discovery search completed in 15.8447 seconds
[2018.03.05-17.08.55:511][  3]LogCollectionManager: Rebuilt the object cache for 0 collections in 0.000002 seconds (found 0 objects)
[2018.03.05-17.08.55:511][  3]LogCollectionManager: Fixed up redirectors for 0 collections in 0.000127 seconds (updated 0 objects)
[2018.03.05-17.08.58:849][ 13]LogSlate: Took 0.000343 seconds to synchronously load lazily loaded font '../../../Engine/Content/Slate/Fonts/Roboto-Light.ttf' (159K)
[2018.03.05-17.09.17:248][676]LogSlate: Took 0.000187 seconds to synchronously load lazily loaded font '../../../Engine/Content/Slate/Fonts/Roboto-Light.ttf' (159K)
[2018.03.05-17.09.17:723][676]LogAIModule: Creating AISystem for world Level2
[2018.03.05-17.09.17:880][676]Cmd: MAP LOAD FILE="../../../../11/mgp-mgp-group-11/Development/Unreal Project/Content/Levels/Level2.umap" TEMPLATE=0 SHOWPROGRESS=1 FEATURELEVEL=3
[2018.03.05-17.09.17:880][676]LightingResults: New page: Lighting Build
[2018.03.05-17.09.17:880][676]LoadErrors: New page: Loading map: Level2.umap
[2018.03.05-17.09.17:881][676]MapCheck: New page: Map Check
[2018.03.05-17.09.17:881][676]LightingResults: New page: Lighting Build
[2018.03.05-17.09.18:005][676]LogEditorServer: Finished looking for orphan Actors (0.000 secs)
[2018.03.05-17.09.18:069][676]Cmd: MAP CHECKDEP NOCLEARLOG
[2018.03.05-17.09.18:145][676]MapCheck: Map check complete: 0 Error(s), 0 Warning(s), took 76.36ms to complete.
[2018.03.05-17.09.18:145][676]LogFileHelpers: Loading map 'Level2' took 0.267
[2018.03.05-17.09.19:529][833]LogTemp: Repeating last play command: New Editor Window (PIE)
[2018.03.05-17.09.19:590][833]LogBlueprintUserMessages: Early PlayInEditor Detection: Level '/Game/Levels/Level2.Level2:PersistentLevel' has LevelScriptBlueprint '/Game/Levels/Level2.Level2:PersistentLevel.Level2' with GeneratedClass '/Game/Levels/Level2.Level2_C' with ClassGeneratedBy '/Game/Levels/Level2.Level2:PersistentLevel.Level2'
[2018.03.05-17.09.19:590][833]LogPlayLevel: PlayLevel: No blueprints needed recompiling
[2018.03.05-17.09.19:590][833]PIE: New page: PIE session: Level2 (5 Mar 2018 17:09:19)
[2018.03.05-17.09.19:590][833]LogPlayLevel: Creating play world package: /Game/Levels/UEDPIE_0_Level2
[2018.03.05-17.09.19:605][833]LogPlayLevel: PIE: StaticDuplicateObject took: (0.014626s)
[2018.03.05-17.09.19:606][833]LogAIModule: Creating AISystem for world Level2
[2018.03.05-17.09.19:606][833]LogPlayLevel: PIE: World Init took: (0.000780s)
[2018.03.05-17.09.19:606][833]LogPlayLevel: PIE: Created PIE world by copying editor world from /Game/Levels/Level2.Level2 to /Game/Levels/UEDPIE_0_Level2.Level2 (0.015720s)
[2018.03.05-17.09.19:619][833]LogInit: XAudio2 using 'Speakers (Conexant HD Audio)' : 2 channels at 44.1 kHz using 16 bits per sample (channel mask 0x3)
[2018.03.05-17.09.19:632][833]LogInit: FAudioDevice initialized.
[2018.03.05-17.09.19:692][833]LogLoad: Game class is 'FunctionalTestGameMode'
[2018.03.05-17.09.19:701][833]LogWorld: Bringing World /Game/Levels/UEDPIE_0_Level2.Level2 up for play (max tick rate 0) at 2018.03.05-17.09.19
[2018.03.05-17.09.19:702][833]LogWorld: Bringing up level for play took: 0.008434
[2018.03.05-17.09.19:749][833]LogContentBrowser: Native class hierarchy updated for 'MovieSceneCapture' in 0.0007 seconds. Added 11 classes and 0 folders.
[2018.03.05-17.09.19:756][833]PIE: Play in editor start time for /Game/Levels/UEDPIE_0_Level2 -0.214
[2018.03.05-17.09.19:756][833]LogBlueprintUserMessages: Late PlayInEditor Detection: Level '/Game/Levels/Level2.Level2:PersistentLevel' has LevelScriptBlueprint '/Game/Levels/Level2.Level2:PersistentLevel.Level2' with GeneratedClass '/Game/Levels/Level2.Level2_C' with ClassGeneratedBy '/Game/Levels/Level2.Level2:PersistentLevel.Level2'
[2018.03.05-17.09.19:797][833]LogRenderer: Reallocating scene render targets to support 1204x996 Format 10 NumSamples 1 (Frame:1).
[2018.03.05-17.09.21:513][ 16]LogBlueprintUserMessages: Early EndPlayMap Detection: Level '/Game/Levels/Level2.Level2:PersistentLevel' has LevelScriptBlueprint '/Game/Levels/Level2.Level2:PersistentLevel.Level2' with GeneratedClass '/Game/Levels/Level2.Level2_C' with ClassGeneratedBy '/Game/Levels/Level2.Level2:PersistentLevel.Level2'
[2018.03.05-17.09.21:561][ 16]LogBlueprintUserMessages: Late EndPlayMap Detection: Level '/Game/Levels/Level2.Level2:PersistentLevel' has LevelScriptBlueprint '/Game/Levels/Level2.Level2:PersistentLevel.Level2' with GeneratedClass '/Game/Levels/Level2.Level2_C' with ClassGeneratedBy '/Game/Levels/Level2.Level2:PersistentLevel.Level2'
[2018.03.05-17.13.34:985][390]LogTemp: Repeating last play command: New Editor Window (PIE)
[2018.03.05-17.13.35:007][390]LogBlueprintUserMessages: Early PlayInEditor Detection: Level '/Game/Levels/Level2.Level2:PersistentLevel' has LevelScriptBlueprint '/Game/Levels/Level2.Level2:PersistentLevel.Level2' with GeneratedClass '/Game/Levels/Level2.Level2_C' with ClassGeneratedBy '/Game/Levels/Level2.Level2:PersistentLevel.Level2'
[2018.03.05-17.13.35:008][390]LogPlayLevel: PlayLevel: No blueprints needed recompiling
[2018.03.05-17.13.35:008][390]PIE: New page: PIE session: Level2 (5 Mar 2018 17:13:35)
[2018.03.05-17.13.35:008][390]LogPlayLevel: Creating play world package: /Game/Levels/UEDPIE_0_Level2
[2018.03.05-17.13.35:022][390]LogPlayLevel: PIE: StaticDuplicateObject took: (0.014357s)
[2018.03.05-17.13.35:023][390]LogAIModule: Creating AISystem for world Level2
[2018.03.05-17.13.35:023][390]LogPlayLevel: PIE: World Init took: (0.000867s)
[2018.03.05-17.13.35:023][390]LogPlayLevel: PIE: Created PIE world by copying editor world from /Game/Levels/Level2.Level2 to /Game/Levels/UEDPIE_0_Level2.Level2 (0.015531s)
[2018.03.05-17.13.35:036][390]LogInit: XAudio2 using 'Speakers (Conexant HD Audio)' : 2 channels at 44.1 kHz using 16 bits per sample (channel mask 0x3)
[2018.03.05-17.13.35:049][390]LogInit: FAudioDevice initialized.
[2018.03.05-17.13.35:094][390]LogLoad: Game class is 'FunctionalTestGameMode'
[2018.03.05-17.13.35:102][390]LogWorld: Bringing World /Game/Levels/UEDPIE_0_Level2.Level2 up for play (max tick rate 0) at 2018.03.05-17.13.35
[2018.03.05-17.13.35:103][390]LogWorld: Bringing up level for play took: 0.008491
[2018.03.05-17.13.35:110][390]PIE: Play in editor start time for /Game/Levels/UEDPIE_0_Level2 -0.861
[2018.03.05-17.13.35:111][390]LogBlueprintUserMessages: Late PlayInEditor Detection: Level '/Game/Levels/Level2.Level2:PersistentLevel' has LevelScriptBlueprint '/Game/Levels/Level2.Level2:PersistentLevel.Level2' with GeneratedClass '/Game/Levels/Level2.Level2_C' with ClassGeneratedBy '/Game/Levels/Level2.Level2:PersistentLevel.Level2'
[2018.03.05-17.13.37:259][623]LogBlueprintUserMessages: Early EndPlayMap Detection: Level '/Game/Levels/Level2.Level2:PersistentLevel' has LevelScriptBlueprint '/Game/Levels/Level2.Level2:PersistentLevel.Level2' with GeneratedClass '/Game/Levels/Level2.Level2_C' with ClassGeneratedBy '/Game/Levels/Level2.Level2:PersistentLevel.Level2'
[2018.03.05-17.13.37:307][623]LogBlueprintUserMessages: Late EndPlayMap Detection: Level '/Game/Levels/Level2.Level2:PersistentLevel' has LevelScriptBlueprint '/Game/Levels/Level2.Level2:PersistentLevel.Level2' with GeneratedClass '/Game/Levels/Level2.Level2_C' with ClassGeneratedBy '/Game/Levels/Level2.Level2:PersistentLevel.Level2'
[2018.03.05-17.14.51:665][124]UATHelper: Packaging (Android (Multi:ASTC,PVRTC,DXT,ATC,ETC2,ETC1)): Running AutomationTool...
[2018.03.05-17.14.52:037][155]UATHelper: Packaging (Android (Multi:ASTC,PVRTC,DXT,ATC,ETC2,ETC1)): Automation.ParseCommandLine: Parsing command line: -ScriptsForProject="C:/11/mgp-mgp-group-11/Development/Unreal Project/Prototype_Group_11.uproject" BuildCookRun -nocompile -nocompileeditor -installed -nop4 -project="C:/11/mgp-mgp-group-11/Development/Unreal Project/Prototype_Group_11.uproject" -cook -stage -archive -archivedirectory="C:/Users/Games/Desktop/Test G11" -package -clientconfig=Development -ue4exe=UE4Editor-Cmd.exe -pak -prereqs -nodebuginfo -targetplatform=Android -cookflavor=Multi -utf8output
[2018.03.05-17.14.54:102][395]UATHelper: Packaging (Android (Multi:ASTC,PVRTC,DXT,ATC,ETC2,ETC1)): BuildCookRun.SetupParams: Setting up ProjectParams for C:\11\mgp-mgp-group-11\Development\Unreal Project\Prototype_Group_11.uproject
[2018.03.05-17.14.55:998][616]UATHelper: Packaging (Android (Multi:ASTC,PVRTC,DXT,ATC,ETC2,ETC1)): Project.Cook: ********** COOK COMMAND STARTED **********
[2018.03.05-17.14.56:014][618]UATHelper: Packaging (Android (Multi:ASTC,PVRTC,DXT,ATC,ETC2,ETC1)): CommandUtils.RunCommandlet: Running UE4Editor Cook for project C:\11\mgp-mgp-group-11\Development\Unreal Project\Prototype_Group_11.uproject
[2018.03.05-17.14.56:014][618]UATHelper: Packaging (Android (Multi:ASTC,PVRTC,DXT,ATC,ETC2,ETC1)): CommandUtils.RunCommandlet: Commandlet log file is C:\UE_4.17\Engine\Programs\AutomationTool\Saved\Cook-2018.03.05-17.14.56.txt
[2018.03.05-17.14.56:056][623]UATHelper: Packaging (Android (Multi:ASTC,PVRTC,DXT,ATC,ETC2,ETC1)): CommandUtils.Run: Run: C:\UE_4.17\Engine\Binaries\Win64\UE4Editor-Cmd.exe "C:\11\mgp-mgp-group-11\Development\Unreal Project\Prototype_Group_11.uproject" -run=Cook  -NoLogTimes -TargetPlatform=Android_Multi -fileopenlog -unversioned -abslog=C:\UE_4.17\Engine\Programs\AutomationTool\Saved\Cook-2018.03.05-17.14.56.txt -stdout -CrashForUAT -unattended  -UTF8Output
[2018.03.05-17.14.56:340][656]UATHelper: Packaging (Android (Multi:ASTC,PVRTC,DXT,ATC,ETC2,ETC1)): Cook: LogInit: Display: Running engine for game: Prototype_Group_11
[2018.03.05-17.14.56:340][656]UATHelper: Packaging (Android (Multi:ASTC,PVRTC,DXT,ATC,ETC2,ETC1)): Cook: LogInit: Display: RandInit(-921166309) SRandInit(-921166309).
[2018.03.05-17.14.59:193][976]UATHelper: Packaging (Android (Multi:ASTC,PVRTC,DXT,ATC,ETC2,ETC1)): Cook: LogShaderCompilers: Display: Using Local Shader Compiler.
[2018.03.05-17.14.59:890][ 54]UATHelper: Packaging (Android (Multi:ASTC,PVRTC,DXT,ATC,ETC2,ETC1)): Cook: LogDerivedDataCache: Display: Max Cache Size: 512 MB
[2018.03.05-17.15.00:033][ 67]UATHelper: Packaging (Android (Multi:ASTC,PVRTC,DXT,ATC,ETC2,ETC1)): Cook: LogDerivedDataCache: Display: Loaded Boot cache: C:/Users/Games/AppData/Local/UnrealEngine/4.17/DerivedDataCache/Boot.ddc
[2018.03.05-17.15.00:060][ 70]UATHelper: Packaging (Android (Multi:ASTC,PVRTC,DXT,ATC,ETC2,ETC1)): Cook: LogDerivedDataCache: Display: Pak cache opened for reading ../../../Engine/DerivedDataCache/Compressed.ddp.
[2018.03.05-17.15.01:136][192]UATHelper: Packaging (Android (Multi:ASTC,PVRTC,DXT,ATC,ETC2,ETC1)): Cook: LogTemp: Display: Loaded TP AllDesktopTargetPlatform
[2018.03.05-17.15.01:204][200]UATHelper: Packaging (Android (Multi:ASTC,PVRTC,DXT,ATC,ETC2,ETC1)): Cook: LogTemp: Display: Loaded TP MacClientTargetPlatform
[2018.03.05-17.15.01:287][209]UATHelper: Packaging (Android (Multi:ASTC,PVRTC,DXT,ATC,ETC2,ETC1)): Cook: LogTemp: Display: Loaded TP MacNoEditorTargetPlatform
[2018.03.05-17.15.01:356][217]UATHelper: Packaging (Android (Multi:ASTC,PVRTC,DXT,ATC,ETC2,ETC1)): Cook: LogTemp: Display: Loaded TP MacServerTargetPlatform
[2018.03.05-17.15.01:416][224]UATHelper: Packaging (Android (Multi:ASTC,PVRTC,DXT,ATC,ETC2,ETC1)): Cook: LogTemp: Display: Loaded TP MacTargetPlatform
[2018.03.05-17.15.01:487][232]UATHelper: Packaging (Android (Multi:ASTC,PVRTC,DXT,ATC,ETC2,ETC1)): Cook: LogTemp: Display: Loaded TP WindowsClientTargetPlatform
[2018.03.05-17.15.01:567][241]UATHelper: Packaging (Android (Multi:ASTC,PVRTC,DXT,ATC,ETC2,ETC1)): Cook: LogTemp: Display: Loaded TP WindowsNoEditorTargetPlatform
[2018.03.05-17.15.01:641][249]UATHelper: Packaging (Android (Multi:ASTC,PVRTC,DXT,ATC,ETC2,ETC1)): Cook: LogTemp: Display: Loaded TP WindowsServerTargetPlatform
[2018.03.05-17.15.01:700][256]UATHelper: Packaging (Android (Multi:ASTC,PVRTC,DXT,ATC,ETC2,ETC1)): Cook: LogTemp: Display: Loaded TP WindowsTargetPlatform
[2018.03.05-17.15.01:774][264]UATHelper: Packaging (Android (Multi:ASTC,PVRTC,DXT,ATC,ETC2,ETC1)): Cook: LogTemp: Display: Loaded TP AndroidTargetPlatform
[2018.03.05-17.15.01:825][270]UATHelper: Packaging (Android (Multi:ASTC,PVRTC,DXT,ATC,ETC2,ETC1)): Cook: LogTemp: Display: Loaded TP Android_ASTCTargetPlatform
[2018.03.05-17.15.01:901][279]UATHelper: Packaging (Android (Multi:ASTC,PVRTC,DXT,ATC,ETC2,ETC1)): Cook: LogTemp: Display: Loaded TP Android_ATCTargetPlatform
[2018.03.05-17.15.01:968][287]UATHelper: Packaging (Android (Multi:ASTC,PVRTC,DXT,ATC,ETC2,ETC1)): Cook: LogTemp: Display: Loaded TP Android_DXTTargetPlatform
[2018.03.05-17.15.02:049][296]UATHelper: Packaging (Android (Multi:ASTC,PVRTC,DXT,ATC,ETC2,ETC1)): Cook: LogTemp: Display: Loaded TP Android_ETC1TargetPlatform
[2018.03.05-17.15.02:119][304]UATHelper: Packaging (Android (Multi:ASTC,PVRTC,DXT,ATC,ETC2,ETC1)): Cook: LogTemp: Display: Loaded TP Android_ETC2TargetPlatform
[2018.03.05-17.15.02:246][319]UATHelper: Packaging (Android (Multi:ASTC,PVRTC,DXT,ATC,ETC2,ETC1)): Cook: LogTemp: Display: Loaded TP Android_MultiTargetPlatform
[2018.03.05-17.15.02:246][319]UATHelper: Packaging (Android (Multi:ASTC,PVRTC,DXT,ATC,ETC2,ETC1)): Cook: LogTemp: Display: Loaded TP Android_PVRTCTargetPlatform
[2018.03.05-17.15.02:296][325]UATHelper: Packaging (Android (Multi:ASTC,PVRTC,DXT,ATC,ETC2,ETC1)): Cook: LogTemp: Display: Loaded TP HTML5TargetPlatform
[2018.03.05-17.15.02:407][338]UATHelper: Packaging (Android (Multi:ASTC,PVRTC,DXT,ATC,ETC2,ETC1)): Cook: LogTemp: Display: Loaded TP IOSTargetPlatform
[2018.03.05-17.15.02:441][342]UATHelper: Packaging (Android (Multi:ASTC,PVRTC,DXT,ATC,ETC2,ETC1)): Cook: LogTemp: Display: Loaded TP TVOSTargetPlatform
[2018.03.05-17.15.02:513][350]UATHelper: Packaging (Android (Multi:ASTC,PVRTC,DXT,ATC,ETC2,ETC1)): Cook: LogTemp: Display: Loaded TP LinuxClientTargetPlatform
[2018.03.05-17.15.02:580][358]UATHelper: Packaging (Android (Multi:ASTC,PVRTC,DXT,ATC,ETC2,ETC1)): Cook: LogTemp: Display: Loaded TP LinuxNoEditorTargetPlatform
[2018.03.05-17.15.02:643][365]UATHelper: Packaging (Android (Multi:ASTC,PVRTC,DXT,ATC,ETC2,ETC1)): Cook: LogTemp: Display: Loaded TP LinuxServerTargetPlatform
[2018.03.05-17.15.02:704][372]UATHelper: Packaging (Android (Multi:ASTC,PVRTC,DXT,ATC,ETC2,ETC1)): Cook: LogTemp: Display: Loaded TP LinuxTargetPlatform
[2018.03.05-17.15.02:704][372]UATHelper: Packaging (Android (Multi:ASTC,PVRTC,DXT,ATC,ETC2,ETC1)): Cook: LogTargetPlatformManager: Display: Building Assets For Android_Multi
[2018.03.05-17.15.18:820][306]UATHelper: Packaging (Android (Multi:ASTC,PVRTC,DXT,ATC,ETC2,ETC1)): Cook: LogGameplayTags: Display: UGameplayTagsManager::DoneAddingNativeTags. DelegateIsBound: 0
[2018.03.05-17.15.19:892][416]UATHelper: Packaging (Android (Multi:ASTC,PVRTC,DXT,ATC,ETC2,ETC1)): Cook: LogCook: Display: Max memory allowance for cook 16384mb min free memory 0mb
[2018.03.05-17.15.19:892][416]UATHelper: Packaging (Android (Multi:ASTC,PVRTC,DXT,ATC,ETC2,ETC1)): Cook: LogCook: Display: Mobile HDR setting 1
[2018.03.05-17.15.19:892][416]UATHelper: Packaging (Android (Multi:ASTC,PVRTC,DXT,ATC,ETC2,ETC1)): Cook: LogCook: Display: Creating asset registry
[2018.03.05-17.15.43:901][236]UATHelper: Packaging (Android (Multi:ASTC,PVRTC,DXT,ATC,ETC2,ETC1)): Cook: LogCook: Display: Cooked content cleared for platform Android_Multi
[2018.03.05-17.15.43:901][236]UATHelper: Packaging (Android (Multi:ASTC,PVRTC,DXT,ATC,ETC2,ETC1)): Cook: LogCook: Display: Unable to read previous cook inisettings for platform Android_Multi invalidating cook
[2018.03.05-17.15.43:980][245]UATHelper: Packaging (Android (Multi:ASTC,PVRTC,DXT,ATC,ETC2,ETC1)): Cook: LogCook: Display: Sandbox cleanup took 0.078 seconds for platforms Android_Multi  iterative false
[2018.03.05-17.16.42:853][113]UATHelper: Packaging (Android (Multi:ASTC,PVRTC,DXT,ATC,ETC2,ETC1)): Cook: LogCook: Display: Cooking /Engine/Tutorial/Foliage/Foliage_Intro_Tutorial -> C:/11/mgp-mgp-group-11/Development/Unreal Project/Saved/Cooked/Android_Multi/Engine/Content/Tutorial/Foliage/Foliage_Intro_Tutorial.uasset
[2018.03.05-17.16.42:853][113]UATHelper: Packaging (Android (Multi:ASTC,PVRTC,DXT,ATC,ETC2,ETC1)): Cook: LogSavePackage: Display: No exports found (or all exports are editor-only) for Foliage_Intro_Tutorial. Package will not be saved.
[2018.03.05-17.16.42:931][122]UATHelper: Packaging (Android (Multi:ASTC,PVRTC,DXT,ATC,ETC2,ETC1)): Cook: LogCook: Display: Cooking /Engine/EngineFonts/Roboto -> C:/11/mgp-mgp-group-11/Development/Unreal Project/Saved/Cooked/Android_Multi/Engine/Content/EngineFonts/Roboto.uasset
[2018.03.05-17.16.42:940][123]UATHelper: Packaging (Android (Multi:ASTC,PVRTC,DXT,ATC,ETC2,ETC1)): Cook: LogSavePackage: Display: Finished SavePackage C:/11/mgp-mgp-group-11/Development/Unreal Project/Saved/Cooked/Android_Multi/Engine/Content/EngineFonts/Roboto.uasset
[2018.03.05-17.16.42:940][123]UATHelper: Packaging (Android (Multi:ASTC,PVRTC,DXT,ATC,ETC2,ETC1)): Cook: LogCook: Display: Cooking /Engine/EngineFonts/Faces/RobotoBold -> C:/11/mgp-mgp-group-11/Development/Unreal Project/Saved/Cooked/Android_Multi/Engine/Content/EngineFonts/Faces/RobotoBold.uasset
[2018.03.05-17.16.42:940][123]UATHelper: Packaging (Android (Multi:ASTC,PVRTC,DXT,ATC,ETC2,ETC1)): Cook: LogSavePackage: Display: Finished SavePackage C:/11/mgp-mgp-group-11/Development/Unreal Project/Saved/Cooked/Android_Multi/Engine/Content/EngineFonts/Faces/RobotoBold.uasset
[2018.03.05-17.16.42:940][123]UATHelper: Packaging (Android (Multi:ASTC,PVRTC,DXT,ATC,ETC2,ETC1)): Cook: LogCook: Display: Cooking /Engine/EngineFonts/Faces/RobotoBoldItalic -> C:/11/mgp-mgp-group-11/Development/Unreal Project/Saved/Cooked/Android_Multi/Engine/Content/EngineFonts/Faces/RobotoBoldItalic.uasset
[2018.03.05-17.16.42:959][125]UATHelper: Packaging (Android (Multi:ASTC,PVRTC,DXT,ATC,ETC2,ETC1)): Cook: LogSavePackage: Display: Finished SavePackage C:/11/mgp-mgp-group-11/Development/Unreal Project/Saved/Cooked/Android_Multi/Engine/Content/EngineFonts/Faces/RobotoBoldItalic.uasset
[2018.03.05-17.16.42:959][125]UATHelper: Packaging (Android (Multi:ASTC,PVRTC,DXT,ATC,ETC2,ETC1)): Cook: LogCook: Display: Cooking /Engine/EngineFonts/Faces/RobotoItalic -> C:/11/mgp-mgp-group-11/Development/Unreal Project/Saved/Cooked/Android_Multi/Engine/Content/EngineFonts/Faces/RobotoItalic.uasset
[2018.03.05-17.16.42:959][125]UATHelper: Packaging (Android (Multi:ASTC,PVRTC,DXT,ATC,ETC2,ETC1)): Cook: LogSavePackage: Display: Finished SavePackage C:/11/mgp-mgp-group-11/Development/Unreal Project/Saved/Cooked/Android_Multi/Engine/Content/EngineFonts/Faces/RobotoItalic.uasset
[2018.03.05-17.16.42:959][125]UATHelper: Packaging (Android (Multi:ASTC,PVRTC,DXT,ATC,ETC2,ETC1)): Cook: LogCook: Display: Cooking /Engine/EngineFonts/Faces/RobotoLight -> C:/11/mgp-mgp-group-11/Development/Unreal Project/Saved/Cooked/Android_Multi/Engine/Content/EngineFonts/Faces/RobotoLight.uasset
[2018.03.05-17.16.42:969][126]UATHelper: Packaging (Android (Multi:ASTC,PVRTC,DXT,ATC,ETC2,ETC1)): Cook: LogSavePackage: Display: Finished SavePackage C:/11/mgp-mgp-group-11/Development/Unreal Project/Saved/Cooked/Android_Multi/Engine/Content/EngineFonts/Faces/RobotoLight.uasset
[2018.03.05-17.16.42:977][127]UATHelper: Packaging (Android (Multi:ASTC,PVRTC,DXT,ATC,ETC2,ETC1)): Cook: LogCook: Display: Cooking /Engine/EngineFonts/Faces/RobotoRegular -> C:/11/mgp-mgp-group-11/Development/Unreal Project/Saved/Cooked/Android_Multi/Engine/Content/EngineFonts/Faces/RobotoRegular.uasset
[2018.03.05-17.16.42:986][128]UATHelper: Packaging (Android (Multi:ASTC,PVRTC,DXT,ATC,ETC2,ETC1)): Cook: LogSavePackage: Display: Finished SavePackage C:/11/mgp-mgp-group-11/Development/Unreal Project/Saved/Cooked/Android_Multi/Engine/Content/EngineFonts/Faces/RobotoRegular.uasset
[2018.03.05-17.16.43:002][130]UATHelper: Packaging (Android (Multi:ASTC,PVRTC,DXT,ATC,ETC2,ETC1)): Cook: LogTexture: Display: Building textures: WhiteSquareTexture (ASTC_RGBAuto, 32X32)
[2018.03.05-17.16.43:002][130]UATHelper: Packaging (Android (Multi:ASTC,PVRTC,DXT,ATC,ETC2,ETC1)): Cook: LogTexture: Display: Building textures: WhiteSquareTexture (AutoPVRTC, 32X32)
[2018.03.05-17.16.43:002][130]UATHelper: Packaging (Android (Multi:ASTC,PVRTC,DXT,ATC,ETC2,ETC1)): Cook: LogTexture: Display: Building textures: WhiteSquareTexture (AutoATC, 32X32)
[2018.03.05-17.16.43:012][131]UATHelper: Packaging (Android (Multi:ASTC,PVRTC,DXT,ATC,ETC2,ETC1)): Cook: LogCook: Display: Cooking /Engine/EngineMaterials/Widget3DPassThrough_Translucent -> C:/11/mgp-mgp-group-11/Development/Unreal Project/Saved/Cooked/Android_Multi/Engine/Content/EngineMaterials/Widget3DPassThrough_Translucent.uasset
[2018.03.05-17.16.43:012][131]UATHelper: Packaging (Android (Multi:ASTC,PVRTC,DXT,ATC,ETC2,ETC1)): Cook: LogTexture: Display: Building textures: WhiteSquareTexture (AutoETC2, 32X32)
[2018.03.05-17.16.43:012][131]UATHelper: Packaging (Android (Multi:ASTC,PVRTC,DXT,ATC,ETC2,ETC1)): Cook: LogTexture: Display: Building textures: WhiteSquareTexture (AutoETC1, 32X32)
[2018.03.05-17.16.43:012][131]UATHelper: Packaging (Android (Multi:ASTC,PVRTC,DXT,ATC,ETC2,ETC1)): Cook: LogSavePackage: Display: Finished SavePackage C:/11/mgp-mgp-group-11/Development/Unreal Project/Saved/Cooked/Android_Multi/Engine/Content/EngineMaterials/Widget3DPassThrough_Translucent.uasset
[2018.03.05-17.16.43:012][131]UATHelper: Packaging (Android (Multi:ASTC,PVRTC,DXT,ATC,ETC2,ETC1)): Cook: LogCook: Display: Cooking /Engine/EngineMaterials/Widget3DPassThrough -> C:/11/mgp-mgp-group-11/Development/Unreal Project/Saved/Cooked/Android_Multi/Engine/Content/EngineMaterials/Widget3DPassThrough.uasset
[2018.03.05-17.16.43:012][131]UATHelper: Packaging (Android (Multi:ASTC,PVRTC,DXT,ATC,ETC2,ETC1)): Cook: LogSavePackage: Display: Finished SavePackage C:/11/mgp-mgp-group-11/Development/Unreal Project/Saved/Cooked/Android_Multi/Engine/Content/EngineMaterials/Widget3DPassThrough.uasset
[2018.03.05-17.21.30:476][112]LogSlate: Took 0.013912 seconds to synchronously load lazily loaded font '../../../Engine/Content/Editor/Slate/Fonts/DroidSansMono.ttf' (77K)
[2018.03.05-17.22.12:746][204]UATHelper: Packaging (Android (Multi:ASTC,PVRTC,DXT,ATC,ETC2,ETC1)): Cook: LogCook: Display: Cooking /Engine/Functions/Engine_MaterialFunctions01/Shading/PowerToRoughness -> C:/11/mgp-mgp-group-11/Development/Unreal Project/Saved/Cooked/Android_Multi/Engine/Content/Functions/Engine_MaterialFunctions01/Shading/PowerToRoughness.uasset
[2018.03.05-17.22.12:747][204]UATHelper: Packaging (Android (Multi:ASTC,PVRTC,DXT,ATC,ETC2,ETC1)): Cook: LogSavePackage: Display: Finished SavePackage C:/11/mgp-mgp-group-11/Development/Unreal Project/Saved/Cooked/Android_Multi/Engine/Content/Functions/Engine_MaterialFunctions01/Shading/PowerToRoughness.uasset
[2018.03.05-17.22.12:748][204]UATHelper: Packaging (Android (Multi:ASTC,PVRTC,DXT,ATC,ETC2,ETC1)): Cook: LogCook: Display: Cooking /Engine/Functions/Engine_MaterialFunctions01/Shading/ConvertFromDiffSpec -> C:/11/mgp-mgp-group-11/Development/Unreal Project/Saved/Cooked/Android_Multi/Engine/Content/Functions/Engine_MaterialFunctions01/Shading/ConvertFromDiffSpec.uasset
[2018.03.05-17.22.12:765][205]UATHelper: Packaging (Android (Multi:ASTC,PVRTC,DXT,ATC,ETC2,ETC1)): Cook: LogSavePackage: Display: Finished SavePackage C:/11/mgp-mgp-group-11/Development/Unreal Project/Saved/Cooked/Android_Multi/Engine/Content/Functions/Engine_MaterialFunctions01/Shading/ConvertFromDiffSpec.uasset
[2018.03.05-17.22.12:767][205]UATHelper: Packaging (Android (Multi:ASTC,PVRTC,DXT,ATC,ETC2,ETC1)): Cook: LogCook: Display: Cooking /Engine/EngineMaterials/WorldGridMaterial -> C:/11/mgp-mgp-group-11/Development/Unreal Project/Saved/Cooked/Android_Multi/Engine/Content/EngineMaterials/WorldGridMaterial.uasset
[2018.03.05-17.22.12:865][211]UATHelper: Packaging (Android (Multi:ASTC,PVRTC,DXT,ATC,ETC2,ETC1)): Cook: LogTexture: Display: Building textures: T_Default_Material_Grid_M (ASTC_RGBAuto, 512X512)
[2018.03.05-17.22.12:865][211]UATHelper: Packaging (Android (Multi:ASTC,PVRTC,DXT,ATC,ETC2,ETC1)): Cook: LogTexture: Display: Building textures: T_Default_Material_Grid_M (AutoATC, 512X512)
[2018.03.05-17.22.12:866][211]UATHelper: Packaging (Android (Multi:ASTC,PVRTC,DXT,ATC,ETC2,ETC1)): Cook: LogTexture: Display: Building textures: T_Default_Material_Grid_M (AutoETC2, 512X512)
[2018.03.05-17.22.12:866][211]UATHelper: Packaging (Android (Multi:ASTC,PVRTC,DXT,ATC,ETC2,ETC1)): Cook: LogTexture: Display: Building textures: T_Default_Material_Grid_M (AutoETC1, 512X512)
[2018.03.05-17.22.12:866][211]UATHelper: Packaging (Android (Multi:ASTC,PVRTC,DXT,ATC,ETC2,ETC1)): Cook: LogTexture: Display: Building textures: T_Default_Material_Grid_M (AutoPVRTC, 512X512)
[2018.03.05-17.22.12:867][211]UATHelper: Packaging (Android (Multi:ASTC,PVRTC,DXT,ATC,ETC2,ETC1)): Cook: LogSavePackage: Display: Finished SavePackage C:/11/mgp-mgp-group-11/Development/Unreal Project/Saved/Cooked/Android_Multi/Engine/Content/EngineMaterials/WorldGridMaterial.uasset
[2018.03.05-17.22.12:867][211]UATHelper: Packaging (Android (Multi:ASTC,PVRTC,DXT,ATC,ETC2,ETC1)): Cook: LogCook: Display: Cooking /Engine/Functions/Engine_MaterialFunctions01/Opacity/CameraDepthFade -> C:/11/mgp-mgp-group-11/Development/Unreal Project/Saved/Cooked/Android_Multi/Engine/Content/Functions/Engine_MaterialFunctions01/Opacity/CameraDepthFade.uasset
[2018.03.05-17.22.12:868][211]UATHelper: Packaging (Android (Multi:ASTC,PVRTC,DXT,ATC,ETC2,ETC1)): Cook: LogSavePackage: Display: Finished SavePackage C:/11/mgp-mgp-group-11/Development/Unreal Project/Saved/Cooked/Android_Multi/Engine/Content/Functions/Engine_MaterialFunctions01/Opacity/CameraDepthFade.uasset
[2018.03.05-17.22.55:670][390]UATHelper: Packaging (Android (Multi:ASTC,PVRTC,DXT,ATC,ETC2,ETC1)): Cook: LogTexture: Display: Building textures: T_Default_Material_Grid_N (ASTC_NormalRG, 256X256)
[2018.03.05-17.22.55:671][390]UATHelper: Packaging (Android (Multi:ASTC,PVRTC,DXT,ATC,ETC2,ETC1)): Cook: LogTexture: Display: Building textures: T_Default_Material_Grid_N (PVRTC4, 256X256)
[2018.03.05-17.22.55:671][390]UATHelper: Packaging (Android (Multi:ASTC,PVRTC,DXT,ATC,ETC2,ETC1)): Cook: LogTexture: Display: Building textures: T_Default_Material_Grid_N (DXT5, 256X256)
[2018.03.05-17.22.55:671][390]UATHelper: Packaging (Android (Multi:ASTC,PVRTC,DXT,ATC,ETC2,ETC1)): Cook: LogTexture: Display: Building textures: T_Default_Material_Grid_N (ATC_RGBA_I, 256X256)
[2018.03.05-17.22.55:672][390]UATHelper: Packaging (Android (Multi:ASTC,PVRTC,DXT,ATC,ETC2,ETC1)): Cook: LogTexture: Display: Building textures: T_Default_Material_Grid_N (AutoETC2, 256X256)
[2018.03.05-17.22.55:672][390]UATHelper: Packaging (Android (Multi:ASTC,PVRTC,DXT,ATC,ETC2,ETC1)): Cook: LogTexture: Display: Building textures: T_Default_Material_Grid_N (AutoETC1, 256X256)
[2018.03.05-17.22.55:672][390]UATHelper: Packaging (Android (Multi:ASTC,PVRTC,DXT,ATC,ETC2,ETC1)): Cook: LogTexture: Display: Building textures: DefaultDiffuse (AutoPVRTC, 1024X1024)
[2018.03.05-17.22.55:672][390]UATHelper: Packaging (Android (Multi:ASTC,PVRTC,DXT,ATC,ETC2,ETC1)): Cook: LogCook: Display: Cooking /Engine/EngineMaterials/T_Default_Material_Grid_N -> C:/11/mgp-mgp-group-11/Development/Unreal Project/Saved/Cooked/Android_Multi/Engine/Content/EngineMaterials/T_Default_Material_Grid_N.uasset
[2018.03.05-17.22.55:673][390]UATHelper: Packaging (Android (Multi:ASTC,PVRTC,DXT,ATC,ETC2,ETC1)): Cook: LogSavePackage: Display: Finished SavePackage C:/11/mgp-mgp-group-11/Development/Unreal Project/Saved/Cooked/Android_Multi/Engine/Content/EngineMaterials/T_Default_Material_Grid_N.uasset
[2018.03.05-17.22.56:726][452]UATHelper: Packaging (Android (Multi:ASTC,PVRTC,DXT,ATC,ETC2,ETC1)): Cook: LogTexture: Display: Building textures: DefaultDiffuse (ASTC_RGBAuto, 1024X1024)
[2018.03.05-17.22.56:726][452]UATHelper: Packaging (Android (Multi:ASTC,PVRTC,DXT,ATC,ETC2,ETC1)): Cook: LogTexture: Display: Building textures: DefaultDiffuse (AutoETC1, 1024X1024)
[2018.03.05-17.22.56:726][452]UATHelper: Packaging (Android (Multi:ASTC,PVRTC,DXT,ATC,ETC2,ETC1)): Cook: LogTexture: Display: Building textures: DefaultDiffuse (AutoETC2, 1024X1024)
[2018.03.05-17.22.56:727][452]UATHelper: Packaging (Android (Multi:ASTC,PVRTC,DXT,ATC,ETC2,ETC1)): Cook: LogTexture: Display: Building textures: DefaultDiffuse (AutoATC, 1024X1024)
[2018.03.05-17.22.57:797][516]UATHelper: Packaging (Android (Multi:ASTC,PVRTC,DXT,ATC,ETC2,ETC1)): Cook: LogCook: Display: Cooking /Engine/EngineMaterials/DefaultDeferredDecalMaterial -> C:/11/mgp-mgp-group-11/Development/Unreal Project/Saved/Cooked/Android_Multi/Engine/Content/EngineMaterials/DefaultDeferredDecalMaterial.uasset
[2018.03.05-17.22.57:797][516]UATHelper: Packaging (Android (Multi:ASTC,PVRTC,DXT,ATC,ETC2,ETC1)): Cook: LogSavePackage: Display: Finished SavePackage C:/11/mgp-mgp-group-11/Development/Unreal Project/Saved/Cooked/Android_Multi/Engine/Content/EngineMaterials/DefaultDeferredDecalMaterial.uasset
[2018.03.05-17.22.58:063][531]UATHelper: Packaging (Android (Multi:ASTC,PVRTC,DXT,ATC,ETC2,ETC1)): Cook: LogThreadingWindows: Error: Runnable thread PoolThread 8 crashed.
[2018.03.05-17.22.58:063][531]UATHelper: Packaging (Android (Multi:ASTC,PVRTC,DXT,ATC,ETC2,ETC1)): Cook: LogWindows: Error: begin: stack for UAT
[2018.03.05-17.22.58:063][531]UATHelper: Packaging (Android (Multi:ASTC,PVRTC,DXT,ATC,ETC2,ETC1)): Cook: LogWindows: Error: === Critical error: ===
[2018.03.05-17.22.58:064][531]UATHelper: Packaging (Android (Multi:ASTC,PVRTC,DXT,ATC,ETC2,ETC1)): Cook: LogWindows: Error: 
[2018.03.05-17.22.58:064][531]UATHelper: Packaging (Android (Multi:ASTC,PVRTC,DXT,ATC,ETC2,ETC1)): Cook: LogWindows: Error: Fatal error!
[2018.03.05-17.22.58:064][531]UATHelper: Packaging (Android (Multi:ASTC,PVRTC,DXT,ATC,ETC2,ETC1)): Cook: LogWindows: Error: 
[2018.03.05-17.22.58:064][531]UATHelper: Packaging (Android (Multi:ASTC,PVRTC,DXT,ATC,ETC2,ETC1)): Cook: LogWindows: Error: Unhandled Exception: EXCEPTION_ACCESS_VIOLATION reading address 0x064e2000
[2018.03.05-17.22.58:065][531]UATHelper: Packaging (Android (Multi:ASTC,PVRTC,DXT,ATC,ETC2,ETC1)): Cook: LogWindows: Error: 
[2018.03.05-17.22.58:065][531]UATHelper: Packaging (Android (Multi:ASTC,PVRTC,DXT,ATC,ETC2,ETC1)): Cook: LogWindows: Error: TextureConverter.dll!0x00000000CC4D53C9
[2018.03.05-17.22.58:065][531]UATHelper: Packaging (Android (Multi:ASTC,PVRTC,DXT,ATC,ETC2,ETC1)): Cook: LogWindows: Error: TextureConverter.dll!0x00000000CC4C61AF
[2018.03.05-17.22.58:066][531]UATHelper: Packaging (Android (Multi:ASTC,PVRTC,DXT,ATC,ETC2,ETC1)): Cook: LogWindows: Error: TextureConverter.dll!0x00000000CC4CEE9B
[2018.03.05-17.22.58:066][531]UATHelper: Packaging (Android (Multi:ASTC,PVRTC,DXT,ATC,ETC2,ETC1)): Cook: LogWindows: Error: UE4Editor-TextureFormatAndroid.dll!0x00000000D22524BB
[2018.03.05-17.22.58:066][531]UATHelper: Packaging (Android (Multi:ASTC,PVRTC,DXT,ATC,ETC2,ETC1)): Cook: LogWindows: Error: UE4Editor-TextureFormatAndroid.dll!0x00000000D2252234
[2018.03.05-17.22.58:066][531]UATHelper: Packaging (Android (Multi:ASTC,PVRTC,DXT,ATC,ETC2,ETC1)): Cook: LogWindows: Error: UE4Editor-TextureCompressor.dll!0x00000000D02FAB7E
[2018.03.05-17.22.58:067][531]UATHelper: Packaging (Android (Multi:ASTC,PVRTC,DXT,ATC,ETC2,ETC1)): Cook: LogWindows: Error: UE4Editor-TextureCompressor.dll!0x00000000D02F95F7
[2018.03.05-17.22.58:067][531]UATHelper: Packaging (Android (Multi:ASTC,PVRTC,DXT,ATC,ETC2,ETC1)): Cook: LogWindows: Error: UE4Editor-TextureCompressor.dll!0x00000000D02F7CC8
[2018.03.05-17.22.58:067][531]UATHelper: Packaging (Android (Multi:ASTC,PVRTC,DXT,ATC,ETC2,ETC1)): Cook: LogWindows: Error: UE4Editor-Engine.dll!0x00000000E0CF2E73
[2018.03.05-17.22.58:067][531]UATHelper: Packaging (Android (Multi:ASTC,PVRTC,DXT,ATC,ETC2,ETC1)): Cook: LogWindows: Error: UE4Editor-Engine.dll!0x00000000E0CFC622
[2018.03.05-17.22.58:068][531]UATHelper: Packaging (Android (Multi:ASTC,PVRTC,DXT,ATC,ETC2,ETC1)): Cook: LogWindows: Error: UE4Editor-Engine.dll!0x00000000E0CFBCE3
[2018.03.05-17.22.58:068][531]UATHelper: Packaging (Android (Multi:ASTC,PVRTC,DXT,ATC,ETC2,ETC1)): Cook: LogWindows: Error: UE4Editor-Engine.dll!0x00000000E0CFB40E
[2018.03.05-17.22.58:068][531]UATHelper: Packaging (Android (Multi:ASTC,PVRTC,DXT,ATC,ETC2,ETC1)): Cook: LogWindows: Error: UE4Editor-Core.dll!0x00000000E31EBDF8
[2018.03.05-17.22.58:069][531]UATHelper: Packaging (Android (Multi:ASTC,PVRTC,DXT,ATC,ETC2,ETC1)): Cook: LogWindows: Error: UE4Editor-Core.dll!0x00000000E3520EA8
[2018.03.05-17.22.58:069][531]UATHelper: Packaging (Android (Multi:ASTC,PVRTC,DXT,ATC,ETC2,ETC1)): Cook: LogWindows: Error: UE4Editor-Core.dll!0x00000000E35170AC
[2018.03.05-17.22.58:069][531]UATHelper: Packaging (Android (Multi:ASTC,PVRTC,DXT,ATC,ETC2,ETC1)): Cook: LogWindows: Error: kernel32.dll!0x0000000076EB59CD
[2018.03.05-17.22.58:069][531]UATHelper: Packaging (Android (Multi:ASTC,PVRTC,DXT,ATC,ETC2,ETC1)): Cook: LogWindows: Error: ntdll.dll!0x000000007711383D
[2018.03.05-17.22.58:070][531]UATHelper: Packaging (Android (Multi:ASTC,PVRTC,DXT,ATC,ETC2,ETC1)): Cook: LogWindows: Error: ntdll.dll!0x000000007711383D
[2018.03.05-17.22.58:070][531]UATHelper: Packaging (Android (Multi:ASTC,PVRTC,DXT,ATC,ETC2,ETC1)): Cook: LogWindows: Error: 
[2018.03.05-17.22.58:070][531]UATHelper: Packaging (Android (Multi:ASTC,PVRTC,DXT,ATC,ETC2,ETC1)): Cook: LogWindows: Error: Crash in runnable thread PoolThread 8
[2018.03.05-17.22.58:072][531]UATHelper: Packaging (Android (Multi:ASTC,PVRTC,DXT,ATC,ETC2,ETC1)): Cook: LogWindows: Error: end: stack for UAT
[2018.03.05-17.23.01:898][876]UATHelper: Packaging (Android (Multi:ASTC,PVRTC,DXT,ATC,ETC2,ETC1)): CommandUtils.Run: Run: Took 485.831788s to run UE4Editor-Cmd.exe, ExitCode=3
[2018.03.05-17.23.01:937][880]UATHelper: Packaging (Android (Multi:ASTC,PVRTC,DXT,ATC,ETC2,ETC1)): Project.Cook: Cook failed. Deleting cooked data.
[2018.03.05-17.23.02:188][908]UATHelper: Packaging (Android (Multi:ASTC,PVRTC,DXT,ATC,ETC2,ETC1)): Program.Main: ERROR: AutomationTool terminated with exception: AutomationTool.AutomationException: Cook failed. ---> AutomationTool.CommandletException: BUILD FAILED: Failed while running Cook for C:\11\mgp-mgp-group-11\Development\Unreal Project\Prototype_Group_11.uproject; see log C:\Users\Games\AppData\Roaming\Unreal Engine\AutomationTool\Logs\C+UE_4.17\Cook-2018.03.05-17.23.01.txt
[2018.03.05-17.23.02:189][908]UATHelper: Packaging (Android (Multi:ASTC,PVRTC,DXT,ATC,ETC2,ETC1)):    at AutomationTool.CommandUtils.RunCommandlet(FileReference ProjectName, String UE4Exe, String Commandlet, String Parameters)
[2018.03.05-17.23.02:189][908]UATHelper: Packaging (Android (Multi:ASTC,PVRTC,DXT,ATC,ETC2,ETC1)):    at AutomationTool.CommandUtils.CookCommandlet(FileReference ProjectName, String UE4Exe, String[] Maps, String[] Dirs, String InternationalizationPreset, String[] CulturesToCook, String TargetPlatform, String Parameters)
[2018.03.05-17.23.02:189][908]UATHelper: Packaging (Android (Multi:ASTC,PVRTC,DXT,ATC,ETC2,ETC1)):    at Project.Cook(ProjectParams Params)
[2018.03.05-17.23.02:189][908]UATHelper: Packaging (Android (Multi:ASTC,PVRTC,DXT,ATC,ETC2,ETC1)):    --- End of inner exception stack trace ---
[2018.03.05-17.23.02:189][908]UATHelper: Packaging (Android (Multi:ASTC,PVRTC,DXT,ATC,ETC2,ETC1)):    at Project.Cook(ProjectParams Params)
[2018.03.05-17.23.02:190][908]UATHelper: Packaging (Android (Multi:ASTC,PVRTC,DXT,ATC,ETC2,ETC1)):    at BuildCookRun.DoBuildCookRun(ProjectParams Params)
[2018.03.05-17.23.02:190][908]UATHelper: Packaging (Android (Multi:ASTC,PVRTC,DXT,ATC,ETC2,ETC1)):    at BuildCookRun.ExecuteBuild()
[2018.03.05-17.23.02:190][908]UATHelper: Packaging (Android (Multi:ASTC,PVRTC,DXT,ATC,ETC2,ETC1)):    at AutomationTool.BuildCommand.Execute()
[2018.03.05-17.23.02:190][908]UATHelper: Packaging (Android (Multi:ASTC,PVRTC,DXT,ATC,ETC2,ETC1)):    at AutomationTool.Automation.Execute(List`1 CommandsToExecute, Dictionary`2 Commands)
[2018.03.05-17.23.02:190][908]UATHelper: Packaging (Android (Multi:ASTC,PVRTC,DXT,ATC,ETC2,ETC1)):    at AutomationTool.Automation.Process(String[] Arguments)
[2018.03.05-17.23.02:190][908]UATHelper: Packaging (Android (Multi:ASTC,PVRTC,DXT,ATC,ETC2,ETC1)):    at AutomationTool.Program.MainProc(Object Param)
[2018.03.05-17.23.02:191][908]UATHelper: Packaging (Android (Multi:ASTC,PVRTC,DXT,ATC,ETC2,ETC1)):    at AutomationTool.InternalUtils.RunSingleInstance(Func`2 Main, Object Param)
[2018.03.05-17.23.02:191][908]UATHelper: Packaging (Android (Multi:ASTC,PVRTC,DXT,ATC,ETC2,ETC1)):    at AutomationTool.Program.Main()
[2018.03.05-17.23.02:209][910]UATHelper: Packaging (Android (Multi:ASTC,PVRTC,DXT,ATC,ETC2,ETC1)): Program.Main: AutomationTool exiting with ExitCode=25 (Error_UnknownCookFailure)
[2018.03.05-17.23.02:269][916]UATHelper: Packaging (Android (Multi:ASTC,PVRTC,DXT,ATC,ETC2,ETC1)): BUILD FAILED
[2018.03.05-17.23.02:269][916]PackagingResults: Error: Unknown Cook Failure
[2018.03.05-17.25.38:330][331]LogContentBrowser: Native class hierarchy updated for 'BlueprintGraph' in 0.0011 seconds. Added 113 classes and 0 folders.
[2018.03.05-17.25.39:316][331]LogSlate: Took 0.000226 seconds to synchronously load lazily loaded font '../../../Engine/Content/Slate/Fonts/Roboto-Regular.ttf' (155K)
[2018.03.05-17.25.39:392][331]LogSlate: Took 0.000214 seconds to synchronously load lazily loaded font '../../../Engine/Content/Editor/Slate/Fonts/Roboto-BoldCondensed.ttf' (158K)
[2018.03.05-17.25.39:441][332]LogSlate: Took 0.000270 seconds to synchronously load lazily loaded font '../../../Engine/Content/Editor/Slate/Fonts/Roboto-Italic.ttf' (157K)
[2018.03.05-17.39.49:323][519]Cmd: QUIT_EDITOR
[2018.03.05-17.39.49:385][519]LogExit: Preparing to exit.
[2018.03.05-17.39.50:070][519]LogDirectoryWatcher: A directory notification for 'C:/11/mgp-mgp-group-11/Development/Unreal Project/Content/' was aborted.
[2018.03.05-17.39.50:150][519]LogExit: Editor shut down
[2018.03.05-17.39.50:155][519]LogExit: Transaction tracking system shut down
[2018.03.05-17.39.50:332][519]LogDirectoryWatcher: A directory notification for '../../../Engine/Content/' was aborted.
[2018.03.05-17.39.50:332][519]LogDirectoryWatcher: A directory notification for '../../../../11/mgp-mgp-group-11/Development/Unreal Project/Content/' was aborted.
[2018.03.05-17.39.50:332][519]LogDirectoryWatcher: A directory notification for '../../../Engine/Plugins/2D/Paper2D/Content/' was aborted.
[2018.03.05-17.39.50:332][519]LogDirectoryWatcher: A directory notification for '../../../Engine/Plugins/Runtime/Oculus/OculusVR/Content/' was aborted.
[2018.03.05-17.39.50:332][519]LogDirectoryWatcher: A directory notification for '../../../Engine/Plugins/Runtime/Steam/SteamVR/Content/' was aborted.
[2018.03.05-17.39.50:451][519]LogExit: Object subsystem successfully closed.
[2018.03.05-17.39.50:473][519]LogD3D11RHI: Shutdown
[2018.03.05-17.39.50:473][519]LogD3D11RHI: CleanupD3DDevice
[2018.03.05-17.39.50:532][519]LogD3D11RHI: ~FD3D11DynamicRHI
[2018.03.05-17.39.50:546][519]LogModuleManager: Shutting down and abandoning module BlueprintGraph (538)
[2018.03.05-17.39.50:546][519]LogModuleManager: Shutting down and abandoning module BlueprintProfiler (536)
[2018.03.05-17.39.50:546][519]LogModuleManager: Shutting down and abandoning module UATHelper (534)
[2018.03.05-17.39.50:546][519]LogModuleManager: Shutting down and abandoning module MovieSceneCapture (532)
[2018.03.05-17.39.50:546][519]LogModuleManager: Shutting down and abandoning module HierarchicalLODOutliner (530)
[2018.03.05-17.39.50:546][519]LogModuleManager: Shutting down and abandoning module SceneOutliner (528)
[2018.03.05-17.39.50:546][519]LogModuleManager: Shutting down and abandoning module AddContentDialog (526)
[2018.03.05-17.39.50:546][519]LogDirectoryWatcher: A directory notification for 'C:/UE_4.17/FeaturePacks/' was aborted.
[2018.03.05-17.39.50:547][519]LogModuleManager: Shutting down and abandoning module WidgetCarousel (525)
[2018.03.05-17.39.50:547][519]LogModuleManager: Shutting down and abandoning module EditorWidgets (522)
[2018.03.05-17.39.50:547][519]LogModuleManager: Shutting down and abandoning module CollectionManager (520)
[2018.03.05-17.39.50:547][519]LogDirectoryWatcher: A directory notification for 'C:/11/mgp-mgp-group-11/Development/Unreal Project/Content/Collections/' was aborted.
[2018.03.05-17.39.50:547][519]LogDirectoryWatcher: A directory notification for 'C:/11/mgp-mgp-group-11/Development/Unreal Project/Content/Developers/Games/Collections/' was aborted.
[2018.03.05-17.39.50:547][519]LogDirectoryWatcher: A directory notification for 'C:/11/mgp-mgp-group-11/Development/Unreal Project/Saved/Collections/' was aborted.
[2018.03.05-17.39.50:547][519]LogModuleManager: Shutting down and abandoning module StatsViewer (518)
[2018.03.05-17.39.50:548][519]LogModuleManager: Shutting down and abandoning module FoliageEdit (516)
[2018.03.05-17.39.50:548][519]LogModuleManager: Shutting down and abandoning module LandscapeEditor (514)
[2018.03.05-17.39.50:548][519]LogModuleManager: Shutting down and abandoning module MeshPaintMode (512)
[2018.03.05-17.39.50:548][519]LogModuleManager: Shutting down and abandoning module SceneDepthPickerMode (510)
[2018.03.05-17.39.50:548][519]LogModuleManager: Shutting down and abandoning module ActorPickerMode (508)
[2018.03.05-17.39.50:548][519]LogModuleManager: Shutting down and abandoning module GeometryMode (506)
[2018.03.05-17.39.50:548][519]LogModuleManager: Shutting down and abandoning module TextureAlignMode (504)
[2018.03.05-17.39.50:548][519]LogModuleManager: Shutting down and abandoning module BspMode (502)
[2018.03.05-17.39.50:548][519]LogModuleManager: Shutting down and abandoning module PIEPreviewDeviceProfileSelector (500)
[2018.03.05-17.39.50:548][519]LogModuleManager: Shutting down and abandoning module HardwareSurvey (498)
[2018.03.05-17.39.50:548][519]LogModuleManager: Shutting down and abandoning module SequenceRecorderSections (496)
[2018.03.05-17.39.50:548][519]LogModuleManager: Shutting down and abandoning module AutomationWorker (494)
[2018.03.05-17.39.50:548][519]LogModuleManager: Shutting down and abandoning module MatineeToLevelSequence (492)
[2018.03.05-17.39.50:548][519]LogModuleManager: Shutting down and abandoning module LevelSequenceEditor (490)
[2018.03.05-17.39.50:548][519]LogModuleManager: Shutting down and abandoning module PlacementMode (489)
[2018.03.05-17.39.50:548][519]LogModuleManager: Shutting down and abandoning module WmfMediaFactory (486)
[2018.03.05-17.39.50:548][519]LogModuleManager: Shutting down and abandoning module WmfMediaEditor (484)
[2018.03.05-17.39.50:548][519]LogModuleManager: Shutting down and abandoning module AvfMediaFactory (482)
[2018.03.05-17.39.50:548][519]LogModuleManager: Shutting down and abandoning module AvfMediaEditor (480)
[2018.03.05-17.39.50:548][519]LogModuleManager: Shutting down and abandoning module AndroidMediaFactory (478)
[2018.03.05-17.39.50:548][519]LogModuleManager: Shutting down and abandoning module Media (477)
[2018.03.05-17.39.50:548][519]LogModuleManager: Shutting down and abandoning module AndroidMediaEditor (474)
[2018.03.05-17.39.50:548][519]LogModuleManager: Shutting down and abandoning module CharacterAI (472)
[2018.03.05-17.39.50:548][519]LogModuleManager: Shutting down and abandoning module AudioCapture (470)
[2018.03.05-17.39.50:548][519]LogModuleManager: Shutting down and abandoning module SequenceRecorder (469)
[2018.03.05-17.39.50:548][519]LogModuleManager: Shutting down and abandoning module SmartSnapping (466)
[2018.03.05-17.39.50:548][519]LogModuleManager: Shutting down and abandoning module SessionServices (464)
[2018.03.05-17.39.50:548][519]LogModuleManager: Shutting down and abandoning module ViewportSnapping (462)
[2018.03.05-17.39.50:548][519]LogModuleManager: Shutting down and abandoning module ViewportInteraction (460)
[2018.03.05-17.39.50:548][519]LogModuleManager: Shutting down and abandoning module ClothPainter (458)
[2018.03.05-17.39.50:548][519]LogModuleManager: Shutting down and abandoning module LogVisualizer (456)
[2018.03.05-17.39.50:548][519]LogModuleManager: Shutting down and abandoning module IntroTutorials (454)
[2018.03.05-17.39.50:548][519]LogModuleManager: Shutting down and abandoning module GameProjectGeneration (453)
[2018.03.05-17.39.50:548][519]LogModuleManager: Shutting down and abandoning module IOSPlatformEditor (450)
[2018.03.05-17.39.50:549][519]LogModuleManager: Shutting down and abandoning module HTML5PlatformEditor (448)
[2018.03.05-17.39.50:549][519]LogModuleManager: Shutting down and abandoning module AndroidPlatformEditor (446)
[2018.03.05-17.39.50:549][519]LogModuleManager: Shutting down and abandoning module AndroidDeviceDetection (445)
[2018.03.05-17.39.50:696][519]LogModuleManager: Shutting down and abandoning module WindowsPlatformEditor (442)
[2018.03.05-17.39.50:696][519]LogModuleManager: Shutting down and abandoning module IOSRuntimeSettings (440)
[2018.03.05-17.39.50:696][519]LogModuleManager: Shutting down and abandoning module AndroidRuntimeSettings (438)
[2018.03.05-17.39.50:696][519]LogModuleManager: Shutting down and abandoning module InputBindingEditor (436)
[2018.03.05-17.39.50:696][519]LogModuleManager: Shutting down and abandoning module MergeActors (434)
[2018.03.05-17.39.50:696][519]LogModuleManager: Shutting down and abandoning module SizeMap (432)
[2018.03.05-17.39.50:696][519]LogModuleManager: Shutting down and abandoning module TreeMap (430)
[2018.03.05-17.39.50:696][519]LogModuleManager: Shutting down and abandoning module ReferenceViewer (428)
[2018.03.05-17.39.50:696][519]LogModuleManager: Shutting down and abandoning module LocalizationDashboard (426)
[2018.03.05-17.39.50:696][519]LogModuleManager: Shutting down and abandoning module LocalizationService (425)
[2018.03.05-17.39.50:696][519]LogModuleManager: Shutting down and abandoning module HardwareTargeting (422)
[2018.03.05-17.39.50:696][519]LogModuleManager: Shutting down and abandoning module DeviceProfileEditor (420)
[2018.03.05-17.39.50:696][519]LogModuleManager: Shutting down and abandoning module UndoHistory (418)
[2018.03.05-17.39.50:696][519]LogModuleManager: Shutting down and abandoning module XmlParser (416)
[2018.03.05-17.39.50:696][519]LogModuleManager: Shutting down and abandoning module Blutility (414)
[2018.03.05-17.39.50:697][519]LogModuleManager: Shutting down and abandoning module ProjectSettingsViewer (412)
[2018.03.05-17.39.50:697][519]LogModuleManager: Shutting down and abandoning module ProjectTargetPlatformEditor (411)
[2018.03.05-17.39.50:697][519]LogModuleManager: Shutting down and abandoning module EditorSettingsViewer (408)
[2018.03.05-17.39.50:697][519]LogModuleManager: Shutting down and abandoning module SettingsEditor (406)
[2018.03.05-17.39.50:697][519]LogModuleManager: Shutting down and abandoning module ProjectLauncher (404)
[2018.03.05-17.39.50:697][519]LogModuleManager: Shutting down and abandoning module SessionFrontend (402)
[2018.03.05-17.39.50:697][519]LogModuleManager: Shutting down and abandoning module ProfilerClient (400)
[2018.03.05-17.39.50:697][519]LogModuleManager: Shutting down and abandoning module DeviceManager (398)
[2018.03.05-17.39.50:697][519]LogModuleManager: Shutting down and abandoning module TargetDeviceServices (397)
[2018.03.05-17.39.50:747][519]LogModuleManager: Shutting down and abandoning module AutomationController (394)
[2018.03.05-17.39.50:747][519]LogModuleManager: Shutting down and abandoning module AutomationWindow (392)
[2018.03.05-17.39.50:747][519]LogModuleManager: Shutting down and abandoning module Layers (390)
[2018.03.05-17.39.50:747][519]LogModuleManager: Shutting down and abandoning module ComponentVisualizers (388)
[2018.03.05-17.39.50:747][519]LogModuleManager: Shutting down and abandoning module DetailCustomizations (386)
[2018.03.05-17.39.50:747][519]LogModuleManager: Shutting down and abandoning module PackagesDialog (384)
[2018.03.05-17.39.50:747][519]LogModuleManager: Shutting down and abandoning module Persona (382)
[2018.03.05-17.39.50:747][519]LogModuleManager: Shutting down and abandoning module AdvancedPreviewScene (381)
[2018.03.05-17.39.50:747][519]LogModuleManager: Shutting down and abandoning module AnimGraph (379)
[2018.03.05-17.39.50:747][519]LogModuleManager: Shutting down and abandoning module Kismet (376)
[2018.03.05-17.39.50:755][519]LogModuleManager: Shutting down and abandoning module ClassViewer (374)
[2018.03.05-17.39.50:755][519]LogModuleManager: Shutting down and abandoning module Toolbox (372)
[2018.03.05-17.39.50:755][519]LogModuleManager: Shutting down and abandoning module ModuleUI (370)
[2018.03.05-17.39.50:755][519]LogModuleManager: Shutting down and abandoning module MovieSceneTools (368)
[2018.03.05-17.39.50:755][519]LogModuleManager: Shutting down and abandoning module OutputLog (366)
[2018.03.05-17.39.50:755][519]LogModuleManager: Shutting down and abandoning module GammaUI (364)
[2018.03.05-17.39.50:755][519]LogModuleManager: Shutting down and abandoning module Documentation (362)
[2018.03.05-17.39.50:755][519]LogModuleManager: Shutting down and abandoning module MovieSceneTracks (360)
[2018.03.05-17.39.50:755][519]LogModuleManager: Shutting down and abandoning module MovieScene (358)
[2018.03.05-17.39.50:755][519]LogModuleManager: Shutting down and abandoning module Niagara (356)
[2018.03.05-17.39.50:755][519]LogModuleManager: Shutting down and abandoning module NiagaraEditor (355)
[2018.03.05-17.39.50:755][519]LogModuleManager: Shutting down and abandoning module StreamingPauseRendering (352)
[2018.03.05-17.39.50:755][519]LogModuleManager: Shutting down and abandoning module LauncherPlatform (350)
[2018.03.05-17.39.50:755][519]LogModuleManager: Shutting down and abandoning module AnalyticsET (348)
[2018.03.05-17.39.50:755][519]LogModuleManager: Shutting down and abandoning module PortalServices (346)
[2018.03.05-17.39.50:755][519]LogModuleManager: Shutting down and abandoning module PortalRpc (344)
[2018.03.05-17.39.50:755][519]LogModuleManager: Shutting down and abandoning module MessagingRpc (342)
[2018.03.05-17.39.50:755][519]LogModuleManager: Shutting down and abandoning module AIModule (340)
[2018.03.05-17.39.50:755][519]LogModuleManager: Shutting down and abandoning module GameplayDebugger (339)
[2018.03.05-17.39.50:755][519]LogModuleManager: Shutting down and abandoning module AITestSuite (337)
[2018.03.05-17.39.50:755][519]LogModuleManager: Shutting down and abandoning module ProfilerService (334)
[2018.03.05-17.39.50:892][519]LogModuleManager: Shutting down and abandoning module TaskGraph (332)
[2018.03.05-17.39.50:892][519]LogModuleManager: Shutting down and abandoning module SteamVRController (330)
[2018.03.05-17.39.50:892][519]LogModuleManager: Shutting down and abandoning module ProceduralMeshComponentEditor (328)
[2018.03.05-17.39.50:892][519]LogModuleManager: Shutting down and abandoning module ProceduralMeshComponent (326)
[2018.03.05-17.39.50:892][519]LogModuleManager: Shutting down and abandoning module OculusInput (324)
[2018.03.05-17.39.50:892][519]LogModuleManager: Shutting down and abandoning module MobilePatchingUtils (322)
[2018.03.05-17.39.50:892][519]LogModuleManager: Shutting down and abandoning module CustomMeshComponent (320)
[2018.03.05-17.39.50:892][519]LogModuleManager: Shutting down and abandoning module CableComponent (318)
[2018.03.05-17.39.50:892][519]LogModuleManager: Shutting down and abandoning module ArchVisCharacter (316)
[2018.03.05-17.39.50:892][519]LogModuleManager: Shutting down and abandoning module AndroidPermission (314)
[2018.03.05-17.39.50:892][519]LogModuleManager: Shutting down and abandoning module MediaPlayerEditor (310)
[2018.03.05-17.39.50:892][519]LogModuleManager: Shutting down and abandoning module HTML5Networking (308)
[2018.03.05-17.39.50:892][519]LogModuleManager: Shutting down and abandoning module AlembicImporter (306)
[2018.03.05-17.39.50:892][519]LogModuleManager: Shutting down and abandoning module AlembicLibrary (305)
[2018.03.05-17.39.50:892][519]LogModuleManager: Shutting down and abandoning module GeometryCache (304)
[2018.03.05-17.39.50:892][519]LogModuleManager: Shutting down and abandoning module GeometryCacheEd (303)
[2018.03.05-17.39.50:892][519]LogModuleManager: Shutting down and abandoning module SpeedTreeImporter (298)
[2018.03.05-17.39.50:892][519]LogModuleManager: Shutting down and abandoning module PluginBrowser (296)
[2018.03.05-17.39.50:892][519]LogModuleManager: Shutting down and abandoning module MobileLauncherProfileWizard (294)
[2018.03.05-17.39.50:892][519]LogModuleManager: Shutting down and abandoning module VisualStudioSourceCodeAccess (292)
[2018.03.05-17.39.50:892][519]LogModuleManager: Shutting down and abandoning module DesktopPlatform (291)
[2018.03.05-17.39.50:892][519]LogModuleManager: Shutting down and abandoning module UObjectPlugin (288)
[2018.03.05-17.39.50:892][519]LogModuleManager: Shutting down and abandoning module SubversionSourceControl (286)
[2018.03.05-17.39.50:892][519]LogModuleManager: Shutting down and abandoning module PerforceSourceControl (284)
[2018.03.05-17.39.50:892][519]LogModuleManager: Shutting down and abandoning module GitSourceControl (282)
[2018.03.05-17.39.50:892][519]LogModuleManager: Shutting down and abandoning module SourceControl (281)
[2018.03.05-17.39.50:892][519]LogModuleManager: Shutting down and abandoning module LightPropagationVolumeEditor (278)
[2018.03.05-17.39.50:892][519]LogModuleManager: Shutting down and abandoning module PaperTiledImporter (276)
[2018.03.05-17.39.50:893][519]LogModuleManager: Shutting down and abandoning module PaperSpriteSheetImporter (274)
[2018.03.05-17.39.50:893][519]LogModuleManager: Shutting down and abandoning module Paper2DEditor (272)
[2018.03.05-17.39.50:893][519]LogModuleManager: Shutting down and abandoning module MeshPaint (271)
[2018.03.05-17.39.50:893][519]LogModuleManager: Shutting down and abandoning module LevelEditor (269)
[2018.03.05-17.39.50:893][519]LogModuleManager: Shutting down and abandoning module PixelInspectorModule (268)
[2018.03.05-17.39.50:893][519]LogModuleManager: Shutting down and abandoning module MainFrame (266)
[2018.03.05-17.39.50:894][519]LogModuleManager: Shutting down and abandoning module HotReload (265)
[2018.03.05-17.39.50:894][519]LogModuleManager: Shutting down and abandoning module RuntimePhysXCooking (260)
[2018.03.05-17.39.50:894][519]LogModuleManager: Shutting down and abandoning module PhysXVehiclesEditor (258)
[2018.03.05-17.39.50:894][519]LogModuleManager: Shutting down and abandoning module PhysXVehicles (256)
[2018.03.05-17.39.50:894][519]LogModuleManager: Shutting down and abandoning module OculusEditor (254)
[2018.03.05-17.39.50:894][519]LogModuleManager: Shutting down and abandoning module LocationServicesBPLibrary (252)
[2018.03.05-17.39.50:894][519]LogModuleManager: Shutting down and abandoning module ImmediatePhysicsEditor (250)
[2018.03.05-17.39.50:894][519]LogModuleManager: Shutting down and abandoning module ImmediatePhysics (248)
[2018.03.05-17.39.50:894][519]LogModuleManager: Shutting down and abandoning module UdpMessaging (246)
[2018.03.05-17.39.50:994][519]LogModuleManager: Shutting down and abandoning module TcpMessaging (244)
[2018.03.05-17.39.51:094][519]LogModuleManager: Shutting down and abandoning module GameplayTagsEditor (242)
[2018.03.05-17.39.51:094][519]LogModuleManager: Shutting down and abandoning module FacialAnimationEditor (240)
[2018.03.05-17.39.51:094][519]LogModuleManager: Shutting down and abandoning module FacialAnimation (238)
[2018.03.05-17.39.51:094][519]LogModuleManager: Shutting down and abandoning module AssetManagerEditor (236)
[2018.03.05-17.39.51:094][519]LogModuleManager: Shutting down and abandoning module GraphEditor (235)
[2018.03.05-17.39.51:094][519]LogModuleManager: Shutting down and abandoning module ContentBrowser (233)
[2018.03.05-17.39.51:095][519]LogModuleManager: Shutting down and abandoning module LightPropagationVolumeRuntime (230)
[2018.03.05-17.39.51:095][519]LogModuleManager: Shutting down and abandoning module Paper2D (228)
[2018.03.05-17.39.51:095][519]LogModuleManager: Shutting down and abandoning module WindowsMoviePlayer (226)
[2018.03.05-17.39.51:095][519]LogModuleManager: Shutting down and abandoning module WmfMedia (224)
[2018.03.05-17.39.51:096][519]LogModuleManager: Shutting down and abandoning module PacketHandler (222)
[2018.03.05-17.39.51:096][519]LogModuleManager: Shutting down and abandoning module ClothingSystemEditor (220)
[2018.03.05-17.39.51:096][519]LogModuleManager: Shutting down and abandoning module ClothingSystemRuntime (218)
[2018.03.05-17.39.51:096][519]LogModuleManager: Shutting down and abandoning module Overlay (216)
[2018.03.05-17.39.51:096][519]LogModuleManager: Shutting down and abandoning module OverlayEditor (215)
[2018.03.05-17.39.51:096][519]LogModuleManager: Shutting down and abandoning module MediaAssets (212)
[2018.03.05-17.39.51:096][519]LogModuleManager: Shutting down and abandoning module VREditor (210)
[2018.03.05-17.39.51:096][519]LogModuleManager: Shutting down and abandoning module StringTableEditor (208)
[2018.03.05-17.39.51:096][519]LogModuleManager: Shutting down and abandoning module GameplayTasksEditor (206)
[2018.03.05-17.39.51:096][519]LogModuleManager: Shutting down and abandoning module BehaviorTreeEditor (204)
[2018.03.05-17.39.51:096][519]LogModuleManager: Shutting down and abandoning module FunctionalTesting (202)
[2018.03.05-17.39.51:096][519]LogModuleManager: Shutting down and abandoning module CollisionAnalyzer (200)
[2018.03.05-17.39.51:096][519]LogModuleManager: Shutting down and abandoning module WorkspaceMenuStructure (199)
[2018.03.05-17.39.51:096][519]LogModuleManager: Shutting down and abandoning module UMG (196)
[2018.03.05-17.39.51:097][519]LogModuleManager: Shutting down and abandoning module UMGEditor (195)
[2018.03.05-17.39.51:097][519]LogModuleManager: Shutting down and abandoning module Sequencer (194)
[2018.03.05-17.39.51:097][519]LogModuleManager: Shutting down and abandoning module MessageLog (191)
[2018.03.05-17.39.51:097][519]LogModuleManager: Shutting down and abandoning module SlateReflector (186)
[2018.03.05-17.39.51:097][519]LogModuleManager: Shutting down and abandoning module Slate (184)
[2018.03.05-17.39.51:097][519]LogModuleManager: Shutting down and abandoning module EditorStyle (182)
[2018.03.05-17.39.51:100][519]LogModuleManager: Shutting down and abandoning module MRMesh (180)
[2018.03.05-17.39.51:100][519]LogModuleManager: Shutting down and abandoning module SourceCodeAccess (178)
[2018.03.05-17.39.51:100][519]LogModuleManager: Shutting down and abandoning module HeadMountedDisplay (176)
[2018.03.05-17.39.51:100][519]LogModuleManager: Shutting down and abandoning module XAudio2 (174)
[2018.03.05-17.39.51:100][519]LogModuleManager: Shutting down and abandoning module Networking (172)
[2018.03.05-17.39.51:100][519]LogModuleManager: Shutting down and abandoning module Core (168)
[2018.03.05-17.39.51:100][519]LogModuleManager: Shutting down and abandoning module KismetCompiler (164)
[2018.03.05-17.39.51:100][519]LogModuleManager: Shutting down and abandoning module MeshUtilities (162)
[2018.03.05-17.39.51:100][519]LogModuleManager: Shutting down and abandoning module MeshMergeUtilities (161)
[2018.03.05-17.39.51:100][519]LogModuleManager: Shutting down and abandoning module MeshReductionInterface (160)
[2018.03.05-17.39.51:100][519]LogModuleManager: Shutting down and abandoning module SimplygonSwarm (159)
[2018.03.05-17.39.51:101][519]LogModuleManager: Shutting down and abandoning module SimplygonMeshReduction (157)
[2018.03.05-17.39.51:101][519]LogModuleManager: Shutting down and abandoning module QuadricMeshReduction (155)
[2018.03.05-17.39.51:101][519]LogModuleManager: Shutting down and abandoning module MaterialBaking (151)
[2018.03.05-17.39.51:101][519]LogModuleManager: Shutting down and abandoning module LevelSequence (148)
[2018.03.05-17.39.51:101][519]LogModuleManager: Shutting down and abandoning module DirectoryWatcher (146)
[2018.03.05-17.39.51:102][519]LogModuleManager: Shutting down and abandoning module DerivedDataCache (144)
[2018.03.05-17.39.51:185][519]LogDerivedDataCache: Shutdown
[2018.03.05-17.39.51:185][519]LogModuleManager: Shutting down and abandoning module TargetPlatform (142)
[2018.03.05-17.39.51:185][519]LogModuleManager: Shutting down and abandoning module VulkanShaderFormat (141)
[2018.03.05-17.39.51:185][519]LogModuleManager: Shutting down and abandoning module ShaderFormatVectorVM (139)
[2018.03.05-17.39.51:185][519]LogModuleManager: Shutting down and abandoning module ShaderFormatOpenGL (137)
[2018.03.05-17.39.51:185][519]LogModuleManager: Shutting down and abandoning module ShaderFormatD3D (135)
[2018.03.05-17.39.51:185][519]LogModuleManager: Shutting down and abandoning module MetalShaderFormat (133)
[2018.03.05-17.39.51:185][519]LogModuleManager: Shutting down and abandoning module TextureFormatUncompressed (131)
[2018.03.05-17.39.51:186][519]LogModuleManager: Shutting down and abandoning module TextureFormatPVR (129)
[2018.03.05-17.39.51:186][519]LogModuleManager: Shutting down and abandoning module TextureFormatDXT (127)
[2018.03.05-17.39.51:186][519]LogModuleManager: Shutting down and abandoning module TextureFormatIntelISPCTexComp (125)
[2018.03.05-17.39.51:186][519]LogModuleManager: Shutting down and abandoning module TextureFormatASTC (123)
[2018.03.05-17.39.51:186][519]LogModuleManager: Shutting down and abandoning module ImageWrapper (122)
[2018.03.05-17.39.51:186][519]LogModuleManager: Shutting down and abandoning module TextureFormatAndroid (119)
[2018.03.05-17.39.51:186][519]LogModuleManager: Shutting down and abandoning module AudioFormatOpus (117)
[2018.03.05-17.39.51:186][519]LogModuleManager: Shutting down and abandoning module AudioFormatOgg (115)
[2018.03.05-17.39.51:186][519]LogModuleManager: Shutting down and abandoning module AudioFormatADPCM (113)
[2018.03.05-17.39.51:186][519]LogModuleManager: Shutting down and abandoning module LinuxTargetPlatform (111)
[2018.03.05-17.39.51:186][519]LogModuleManager: Shutting down and abandoning module LinuxServerTargetPlatform (109)
[2018.03.05-17.39.51:186][519]LogModuleManager: Shutting down and abandoning module LinuxNoEditorTargetPlatform (107)
[2018.03.05-17.39.51:186][519]LogModuleManager: Shutting down and abandoning module LinuxClientTargetPlatform (105)
[2018.03.05-17.39.51:186][519]LogModuleManager: Shutting down and abandoning module TVOSTargetPlatform (103)
[2018.03.05-17.39.51:186][519]LogModuleManager: Shutting down and abandoning module Messaging (101)
[2018.03.05-17.39.51:186][519]LogModuleManager: Shutting down and abandoning module IOSTargetPlatform (99)
[2018.03.05-17.39.51:186][519]LogModuleManager: Shutting down and abandoning module HTML5TargetPlatform (97)
[2018.03.05-17.39.51:186][519]LogModuleManager: Shutting down and abandoning module Android_PVRTCTargetPlatform (95)
[2018.03.05-17.39.51:186][519]LogModuleManager: Shutting down and abandoning module Android_MultiTargetPlatform (93)
[2018.03.05-17.39.51:186][519]LogModuleManager: Shutting down and abandoning module Android_ETC2TargetPlatform (91)
[2018.03.05-17.39.51:186][519]LogModuleManager: Shutting down and abandoning module Android_ETC1TargetPlatform (89)
[2018.03.05-17.39.51:186][519]LogModuleManager: Shutting down and abandoning module Android_DXTTargetPlatform (87)
[2018.03.05-17.39.51:186][519]LogModuleManager: Shutting down and abandoning module Android_ATCTargetPlatform (85)
[2018.03.05-17.39.51:186][519]LogModuleManager: Shutting down and abandoning module Android_ASTCTargetPlatform (83)
[2018.03.05-17.39.51:186][519]LogModuleManager: Shutting down and abandoning module AndroidTargetPlatform (81)
[2018.03.05-17.39.51:186][519]LogModuleManager: Shutting down and abandoning module WindowsTargetPlatform (79)
[2018.03.05-17.39.51:186][519]LogModuleManager: Shutting down and abandoning module WindowsServerTargetPlatform (77)
[2018.03.05-17.39.51:186][519]LogModuleManager: Shutting down and abandoning module WindowsNoEditorTargetPlatform (75)
[2018.03.05-17.39.51:186][519]LogModuleManager: Shutting down and abandoning module WindowsClientTargetPlatform (73)
[2018.03.05-17.39.51:186][519]LogModuleManager: Shutting down and abandoning module MacTargetPlatform (71)
[2018.03.05-17.39.51:186][519]LogModuleManager: Shutting down and abandoning module MacServerTargetPlatform (69)
[2018.03.05-17.39.51:186][519]LogModuleManager: Shutting down and abandoning module MacNoEditorTargetPlatform (67)
[2018.03.05-17.39.51:187][519]LogModuleManager: Shutting down and abandoning module MacClientTargetPlatform (65)
[2018.03.05-17.39.51:187][519]LogModuleManager: Shutting down and abandoning module AllDesktopTargetPlatform (63)
[2018.03.05-17.39.51:187][519]LogModuleManager: Shutting down and abandoning module InputCore (60)
[2018.03.05-17.39.51:187][519]LogModuleManager: Shutting down and abandoning module Settings (58)
[2018.03.05-17.39.51:187][519]LogModuleManager: Shutting down and abandoning module PhysXCooking (56)
[2018.03.05-17.39.51:187][519]LogModuleManager: Shutting down and abandoning module SteamVR (54)
[2018.03.05-17.39.51:187][519]LogModuleManager: Shutting down and abandoning module OculusHMD (52)
[2018.03.05-17.39.51:187][519]LogModuleManager: Shutting down and abandoning module ExampleDeviceProfileSelector (50)
[2018.03.05-17.39.51:187][519]LogModuleManager: Shutting down and abandoning module OnlineBlueprintSupport (48)
[2018.03.05-17.39.51:187][519]LogModuleManager: Shutting down and abandoning module OnlineSubsystem (44)
[2018.03.05-17.39.51:187][519]LogOnline: Display: Unloading online subsystem: NULL
[2018.03.05-17.39.51:187][519]LogModuleManager: Shutting down and abandoning module XMPP (43)
[2018.03.05-17.39.51:187][519]LogModuleManager: Shutting down and abandoning module HTTP (41)
[2018.03.05-17.39.51:187][519]LogHttp: Display: Http module shutting down, but needs to wait on 1 outstanding Http requests:
[2018.03.05-17.39.51:187][519]LogHttp: Display: 	verb=[POST] url=[https://datarouter.ol.epicgames.com/datarouter/api/v1/public/data?SessionID=%7B5AD0C8F5-4368-16FA-DDF8-08B90AC7DDF3%7D&AppID=UEEditor.Rocket.Release&AppVersion=4.17.2-3658906%2B%2B%2BUE4%2BRelease-4.17&UserID=60aec9e64294a2f220da1db9b76919a1%7Ccb9ee9768053446fbfeea3ec97ac1edf%7Cb572d0d3-381d-4f92-94a2-e0f98671a83e&AppEnvironment=datacollector-binary&UploadType=eteventstream] status=Processing
[2018.03.05-17.39.51:191][519]LogModuleManager: Shutting down and abandoning module SSL (40)
[2018.03.05-17.39.51:192][519]LogModuleManager: Shutting down and abandoning module AnimationModifiers (36)
[2018.03.05-17.39.51:192][519]LogModuleManager: Shutting down and abandoning module PropertyEditor (35)
[2018.03.05-17.39.51:192][519]LogModuleManager: Shutting down and abandoning module AudioEditor (32)
[2018.03.05-17.39.51:193][519]LogModuleManager: Shutting down and abandoning module TextureCompressor (30)
[2018.03.05-17.39.51:193][519]LogModuleManager: Shutting down and abandoning module ShaderCore (28)
[2018.03.05-17.39.51:193][519]LogModuleManager: Shutting down and abandoning module Landscape (26)
[2018.03.05-17.39.51:193][519]LogModuleManager: Shutting down and abandoning module SlateRHIRenderer (24)
[2018.03.05-17.39.51:194][519]LogModuleManager: Shutting down and abandoning module OpenGLDrv (22)
[2018.03.05-17.39.51:194][519]LogModuleManager: Shutting down and abandoning module D3D11RHI (20)
[2018.03.05-17.39.51:194][519]LogModuleManager: Shutting down and abandoning module AnimGraphRuntime (18)
[2018.03.05-17.39.51:194][519]LogModuleManager: Shutting down and abandoning module Renderer (16)
[2018.03.05-17.39.51:194][519]LogModuleManager: Shutting down and abandoning module Engine (14)
[2018.03.05-17.39.51:194][519]LogModuleManager: Shutting down and abandoning module CoreUObject (12)
[2018.03.05-17.39.51:194][519]LogModuleManager: Shutting down and abandoning module NetworkFile (10)
[2018.03.05-17.39.51:194][519]LogModuleManager: Shutting down and abandoning module CookedIterativeFile (8)
[2018.03.05-17.39.51:194][519]LogModuleManager: Shutting down and abandoning module StreamingFile (6)
[2018.03.05-17.39.51:194][519]LogModuleManager: Shutting down and abandoning module SandboxFile (4)
[2018.03.05-17.39.51:194][519]LogModuleManager: Shutting down and abandoning module PakFile (2)
[2018.03.05-17.39.51:196][519]LogExit: Exiting.
[2018.03.05-17.39.51:245][519]Log file closed, 03/05/18 17:39:51
