Log file open, 02/22/18 09:10:48
LogWindows: Failed to load 'aqProf.dll' (GetLastError=126)
LogWindows: File 'aqProf.dll' does not exist
LogWindows: Failed to load 'VSPerf140.dll' (GetLastError=126)
LogWindows: File 'VSPerf140.dll' does not exist
LogWindows: Failed to load 'VtuneApi.dll' (GetLastError=126)
LogWindows: File 'VtuneApi.dll' does not exist
LogWindows: Failed to load 'VtuneApi32e.dll' (GetLastError=126)
LogWindows: File 'VtuneApi32e.dll' does not exist
LogInit: Display: Running engine for game: Prototype_Group_11
LogPlatformFile: Not using cached read wrapper
LogInit: Display: RandInit(516580399) SRandInit(516580400).
LogTaskGraph: Started task graph with 5 named threads and 14 total threads with 3 sets of task threads.
LogStats: Stats thread started at 0.303077
LogD3D11RHI: Aftermath initialized
LogPluginManager: Mounting plugin Paper2D
LogPluginManager: Mounting plugin LightPropagationVolume
LogPluginManager: Mounting plugin CodeLiteSourceCodeAccess
LogPluginManager: Mounting plugin GitSourceControl
LogPluginManager: Mounting plugin KDevelopSourceCodeAccess
LogPluginManager: Mounting plugin NullSourceCodeAccess
LogPluginManager: Mounting plugin PerforceSourceControl
LogPluginManager: Mounting plugin SubversionSourceControl
LogPluginManager: Mounting plugin UObjectPlugin
LogPluginManager: Mounting plugin VisualStudioSourceCodeAccess
LogPluginManager: Mounting plugin XCodeSourceCodeAccess
LogPluginManager: Mounting plugin AssetManagerEditor
LogPluginManager: Mounting plugin AudioCapture
LogPluginManager: Mounting plugin FacialAnimation
LogPluginManager: Mounting plugin GameplayTagsEditor
LogPluginManager: Mounting plugin MobileLauncherProfileWizard
LogPluginManager: Mounting plugin PluginBrowser
LogPluginManager: Mounting plugin SpeedTreeImporter
LogPluginManager: Mounting plugin AlembicImporter
LogPluginManager: Mounting plugin CharacterAI
LogPluginManager: Mounting plugin HTML5Networking
LogPluginManager: Mounting plugin AndroidMedia
LogPluginManager: Mounting plugin AvfMedia
LogPluginManager: Mounting plugin MediaPlayerEditor
LogPluginManager: Mounting plugin WmfMedia
LogPluginManager: Mounting plugin TcpMessaging
LogPluginManager: Mounting plugin UdpMessaging
LogPluginManager: Mounting plugin LevelSequenceEditor
LogPluginManager: Mounting plugin MatineeToLevelSequence
LogPluginManager: Mounting plugin OnlineSubsystemGooglePlay
LogPluginManager: Mounting plugin OnlineSubsystemIOS
LogPluginManager: Mounting plugin OnlineSubsystem
LogPluginManager: Mounting plugin OnlineSubsystemNull
LogPluginManager: Mounting plugin OnlineSubsystemUtils
LogPluginManager: Mounting plugin AndroidDeviceProfileSelector
LogPluginManager: Mounting plugin AndroidMoviePlayer
LogPluginManager: Mounting plugin AndroidPermission
LogPluginManager: Mounting plugin AppleMoviePlayer
LogPluginManager: Mounting plugin ArchVisCharacter
LogPluginManager: Mounting plugin CableComponent
LogPluginManager: Mounting plugin CustomMeshComponent
LogPluginManager: Mounting plugin ExampleDeviceProfileSelector
LogPluginManager: Mounting plugin GoogleCloudMessaging
LogPluginManager: Mounting plugin ImmediatePhysics
LogPluginManager: Mounting plugin IOSDeviceProfileSelector
LogPluginManager: Mounting plugin LinuxDeviceProfileSelector
LogPluginManager: Mounting plugin LocationServicesBPLibrary
LogPluginManager: Mounting plugin MobilePatchingUtils
LogPluginManager: Mounting plugin OculusVR
LogPluginManager: Mounting plugin PhysXVehicles
LogPluginManager: Mounting plugin ProceduralMeshComponent
LogPluginManager: Mounting plugin RuntimePhysXCooking
LogPluginManager: Mounting plugin SteamVR
LogPluginManager: Mounting plugin WindowsMoviePlayer
LogInit: Using libcurl 7.47.1
LogInit:  - built for x86_64-pc-win32
LogInit:  - supports SSL with OpenSSL/1.0.2g
LogInit:  - supports HTTP deflate (compression) using libz 1.2.8
LogInit:  - other features:
LogInit:      CURL_VERSION_SSL
LogInit:      CURL_VERSION_LIBZ
LogInit:      CURL_VERSION_IPV6
LogInit:      CURL_VERSION_ASYNCHDNS
LogInit:      CURL_VERSION_LARGEFILE
LogInit:      CURL_VERSION_IDN
LogInit:  CurlRequestOptions (configurable via config and command line):
LogInit:  - bVerifyPeer = false  - Libcurl will NOT verify peer certificate
LogInit:  - bUseHttpProxy = false  - Libcurl will NOT use HTTP proxy
LogInit:  - bDontReuseConnections = false  - Libcurl will reuse connections
LogInit:  - CertBundlePath = nullptr  - Libcurl will use whatever was configured at build time.
LogInit: Build: ++UE4+Release-4.17-CL-3658906
LogInit: Engine Version: 4.17.2-3658906+++UE4+Release-4.17
LogInit: Compatible Engine Version: 4.17.0-3573198+++UE4+Release-4.17
LogInit: Net CL: 3573198
LogDevObjectVersion: Number of dev versions registered: 16
LogDevObjectVersion:   Dev-Blueprints (B0D832E4-1F89-4F0D-ACCF-7EB736FD4AA2): 10
LogDevObjectVersion:   Dev-Build (E1C64328-A22C-4D53-A36C-8E866417BD8C): 0
LogDevObjectVersion:   Dev-Core (375EC13C-06E4-48FB-B500-84F0262A717E): 2
LogDevObjectVersion:   Dev-Editor (E4B068ED-F494-42E9-A231-DA0B2E46BB41): 20
LogDevObjectVersion:   Dev-Framework (CFFC743F-43B0-4480-9391-14DF171D2073): 28
LogDevObjectVersion:   Dev-Mobile (B02B49B5-BB20-44E9-A304-32B752E40360): 0
LogDevObjectVersion:   Dev-Networking (A4E4105C-59A1-49B5-A7C5-40C4547EDFEE): 0
LogDevObjectVersion:   Dev-Online (39C831C9-5AE6-47DC-9A44-9C173E1C8E7C): 0
LogDevObjectVersion:   Dev-Physics (78F01B33-EBEA-4F98-B9B4-84EACCB95AA2): 0
LogDevObjectVersion:   Dev-Platform (6631380F-2D4D-43E0-8009-CF276956A95A): 0
LogDevObjectVersion:   Dev-Rendering (12F88B9F-8875-4AFC-A67C-D90C383ABD29): 19
LogDevObjectVersion:   Dev-Sequencer (7B5AE74C-D270-4C10-A958-57980B212A5A): 4
LogDevObjectVersion:   Dev-VR (D7296918-1DD6-4BDD-9DE2-64A83CC13884): 0
LogDevObjectVersion:   Dev-LoadTimes (C2A15278-BFE7-4AFE-6C17-90FF531DF755): 1
LogDevObjectVersion:   Private-Geometry (6EACA3D4-40EC-4CC1-B786-8BED09428FC5): 1
LogDevObjectVersion:   Dev-AnimPhys (29E575DD-E0A3-4627-9D10-D276232CDCEA): 7
LogInit: Compiled (64-bit): Sep 22 2017 13:47:16
LogInit: Compiled with Visual C++: 19.00.24215.01
LogInit: Build Configuration: Development
LogInit: Branch Name: ++UE4+Release-4.17
LogInit: Command line:  
LogInit: Base directory: C:/Program Files/Epic Games/UE_4.17/Engine/Binaries/Win64/
LogInit: Installed Engine Build: 1
LogInit: Presizing for max 8388607 objects, including 0 objects not considered by GC, pre-allocating 0 bytes for permanent pool.
LogInit: Object subsystem initialized
[2018.02.22-09.10.49:926][  0]LogInit: Selected Device Profile: [Windows]
[2018.02.22-09.10.49:926][  0]LogInit: Applying CVar settings loaded from the selected device profile: [Windows]
[2018.02.22-09.10.49:988][  0]LogInit: Computer: TYLER-PC
[2018.02.22-09.10.49:988][  0]LogInit: User: Tyler
[2018.02.22-09.10.49:988][  0]LogInit: CPU Page size=4096, Cores=4
[2018.02.22-09.10.49:988][  0]LogInit: High frequency timer resolution =3.418038 MHz
[2018.02.22-09.10.49:988][  0]LogMemory: Memory total: Physical=3.9GB (4GB approx)
[2018.02.22-09.10.49:989][  0]LogMemory: Platform Memory Stats for Windows
[2018.02.22-09.10.49:989][  0]LogMemory: Process Physical Memory: 279.16 MB used, 279.16 MB peak
[2018.02.22-09.10.49:989][  0]LogMemory: Process Virtual Memory: 282.11 MB used, 282.11 MB peak
[2018.02.22-09.10.49:989][  0]LogMemory: Physical Memory: 3119.92 MB used,  924.40 MB free, 4044.32 MB total
[2018.02.22-09.10.49:989][  0]LogMemory: Virtual Memory: 710.11 MB used,  924.40 MB free, 134217728.00 MB total
[2018.02.22-09.10.50:775][  0]LogInit: Using OS detected language (en-GB).
[2018.02.22-09.10.50:775][  0]LogInit: Using OS detected locale (en-GB).
[2018.02.22-09.10.50:920][  0]LogTextLocalizationManager: No specific localization for 'en-GB' exists, so the 'en' localization will be used.
[2018.02.22-09.10.56:841][  0]LogD3D11RHI: D3D11 adapters:
[2018.02.22-09.10.57:801][  0]LogD3D11RHI:    0. 'NVIDIA GeForce GTX 980' (Feature Level 11_0)
[2018.02.22-09.10.57:801][  0]LogD3D11RHI:       4053/0/2022 MB DedicatedVideo/DedicatedSystem/SharedSystem, Outputs:1, VendorId:0x10de
[2018.02.22-09.10.57:809][  0]LogD3D11RHI:    1. 'Microsoft Basic Render Driver' (Feature Level 11_0)
[2018.02.22-09.10.57:809][  0]LogD3D11RHI:       0/0/2022 MB DedicatedVideo/DedicatedSystem/SharedSystem, Outputs:0, VendorId:0x1414
[2018.02.22-09.10.57:809][  0]LogD3D11RHI: Chosen D3D11 Adapter: 0
[2018.02.22-09.10.57:825][  0]LogD3D11RHI: Creating new Direct3DDevice
[2018.02.22-09.10.57:826][  0]LogD3D11RHI:     GPU DeviceId: 0x13c0 (for the marketing name, search the web for "GPU Device Id")
[2018.02.22-09.10.57:826][  0]LogWindows: EnumDisplayDevices:
[2018.02.22-09.10.57:827][  0]LogWindows:    0. 'NVIDIA GeForce GTX 980' (P:1 D:1)
[2018.02.22-09.10.57:828][  0]LogWindows:    1. 'NVIDIA GeForce GTX 980' (P:0 D:0)
[2018.02.22-09.10.57:829][  0]LogWindows:    2. 'NVIDIA GeForce GTX 980' (P:0 D:0)
[2018.02.22-09.10.57:829][  0]LogWindows:    3. 'NVIDIA GeForce GTX 980' (P:0 D:0)
[2018.02.22-09.10.57:829][  0]LogWindows: DebugString: GetVideoDriverDetailsInvalid PrimaryIsNotTheChoosenAdapter GetVideoDriverDetailsInvalid PrimaryIsNotTheChoosenAdapter GetVideoDriverDetailsInvalid PrimaryIsNotTheChoosenAdapter GetVideoDriverDetailsInvalid PrimaryIsNotTheChoosenAdapter FoundDriverCount:0 
[2018.02.22-09.10.57:829][  0]LogD3D11RHI:     Adapter Name: NVIDIA GeForce GTX 980
[2018.02.22-09.10.57:829][  0]LogD3D11RHI:   Driver Version: Unknown (internal:Unknown, unified:Unknown)
[2018.02.22-09.10.57:829][  0]LogD3D11RHI:      Driver Date: Unknown
[2018.02.22-09.10.57:829][  0]LogRHI: Texture pool is 1361 MB (70% of 1945 MB)
[2018.02.22-09.10.57:889][  0]LogD3D11RHI: Async texture creation enabled
[2018.02.22-09.10.57:951][  0]LogD3D11RHI: GPU Timing Frequency: 1000.000000 (Debug: 2 2)
[2018.02.22-09.10.58:007][  0]LogShaderCompilers: Guid format shader working directory is -45 characters bigger than the processId version (../../../../../../Users/Tyler/Documents/GitHub/mgp-mgp-group-11/Development/Unreal Project/Intermediate/Shaders/WorkingDirectory/12004/).
[2018.02.22-09.10.58:007][  0]LogShaderCompilers: Cleaned the shader compiler working directory 'C:/Users/Tyler/AppData/Local/Temp/UnrealShaderWorkingDir/2A6A8A344C0E99576B1607A79D52113D/'.
[2018.02.22-09.10.58:008][  0]LogShaderCompilers: Display: Using Local Shader Compiler.
[2018.02.22-09.11.02:606][  0]LogTemp: Display: Loaded TP AllDesktopTargetPlatform
[2018.02.22-09.11.02:764][  0]LogTemp: Display: Loaded TP MacClientTargetPlatform
[2018.02.22-09.11.02:933][  0]LogTemp: Display: Loaded TP MacNoEditorTargetPlatform
[2018.02.22-09.11.03:115][  0]LogTemp: Display: Loaded TP MacServerTargetPlatform
[2018.02.22-09.11.03:289][  0]LogTemp: Display: Loaded TP MacTargetPlatform
[2018.02.22-09.11.03:445][  0]LogTemp: Display: Loaded TP WindowsClientTargetPlatform
[2018.02.22-09.11.03:630][  0]LogTemp: Display: Loaded TP WindowsNoEditorTargetPlatform
[2018.02.22-09.11.03:825][  0]LogTemp: Display: Loaded TP WindowsServerTargetPlatform
[2018.02.22-09.11.03:986][  0]LogTemp: Display: Loaded TP WindowsTargetPlatform
[2018.02.22-09.11.04:160][  0]LogTemp: Display: Loaded TP AndroidTargetPlatform
[2018.02.22-09.11.04:299][  0]LogTemp: Display: Loaded TP Android_ASTCTargetPlatform
[2018.02.22-09.11.04:431][  0]LogTemp: Display: Loaded TP Android_ATCTargetPlatform
[2018.02.22-09.11.04:586][  0]LogTemp: Display: Loaded TP Android_DXTTargetPlatform
[2018.02.22-09.11.04:735][  0]LogTemp: Display: Loaded TP Android_ETC1TargetPlatform
[2018.02.22-09.11.04:882][  0]LogTemp: Display: Loaded TP Android_ETC2TargetPlatform
[2018.02.22-09.11.05:147][  0]LogTemp: Display: Loaded TP Android_MultiTargetPlatform
[2018.02.22-09.11.05:147][  0]LogTemp: Display: Loaded TP Android_PVRTCTargetPlatform
[2018.02.22-09.11.05:248][  0]LogTemp: Display: Loaded TP HTML5TargetPlatform
[2018.02.22-09.11.05:493][  0]LogTemp: Display: Loaded TP IOSTargetPlatform
[2018.02.22-09.11.05:603][  0]LogTemp: Display: Loaded TP TVOSTargetPlatform
[2018.02.22-09.11.05:780][  0]LogTemp: Display: Loaded TP LinuxClientTargetPlatform
[2018.02.22-09.11.05:939][  0]LogTemp: Display: Loaded TP LinuxNoEditorTargetPlatform
[2018.02.22-09.11.06:109][  0]LogTemp: Display: Loaded TP LinuxServerTargetPlatform
[2018.02.22-09.11.06:272][  0]LogTemp: Display: Loaded TP LinuxTargetPlatform
[2018.02.22-09.11.06:272][  0]LogTargetPlatformManager: Display: Building Assets For Windows
[2018.02.22-09.11.07:856][  0]LogDerivedDataCache: Display: Max Cache Size: 512 MB
[2018.02.22-09.11.08:683][  0]LogDerivedDataCache: Loaded boot cache 0.83s 93MB C:/Users/Tyler/AppData/Local/UnrealEngine/4.17/DerivedDataCache/Boot.ddc.
[2018.02.22-09.11.08:683][  0]LogDerivedDataCache: Display: Loaded Boot cache: C:/Users/Tyler/AppData/Local/UnrealEngine/4.17/DerivedDataCache/Boot.ddc
[2018.02.22-09.11.08:683][  0]LogDerivedDataCache: FDerivedDataBackendGraph:  Pak pak cache file ../../../../../../Users/Tyler/Documents/GitHub/mgp-mgp-group-11/Development/Unreal Project/DerivedDataCache/DDC.ddp not found, will not use a pak cache.
[2018.02.22-09.11.08:683][  0]LogDerivedDataCache: Unable to find inner node Pak for hierarchical cache Hierarchy.
[2018.02.22-09.11.08:684][  0]LogDerivedDataCache: FDerivedDataBackendGraph:  CompressedPak pak cache file ../../../../../../Users/Tyler/Documents/GitHub/mgp-mgp-group-11/Development/Unreal Project/DerivedDataCache/Compressed.ddp not found, will not use a pak cache.
[2018.02.22-09.11.08:684][  0]LogDerivedDataCache: Unable to find inner node CompressedPak for hierarchical cache Hierarchy.
[2018.02.22-09.11.08:739][  0]LogDerivedDataCache: Display: Pak cache opened for reading ../../../Engine/DerivedDataCache/Compressed.ddp.
[2018.02.22-09.11.08:754][  0]LogDerivedDataCache: Using Local data cache path C:/Users/Tyler/AppData/Local/UnrealEngine/Common/DerivedDataCache: Writable
[2018.02.22-09.11.08:791][  0]LogMaterial: Verifying Global Shaders for PCD3D_SM5
[2018.02.22-09.11.08:801][  0]LogSlate: Using Freetype 2.6.0
[2018.02.22-09.11.08:836][  0]LogSlate: SlateFontCache - WITH_FREETYPE: 1, WITH_HARFBUZZ: 1
[2018.02.22-09.11.08:837][  0]LogSlate: SlateFontCache - WITH_FREETYPE: 1, WITH_HARFBUZZ: 1
[2018.02.22-09.11.10:778][  0]LogAssetRegistry: FAssetRegistry took 0.0386 seconds to start up
[2018.02.22-09.11.11:221][  0]LogInit: Selected Device Profile: [Windows]
[2018.02.22-09.11.12:285][  0]LogContentStreaming: Texture pool size is 0.00 MB
[2018.02.22-09.11.13:302][  0]LogSimplygon: Simplygon DLL not present - disabling.
[2018.02.22-09.11.13:420][  0]LogMeshReduction: Using SimplygonSwarm for distributed automatic mesh merging
[2018.02.22-09.11.13:421][  0]LogMeshReduction: Using QuadricMeshReduction for automatic static mesh reduction
[2018.02.22-09.11.13:421][  0]LogMeshReduction: No automatic skeletal mesh reduction module available
[2018.02.22-09.11.13:421][  0]LogMeshReduction: No automatic mesh merging module available
[2018.02.22-09.11.13:421][  0]LogMeshMerging: No automatic mesh merging module available
[2018.02.22-09.11.15:024][  0]LogNetVersion: Prototype_Group_11 , NetCL: 3573198, EngineNetVer: 2, GameNetVer: 0 (Checksum: 3139247147)
[2018.02.22-09.11.16:088][  0]LogPackageLocalizationCache: Processed 5 localized package path(s) for 2 prioritized culture(s) in 0.137245 seconds
[2018.02.22-09.11.16:107][  0]LogUObjectArray: 35825 objects as part of root set at end of initial load.
[2018.02.22-09.11.16:107][  0]LogUObjectAllocator: 7529104 out of 0 bytes used by permanent object pool.
[2018.02.22-09.11.16:107][  0]LogUObjectArray: CloseDisregardForGC: 0/0 objects in disregard for GC pool
[2018.02.22-09.11.16:311][  0]LogInit: WinSock: version 1.1 (2.2), MaxSocks=32767, MaxUdp=65467
[2018.02.22-09.11.27:804][  0]LogTcpMessaging: Initializing TcpMessaging bridge
[2018.02.22-09.11.27:899][  0]LogUdpMessaging: Initializing bridge on interface 0.0.0.0:0 to multicast group 230.0.0.1:6666.
[2018.02.22-09.11.29:882][  0]LogMaterial: Uniform references updated for custom material expression Custom.
[2018.02.22-09.11.31:142][  0]SourceControl: Source control is disabled
[2018.02.22-09.11.31:143][  0]SourceControl: Source control is disabled
[2018.02.22-09.11.31:281][  0]SourceControl: Source control is disabled
[2018.02.22-09.11.31:420][  0]SourceControl: Source control is disabled
[2018.02.22-09.11.33:121][  0]LogAndroidPermission: UAndroidPermissionCallbackProxy::GetInstance
[2018.02.22-09.11.34:010][  0]LogOcInput: OculusInput pre-init called
[2018.02.22-09.11.35:023][  0]LogEngine: Initializing Engine...
[2018.02.22-09.11.35:041][  0]LogHMD: Failed to initialize OpenVR with code 100
[2018.02.22-09.11.36:016][  0]LogStats: UGameplayTagsManager::ConstructGameplayTagTree: Construct from data asset -  0.000 s
[2018.02.22-09.11.36:018][  0]LogStats: UGameplayTagsManager::ConstructGameplayTagTree: GameplayTagTreeChangedEvent.Broadcast -  0.000 s
[2018.02.22-09.11.36:558][  0]LogAIModule: Creating AISystem for world Untitled
[2018.02.22-09.11.36:606][  0]LogInit: XAudio2 using 'Headset Earphone (3- Corsair VOID Wireless Gaming Dongle)' : 2 channels at 48 kHz using 16 bits per sample (channel mask 0x3)
[2018.02.22-09.11.36:647][  0]LogInit: FAudioDevice initialized.
[2018.02.22-09.11.36:959][  0]LogDerivedDataCache: Saved boot cache 0.31s 93MB C:/Users/Tyler/AppData/Local/UnrealEngine/4.17/DerivedDataCache/Boot.ddc.
[2018.02.22-09.11.37:044][  0]LogInit: Texture streaming: Enabled
[2018.02.22-09.11.37:532][  0]LogEngineSessionManager: EngineSessionManager initialized
[2018.02.22-09.11.37:533][  0]LogEngineSessionManager: EngineSessionManager sent abnormal shutdown report. Type=Crashed, SessionId={DAF5CC16-4A2B-DA6A-AA53-4CA66531D866}
[2018.02.22-09.11.37:533][  0]LogEngineSessionManager: EngineSessionManager sent abnormal shutdown report. Type=AbnormalShutdown, SessionId={16CB89F6-4339-8B11-F490-C38C2811694F}
[2018.02.22-09.11.38:542][  0]LogInit: Transaction tracking system initialized
[2018.02.22-09.11.39:826][  0]BlueprintLog: New page: Editor Load
[2018.02.22-09.11.43:693][  0]LocalizationService: Localization service is disabled
[2018.02.22-09.11.45:933][  0]LogConsoleResponse: Display: 
[2018.02.22-09.11.46:930][  0]LogCook: Display: Max memory allowance for cook 16384mb min free memory 0mb
[2018.02.22-09.11.46:931][  0]LogCook: Display: Mobile HDR setting 1
[2018.02.22-09.11.46:935][  0]LogFileCache: Scanning file cache for directory 'C:/Users/Tyler/Documents/GitHub/mgp-mgp-group-11/Development/Unreal Project/Content/' took 0.03s
[2018.02.22-09.11.46:936][  0]LogGameplayTags: Display: UGameplayTagsManager::DoneAddingNativeTags. DelegateIsBound: 0
[2018.02.22-09.11.52:277][  0]SourceControl: Source control is disabled
[2018.02.22-09.11.52:281][  0]Cmd: MAP LOAD FILE="../../../../../../Users/Tyler/Documents/GitHub/mgp-mgp-group-11/Development/Unreal Project/Content/Levels/PrototypeLevel.umap" TEMPLATE=0 SHOWPROGRESS=1 FEATURELEVEL=3
[2018.02.22-09.11.52:295][  0]LightingResults: New page: Lighting Build
[2018.02.22-09.11.52:461][  0]MapCheck: New page: Map Check
[2018.02.22-09.11.52:461][  0]LightingResults: New page: Lighting Build
[2018.02.22-09.11.53:686][  0]LogAIModule: Creating AISystem for world PrototypeLevel
[2018.02.22-09.11.53:841][  0]LogEditorServer: Finished looking for orphan Actors (0.000 secs)
[2018.02.22-09.11.53:901][  0]Cmd: MAP CHECKDEP NOCLEARLOG
[2018.02.22-09.11.54:089][  0]MapCheck: Map check complete: 0 Error(s), 0 Warning(s), took 187.752ms to complete.
[2018.02.22-09.11.54:090][  0]LogFileHelpers: Loading map 'PrototypeLevel' took 1.811
[2018.02.22-09.11.54:589][  0]LogCollectionManager: Loaded 0 collections in 0.004703 seconds
[2018.02.22-09.11.54:860][  0]LogFileCache: Scanning file cache for directory 'C:/Users/Tyler/Documents/GitHub/mgp-mgp-group-11/Development/Unreal Project/Saved/Collections/' took 0.01s
[2018.02.22-09.11.54:860][  0]LogFileCache: Scanning file cache for directory 'C:/Users/Tyler/Documents/GitHub/mgp-mgp-group-11/Development/Unreal Project/Content/Developers/Tyler/Collections/' took 0.01s
[2018.02.22-09.11.54:860][  0]LogFileCache: Scanning file cache for directory 'C:/Users/Tyler/Documents/GitHub/mgp-mgp-group-11/Development/Unreal Project/Content/Collections/' took 0.01s
[2018.02.22-09.11.54:860][  0]LogCollectionManager: Rebuilt the GUID cache for 0 collections in 0.000001 seconds
[2018.02.22-09.11.54:881][  0]LogContentBrowser: Native class hierarchy populated in 0.0182 seconds. Added 2386 classes and 500 folders.
[2018.02.22-09.11.55:071][  0]LogContentBrowser: Native class hierarchy updated for 'WidgetCarousel' in 0.0018 seconds. Added 0 classes and 0 folders.
[2018.02.22-09.11.56:034][  0]LogContentBrowser: Native class hierarchy updated for 'AddContentDialog' in 0.0012 seconds. Added 0 classes and 0 folders.
[2018.02.22-09.11.56:214][  0]LogContentBrowser: Native class hierarchy updated for 'SceneOutliner' in 0.0018 seconds. Added 1 classes and 2 folders.
[2018.02.22-09.11.56:420][  0]LogSlate: Took 0.015966 seconds to synchronously load lazily loaded font '../../../Engine/Content/Slate/Fonts/Roboto-Regular.ttf' (155K)
[2018.02.22-09.11.56:454][  0]LogSlate: Took 0.012821 seconds to synchronously load lazily loaded font '../../../Engine/Content/Slate/Fonts/Roboto-Bold.ttf' (160K)
[2018.02.22-09.11.56:474][  0]LogSlate: Took 0.011205 seconds to synchronously load lazily loaded font '../../../Engine/Content/Editor/Slate/Fonts/FontAwesome.ttf' (139K)
[2018.02.22-09.11.56:806][  0]LogRenderer: Reallocating scene render targets to support 1528x576 Format 10 NumSamples 1 (Frame:1).
[2018.02.22-09.11.57:593][  0]LogContentBrowser: Native class hierarchy updated for 'HierarchicalLODOutliner' in 0.0010 seconds. Added 1 classes and 2 folders.
[2018.02.22-09.11.57:594][  0]LogLoad: (Engine Initialization) Total time: 73.55 seconds
[2018.02.22-09.11.57:594][  0]LogLoad: (Engine Initialization) Total Blueprint compile time: 0.00 seconds
[2018.02.22-09.11.57:595][  0]LogExternalProfiler: No external profilers were discovered.  External profiling features will not be available.
[2018.02.22-09.11.57:981][  0]LogContentStreaming: Texture pool size now 1000 MB
[2018.02.22-09.11.58:090][  0]LogSlate: Took 0.007942 seconds to synchronously load lazily loaded font '../../../Engine/Content/Slate/Fonts/Roboto-Light.ttf' (159K)
[2018.02.22-09.11.58:942][  3]LogAssetRegistry: Asset discovery search completed in 48.1874 seconds
[2018.02.22-09.11.58:947][  3]LogCollectionManager: Rebuilt the object cache for 0 collections in 0.000001 seconds (found 0 objects)
[2018.02.22-09.11.58:947][  3]LogCollectionManager: Fixed up redirectors for 0 collections in 0.000575 seconds (updated 0 objects)
[2018.02.22-09.11.58:966][  3]LogSlate: Took 0.000393 seconds to synchronously load lazily loaded font '../../../Engine/Content/Slate/Fonts/Roboto-Light.ttf' (159K)
[2018.02.22-09.13.03:563][310]LogTemp: Repeating last play command: Selected Viewport
[2018.02.22-09.13.03:759][310]LogBlueprintUserMessages: Early PlayInEditor Detection: Level '/Game/Levels/PrototypeLevel.PrototypeLevel:PersistentLevel' has LevelScriptBlueprint '/Game/Levels/PrototypeLevel.PrototypeLevel:PersistentLevel.PrototypeLevel' with GeneratedClass '/Game/Levels/PrototypeLevel.PrototypeLevel_C' with ClassGeneratedBy '/Game/Levels/PrototypeLevel.PrototypeLevel:PersistentLevel.PrototypeLevel'
[2018.02.22-09.13.03:760][310]LogPlayLevel: PlayLevel: No blueprints needed recompiling
[2018.02.22-09.13.03:771][310]PIE: New page: PIE session: PrototypeLevel (22 Feb 2018 09:13:03)
[2018.02.22-09.13.03:772][310]LogPlayLevel: Creating play world package: /Game/Levels/UEDPIE_0_PrototypeLevel
[2018.02.22-09.13.03:793][310]LogPlayLevel: PIE: StaticDuplicateObject took: (0.021449s)
[2018.02.22-09.13.03:794][310]LogAIModule: Creating AISystem for world PrototypeLevel
[2018.02.22-09.13.03:795][310]LogPlayLevel: PIE: World Init took: (0.001247s)
[2018.02.22-09.13.03:796][310]LogPlayLevel: PIE: Created PIE world by copying editor world from /Game/Levels/PrototypeLevel.PrototypeLevel to /Game/Levels/UEDPIE_0_PrototypeLevel.PrototypeLevel (0.024693s)
[2018.02.22-09.13.03:845][310]LogInit: XAudio2 using 'Headset Earphone (3- Corsair VOID Wireless Gaming Dongle)' : 2 channels at 48 kHz using 16 bits per sample (channel mask 0x3)
[2018.02.22-09.13.03:859][310]LogInit: FAudioDevice initialized.
[2018.02.22-09.13.03:914][310]LogLoad: Game class is 'FunctionalTestGameMode'
[2018.02.22-09.13.03:937][310]LogWorld: Bringing World /Game/Levels/UEDPIE_0_PrototypeLevel.PrototypeLevel up for play (max tick rate 0) at 2018.02.22-09.13.03
[2018.02.22-09.13.03:952][310]LogWorld: Bringing up level for play took: 0.023107
[2018.02.22-09.13.04:196][310]LogContentBrowser: Native class hierarchy updated for 'MovieSceneCapture' in 0.0011 seconds. Added 11 classes and 0 folders.
[2018.02.22-09.13.04:219][310]PIE: Play in editor start time for /Game/Levels/UEDPIE_0_PrototypeLevel 1.113
[2018.02.22-09.13.04:220][310]LogBlueprintUserMessages: Late PlayInEditor Detection: Level '/Game/Levels/PrototypeLevel.PrototypeLevel:PersistentLevel' has LevelScriptBlueprint '/Game/Levels/PrototypeLevel.PrototypeLevel:PersistentLevel.PrototypeLevel' with GeneratedClass '/Game/Levels/PrototypeLevel.PrototypeLevel_C' with ClassGeneratedBy '/Game/Levels/PrototypeLevel.PrototypeLevel:PersistentLevel.PrototypeLevel'
[2018.02.22-09.13.08:565][781]LogBlueprintUserMessages: Early EndPlayMap Detection: Level '/Game/Levels/PrototypeLevel.PrototypeLevel:PersistentLevel' has LevelScriptBlueprint '/Game/Levels/PrototypeLevel.PrototypeLevel:PersistentLevel.PrototypeLevel' with GeneratedClass '/Game/Levels/PrototypeLevel.PrototypeLevel_C' with ClassGeneratedBy '/Game/Levels/PrototypeLevel.PrototypeLevel:PersistentLevel.PrototypeLevel'
[2018.02.22-09.13.08:613][781]LogBlueprintUserMessages: Late EndPlayMap Detection: Level '/Game/Levels/PrototypeLevel.PrototypeLevel:PersistentLevel' has LevelScriptBlueprint '/Game/Levels/PrototypeLevel.PrototypeLevel:PersistentLevel.PrototypeLevel' with GeneratedClass '/Game/Levels/PrototypeLevel.PrototypeLevel_C' with ClassGeneratedBy '/Game/Levels/PrototypeLevel.PrototypeLevel:PersistentLevel.PrototypeLevel'
[2018.02.22-09.13.12:164][ 84]LogSlate: Took 0.007098 seconds to synchronously load lazily loaded font '../../../Engine/Content/Slate/Fonts/Roboto-Light.ttf' (159K)
[2018.02.22-09.13.12:424][ 84]LogAIModule: Creating AISystem for world MainMenu
[2018.02.22-09.13.12:488][ 84]Cmd: MAP LOAD FILE="../../../../../../Users/Tyler/Documents/GitHub/mgp-mgp-group-11/Development/Unreal Project/Content/Levels/MainMenu.umap" TEMPLATE=0 SHOWPROGRESS=1 FEATURELEVEL=3
[2018.02.22-09.13.12:488][ 84]LightingResults: New page: Lighting Build
[2018.02.22-09.13.12:490][ 84]LoadErrors: New page: Loading map: MainMenu.umap
[2018.02.22-09.13.12:492][ 84]MapCheck: New page: Map Check
[2018.02.22-09.13.12:492][ 84]LightingResults: New page: Lighting Build
[2018.02.22-09.13.12:533][ 84]LogEditorServer: Finished looking for orphan Actors (0.000 secs)
[2018.02.22-09.13.12:636][ 84]Cmd: MAP CHECKDEP NOCLEARLOG
[2018.02.22-09.13.12:751][ 84]MapCheck: Map check complete: 0 Error(s), 0 Warning(s), took 114.117ms to complete.
[2018.02.22-09.13.12:751][ 84]LogFileHelpers: Loading map 'MainMenu' took 0.265
[2018.02.22-09.13.15:319][364]LogTemp: Repeating last play command: Selected Viewport
[2018.02.22-09.13.15:351][364]LogBlueprintUserMessages: Early PlayInEditor Detection: Level '/Game/Levels/MainMenu.MainMenu:PersistentLevel' has LevelScriptBlueprint '/Game/Levels/MainMenu.MainMenu:PersistentLevel.MainMenu' with GeneratedClass '/Game/Levels/MainMenu.MainMenu_C' with ClassGeneratedBy '/Game/Levels/MainMenu.MainMenu:PersistentLevel.MainMenu'
[2018.02.22-09.13.15:352][364]LogPlayLevel: PlayLevel: No blueprints needed recompiling
[2018.02.22-09.13.15:352][364]PIE: New page: PIE session: MainMenu (22 Feb 2018 09:13:15)
[2018.02.22-09.13.15:352][364]LogPlayLevel: Creating play world package: /Game/Levels/UEDPIE_0_MainMenu
[2018.02.22-09.13.15:354][364]LogPlayLevel: PIE: StaticDuplicateObject took: (0.001545s)
[2018.02.22-09.13.15:355][364]LogAIModule: Creating AISystem for world MainMenu
[2018.02.22-09.13.15:355][364]LogPlayLevel: PIE: World Init took: (0.001144s)
[2018.02.22-09.13.15:355][364]LogPlayLevel: PIE: Created PIE world by copying editor world from /Game/Levels/MainMenu.MainMenu to /Game/Levels/UEDPIE_0_MainMenu.MainMenu (0.003043s)
[2018.02.22-09.13.15:405][364]LogInit: XAudio2 using 'Headset Earphone (3- Corsair VOID Wireless Gaming Dongle)' : 2 channels at 48 kHz using 16 bits per sample (channel mask 0x3)
[2018.02.22-09.13.15:417][364]LogInit: FAudioDevice initialized.
[2018.02.22-09.13.15:455][364]LogLoad: Game class is 'FunctionalTestGameMode'
[2018.02.22-09.13.15:457][364]LogWorld: Bringing World /Game/Levels/UEDPIE_0_MainMenu.MainMenu up for play (max tick rate 0) at 2018.02.22-09.13.15
[2018.02.22-09.13.15:458][364]LogWorld: Bringing up level for play took: 0.001773
[2018.02.22-09.13.15:461][364]PIE: Play in editor start time for /Game/Levels/UEDPIE_0_MainMenu 0.354
[2018.02.22-09.13.15:461][364]LogBlueprintUserMessages: Late PlayInEditor Detection: Level '/Game/Levels/MainMenu.MainMenu:PersistentLevel' has LevelScriptBlueprint '/Game/Levels/MainMenu.MainMenu:PersistentLevel.MainMenu' with GeneratedClass '/Game/Levels/MainMenu.MainMenu_C' with ClassGeneratedBy '/Game/Levels/MainMenu.MainMenu:PersistentLevel.MainMenu'
[2018.02.22-09.13.19:946][866]LogBlueprintUserMessages: Early EndPlayMap Detection: Level '/Game/Levels/MainMenu.MainMenu:PersistentLevel' has LevelScriptBlueprint '/Game/Levels/MainMenu.MainMenu:PersistentLevel.MainMenu' with GeneratedClass '/Game/Levels/MainMenu.MainMenu_C' with ClassGeneratedBy '/Game/Levels/MainMenu.MainMenu:PersistentLevel.MainMenu'
[2018.02.22-09.13.19:985][866]LogBlueprintUserMessages: Late EndPlayMap Detection: Level '/Game/Levels/MainMenu.MainMenu:PersistentLevel' has LevelScriptBlueprint '/Game/Levels/MainMenu.MainMenu:PersistentLevel.MainMenu' with GeneratedClass '/Game/Levels/MainMenu.MainMenu_C' with ClassGeneratedBy '/Game/Levels/MainMenu.MainMenu:PersistentLevel.MainMenu'
[2018.02.22-09.13.43:541][521]LogWorld: Changing Feature Level (Enum) from 3 to 0
[2018.02.22-09.13.43:581][521]LogMaterial: Missing cached shader map for material SnapGridMaterial, compiling. 
[2018.02.22-09.13.43:626][521]LogMaterial: Missing cached shader map for material WorldGridMaterial, compiling. Is special engine material.
[2018.02.22-09.15.10:804][521]LogMaterial: Missing cached shader map for material DefaultDeferredDecalMaterial, compiling. 
[2018.02.22-09.15.24:236][521]LogMaterial: Missing cached shader map for material DefaultLightFunctionMaterial, compiling. 
[2018.02.22-09.15.24:477][521]LogMaterial: Missing cached shader map for material DefaultPostProcessMaterial, compiling. 
[2018.02.22-09.15.25:193][521]LogMaterial: Missing cached shader map for material TransformGizmoMaterial, compiling. 
[2018.02.22-09.15.25:203][521]LogMaterial: Missing cached shader map for material TranslucentTransformGizmoMaterial, compiling. 
[2018.02.22-09.15.25:219][521]LogMaterial: Missing cached shader map for material Main, compiling. 
[2018.02.22-09.15.25:241][521]LogMaterial: Missing cached shader map for material Xray, compiling. 
[2018.02.22-09.15.25:303][521]LogMaterial: Missing cached shader map for material CineMat, compiling. 
[2018.02.22-09.15.25:418][521]LogMaterial: Missing cached shader map for material MatineeCam_mat, compiling. 
[2018.02.22-09.15.25:483][521]LogMaterial: Missing cached shader map for material M_SimpleOpaque, compiling. 
[2018.02.22-09.15.25:565][521]LogMaterial: Missing cached shader map for material M_SimpleTranslucent, compiling. 
[2018.02.22-09.15.25:640][521]LogMaterial: Missing cached shader map for material Widget3DPassThrough, compiling. 
[2018.02.22-09.15.25:658][521]LogMaterial: Missing cached shader map for material SkySphereMaterial, compiling. 
[2018.02.22-09.15.25:676][521]LogMaterial: Missing cached shader map for material FloorPlaneMaterial, compiling. 
[2018.02.22-09.15.25:774][521]LogMaterial: Missing cached shader map for material LandscapeGizmo_Mat, compiling. 
[2018.02.22-09.15.25:807][521]LogMaterial: Missing cached shader map for material LandscapeGizmoHeight_Mat, compiling. 
[2018.02.22-09.15.25:924][521]LogMaterial: Missing cached shader map for material SplineEditorMeshMat, compiling. 
[2018.02.22-09.15.25:946][521]LogMaterial: Missing cached shader map for material HelpActorMaterial, compiling. 
[2018.02.22-09.15.25:997][521]LogMaterial: Missing cached shader map for material DefaultTextMaterialOpaque, compiling. 
[2018.02.22-09.15.26:082][521]LogMaterial: Missing cached shader map for material GearVRControllerMaterial, compiling. 
[2018.02.22-09.15.26:155][521]LogMaterial: Missing cached shader map for material VRTextMaterial, compiling. 
[2018.02.22-09.15.26:177][521]LogMaterial: Missing cached shader map for material GridMaterial, compiling. 
[2018.02.22-09.15.26:194][521]LogMaterial: Missing cached shader map for material GridPostProcess, compiling. 
[2018.02.22-09.15.26:211][521]LogMaterial: Missing cached shader map for material OculusControllerMaterial, compiling. 
[2018.02.22-09.15.26:279][521]LogMaterial: Missing cached shader map for material VivePreControllerMaterial, compiling. 
[2018.02.22-09.15.26:342][521]LogMaterial: Missing cached shader map for material LaserPointerMaterial, compiling. 
[2018.02.22-09.15.26:366][521]LogMaterial: Missing cached shader map for material TeleportDirectionMaterial, compiling. 
[2018.02.22-09.15.26:478][521]LogMaterial: Missing cached shader map for material GenericHMDMaterial, compiling. 
[2018.02.22-09.15.26:543][521]LogMaterial: Missing cached shader map for material M_ContentWindow, compiling. 
[2018.02.22-09.15.26:630][521]LogMaterial: Missing cached shader map for material KeyDiskMaterial, compiling. 
[2018.02.22-09.15.26:654][521]LogMaterial: Missing cached shader map for material ArrowMaterial, compiling. 
[2018.02.22-09.15.26:727][521]LogMaterial: Missing cached shader map for material FlattenHeightMat, compiling. 
[2018.02.22-09.15.26:749][521]LogMaterial: Missing cached shader map for material LineMaterial, compiling. 
[2018.02.22-09.15.26:760][521]LogMaterial: Missing cached shader map for material DefaultSpriteMaterial, compiling. 
[2018.02.22-09.15.26:790][521]LogMaterial: Missing cached shader map for material DefaultMaterial, compiling. 
[2018.02.22-09.15.27:089][521]LogMaterial: Missing cached shader map for material BaseColor, compiling. 
[2018.02.22-09.15.27:107][521]LogMaterial: Missing cached shader map for material CustomDepth, compiling. 
[2018.02.22-09.15.27:124][521]LogMaterial: Missing cached shader map for material CustomStencil, compiling. 
[2018.02.22-09.15.27:144][521]LogMaterial: Missing cached shader map for material FinalImage, compiling. 
[2018.02.22-09.15.27:159][521]LogMaterial: Missing cached shader map for material LightingModel, compiling. 
[2018.02.22-09.15.27:173][521]LogMaterial: Missing cached shader map for material MaterialAO, compiling. 
[2018.02.22-09.15.27:188][521]LogMaterial: Missing cached shader map for material Metallic, compiling. 
[2018.02.22-09.15.27:200][521]LogMaterial: Missing cached shader map for material Opacity, compiling. 
[2018.02.22-09.15.27:215][521]LogMaterial: Missing cached shader map for material Roughness, compiling. 
[2018.02.22-09.15.27:230][521]LogMaterial: Missing cached shader map for material SceneColor, compiling. 
[2018.02.22-09.15.27:244][521]LogMaterial: Missing cached shader map for material SceneDepth, compiling. 
[2018.02.22-09.15.27:257][521]LogMaterial: Missing cached shader map for material SeparateTranslucencyRGB, compiling. 
[2018.02.22-09.15.27:273][521]LogMaterial: Missing cached shader map for material SeparateTranslucencyA, compiling. 
[2018.02.22-09.15.27:289][521]LogMaterial: Missing cached shader map for material Specular, compiling. 
[2018.02.22-09.15.27:309][521]LogMaterial: Missing cached shader map for material SubsurfaceColor, compiling. 
[2018.02.22-09.15.27:327][521]LogMaterial: Missing cached shader map for material WorldNormal, compiling. 
[2018.02.22-09.15.27:343][521]LogMaterial: Missing cached shader map for material AmbientOcclusion, compiling. 
[2018.02.22-09.15.27:365][521]LogMaterial: Missing cached shader map for material CustomDepthWorldUnits, compiling. 
[2018.02.22-09.15.27:384][521]LogMaterial: Missing cached shader map for material SceneDepthWorldUnits, compiling. 
[2018.02.22-09.15.27:400][521]LogMaterial: Missing cached shader map for material PreTonemapHDRColor, compiling. 
[2018.02.22-09.15.27:415][521]LogMaterial: Missing cached shader map for material PostTonemapHDRColor, compiling. 
[2018.02.22-09.15.27:431][521]LogMaterial: Missing cached shader map for material HighResScreenshot, compiling. 
[2018.02.22-09.15.27:453][521]LogMaterial: Missing cached shader map for material HighResScreenshotMask, compiling. 
[2018.02.22-09.15.27:478][521]LogMaterial: Missing cached shader map for material HighResScreenshotCaptureRegion, compiling. 
[2018.02.22-09.15.27:497][521]LogMaterial: Missing cached shader map for material WireframeMaterial, compiling. Is special engine material.
[2018.02.22-09.15.27:712][521]LogMaterial: Missing cached shader map for material LevelColorationLitMaterial, compiling. Is special engine material.
[2018.02.22-09.15.28:745][521]LogMaterial: Missing cached shader map for material LevelColorationUnlitMaterial, compiling. Is special engine material.
[2018.02.22-09.15.28:890][521]LogMaterial: Missing cached shader map for material MAT_LevelColorationLitLightmapUV, compiling. Is special engine material.
[2018.02.22-09.15.30:008][521]LogMaterial: Missing cached shader map for material ShadedLevelColorationLitMaterial, compiling. Is special engine material.
[2018.02.22-09.15.31:090][521]LogMaterial: Missing cached shader map for material ShadedLevelColorationUnlitMateri, compiling. Is special engine material.
[2018.02.22-09.15.31:288][521]LogMaterial: Missing cached shader map for material VertexColorMaterial, compiling. 
[2018.02.22-09.15.31:527][521]LogMaterial: Missing cached shader map for material VertexColorViewMode_ColorOnly, compiling. 
[2018.02.22-09.15.31:556][521]LogMaterial: Missing cached shader map for material VertexColorViewMode_AlphaAsColor, compiling. 
[2018.02.22-09.15.31:582][521]LogMaterial: Missing cached shader map for material VertexColorViewMode_RedOnly, compiling. 
[2018.02.22-09.15.31:618][521]LogMaterial: Missing cached shader map for material VertexColorViewMode_GreenOnly, compiling. 
[2018.02.22-09.15.31:647][521]LogMaterial: Missing cached shader map for material VertexColorViewMode_BlueOnly, compiling. 
[2018.02.22-09.15.31:667][521]LogMaterial: Missing cached shader map for material RemoveSurfaceMaterial, compiling. 
[2018.02.22-09.15.31:682][521]LogMaterial: Missing cached shader map for material DebugMeshMaterial, compiling. 
[2018.02.22-09.15.31:705][521]LogMaterial: Missing cached shader map for material M_InvalidLightmapSettings, compiling. 
[2018.02.22-09.15.31:853][521]LogMaterial: Missing cached shader map for material GizmoMaterial, compiling. 
[2018.02.22-09.15.31:870][521]LogMaterial: Missing cached shader map for material PhAT_JointLimitMaterial, compiling. 
[2018.02.22-09.15.31:893][521]LogMaterial: Missing cached shader map for material GeomMaterial, compiling. 
[2018.02.22-09.15.31:911][521]LogMaterial: Missing cached shader map for material EditorBrushMaterial, compiling. 
[2018.02.22-09.15.31:934][521]LogMaterial: Missing cached shader map for material BoneWeightMaterial, compiling. 
[2018.02.22-09.15.32:150][521]LogMaterial: Missing cached shader map for material ClothMaterial, compiling. 
[2018.02.22-09.15.32:180][521]LogMaterial: Missing cached shader map for material ClothMaterial_WF, compiling. 
[2018.02.22-09.15.32:215][521]LogMaterial: Missing cached shader map for material DebugEditorMaterial, compiling. 
[2018.02.22-09.15.32:232][521]LogMaterial: Missing cached shader map for material PreviewShadowIndicatorMaterial, compiling. 
[2018.02.22-09.15.32:247][521]LogMaterial: Missing cached shader map for material Cross_Mat, compiling. 
[2018.02.22-09.15.32:268][521]LogMaterial: Missing cached shader map for material PhAT_BoneSelectedMaterial, compiling. 
[2018.02.22-09.15.32:287][521]LogMaterial: Missing cached shader map for material PhAT_ElemSelectedMaterial, compiling. 
[2018.02.22-09.15.32:305][521]LogMaterial: Missing cached shader map for material PhAT_NoCollisionMaterial, compiling. 
[2018.02.22-09.15.32:321][521]LogMaterial: Missing cached shader map for material PhAT_UnselectedMaterial, compiling. 
[2018.02.22-09.15.32:342][521]LogMaterial: Missing cached shader map for material Tick_Mat, compiling. 
[2018.02.22-09.15.32:371][521]LogMaterial: Missing cached shader map for material WidgetGridVertexColorMaterial_Ma, compiling. 
[2018.02.22-09.15.32:391][521]LogMaterial: Missing cached shader map for material WidgetMaterial, compiling. 
[2018.02.22-09.15.32:406][521]LogMaterial: Missing cached shader map for material WidgetMaterial_Current, compiling. 
[2018.02.22-09.15.32:423][521]LogMaterial: Missing cached shader map for material WidgetMaterial_X, compiling. 
[2018.02.22-09.15.32:441][521]LogMaterial: Missing cached shader map for material WidgetMaterial_Y, compiling. 
[2018.02.22-09.15.32:458][521]LogMaterial: Missing cached shader map for material WidgetMaterial_Z, compiling. 
[2018.02.22-09.15.32:474][521]LogMaterial: Missing cached shader map for material WidgetVertexColorMaterial, compiling. 
[2018.02.22-09.15.32:498][521]LogMaterial: Missing cached shader map for material LevelGridMaterial, compiling. 
[2018.02.22-09.15.32:522][521]LogMaterial: Missing cached shader map for material BlinkingCaret, compiling. 
[2018.02.22-09.15.32:540][521]LogMaterial: Missing cached shader map for material M_StreamingPause, compiling. 
[2018.02.22-09.15.32:564][521]LogMaterial: Missing cached shader map for material BulletMaterial, compiling. 
[2018.02.22-09.15.32:661][521]LogMaterial: Missing cached shader map for material BasicShapeMaterial, compiling. 
[2018.02.22-09.15.32:872][521]LogMaterial: Missing cached shader map for material TileMaterial, compiling. 
[2018.02.22-09.15.32:939][521]LogMaterial: Missing cached shader map for material LevelGridMaterial2, compiling. 
[2018.02.22-09.15.32:968][521]LogMaterial: Missing cached shader map for material Widget3DPassThrough, compiling. 
[2018.02.22-09.15.32:999][521]LogMaterial: Missing cached shader map for material Widget3DPassThrough, compiling. 
[2018.02.22-09.15.33:019][521]LogMaterial: Missing cached shader map for material Widget3DPassThrough, compiling. 
[2018.02.22-09.15.33:036][521]LogMaterial: Missing cached shader map for material Widget3DPassThrough, compiling. 
[2018.02.22-09.15.33:086][521]LogMaterial: Missing cached shader map for material Widget3DPassThrough, compiling. 
[2018.02.22-09.15.33:137][521]LogMaterial: Missing cached shader map for material LaserPointerMaterial, compiling. 
[2018.02.22-09.15.33:195][521]LogMaterial: Missing cached shader map for material VRTextMaterial, compiling. 
[2018.02.22-09.15.33:218][521]LogMaterial: Missing cached shader map for material DefaultSpriteMaterial, compiling. 
[2018.02.22-09.15.33:383][521]LogMaterial: Verifying Global Shaders for PCD3D_ES2
[2018.02.22-09.18.06:196][448]LogSavePackage: Save=230.04ms
[2018.02.22-09.18.06:196][448]LogSavePackage: Moving '../../../../../../Users/Tyler/Documents/GitHub/mgp-mgp-group-11/Development/Unreal Project/Saved/UEDPCMainMenu7E9D0D724A8D6229E5A05DB827E75119.tmp' to '../../../../../../Users/Tyler/Documents/GitHub/mgp-mgp-group-11/Development/Unreal Project/Saved/Autosaves/Game/Levels/UEDPCMainMenu.umap'
[2018.02.22-09.18.06:201][448]LogSavePackage: Display: Finished SavePackage ../../../../../../Users/Tyler/Documents/GitHub/mgp-mgp-group-11/Development/Unreal Project/Saved/Autosaves/Game/Levels/UEDPCMainMenu.umap
[2018.02.22-09.18.06:231][448]LogEditorTransaction: Undo Spawn Play From Here Start
[2018.02.22-09.20.50:377][656]LogBlueprintUserMessages: Early PlayInEditor Detection: Level '/Game/Levels/MainMenu.MainMenu:PersistentLevel' has LevelScriptBlueprint '/Game/Levels/MainMenu.MainMenu:PersistentLevel.MainMenu' with GeneratedClass '/Game/Levels/MainMenu.MainMenu_C' with ClassGeneratedBy '/Game/Levels/MainMenu.MainMenu:PersistentLevel.MainMenu'
[2018.02.22-09.20.50:383][656]LogPlayLevel: PlayLevel: No blueprints needed recompiling
[2018.02.22-09.20.50:390][656]PIE: New page: PIE session: MainMenu (22 Feb 2018 09:20:50)
[2018.02.22-09.20.50:392][656]LogPlayLevel: Creating play world package: /Game/Levels/UEDPIE_0_MainMenu
[2018.02.22-09.20.50:421][656]LogPlayLevel: PIE: StaticDuplicateObject took: (0.026526s)
[2018.02.22-09.20.50:427][656]LogAIModule: Creating AISystem for world MainMenu
[2018.02.22-09.20.50:431][656]LogPlayLevel: PIE: World Init took: (0.009780s)
[2018.02.22-09.20.50:434][656]LogPlayLevel: PIE: Created PIE world by copying editor world from /Game/Levels/MainMenu.MainMenu to /Game/Levels/UEDPIE_0_MainMenu.MainMenu (0.041260s)
[2018.02.22-09.20.50:528][656]LogInit: XAudio2 using 'Headset Earphone (3- Corsair VOID Wireless Gaming Dongle)' : 2 channels at 48 kHz using 16 bits per sample (channel mask 0x3)
[2018.02.22-09.20.50:552][656]LogInit: FAudioDevice initialized.
[2018.02.22-09.20.50:612][656]LogLoad: Game class is 'FunctionalTestGameMode'
[2018.02.22-09.20.50:617][656]LogWorld: Bringing World /Game/Levels/UEDPIE_0_MainMenu.MainMenu up for play (max tick rate 0) at 2018.02.22-09.20.50
[2018.02.22-09.20.50:618][656]LogWorld: Bringing up level for play took: 0.004427
[2018.02.22-09.20.50:632][656]PIE: Play in editor start time for /Game/Levels/UEDPIE_0_MainMenu -0.475
[2018.02.22-09.20.50:655][656]LogBlueprintUserMessages: Late PlayInEditor Detection: Level '/Game/Levels/MainMenu.MainMenu:PersistentLevel' has LevelScriptBlueprint '/Game/Levels/MainMenu.MainMenu:PersistentLevel.MainMenu' with GeneratedClass '/Game/Levels/MainMenu.MainMenu_C' with ClassGeneratedBy '/Game/Levels/MainMenu.MainMenu:PersistentLevel.MainMenu'
[2018.02.22-09.20.53:875][887]LogBlueprintUserMessages: Early EndPlayMap Detection: Level '/Game/Levels/MainMenu.MainMenu:PersistentLevel' has LevelScriptBlueprint '/Game/Levels/MainMenu.MainMenu:PersistentLevel.MainMenu' with GeneratedClass '/Game/Levels/MainMenu.MainMenu_C' with ClassGeneratedBy '/Game/Levels/MainMenu.MainMenu:PersistentLevel.MainMenu'
[2018.02.22-09.20.53:933][887]LogBlueprintUserMessages: Late EndPlayMap Detection: Level '/Game/Levels/MainMenu.MainMenu:PersistentLevel' has LevelScriptBlueprint '/Game/Levels/MainMenu.MainMenu:PersistentLevel.MainMenu' with GeneratedClass '/Game/Levels/MainMenu.MainMenu_C' with ClassGeneratedBy '/Game/Levels/MainMenu.MainMenu:PersistentLevel.MainMenu'
[2018.02.22-09.20.55:964][  7]LogAIModule: Creating AISystem for world PrototypeLevel
[2018.02.22-09.20.56:104][  7]Cmd: MAP LOAD FILE="../../../../../../Users/Tyler/Documents/GitHub/mgp-mgp-group-11/Development/Unreal Project/Content/Levels/PrototypeLevel.umap" TEMPLATE=0 SHOWPROGRESS=1 FEATURELEVEL=0
[2018.02.22-09.20.56:106][  7]LightingResults: New page: Lighting Build
[2018.02.22-09.20.56:113][  7]LoadErrors: New page: Loading map: PrototypeLevel.umap
[2018.02.22-09.20.56:114][  7]MapCheck: New page: Map Check
[2018.02.22-09.20.56:114][  7]LightingResults: New page: Lighting Build
[2018.02.22-09.20.56:189][  7]LogWorld: Changing Feature Level (Enum) from 3 to 0
[2018.02.22-09.20.57:088][  7]LogEditorServer: Finished looking for orphan Actors (0.000 secs)
[2018.02.22-09.20.57:274][  7]Cmd: MAP CHECKDEP NOCLEARLOG
[2018.02.22-09.20.57:478][  7]MapCheck: Map check complete: 0 Error(s), 0 Warning(s), took 204.219ms to complete.
[2018.02.22-09.20.57:489][  7]LogSlate: Took 0.008784 seconds to synchronously load lazily loaded font '../../../Engine/Content/Slate/Fonts/Roboto-Regular.ttf' (155K)
[2018.02.22-09.20.57:508][  7]LogFileHelpers: Loading map 'PrototypeLevel' took 1.410
[2018.02.22-09.20.59:145][ 98]LogTemp: Repeating last play command: Selected Viewport
[2018.02.22-09.20.59:196][ 98]LogBlueprintUserMessages: Early PlayInEditor Detection: Level '/Game/Levels/PrototypeLevel.PrototypeLevel:PersistentLevel' has LevelScriptBlueprint '/Game/Levels/PrototypeLevel.PrototypeLevel:PersistentLevel.PrototypeLevel' with GeneratedClass '/Game/Levels/PrototypeLevel.PrototypeLevel_C' with ClassGeneratedBy '/Game/Levels/PrototypeLevel.PrototypeLevel:PersistentLevel.PrototypeLevel'
[2018.02.22-09.20.59:197][ 98]LogPlayLevel: PlayLevel: No blueprints needed recompiling
[2018.02.22-09.20.59:197][ 98]PIE: New page: PIE session: PrototypeLevel (22 Feb 2018 09:20:59)
[2018.02.22-09.20.59:197][ 98]LogPlayLevel: Creating play world package: /Game/Levels/UEDPIE_0_PrototypeLevel
[2018.02.22-09.20.59:222][ 98]LogPlayLevel: PIE: StaticDuplicateObject took: (0.024924s)
[2018.02.22-09.20.59:225][ 98]LogAIModule: Creating AISystem for world PrototypeLevel
[2018.02.22-09.20.59:225][ 98]LogPlayLevel: PIE: World Init took: (0.002996s)
[2018.02.22-09.20.59:225][ 98]LogPlayLevel: PIE: Created PIE world by copying editor world from /Game/Levels/PrototypeLevel.PrototypeLevel to /Game/Levels/UEDPIE_0_PrototypeLevel.PrototypeLevel (0.028511s)
[2018.02.22-09.20.59:271][ 98]LogInit: XAudio2 using 'Headset Earphone (3- Corsair VOID Wireless Gaming Dongle)' : 2 channels at 48 kHz using 16 bits per sample (channel mask 0x3)
[2018.02.22-09.20.59:287][ 98]LogInit: FAudioDevice initialized.
[2018.02.22-09.20.59:332][ 98]LogLoad: Game class is 'FunctionalTestGameMode'
[2018.02.22-09.20.59:350][ 98]LogWorld: Bringing World /Game/Levels/UEDPIE_0_PrototypeLevel.PrototypeLevel up for play (max tick rate 0) at 2018.02.22-09.20.59
[2018.02.22-09.20.59:359][ 98]LogWorld: Bringing up level for play took: 0.024966
[2018.02.22-09.20.59:369][ 98]PIE: Play in editor start time for /Game/Levels/UEDPIE_0_PrototypeLevel 0.262
[2018.02.22-09.20.59:370][ 98]LogBlueprintUserMessages: Late PlayInEditor Detection: Level '/Game/Levels/PrototypeLevel.PrototypeLevel:PersistentLevel' has LevelScriptBlueprint '/Game/Levels/PrototypeLevel.PrototypeLevel:PersistentLevel.PrototypeLevel' with GeneratedClass '/Game/Levels/PrototypeLevel.PrototypeLevel_C' with ClassGeneratedBy '/Game/Levels/PrototypeLevel.PrototypeLevel:PersistentLevel.PrototypeLevel'
[2018.02.22-09.21.01:270][222]LogBlueprintUserMessages: Early EndPlayMap Detection: Level '/Game/Levels/PrototypeLevel.PrototypeLevel:PersistentLevel' has LevelScriptBlueprint '/Game/Levels/PrototypeLevel.PrototypeLevel:PersistentLevel.PrototypeLevel' with GeneratedClass '/Game/Levels/PrototypeLevel.PrototypeLevel_C' with ClassGeneratedBy '/Game/Levels/PrototypeLevel.PrototypeLevel:PersistentLevel.PrototypeLevel'
[2018.02.22-09.21.01:319][222]LogBlueprintUserMessages: Late EndPlayMap Detection: Level '/Game/Levels/PrototypeLevel.PrototypeLevel:PersistentLevel' has LevelScriptBlueprint '/Game/Levels/PrototypeLevel.PrototypeLevel:PersistentLevel.PrototypeLevel' with GeneratedClass '/Game/Levels/PrototypeLevel.PrototypeLevel_C' with ClassGeneratedBy '/Game/Levels/PrototypeLevel.PrototypeLevel:PersistentLevel.PrototypeLevel'
[2018.02.22-09.21.03:434][336]LogAIModule: Creating AISystem for world MainMenu
[2018.02.22-09.21.03:488][336]Cmd: MAP LOAD FILE="../../../../../../Users/Tyler/Documents/GitHub/mgp-mgp-group-11/Development/Unreal Project/Content/Levels/MainMenu.umap" TEMPLATE=0 SHOWPROGRESS=1 FEATURELEVEL=0
[2018.02.22-09.21.03:488][336]LightingResults: New page: Lighting Build
[2018.02.22-09.21.03:490][336]LoadErrors: New page: Loading map: MainMenu.umap
[2018.02.22-09.21.03:491][336]MapCheck: New page: Map Check
[2018.02.22-09.21.03:491][336]LightingResults: New page: Lighting Build
[2018.02.22-09.21.03:521][336]LogWorld: Changing Feature Level (Enum) from 3 to 0
[2018.02.22-09.21.04:325][336]LogEditorServer: Finished looking for orphan Actors (0.000 secs)
[2018.02.22-09.21.04:465][336]Cmd: MAP CHECKDEP NOCLEARLOG
[2018.02.22-09.21.04:631][336]MapCheck: Map check complete: 0 Error(s), 0 Warning(s), took 165.4ms to complete.
[2018.02.22-09.21.04:631][336]LogFileHelpers: Loading map 'MainMenu' took 1.143
[2018.02.22-09.21.06:119][391]Cmd: QUIT_EDITOR
[2018.02.22-09.21.06:835][391]LogWindowsTextInputMethodSystem: Display: IME system now deactivated.
[2018.02.22-09.21.06:901][391]LogExit: Preparing to exit.
[2018.02.22-09.21.07:726][391]LogDirectoryWatcher: A directory notification for 'C:/Users/Tyler/Documents/GitHub/mgp-mgp-group-11/Development/Unreal Project/Content/' was aborted.
[2018.02.22-09.21.08:093][391]LogExit: Editor shut down
[2018.02.22-09.21.08:231][391]LogExit: Transaction tracking system shut down
[2018.02.22-09.21.08:545][391]LogDirectoryWatcher: A directory notification for '../../../Engine/Content/' was aborted.
[2018.02.22-09.21.08:545][391]LogDirectoryWatcher: A directory notification for '../../../../../../Users/Tyler/Documents/GitHub/mgp-mgp-group-11/Development/Unreal Project/Content/' was aborted.
[2018.02.22-09.21.08:545][391]LogDirectoryWatcher: A directory notification for '../../../Engine/Plugins/2D/Paper2D/Content/' was aborted.
[2018.02.22-09.21.08:546][391]LogDirectoryWatcher: A directory notification for '../../../Engine/Plugins/Runtime/Oculus/OculusVR/Content/' was aborted.
[2018.02.22-09.21.08:546][391]LogDirectoryWatcher: A directory notification for '../../../Engine/Plugins/Runtime/Steam/SteamVR/Content/' was aborted.
[2018.02.22-09.21.08:871][391]LogExit: Object subsystem successfully closed.
[2018.02.22-09.21.08:932][391]LogD3D11RHI: Shutdown
[2018.02.22-09.21.08:932][391]LogD3D11RHI: CleanupD3DDevice
[2018.02.22-09.21.09:093][391]LogD3D11RHI: ~FD3D11DynamicRHI
[2018.02.22-09.21.09:185][391]LogModuleManager: Shutting down and abandoning module MovieSceneCapture (532)
[2018.02.22-09.21.09:185][391]LogModuleManager: Shutting down and abandoning module HierarchicalLODOutliner (530)
[2018.02.22-09.21.09:185][391]LogModuleManager: Shutting down and abandoning module SceneOutliner (528)
[2018.02.22-09.21.09:185][391]LogModuleManager: Shutting down and abandoning module AddContentDialog (526)
[2018.02.22-09.21.09:189][391]LogDirectoryWatcher: A directory notification for 'C:/Program Files/Epic Games/UE_4.17/FeaturePacks/' was aborted.
[2018.02.22-09.21.09:209][391]LogModuleManager: Shutting down and abandoning module WidgetCarousel (525)
[2018.02.22-09.21.09:209][391]LogModuleManager: Shutting down and abandoning module EditorWidgets (522)
[2018.02.22-09.21.09:209][391]LogModuleManager: Shutting down and abandoning module CollectionManager (520)
[2018.02.22-09.21.09:209][391]LogDirectoryWatcher: A directory notification for 'C:/Users/Tyler/Documents/GitHub/mgp-mgp-group-11/Development/Unreal Project/Content/Collections/' was aborted.
[2018.02.22-09.21.09:209][391]LogDirectoryWatcher: A directory notification for 'C:/Users/Tyler/Documents/GitHub/mgp-mgp-group-11/Development/Unreal Project/Content/Developers/Tyler/Collections/' was aborted.
[2018.02.22-09.21.09:210][391]LogDirectoryWatcher: A directory notification for 'C:/Users/Tyler/Documents/GitHub/mgp-mgp-group-11/Development/Unreal Project/Saved/Collections/' was aborted.
[2018.02.22-09.21.09:210][391]LogModuleManager: Shutting down and abandoning module StatsViewer (518)
[2018.02.22-09.21.09:211][391]LogModuleManager: Shutting down and abandoning module FoliageEdit (516)
[2018.02.22-09.21.09:211][391]LogModuleManager: Shutting down and abandoning module LandscapeEditor (514)
[2018.02.22-09.21.09:215][391]LogModuleManager: Shutting down and abandoning module MeshPaintMode (512)
[2018.02.22-09.21.09:215][391]LogModuleManager: Shutting down and abandoning module SceneDepthPickerMode (510)
[2018.02.22-09.21.09:215][391]LogModuleManager: Shutting down and abandoning module ActorPickerMode (508)
[2018.02.22-09.21.09:215][391]LogModuleManager: Shutting down and abandoning module GeometryMode (506)
[2018.02.22-09.21.09:215][391]LogModuleManager: Shutting down and abandoning module TextureAlignMode (504)
[2018.02.22-09.21.09:216][391]LogModuleManager: Shutting down and abandoning module BspMode (502)
[2018.02.22-09.21.09:216][391]LogModuleManager: Shutting down and abandoning module PIEPreviewDeviceProfileSelector (500)
[2018.02.22-09.21.09:216][391]LogModuleManager: Shutting down and abandoning module HardwareSurvey (498)
[2018.02.22-09.21.09:216][391]LogModuleManager: Shutting down and abandoning module SequenceRecorderSections (496)
[2018.02.22-09.21.09:216][391]LogModuleManager: Shutting down and abandoning module AutomationWorker (494)
[2018.02.22-09.21.09:216][391]LogModuleManager: Shutting down and abandoning module MatineeToLevelSequence (492)
[2018.02.22-09.21.09:217][391]LogModuleManager: Shutting down and abandoning module LevelSequenceEditor (490)
[2018.02.22-09.21.09:220][391]LogModuleManager: Shutting down and abandoning module PlacementMode (489)
[2018.02.22-09.21.09:220][391]LogModuleManager: Shutting down and abandoning module WmfMediaFactory (486)
[2018.02.22-09.21.09:220][391]LogModuleManager: Shutting down and abandoning module WmfMediaEditor (484)
[2018.02.22-09.21.09:220][391]LogModuleManager: Shutting down and abandoning module AvfMediaFactory (482)
[2018.02.22-09.21.09:220][391]LogModuleManager: Shutting down and abandoning module AvfMediaEditor (480)
[2018.02.22-09.21.09:220][391]LogModuleManager: Shutting down and abandoning module AndroidMediaFactory (478)
[2018.02.22-09.21.09:220][391]LogModuleManager: Shutting down and abandoning module Media (477)
[2018.02.22-09.21.09:220][391]LogModuleManager: Shutting down and abandoning module AndroidMediaEditor (474)
[2018.02.22-09.21.09:220][391]LogModuleManager: Shutting down and abandoning module CharacterAI (472)
[2018.02.22-09.21.09:220][391]LogModuleManager: Shutting down and abandoning module AudioCapture (470)
[2018.02.22-09.21.09:220][391]LogModuleManager: Shutting down and abandoning module SequenceRecorder (469)
[2018.02.22-09.21.09:221][391]LogModuleManager: Shutting down and abandoning module SmartSnapping (466)
[2018.02.22-09.21.09:221][391]LogModuleManager: Shutting down and abandoning module SessionServices (464)
[2018.02.22-09.21.09:221][391]LogModuleManager: Shutting down and abandoning module ViewportSnapping (462)
[2018.02.22-09.21.09:221][391]LogModuleManager: Shutting down and abandoning module ViewportInteraction (460)
[2018.02.22-09.21.09:221][391]LogModuleManager: Shutting down and abandoning module ClothPainter (458)
[2018.02.22-09.21.09:222][391]LogModuleManager: Shutting down and abandoning module LogVisualizer (456)
[2018.02.22-09.21.09:225][391]LogModuleManager: Shutting down and abandoning module IntroTutorials (454)
[2018.02.22-09.21.09:227][391]LogModuleManager: Shutting down and abandoning module GameProjectGeneration (453)
[2018.02.22-09.21.09:228][391]LogModuleManager: Shutting down and abandoning module IOSPlatformEditor (450)
[2018.02.22-09.21.09:229][391]LogModuleManager: Shutting down and abandoning module HTML5PlatformEditor (448)
[2018.02.22-09.21.09:229][391]LogModuleManager: Shutting down and abandoning module AndroidPlatformEditor (446)
[2018.02.22-09.21.09:229][391]LogModuleManager: Shutting down and abandoning module AndroidDeviceDetection (445)
[2018.02.22-09.21.09:483][391]LogModuleManager: Shutting down and abandoning module WindowsPlatformEditor (442)
[2018.02.22-09.21.09:483][391]LogModuleManager: Shutting down and abandoning module IOSRuntimeSettings (440)
[2018.02.22-09.21.09:483][391]LogModuleManager: Shutting down and abandoning module AndroidRuntimeSettings (438)
[2018.02.22-09.21.09:483][391]LogModuleManager: Shutting down and abandoning module InputBindingEditor (436)
[2018.02.22-09.21.09:484][391]LogModuleManager: Shutting down and abandoning module MergeActors (434)
[2018.02.22-09.21.09:485][391]LogModuleManager: Shutting down and abandoning module SizeMap (432)
[2018.02.22-09.21.09:486][391]LogModuleManager: Shutting down and abandoning module TreeMap (430)
[2018.02.22-09.21.09:486][391]LogModuleManager: Shutting down and abandoning module ReferenceViewer (428)
[2018.02.22-09.21.09:486][391]LogModuleManager: Shutting down and abandoning module LocalizationDashboard (426)
[2018.02.22-09.21.09:487][391]LogModuleManager: Shutting down and abandoning module LocalizationService (425)
[2018.02.22-09.21.09:488][391]LogModuleManager: Shutting down and abandoning module HardwareTargeting (422)
[2018.02.22-09.21.09:488][391]LogModuleManager: Shutting down and abandoning module DeviceProfileEditor (420)
[2018.02.22-09.21.09:489][391]LogModuleManager: Shutting down and abandoning module UndoHistory (418)
[2018.02.22-09.21.09:489][391]LogModuleManager: Shutting down and abandoning module XmlParser (416)
[2018.02.22-09.21.09:489][391]LogModuleManager: Shutting down and abandoning module Blutility (414)
[2018.02.22-09.21.09:489][391]LogModuleManager: Shutting down and abandoning module ProjectSettingsViewer (412)
[2018.02.22-09.21.09:490][391]LogModuleManager: Shutting down and abandoning module ProjectTargetPlatformEditor (411)
[2018.02.22-09.21.09:490][391]LogModuleManager: Shutting down and abandoning module EditorSettingsViewer (408)
[2018.02.22-09.21.09:490][391]LogModuleManager: Shutting down and abandoning module SettingsEditor (406)
[2018.02.22-09.21.09:491][391]LogModuleManager: Shutting down and abandoning module ProjectLauncher (404)
[2018.02.22-09.21.09:493][391]LogModuleManager: Shutting down and abandoning module SessionFrontend (402)
[2018.02.22-09.21.09:493][391]LogModuleManager: Shutting down and abandoning module ProfilerClient (400)
[2018.02.22-09.21.09:494][391]LogModuleManager: Shutting down and abandoning module DeviceManager (398)
[2018.02.22-09.21.09:494][391]LogModuleManager: Shutting down and abandoning module TargetDeviceServices (397)
[2018.02.22-09.21.09:548][391]LogModuleManager: Shutting down and abandoning module AutomationController (394)
[2018.02.22-09.21.09:548][391]LogModuleManager: Shutting down and abandoning module AutomationWindow (392)
[2018.02.22-09.21.09:549][391]LogModuleManager: Shutting down and abandoning module Layers (390)
[2018.02.22-09.21.09:552][391]LogModuleManager: Shutting down and abandoning module ComponentVisualizers (388)
[2018.02.22-09.21.09:552][391]LogModuleManager: Shutting down and abandoning module DetailCustomizations (386)
[2018.02.22-09.21.09:556][391]LogModuleManager: Shutting down and abandoning module PackagesDialog (384)
[2018.02.22-09.21.09:557][391]LogModuleManager: Shutting down and abandoning module Persona (382)
[2018.02.22-09.21.09:558][391]LogModuleManager: Shutting down and abandoning module AdvancedPreviewScene (381)
[2018.02.22-09.21.09:558][391]LogModuleManager: Shutting down and abandoning module AnimGraph (379)
[2018.02.22-09.21.09:559][391]LogModuleManager: Shutting down and abandoning module Kismet (376)
[2018.02.22-09.21.09:560][391]LogModuleManager: Shutting down and abandoning module ClassViewer (374)
[2018.02.22-09.21.09:561][391]LogModuleManager: Shutting down and abandoning module Toolbox (372)
[2018.02.22-09.21.09:561][391]LogModuleManager: Shutting down and abandoning module ModuleUI (370)
[2018.02.22-09.21.09:561][391]LogModuleManager: Shutting down and abandoning module MovieSceneTools (368)
[2018.02.22-09.21.09:563][391]LogModuleManager: Shutting down and abandoning module OutputLog (366)
[2018.02.22-09.21.09:563][391]LogModuleManager: Shutting down and abandoning module GammaUI (364)
[2018.02.22-09.21.09:564][391]LogModuleManager: Shutting down and abandoning module Documentation (362)
[2018.02.22-09.21.09:564][391]LogModuleManager: Shutting down and abandoning module MovieSceneTracks (360)
[2018.02.22-09.21.09:564][391]LogModuleManager: Shutting down and abandoning module MovieScene (358)
[2018.02.22-09.21.09:564][391]LogModuleManager: Shutting down and abandoning module Niagara (356)
[2018.02.22-09.21.09:564][391]LogModuleManager: Shutting down and abandoning module NiagaraEditor (355)
[2018.02.22-09.21.09:564][391]LogModuleManager: Shutting down and abandoning module StreamingPauseRendering (352)
[2018.02.22-09.21.09:564][391]LogModuleManager: Shutting down and abandoning module LauncherPlatform (350)
[2018.02.22-09.21.09:564][391]LogModuleManager: Shutting down and abandoning module AnalyticsET (348)
[2018.02.22-09.21.09:564][391]LogModuleManager: Shutting down and abandoning module PortalServices (346)
[2018.02.22-09.21.09:564][391]LogModuleManager: Shutting down and abandoning module PortalRpc (344)
[2018.02.22-09.21.09:564][391]LogModuleManager: Shutting down and abandoning module MessagingRpc (342)
[2018.02.22-09.21.09:564][391]LogModuleManager: Shutting down and abandoning module AIModule (340)
[2018.02.22-09.21.09:564][391]LogModuleManager: Shutting down and abandoning module GameplayDebugger (339)
[2018.02.22-09.21.09:564][391]LogModuleManager: Shutting down and abandoning module AITestSuite (337)
[2018.02.22-09.21.09:564][391]LogModuleManager: Shutting down and abandoning module ProfilerService (334)
[2018.02.22-09.21.09:591][391]LogModuleManager: Shutting down and abandoning module TaskGraph (332)
[2018.02.22-09.21.09:591][391]LogModuleManager: Shutting down and abandoning module SteamVRController (330)
[2018.02.22-09.21.09:591][391]LogModuleManager: Shutting down and abandoning module ProceduralMeshComponentEditor (328)
[2018.02.22-09.21.09:591][391]LogModuleManager: Shutting down and abandoning module ProceduralMeshComponent (326)
[2018.02.22-09.21.09:591][391]LogModuleManager: Shutting down and abandoning module OculusInput (324)
[2018.02.22-09.21.09:591][391]LogModuleManager: Shutting down and abandoning module MobilePatchingUtils (322)
[2018.02.22-09.21.09:591][391]LogModuleManager: Shutting down and abandoning module CustomMeshComponent (320)
[2018.02.22-09.21.09:591][391]LogModuleManager: Shutting down and abandoning module CableComponent (318)
[2018.02.22-09.21.09:591][391]LogModuleManager: Shutting down and abandoning module ArchVisCharacter (316)
[2018.02.22-09.21.09:591][391]LogModuleManager: Shutting down and abandoning module AndroidPermission (314)
[2018.02.22-09.21.09:591][391]LogModuleManager: Shutting down and abandoning module MediaPlayerEditor (310)
[2018.02.22-09.21.09:594][391]LogModuleManager: Shutting down and abandoning module HTML5Networking (308)
[2018.02.22-09.21.09:594][391]LogModuleManager: Shutting down and abandoning module AlembicImporter (306)
[2018.02.22-09.21.09:594][391]LogModuleManager: Shutting down and abandoning module AlembicLibrary (305)
[2018.02.22-09.21.09:595][391]LogModuleManager: Shutting down and abandoning module GeometryCache (304)
[2018.02.22-09.21.09:595][391]LogModuleManager: Shutting down and abandoning module GeometryCacheEd (303)
[2018.02.22-09.21.09:595][391]LogModuleManager: Shutting down and abandoning module SpeedTreeImporter (298)
[2018.02.22-09.21.09:595][391]LogModuleManager: Shutting down and abandoning module PluginBrowser (296)
[2018.02.22-09.21.09:597][391]LogModuleManager: Shutting down and abandoning module MobileLauncherProfileWizard (294)
[2018.02.22-09.21.09:598][391]LogModuleManager: Shutting down and abandoning module VisualStudioSourceCodeAccess (292)
[2018.02.22-09.21.09:598][391]LogModuleManager: Shutting down and abandoning module DesktopPlatform (291)
[2018.02.22-09.21.09:598][391]LogModuleManager: Shutting down and abandoning module UObjectPlugin (288)
[2018.02.22-09.21.09:598][391]LogModuleManager: Shutting down and abandoning module SubversionSourceControl (286)
[2018.02.22-09.21.09:598][391]LogModuleManager: Shutting down and abandoning module PerforceSourceControl (284)
[2018.02.22-09.21.09:599][391]LogModuleManager: Shutting down and abandoning module GitSourceControl (282)
[2018.02.22-09.21.09:601][391]LogModuleManager: Shutting down and abandoning module SourceControl (281)
[2018.02.22-09.21.09:601][391]LogModuleManager: Shutting down and abandoning module LightPropagationVolumeEditor (278)
[2018.02.22-09.21.09:601][391]LogModuleManager: Shutting down and abandoning module PaperTiledImporter (276)
[2018.02.22-09.21.09:601][391]LogModuleManager: Shutting down and abandoning module PaperSpriteSheetImporter (274)
[2018.02.22-09.21.09:601][391]LogModuleManager: Shutting down and abandoning module Paper2DEditor (272)
[2018.02.22-09.21.09:602][391]LogModuleManager: Shutting down and abandoning module MeshPaint (271)
[2018.02.22-09.21.09:603][391]LogModuleManager: Shutting down and abandoning module LevelEditor (269)
[2018.02.22-09.21.09:605][391]LogModuleManager: Shutting down and abandoning module PixelInspectorModule (268)
[2018.02.22-09.21.09:606][391]LogModuleManager: Shutting down and abandoning module MainFrame (266)
[2018.02.22-09.21.09:606][391]LogModuleManager: Shutting down and abandoning module HotReload (265)
[2018.02.22-09.21.09:608][391]LogModuleManager: Shutting down and abandoning module RuntimePhysXCooking (260)
[2018.02.22-09.21.09:608][391]LogModuleManager: Shutting down and abandoning module PhysXVehiclesEditor (258)
[2018.02.22-09.21.09:608][391]LogModuleManager: Shutting down and abandoning module PhysXVehicles (256)
[2018.02.22-09.21.09:608][391]LogModuleManager: Shutting down and abandoning module OculusEditor (254)
[2018.02.22-09.21.09:608][391]LogModuleManager: Shutting down and abandoning module LocationServicesBPLibrary (252)
[2018.02.22-09.21.09:608][391]LogModuleManager: Shutting down and abandoning module ImmediatePhysicsEditor (250)
[2018.02.22-09.21.09:608][391]LogModuleManager: Shutting down and abandoning module ImmediatePhysics (248)
[2018.02.22-09.21.09:608][391]LogModuleManager: Shutting down and abandoning module UdpMessaging (246)
[2018.02.22-09.21.09:709][391]LogModuleManager: Shutting down and abandoning module TcpMessaging (244)
[2018.02.22-09.21.09:810][391]LogModuleManager: Shutting down and abandoning module GameplayTagsEditor (242)
[2018.02.22-09.21.09:811][391]LogModuleManager: Shutting down and abandoning module FacialAnimationEditor (240)
[2018.02.22-09.21.09:812][391]LogModuleManager: Shutting down and abandoning module FacialAnimation (238)
[2018.02.22-09.21.09:812][391]LogModuleManager: Shutting down and abandoning module AssetManagerEditor (236)
[2018.02.22-09.21.09:812][391]LogModuleManager: Shutting down and abandoning module GraphEditor (235)
[2018.02.22-09.21.09:812][391]LogModuleManager: Shutting down and abandoning module ContentBrowser (233)
[2018.02.22-09.21.09:816][391]LogModuleManager: Shutting down and abandoning module LightPropagationVolumeRuntime (230)
[2018.02.22-09.21.09:816][391]LogModuleManager: Shutting down and abandoning module Paper2D (228)
[2018.02.22-09.21.09:816][391]LogModuleManager: Shutting down and abandoning module WindowsMoviePlayer (226)
[2018.02.22-09.21.09:817][391]LogModuleManager: Shutting down and abandoning module WmfMedia (224)
[2018.02.22-09.21.09:823][391]LogModuleManager: Shutting down and abandoning module PacketHandler (222)
[2018.02.22-09.21.09:823][391]LogModuleManager: Shutting down and abandoning module ClothingSystemEditor (220)
[2018.02.22-09.21.09:823][391]LogModuleManager: Shutting down and abandoning module ClothingSystemRuntime (218)
[2018.02.22-09.21.09:823][391]LogModuleManager: Shutting down and abandoning module Overlay (216)
[2018.02.22-09.21.09:824][391]LogModuleManager: Shutting down and abandoning module OverlayEditor (215)
[2018.02.22-09.21.09:824][391]LogModuleManager: Shutting down and abandoning module MediaAssets (212)
[2018.02.22-09.21.09:824][391]LogModuleManager: Shutting down and abandoning module VREditor (210)
[2018.02.22-09.21.09:825][391]LogModuleManager: Shutting down and abandoning module StringTableEditor (208)
[2018.02.22-09.21.09:825][391]LogModuleManager: Shutting down and abandoning module GameplayTasksEditor (206)
[2018.02.22-09.21.09:825][391]LogModuleManager: Shutting down and abandoning module BehaviorTreeEditor (204)
[2018.02.22-09.21.09:825][391]LogModuleManager: Shutting down and abandoning module FunctionalTesting (202)
[2018.02.22-09.21.09:825][391]LogModuleManager: Shutting down and abandoning module CollisionAnalyzer (200)
[2018.02.22-09.21.09:825][391]LogModuleManager: Shutting down and abandoning module WorkspaceMenuStructure (199)
[2018.02.22-09.21.09:827][391]LogModuleManager: Shutting down and abandoning module UMG (196)
[2018.02.22-09.21.09:827][391]LogModuleManager: Shutting down and abandoning module UMGEditor (195)
[2018.02.22-09.21.09:827][391]LogModuleManager: Shutting down and abandoning module Sequencer (194)
[2018.02.22-09.21.09:828][391]LogModuleManager: Shutting down and abandoning module MessageLog (191)
[2018.02.22-09.21.09:828][391]LogModuleManager: Shutting down and abandoning module SlateReflector (186)
[2018.02.22-09.21.09:828][391]LogModuleManager: Shutting down and abandoning module Slate (184)
[2018.02.22-09.21.09:828][391]LogModuleManager: Shutting down and abandoning module EditorStyle (182)
[2018.02.22-09.21.09:834][391]LogModuleManager: Shutting down and abandoning module MRMesh (180)
[2018.02.22-09.21.09:834][391]LogModuleManager: Shutting down and abandoning module SourceCodeAccess (178)
[2018.02.22-09.21.09:834][391]LogModuleManager: Shutting down and abandoning module HeadMountedDisplay (176)
[2018.02.22-09.21.09:834][391]LogModuleManager: Shutting down and abandoning module XAudio2 (174)
[2018.02.22-09.21.09:834][391]LogModuleManager: Shutting down and abandoning module Networking (172)
[2018.02.22-09.21.09:834][391]LogModuleManager: Shutting down and abandoning module Core (168)
[2018.02.22-09.21.09:834][391]LogModuleManager: Shutting down and abandoning module KismetCompiler (164)
[2018.02.22-09.21.09:834][391]LogModuleManager: Shutting down and abandoning module LevelSequence (162)
[2018.02.22-09.21.09:834][391]LogModuleManager: Shutting down and abandoning module MeshUtilities (160)
[2018.02.22-09.21.09:834][391]LogModuleManager: Shutting down and abandoning module MeshMergeUtilities (159)
[2018.02.22-09.21.09:834][391]LogModuleManager: Shutting down and abandoning module MeshReductionInterface (158)
[2018.02.22-09.21.09:834][391]LogModuleManager: Shutting down and abandoning module SimplygonSwarm (157)
[2018.02.22-09.21.09:834][391]LogModuleManager: Shutting down and abandoning module SimplygonMeshReduction (155)
[2018.02.22-09.21.09:834][391]LogModuleManager: Shutting down and abandoning module QuadricMeshReduction (153)
[2018.02.22-09.21.09:834][391]LogModuleManager: Shutting down and abandoning module MaterialBaking (149)
[2018.02.22-09.21.09:835][391]LogModuleManager: Shutting down and abandoning module DirectoryWatcher (146)
[2018.02.22-09.21.09:845][391]LogModuleManager: Shutting down and abandoning module DerivedDataCache (144)
[2018.02.22-09.21.09:931][391]LogDerivedDataCache: Shutdown
[2018.02.22-09.21.09:931][391]LogModuleManager: Shutting down and abandoning module TargetPlatform (142)
[2018.02.22-09.21.09:932][391]LogModuleManager: Shutting down and abandoning module VulkanShaderFormat (141)
[2018.02.22-09.21.09:932][391]LogModuleManager: Shutting down and abandoning module ShaderFormatVectorVM (139)
[2018.02.22-09.21.09:932][391]LogModuleManager: Shutting down and abandoning module ShaderFormatOpenGL (137)
[2018.02.22-09.21.09:932][391]LogModuleManager: Shutting down and abandoning module ShaderFormatD3D (135)
[2018.02.22-09.21.09:932][391]LogModuleManager: Shutting down and abandoning module MetalShaderFormat (133)
[2018.02.22-09.21.09:932][391]LogModuleManager: Shutting down and abandoning module TextureFormatUncompressed (131)
[2018.02.22-09.21.09:932][391]LogModuleManager: Shutting down and abandoning module TextureFormatPVR (129)
[2018.02.22-09.21.09:932][391]LogModuleManager: Shutting down and abandoning module TextureFormatDXT (127)
[2018.02.22-09.21.09:932][391]LogModuleManager: Shutting down and abandoning module TextureFormatIntelISPCTexComp (125)
[2018.02.22-09.21.09:932][391]LogModuleManager: Shutting down and abandoning module TextureFormatASTC (123)
[2018.02.22-09.21.09:932][391]LogModuleManager: Shutting down and abandoning module ImageWrapper (122)
[2018.02.22-09.21.09:932][391]LogModuleManager: Shutting down and abandoning module TextureFormatAndroid (119)
[2018.02.22-09.21.09:932][391]LogModuleManager: Shutting down and abandoning module AudioFormatOpus (117)
[2018.02.22-09.21.09:932][391]LogModuleManager: Shutting down and abandoning module AudioFormatOgg (115)
[2018.02.22-09.21.09:932][391]LogModuleManager: Shutting down and abandoning module AudioFormatADPCM (113)
[2018.02.22-09.21.09:932][391]LogModuleManager: Shutting down and abandoning module LinuxTargetPlatform (111)
[2018.02.22-09.21.09:932][391]LogModuleManager: Shutting down and abandoning module LinuxServerTargetPlatform (109)
[2018.02.22-09.21.09:933][391]LogModuleManager: Shutting down and abandoning module LinuxNoEditorTargetPlatform (107)
[2018.02.22-09.21.09:933][391]LogModuleManager: Shutting down and abandoning module LinuxClientTargetPlatform (105)
[2018.02.22-09.21.09:933][391]LogModuleManager: Shutting down and abandoning module TVOSTargetPlatform (103)
[2018.02.22-09.21.09:933][391]LogModuleManager: Shutting down and abandoning module Messaging (101)
[2018.02.22-09.21.09:933][391]LogModuleManager: Shutting down and abandoning module IOSTargetPlatform (99)
[2018.02.22-09.21.09:934][391]LogModuleManager: Shutting down and abandoning module HTML5TargetPlatform (97)
[2018.02.22-09.21.09:934][391]LogModuleManager: Shutting down and abandoning module Android_PVRTCTargetPlatform (95)
[2018.02.22-09.21.09:934][391]LogModuleManager: Shutting down and abandoning module Android_MultiTargetPlatform (93)
[2018.02.22-09.21.09:934][391]LogModuleManager: Shutting down and abandoning module Android_ETC2TargetPlatform (91)
[2018.02.22-09.21.09:935][391]LogModuleManager: Shutting down and abandoning module Android_ETC1TargetPlatform (89)
[2018.02.22-09.21.09:935][391]LogModuleManager: Shutting down and abandoning module Android_DXTTargetPlatform (87)
[2018.02.22-09.21.09:935][391]LogModuleManager: Shutting down and abandoning module Android_ATCTargetPlatform (85)
[2018.02.22-09.21.09:935][391]LogModuleManager: Shutting down and abandoning module Android_ASTCTargetPlatform (83)
[2018.02.22-09.21.09:935][391]LogModuleManager: Shutting down and abandoning module AndroidTargetPlatform (81)
[2018.02.22-09.21.09:935][391]LogModuleManager: Shutting down and abandoning module WindowsTargetPlatform (79)
[2018.02.22-09.21.09:935][391]LogModuleManager: Shutting down and abandoning module WindowsServerTargetPlatform (77)
[2018.02.22-09.21.09:935][391]LogModuleManager: Shutting down and abandoning module WindowsNoEditorTargetPlatform (75)
[2018.02.22-09.21.09:935][391]LogModuleManager: Shutting down and abandoning module WindowsClientTargetPlatform (73)
[2018.02.22-09.21.09:935][391]LogModuleManager: Shutting down and abandoning module MacTargetPlatform (71)
[2018.02.22-09.21.09:935][391]LogModuleManager: Shutting down and abandoning module MacServerTargetPlatform (69)
[2018.02.22-09.21.09:935][391]LogModuleManager: Shutting down and abandoning module MacNoEditorTargetPlatform (67)
[2018.02.22-09.21.09:935][391]LogModuleManager: Shutting down and abandoning module MacClientTargetPlatform (65)
[2018.02.22-09.21.09:935][391]LogModuleManager: Shutting down and abandoning module AllDesktopTargetPlatform (63)
[2018.02.22-09.21.09:935][391]LogModuleManager: Shutting down and abandoning module InputCore (60)
[2018.02.22-09.21.09:935][391]LogModuleManager: Shutting down and abandoning module Settings (58)
[2018.02.22-09.21.09:937][391]LogModuleManager: Shutting down and abandoning module PhysXCooking (56)
[2018.02.22-09.21.09:937][391]LogModuleManager: Shutting down and abandoning module SteamVR (54)
[2018.02.22-09.21.09:937][391]LogModuleManager: Shutting down and abandoning module OculusHMD (52)
[2018.02.22-09.21.09:937][391]LogModuleManager: Shutting down and abandoning module ExampleDeviceProfileSelector (50)
[2018.02.22-09.21.09:937][391]LogModuleManager: Shutting down and abandoning module OnlineBlueprintSupport (48)
[2018.02.22-09.21.09:937][391]LogModuleManager: Shutting down and abandoning module OnlineSubsystem (44)
[2018.02.22-09.21.09:937][391]LogOnline: Display: Unloading online subsystem: NULL
[2018.02.22-09.21.09:937][391]LogModuleManager: Shutting down and abandoning module XMPP (43)
[2018.02.22-09.21.09:937][391]LogModuleManager: Shutting down and abandoning module HTTP (41)
[2018.02.22-09.21.09:937][391]LogHttp: Display: Http module shutting down, but needs to wait on 1 outstanding Http requests:
[2018.02.22-09.21.09:937][391]LogHttp: Display: 	verb=[POST] url=[https://datarouter.ol.epicgames.com/datarouter/api/v1/public/data?SessionID=%7BA3ADF997-4F7F-7CAE-8CC1-909BD840CDE5%7D&AppID=UEEditor.Rocket.Release&AppVersion=4.17.2-3658906%2B%2B%2BUE4%2BRelease-4.17&UserID=ad426ac64c6a4c3b3bc68a9d0be433f0%7C3e484fc28f53456396d68cb79bbbd8db%7C22fe4f5b-d916-4dca-8f3b-0be2b7be1635&AppEnvironment=datacollector-binary&UploadType=eteventstream] status=Processing
[2018.02.22-09.21.09:959][391]LogModuleManager: Shutting down and abandoning module SSL (40)
[2018.02.22-09.21.09:963][391]LogModuleManager: Shutting down and abandoning module AnimationModifiers (36)
[2018.02.22-09.21.09:963][391]LogModuleManager: Shutting down and abandoning module PropertyEditor (35)
[2018.02.22-09.21.09:965][391]LogModuleManager: Shutting down and abandoning module AudioEditor (32)
[2018.02.22-09.21.09:965][391]LogModuleManager: Shutting down and abandoning module TextureCompressor (30)
[2018.02.22-09.21.09:965][391]LogModuleManager: Shutting down and abandoning module ShaderCore (28)
[2018.02.22-09.21.09:965][391]LogModuleManager: Shutting down and abandoning module Landscape (26)
[2018.02.22-09.21.09:965][391]LogModuleManager: Shutting down and abandoning module SlateRHIRenderer (24)
[2018.02.22-09.21.09:978][391]LogModuleManager: Shutting down and abandoning module OpenGLDrv (22)
[2018.02.22-09.21.09:978][391]LogModuleManager: Shutting down and abandoning module D3D11RHI (20)
[2018.02.22-09.21.09:978][391]LogModuleManager: Shutting down and abandoning module AnimGraphRuntime (18)
[2018.02.22-09.21.09:978][391]LogModuleManager: Shutting down and abandoning module Renderer (16)
[2018.02.22-09.21.09:978][391]LogModuleManager: Shutting down and abandoning module Engine (14)
[2018.02.22-09.21.09:978][391]LogModuleManager: Shutting down and abandoning module CoreUObject (12)
[2018.02.22-09.21.09:978][391]LogModuleManager: Shutting down and abandoning module NetworkFile (10)
[2018.02.22-09.21.09:978][391]LogModuleManager: Shutting down and abandoning module CookedIterativeFile (8)
[2018.02.22-09.21.09:978][391]LogModuleManager: Shutting down and abandoning module StreamingFile (6)
[2018.02.22-09.21.09:978][391]LogModuleManager: Shutting down and abandoning module SandboxFile (4)
[2018.02.22-09.21.09:978][391]LogModuleManager: Shutting down and abandoning module PakFile (2)
[2018.02.22-09.21.10:026][391]LogExit: Exiting.
[2018.02.22-09.21.10:083][391]Log file closed, 02/22/18 09:21:10
