Log file open, 02/22/18 18:46:48
LogWindows: Failed to load 'aqProf.dll' (GetLastError=126)
LogWindows: File 'aqProf.dll' does not exist
LogWindows: Failed to load 'VSPerf140.dll' (GetLastError=126)
LogWindows: File 'VSPerf140.dll' does not exist
LogWindows: Failed to load 'VtuneApi.dll' (GetLastError=126)
LogWindows: File 'VtuneApi.dll' does not exist
LogWindows: Failed to load 'VtuneApi32e.dll' (GetLastError=126)
LogWindows: File 'VtuneApi32e.dll' does not exist
LogInit: Display: Running engine for game: Prototype_Group_11
LogPlatformFile: Not using cached read wrapper
LogInit: Display: RandInit(-1612583709) SRandInit(-1612583709).
LogTaskGraph: Started task graph with 5 named threads and 14 total threads with 3 sets of task threads.
LogStats: Stats thread started at 0.279170
LogD3D11RHI: Aftermath initialized
LogPluginManager: Mounting plugin Paper2D
LogPluginManager: Mounting plugin LightPropagationVolume
LogPluginManager: Mounting plugin CodeLiteSourceCodeAccess
LogPluginManager: Mounting plugin GitSourceControl
LogPluginManager: Mounting plugin KDevelopSourceCodeAccess
LogPluginManager: Mounting plugin NullSourceCodeAccess
LogPluginManager: Mounting plugin PerforceSourceControl
LogPluginManager: Mounting plugin SubversionSourceControl
LogPluginManager: Mounting plugin UObjectPlugin
LogPluginManager: Mounting plugin VisualStudioSourceCodeAccess
LogPluginManager: Mounting plugin XCodeSourceCodeAccess
LogPluginManager: Mounting plugin AssetManagerEditor
LogPluginManager: Mounting plugin AudioCapture
LogPluginManager: Mounting plugin FacialAnimation
LogPluginManager: Mounting plugin GameplayTagsEditor
LogPluginManager: Mounting plugin MobileLauncherProfileWizard
LogPluginManager: Mounting plugin PluginBrowser
LogPluginManager: Mounting plugin SpeedTreeImporter
LogPluginManager: Mounting plugin AlembicImporter
LogPluginManager: Mounting plugin CharacterAI
LogPluginManager: Mounting plugin HTML5Networking
LogPluginManager: Mounting plugin AndroidMedia
LogPluginManager: Mounting plugin AvfMedia
LogPluginManager: Mounting plugin MediaPlayerEditor
LogPluginManager: Mounting plugin WmfMedia
LogPluginManager: Mounting plugin TcpMessaging
LogPluginManager: Mounting plugin UdpMessaging
LogPluginManager: Mounting plugin LevelSequenceEditor
LogPluginManager: Mounting plugin MatineeToLevelSequence
LogPluginManager: Mounting plugin OnlineSubsystemGooglePlay
LogPluginManager: Mounting plugin OnlineSubsystemIOS
LogPluginManager: Mounting plugin OnlineSubsystem
LogPluginManager: Mounting plugin OnlineSubsystemNull
LogPluginManager: Mounting plugin OnlineSubsystemUtils
LogPluginManager: Mounting plugin AndroidDeviceProfileSelector
LogPluginManager: Mounting plugin AndroidMoviePlayer
LogPluginManager: Mounting plugin AndroidPermission
LogPluginManager: Mounting plugin AppleMoviePlayer
LogPluginManager: Mounting plugin ArchVisCharacter
LogPluginManager: Mounting plugin CableComponent
LogPluginManager: Mounting plugin CustomMeshComponent
LogPluginManager: Mounting plugin ExampleDeviceProfileSelector
LogPluginManager: Mounting plugin GoogleCloudMessaging
LogPluginManager: Mounting plugin ImmediatePhysics
LogPluginManager: Mounting plugin IOSDeviceProfileSelector
LogPluginManager: Mounting plugin LinuxDeviceProfileSelector
LogPluginManager: Mounting plugin LocationServicesBPLibrary
LogPluginManager: Mounting plugin MobilePatchingUtils
LogPluginManager: Mounting plugin OculusVR
LogPluginManager: Mounting plugin PhysXVehicles
LogPluginManager: Mounting plugin ProceduralMeshComponent
LogPluginManager: Mounting plugin RuntimePhysXCooking
LogPluginManager: Mounting plugin SteamVR
LogPluginManager: Mounting plugin WindowsMoviePlayer
LogInit: Using libcurl 7.47.1
LogInit:  - built for x86_64-pc-win32
LogInit:  - supports SSL with OpenSSL/1.0.2g
LogInit:  - supports HTTP deflate (compression) using libz 1.2.8
LogInit:  - other features:
LogInit:      CURL_VERSION_SSL
LogInit:      CURL_VERSION_LIBZ
LogInit:      CURL_VERSION_IPV6
LogInit:      CURL_VERSION_ASYNCHDNS
LogInit:      CURL_VERSION_LARGEFILE
LogInit:      CURL_VERSION_IDN
LogInit:  CurlRequestOptions (configurable via config and command line):
LogInit:  - bVerifyPeer = false  - Libcurl will NOT verify peer certificate
LogInit:  - bUseHttpProxy = false  - Libcurl will NOT use HTTP proxy
LogInit:  - bDontReuseConnections = false  - Libcurl will reuse connections
LogInit:  - CertBundlePath = nullptr  - Libcurl will use whatever was configured at build time.
LogInit: Build: ++UE4+Release-4.17-CL-3658906
LogInit: Engine Version: 4.17.2-3658906+++UE4+Release-4.17
LogInit: Compatible Engine Version: 4.17.0-3573198+++UE4+Release-4.17
LogInit: Net CL: 3573198
LogDevObjectVersion: Number of dev versions registered: 16
LogDevObjectVersion:   Dev-Blueprints (B0D832E4-1F89-4F0D-ACCF-7EB736FD4AA2): 10
LogDevObjectVersion:   Dev-Build (E1C64328-A22C-4D53-A36C-8E866417BD8C): 0
LogDevObjectVersion:   Dev-Core (375EC13C-06E4-48FB-B500-84F0262A717E): 2
LogDevObjectVersion:   Dev-Editor (E4B068ED-F494-42E9-A231-DA0B2E46BB41): 20
LogDevObjectVersion:   Dev-Framework (CFFC743F-43B0-4480-9391-14DF171D2073): 28
LogDevObjectVersion:   Dev-Mobile (B02B49B5-BB20-44E9-A304-32B752E40360): 0
LogDevObjectVersion:   Dev-Networking (A4E4105C-59A1-49B5-A7C5-40C4547EDFEE): 0
LogDevObjectVersion:   Dev-Online (39C831C9-5AE6-47DC-9A44-9C173E1C8E7C): 0
LogDevObjectVersion:   Dev-Physics (78F01B33-EBEA-4F98-B9B4-84EACCB95AA2): 0
LogDevObjectVersion:   Dev-Platform (6631380F-2D4D-43E0-8009-CF276956A95A): 0
LogDevObjectVersion:   Dev-Rendering (12F88B9F-8875-4AFC-A67C-D90C383ABD29): 19
LogDevObjectVersion:   Dev-Sequencer (7B5AE74C-D270-4C10-A958-57980B212A5A): 4
LogDevObjectVersion:   Dev-VR (D7296918-1DD6-4BDD-9DE2-64A83CC13884): 0
LogDevObjectVersion:   Dev-LoadTimes (C2A15278-BFE7-4AFE-6C17-90FF531DF755): 1
LogDevObjectVersion:   Private-Geometry (6EACA3D4-40EC-4CC1-B786-8BED09428FC5): 1
LogDevObjectVersion:   Dev-AnimPhys (29E575DD-E0A3-4627-9D10-D276232CDCEA): 7
LogInit: Compiled (64-bit): Sep 22 2017 13:47:16
LogInit: Compiled with Visual C++: 19.00.24215.01
LogInit: Build Configuration: Development
LogInit: Branch Name: ++UE4+Release-4.17
LogInit: Command line:  
LogInit: Base directory: C:/Program Files/Epic Games/UE_4.17/Engine/Binaries/Win64/
LogInit: Installed Engine Build: 1
LogInit: Presizing for max 8388607 objects, including 0 objects not considered by GC, pre-allocating 0 bytes for permanent pool.
LogInit: Object subsystem initialized
[2018.02.22-18.46.49:831][  0]LogInit: Selected Device Profile: [Windows]
[2018.02.22-18.46.49:831][  0]LogInit: Applying CVar settings loaded from the selected device profile: [Windows]
[2018.02.22-18.46.49:888][  0]LogInit: Computer: TYLER-PC
[2018.02.22-18.46.49:888][  0]LogInit: User: Tyler
[2018.02.22-18.46.49:888][  0]LogInit: CPU Page size=4096, Cores=4
[2018.02.22-18.46.49:888][  0]LogInit: High frequency timer resolution =3.418038 MHz
[2018.02.22-18.46.49:888][  0]LogMemory: Memory total: Physical=3.9GB (4GB approx)
[2018.02.22-18.46.49:888][  0]LogMemory: Platform Memory Stats for Windows
[2018.02.22-18.46.49:888][  0]LogMemory: Process Physical Memory: 279.01 MB used, 279.01 MB peak
[2018.02.22-18.46.49:888][  0]LogMemory: Process Virtual Memory: 282.25 MB used, 282.25 MB peak
[2018.02.22-18.46.49:888][  0]LogMemory: Physical Memory: 3158.03 MB used,  886.29 MB free, 4044.32 MB total
[2018.02.22-18.46.49:888][  0]LogMemory: Virtual Memory: 710.11 MB used,  886.29 MB free, 134217728.00 MB total
[2018.02.22-18.46.50:639][  0]LogInit: Using OS detected language (en-GB).
[2018.02.22-18.46.50:639][  0]LogInit: Using OS detected locale (en-GB).
[2018.02.22-18.46.50:742][  0]LogTextLocalizationManager: No specific localization for 'en-GB' exists, so the 'en' localization will be used.
[2018.02.22-18.46.55:645][  0]LogD3D11RHI: D3D11 adapters:
[2018.02.22-18.46.55:795][  0]LogD3D11RHI:    0. 'NVIDIA GeForce GTX 980' (Feature Level 11_0)
[2018.02.22-18.46.55:795][  0]LogD3D11RHI:       4053/0/2022 MB DedicatedVideo/DedicatedSystem/SharedSystem, Outputs:1, VendorId:0x10de
[2018.02.22-18.46.55:801][  0]LogD3D11RHI:    1. 'Microsoft Basic Render Driver' (Feature Level 11_0)
[2018.02.22-18.46.55:801][  0]LogD3D11RHI:       0/0/2022 MB DedicatedVideo/DedicatedSystem/SharedSystem, Outputs:0, VendorId:0x1414
[2018.02.22-18.46.55:801][  0]LogD3D11RHI: Chosen D3D11 Adapter: 0
[2018.02.22-18.46.55:815][  0]LogD3D11RHI: Creating new Direct3DDevice
[2018.02.22-18.46.55:816][  0]LogD3D11RHI:     GPU DeviceId: 0x13c0 (for the marketing name, search the web for "GPU Device Id")
[2018.02.22-18.46.55:816][  0]LogWindows: EnumDisplayDevices:
[2018.02.22-18.46.55:817][  0]LogWindows:    0. 'NVIDIA GeForce GTX 980' (P:1 D:1)
[2018.02.22-18.46.55:818][  0]LogWindows:    1. 'NVIDIA GeForce GTX 980' (P:0 D:0)
[2018.02.22-18.46.55:818][  0]LogWindows:    2. 'NVIDIA GeForce GTX 980' (P:0 D:0)
[2018.02.22-18.46.55:818][  0]LogWindows:    3. 'NVIDIA GeForce GTX 980' (P:0 D:0)
[2018.02.22-18.46.55:818][  0]LogWindows: DebugString: GetVideoDriverDetailsInvalid PrimaryIsNotTheChoosenAdapter GetVideoDriverDetailsInvalid PrimaryIsNotTheChoosenAdapter GetVideoDriverDetailsInvalid PrimaryIsNotTheChoosenAdapter GetVideoDriverDetailsInvalid PrimaryIsNotTheChoosenAdapter FoundDriverCount:0 
[2018.02.22-18.46.55:818][  0]LogD3D11RHI:     Adapter Name: NVIDIA GeForce GTX 980
[2018.02.22-18.46.55:818][  0]LogD3D11RHI:   Driver Version: Unknown (internal:Unknown, unified:Unknown)
[2018.02.22-18.46.55:818][  0]LogD3D11RHI:      Driver Date: Unknown
[2018.02.22-18.46.55:818][  0]LogRHI: Texture pool is 1361 MB (70% of 1945 MB)
[2018.02.22-18.46.55:868][  0]LogD3D11RHI: Async texture creation enabled
[2018.02.22-18.46.55:928][  0]LogD3D11RHI: GPU Timing Frequency: 1000.000000 (Debug: 2 2)
[2018.02.22-18.46.55:984][  0]LogShaderCompilers: Guid format shader working directory is -45 characters bigger than the processId version (../../../../../../Users/Tyler/Documents/GitHub/mgp-mgp-group-11/Development/Unreal Project/Intermediate/Shaders/WorkingDirectory/15828/).
[2018.02.22-18.46.55:984][  0]LogShaderCompilers: Cleaned the shader compiler working directory 'C:/Users/Tyler/AppData/Local/Temp/UnrealShaderWorkingDir/0774E2F140DCF1112FE48CA61A40AC93/'.
[2018.02.22-18.46.55:985][  0]LogShaderCompilers: Display: Using Local Shader Compiler.
[2018.02.22-18.46.59:677][  0]LogTemp: Display: Loaded TP AllDesktopTargetPlatform
[2018.02.22-18.46.59:796][  0]LogTemp: Display: Loaded TP MacClientTargetPlatform
[2018.02.22-18.46.59:926][  0]LogTemp: Display: Loaded TP MacNoEditorTargetPlatform
[2018.02.22-18.47.00:054][  0]LogTemp: Display: Loaded TP MacServerTargetPlatform
[2018.02.22-18.47.00:178][  0]LogTemp: Display: Loaded TP MacTargetPlatform
[2018.02.22-18.47.00:291][  0]LogTemp: Display: Loaded TP WindowsClientTargetPlatform
[2018.02.22-18.47.00:397][  0]LogTemp: Display: Loaded TP WindowsNoEditorTargetPlatform
[2018.02.22-18.47.00:508][  0]LogTemp: Display: Loaded TP WindowsServerTargetPlatform
[2018.02.22-18.47.00:625][  0]LogTemp: Display: Loaded TP WindowsTargetPlatform
[2018.02.22-18.47.00:756][  0]LogTemp: Display: Loaded TP AndroidTargetPlatform
[2018.02.22-18.47.00:880][  0]LogTemp: Display: Loaded TP Android_ASTCTargetPlatform
[2018.02.22-18.47.01:002][  0]LogTemp: Display: Loaded TP Android_ATCTargetPlatform
[2018.02.22-18.47.01:115][  0]LogTemp: Display: Loaded TP Android_DXTTargetPlatform
[2018.02.22-18.47.01:226][  0]LogTemp: Display: Loaded TP Android_ETC1TargetPlatform
[2018.02.22-18.47.01:339][  0]LogTemp: Display: Loaded TP Android_ETC2TargetPlatform
[2018.02.22-18.47.01:565][  0]LogTemp: Display: Loaded TP Android_MultiTargetPlatform
[2018.02.22-18.47.01:565][  0]LogTemp: Display: Loaded TP Android_PVRTCTargetPlatform
[2018.02.22-18.47.01:649][  0]LogTemp: Display: Loaded TP HTML5TargetPlatform
[2018.02.22-18.47.01:846][  0]LogTemp: Display: Loaded TP IOSTargetPlatform
[2018.02.22-18.47.01:922][  0]LogTemp: Display: Loaded TP TVOSTargetPlatform
[2018.02.22-18.47.02:045][  0]LogTemp: Display: Loaded TP LinuxClientTargetPlatform
[2018.02.22-18.47.02:155][  0]LogTemp: Display: Loaded TP LinuxNoEditorTargetPlatform
[2018.02.22-18.47.02:272][  0]LogTemp: Display: Loaded TP LinuxServerTargetPlatform
[2018.02.22-18.47.02:391][  0]LogTemp: Display: Loaded TP LinuxTargetPlatform
[2018.02.22-18.47.02:392][  0]LogTargetPlatformManager: Display: Building Assets For Windows
[2018.02.22-18.47.03:713][  0]LogDerivedDataCache: Display: Max Cache Size: 512 MB
[2018.02.22-18.47.04:451][  0]LogDerivedDataCache: Loaded boot cache 0.74s 93MB C:/Users/Tyler/AppData/Local/UnrealEngine/4.17/DerivedDataCache/Boot.ddc.
[2018.02.22-18.47.04:451][  0]LogDerivedDataCache: Display: Loaded Boot cache: C:/Users/Tyler/AppData/Local/UnrealEngine/4.17/DerivedDataCache/Boot.ddc
[2018.02.22-18.47.04:451][  0]LogDerivedDataCache: FDerivedDataBackendGraph:  Pak pak cache file ../../../../../../Users/Tyler/Documents/GitHub/mgp-mgp-group-11/Development/Unreal Project/DerivedDataCache/DDC.ddp not found, will not use a pak cache.
[2018.02.22-18.47.04:451][  0]LogDerivedDataCache: Unable to find inner node Pak for hierarchical cache Hierarchy.
[2018.02.22-18.47.04:451][  0]LogDerivedDataCache: FDerivedDataBackendGraph:  CompressedPak pak cache file ../../../../../../Users/Tyler/Documents/GitHub/mgp-mgp-group-11/Development/Unreal Project/DerivedDataCache/Compressed.ddp not found, will not use a pak cache.
[2018.02.22-18.47.04:451][  0]LogDerivedDataCache: Unable to find inner node CompressedPak for hierarchical cache Hierarchy.
[2018.02.22-18.47.04:498][  0]LogDerivedDataCache: Display: Pak cache opened for reading ../../../Engine/DerivedDataCache/Compressed.ddp.
[2018.02.22-18.47.04:512][  0]LogDerivedDataCache: Using Local data cache path C:/Users/Tyler/AppData/Local/UnrealEngine/Common/DerivedDataCache: Writable
[2018.02.22-18.47.04:552][  0]LogMaterial: Verifying Global Shaders for PCD3D_SM5
[2018.02.22-18.47.04:562][  0]LogSlate: Using Freetype 2.6.0
[2018.02.22-18.47.04:590][  0]LogSlate: SlateFontCache - WITH_FREETYPE: 1, WITH_HARFBUZZ: 1
[2018.02.22-18.47.04:590][  0]LogSlate: SlateFontCache - WITH_FREETYPE: 1, WITH_HARFBUZZ: 1
[2018.02.22-18.47.06:450][  0]LogAssetRegistry: FAssetRegistry took 0.0349 seconds to start up
[2018.02.22-18.47.06:771][  0]LogInit: Selected Device Profile: [Windows]
[2018.02.22-18.47.07:624][  0]LogContentStreaming: Texture pool size is 0.00 MB
[2018.02.22-18.47.08:474][  0]LogSimplygon: Simplygon DLL not present - disabling.
[2018.02.22-18.47.08:579][  0]LogMeshReduction: Using SimplygonSwarm for distributed automatic mesh merging
[2018.02.22-18.47.08:579][  0]LogMeshReduction: Using QuadricMeshReduction for automatic static mesh reduction
[2018.02.22-18.47.08:579][  0]LogMeshReduction: No automatic skeletal mesh reduction module available
[2018.02.22-18.47.08:580][  0]LogMeshReduction: No automatic mesh merging module available
[2018.02.22-18.47.08:580][  0]LogMeshMerging: No automatic mesh merging module available
[2018.02.22-18.47.10:151][  0]LogNetVersion: Prototype_Group_11 , NetCL: 3573198, EngineNetVer: 2, GameNetVer: 0 (Checksum: 3139247147)
[2018.02.22-18.47.11:102][  0]LogPackageLocalizationCache: Processed 5 localized package path(s) for 2 prioritized culture(s) in 0.116740 seconds
[2018.02.22-18.47.11:115][  0]LogUObjectArray: 35825 objects as part of root set at end of initial load.
[2018.02.22-18.47.11:115][  0]LogUObjectAllocator: 7529104 out of 0 bytes used by permanent object pool.
[2018.02.22-18.47.11:115][  0]LogUObjectArray: CloseDisregardForGC: 0/0 objects in disregard for GC pool
[2018.02.22-18.47.11:280][  0]LogInit: WinSock: version 1.1 (2.2), MaxSocks=32767, MaxUdp=65467
[2018.02.22-18.47.21:258][  0]LogTcpMessaging: Initializing TcpMessaging bridge
[2018.02.22-18.47.21:362][  0]LogUdpMessaging: Initializing bridge on interface 0.0.0.0:0 to multicast group 230.0.0.1:6666.
[2018.02.22-18.47.23:085][  0]LogMaterial: Uniform references updated for custom material expression Custom.
[2018.02.22-18.47.24:253][  0]SourceControl: Source control is disabled
[2018.02.22-18.47.24:254][  0]SourceControl: Source control is disabled
[2018.02.22-18.47.24:382][  0]SourceControl: Source control is disabled
[2018.02.22-18.47.24:505][  0]SourceControl: Source control is disabled
[2018.02.22-18.47.26:125][  0]LogAndroidPermission: UAndroidPermissionCallbackProxy::GetInstance
[2018.02.22-18.47.26:752][  0]LogOcInput: OculusInput pre-init called
[2018.02.22-18.47.27:503][  0]LogEngine: Initializing Engine...
[2018.02.22-18.47.27:593][  0]LogHMD: Failed to initialize OpenVR with code 100
[2018.02.22-18.47.28:424][  0]LogStats: UGameplayTagsManager::ConstructGameplayTagTree: Construct from data asset -  0.000 s
[2018.02.22-18.47.28:426][  0]LogStats: UGameplayTagsManager::ConstructGameplayTagTree: GameplayTagTreeChangedEvent.Broadcast -  0.000 s
[2018.02.22-18.47.29:058][  0]LogAIModule: Creating AISystem for world Untitled
[2018.02.22-18.47.29:112][  0]LogInit: XAudio2 using 'Headset Earphone (3- Corsair VOID Wireless Gaming Dongle)' : 2 channels at 48 kHz using 16 bits per sample (channel mask 0x3)
[2018.02.22-18.47.29:163][  0]LogInit: FAudioDevice initialized.
[2018.02.22-18.47.29:449][  0]LogDerivedDataCache: Saved boot cache 0.29s 93MB C:/Users/Tyler/AppData/Local/UnrealEngine/4.17/DerivedDataCache/Boot.ddc.
[2018.02.22-18.47.29:518][  0]LogInit: Texture streaming: Enabled
[2018.02.22-18.47.29:901][  0]LogEngineSessionManager: EngineSessionManager initialized
[2018.02.22-18.47.30:634][  0]LogInit: Transaction tracking system initialized
[2018.02.22-18.47.31:566][  0]BlueprintLog: New page: Editor Load
[2018.02.22-18.47.34:409][  0]LocalizationService: Localization service is disabled
[2018.02.22-18.47.36:402][  0]LogConsoleResponse: Display: 
[2018.02.22-18.47.37:190][  0]LogCook: Display: Max memory allowance for cook 16384mb min free memory 0mb
[2018.02.22-18.47.37:191][  0]LogCook: Display: Mobile HDR setting 1
[2018.02.22-18.47.37:194][  0]LogGameplayTags: Display: UGameplayTagsManager::DoneAddingNativeTags. DelegateIsBound: 0
[2018.02.22-18.47.38:050][  0]LogFileCache: Scanning file cache for directory 'C:/Users/Tyler/Documents/GitHub/mgp-mgp-group-11/Development/Unreal Project/Content/' took 0.03s
[2018.02.22-18.47.40:138][  0]SourceControl: Source control is disabled
[2018.02.22-18.47.40:141][  0]Cmd: MAP LOAD FILE="../../../../../../Users/Tyler/Documents/GitHub/mgp-mgp-group-11/Development/Unreal Project/Content/Levels/MainMenu.umap" TEMPLATE=0 SHOWPROGRESS=1 FEATURELEVEL=3
[2018.02.22-18.47.40:153][  0]LightingResults: New page: Lighting Build
[2018.02.22-18.47.40:270][  0]MapCheck: New page: Map Check
[2018.02.22-18.47.40:270][  0]LightingResults: New page: Lighting Build
[2018.02.22-18.47.40:965][  0]LogAIModule: Creating AISystem for world MainMenu
[2018.02.22-18.47.40:979][  0]LogEditorServer: Finished looking for orphan Actors (0.000 secs)
[2018.02.22-18.47.41:036][  0]Cmd: MAP CHECKDEP NOCLEARLOG
[2018.02.22-18.47.41:139][  0]MapCheck: Map check complete: 0 Error(s), 0 Warning(s), took 102.588ms to complete.
[2018.02.22-18.47.41:139][  0]LogFileHelpers: Loading map 'MainMenu' took 0.999
[2018.02.22-18.47.41:572][  0]LogCollectionManager: Loaded 0 collections in 0.004278 seconds
[2018.02.22-18.47.41:766][  0]LogFileCache: Scanning file cache for directory 'C:/Users/Tyler/Documents/GitHub/mgp-mgp-group-11/Development/Unreal Project/Saved/Collections/' took 0.01s
[2018.02.22-18.47.41:766][  0]LogFileCache: Scanning file cache for directory 'C:/Users/Tyler/Documents/GitHub/mgp-mgp-group-11/Development/Unreal Project/Content/Developers/Tyler/Collections/' took 0.01s
[2018.02.22-18.47.41:766][  0]LogFileCache: Scanning file cache for directory 'C:/Users/Tyler/Documents/GitHub/mgp-mgp-group-11/Development/Unreal Project/Content/Collections/' took 0.01s
[2018.02.22-18.47.41:766][  0]LogCollectionManager: Rebuilt the GUID cache for 0 collections in 0.000001 seconds
[2018.02.22-18.47.41:787][  0]LogContentBrowser: Native class hierarchy populated in 0.0183 seconds. Added 2386 classes and 500 folders.
[2018.02.22-18.47.41:949][  0]LogContentBrowser: Native class hierarchy updated for 'WidgetCarousel' in 0.0009 seconds. Added 0 classes and 0 folders.
[2018.02.22-18.47.42:560][  0]LogContentBrowser: Native class hierarchy updated for 'AddContentDialog' in 0.0013 seconds. Added 0 classes and 0 folders.
[2018.02.22-18.47.42:688][  0]LogContentBrowser: Native class hierarchy updated for 'SceneOutliner' in 0.0020 seconds. Added 1 classes and 2 folders.
[2018.02.22-18.47.42:820][  0]LogSlate: Took 0.015446 seconds to synchronously load lazily loaded font '../../../Engine/Content/Slate/Fonts/Roboto-Regular.ttf' (155K)
[2018.02.22-18.47.42:841][  0]LogSlate: Took 0.007710 seconds to synchronously load lazily loaded font '../../../Engine/Content/Slate/Fonts/Roboto-Bold.ttf' (160K)
[2018.02.22-18.47.42:855][  0]LogSlate: Took 0.008766 seconds to synchronously load lazily loaded font '../../../Engine/Content/Editor/Slate/Fonts/FontAwesome.ttf' (139K)
[2018.02.22-18.47.43:063][  0]LogRenderer: Reallocating scene render targets to support 1528x576 Format 10 NumSamples 1 (Frame:1).
[2018.02.22-18.47.43:545][  0]LogContentBrowser: Native class hierarchy updated for 'HierarchicalLODOutliner' in 0.0022 seconds. Added 1 classes and 2 folders.
[2018.02.22-18.47.43:546][  0]LogLoad: (Engine Initialization) Total time: 58.73 seconds
[2018.02.22-18.47.43:546][  0]LogLoad: (Engine Initialization) Total Blueprint compile time: 0.00 seconds
[2018.02.22-18.47.43:547][  0]LogExternalProfiler: No external profilers were discovered.  External profiling features will not be available.
[2018.02.22-18.47.43:933][  0]LogContentStreaming: Texture pool size now 1000 MB
[2018.02.22-18.47.44:046][  0]LogSlate: Took 0.008248 seconds to synchronously load lazily loaded font '../../../Engine/Content/Slate/Fonts/Roboto-Light.ttf' (159K)
[2018.02.22-18.47.44:569][  2]LogAssetRegistry: Asset discovery search completed in 38.1437 seconds
[2018.02.22-18.47.44:579][  2]LogCollectionManager: Rebuilt the object cache for 0 collections in 0.000002 seconds (found 0 objects)
[2018.02.22-18.47.44:580][  2]LogCollectionManager: Fixed up redirectors for 0 collections in 0.000174 seconds (updated 0 objects)
[2018.02.22-18.47.44:917][  3]LogSlate: Took 0.000534 seconds to synchronously load lazily loaded font '../../../Engine/Content/Slate/Fonts/Roboto-Light.ttf' (159K)
[2018.02.22-18.47.48:892][313]LogSlate: Took 0.000269 seconds to synchronously load lazily loaded font '../../../Engine/Content/Slate/Fonts/Roboto-Light.ttf' (159K)
[2018.02.22-18.47.48:954][313]Cmd: MAP LOAD FILE="../../../../../../Users/Tyler/Documents/GitHub/mgp-mgp-group-11/Development/Unreal Project/Content/Levels/MainMenu.umap" TEMPLATE=0 SHOWPROGRESS=1 FEATURELEVEL=3
[2018.02.22-18.47.48:954][313]LightingResults: New page: Lighting Build
[2018.02.22-18.47.48:956][313]LoadErrors: New page: Loading map: MainMenu.umap
[2018.02.22-18.47.48:959][313]MapCheck: New page: Map Check
[2018.02.22-18.47.48:959][313]LightingResults: New page: Lighting Build
[2018.02.22-18.47.49:040][313]LogAIModule: Creating AISystem for world MainMenu
[2018.02.22-18.47.49:044][313]LogEditorServer: Finished looking for orphan Actors (0.000 secs)
[2018.02.22-18.47.49:171][313]Cmd: MAP CHECKDEP NOCLEARLOG
[2018.02.22-18.47.49:275][313]MapCheck: Map check complete: 0 Error(s), 0 Warning(s), took 103.931ms to complete.
[2018.02.22-18.47.49:276][313]LogFileHelpers: Loading map 'MainMenu' took 0.325
[2018.02.22-18.47.50:112][390]LogTemp: Repeating last play command: New Editor Window (PIE)
[2018.02.22-18.47.50:198][390]LogBlueprintUserMessages: Early PlayInEditor Detection: Level '/Game/Levels/MainMenu.MainMenu:PersistentLevel' has LevelScriptBlueprint '/Game/Levels/MainMenu.MainMenu:PersistentLevel.MainMenu' with GeneratedClass '/Game/Levels/MainMenu.MainMenu_C' with ClassGeneratedBy '/Game/Levels/MainMenu.MainMenu:PersistentLevel.MainMenu'
[2018.02.22-18.47.50:199][390]LogPlayLevel: PlayLevel: No blueprints needed recompiling
[2018.02.22-18.47.50:204][390]PIE: New page: PIE session: MainMenu (22 Feb 2018 18:47:50)
[2018.02.22-18.47.50:204][390]LogPlayLevel: Creating play world package: /Game/Levels/UEDPIE_0_MainMenu
[2018.02.22-18.47.50:210][390]LogPlayLevel: PIE: StaticDuplicateObject took: (0.005206s)
[2018.02.22-18.47.50:212][390]LogAIModule: Creating AISystem for world MainMenu
[2018.02.22-18.47.50:212][390]LogPlayLevel: PIE: World Init took: (0.002509s)
[2018.02.22-18.47.50:214][390]LogPlayLevel: PIE: Created PIE world by copying editor world from /Game/Levels/MainMenu.MainMenu to /Game/Levels/UEDPIE_0_MainMenu.MainMenu (0.009742s)
[2018.02.22-18.47.50:260][390]LogInit: XAudio2 using 'Headset Earphone (3- Corsair VOID Wireless Gaming Dongle)' : 2 channels at 48 kHz using 16 bits per sample (channel mask 0x3)
[2018.02.22-18.47.50:275][390]LogInit: FAudioDevice initialized.
[2018.02.22-18.47.50:356][390]LogLoad: Game class is 'FunctionalTestGameMode'
[2018.02.22-18.47.50:376][390]LogWorld: Bringing World /Game/Levels/UEDPIE_0_MainMenu.MainMenu up for play (max tick rate 0) at 2018.02.22-18.47.50
[2018.02.22-18.47.50:379][390]LogWorld: Bringing up level for play took: 0.005032
[2018.02.22-18.47.50:518][390]LogContentBrowser: Native class hierarchy updated for 'MovieSceneCapture' in 0.0013 seconds. Added 11 classes and 0 folders.
[2018.02.22-18.47.50:557][390]PIE: Play in editor start time for /Game/Levels/UEDPIE_0_MainMenu -0.55
[2018.02.22-18.47.50:558][390]LogBlueprintUserMessages: Late PlayInEditor Detection: Level '/Game/Levels/MainMenu.MainMenu:PersistentLevel' has LevelScriptBlueprint '/Game/Levels/MainMenu.MainMenu:PersistentLevel.MainMenu' with GeneratedClass '/Game/Levels/MainMenu.MainMenu_C' with ClassGeneratedBy '/Game/Levels/MainMenu.MainMenu:PersistentLevel.MainMenu'
[2018.02.22-18.47.50:611][390]LogRenderer: Reallocating scene render targets to support 1528x996 Format 10 NumSamples 1 (Frame:1).
[2018.02.22-18.48.11:866][111]LogNet: Browse: /Game/Levels/PrototypeLevel
[2018.02.22-18.48.11:868][111]LogLoad: LoadMap: /Game/Levels/PrototypeLevel
[2018.02.22-18.48.11:922][111]Cmd: MEM
[2018.02.22-18.48.11:956][111]LogMemory: Platform Memory Stats for Windows
[2018.02.22-18.48.11:956][111]LogMemory: Process Physical Memory: 1071.58 MB used, 1190.48 MB peak
[2018.02.22-18.48.11:956][111]LogMemory: Process Virtual Memory: 1524.43 MB used, 1730.99 MB peak
[2018.02.22-18.48.11:956][111]LogMemory: Physical Memory: 3568.73 MB used,  475.59 MB free, 4044.32 MB total
[2018.02.22-18.48.11:956][111]LogMemory: Virtual Memory: 2523.43 MB used,  475.59 MB free, 134217728.00 MB total
[2018.02.22-18.48.11:956][111]LogMemory: 
[2018.02.22-18.48.11:957][111]Allocator Stats for TBB: (not implemented)
[2018.02.22-18.48.13:417][111]LogAIModule: Creating AISystem for world PrototypeLevel
[2018.02.22-18.48.13:418][111]LogLoad: Game class is 'FunctionalTestGameMode'
[2018.02.22-18.48.13:484][111]LogWorld: Bringing World /Game/Levels/UEDPIE_0_PrototypeLevel.PrototypeLevel up for play (max tick rate 0) at 2018.02.22-18.48.13
[2018.02.22-18.48.13:492][111]LogWorld: Bringing up level for play took: 0.071936
[2018.02.22-18.48.13:498][111]LogLoad: Took 1.630310 seconds to LoadMap(/Game/Levels/PrototypeLevel)
[2018.02.22-18.49.07:191][310]LogBlueprintUserMessages: Early EndPlayMap Detection: Level '/Game/Levels/MainMenu.MainMenu:PersistentLevel' has LevelScriptBlueprint '/Game/Levels/MainMenu.MainMenu:PersistentLevel.MainMenu' with GeneratedClass '/Game/Levels/MainMenu.MainMenu_C' with ClassGeneratedBy '/Game/Levels/MainMenu.MainMenu:PersistentLevel.MainMenu'
[2018.02.22-18.49.07:283][310]LogBlueprintUserMessages: Late EndPlayMap Detection: Level '/Game/Levels/MainMenu.MainMenu:PersistentLevel' has LevelScriptBlueprint '/Game/Levels/MainMenu.MainMenu:PersistentLevel.MainMenu' with GeneratedClass '/Game/Levels/MainMenu.MainMenu_C' with ClassGeneratedBy '/Game/Levels/MainMenu.MainMenu:PersistentLevel.MainMenu'
[2018.02.22-18.49.09:100][461]LogWindowsTextInputMethodSystem: Display: IME system now deactivated.
[2018.02.22-18.49.09:410][462]Cmd: QUIT_EDITOR
[2018.02.22-18.49.09:673][462]LogExit: Preparing to exit.
[2018.02.22-18.49.10:551][462]LogDirectoryWatcher: A directory notification for 'C:/Users/Tyler/Documents/GitHub/mgp-mgp-group-11/Development/Unreal Project/Content/' was aborted.
[2018.02.22-18.49.10:607][462]LogExit: Editor shut down
[2018.02.22-18.49.10:628][462]LogExit: Transaction tracking system shut down
[2018.02.22-18.49.10:810][462]LogDirectoryWatcher: A directory notification for '../../../Engine/Content/' was aborted.
[2018.02.22-18.49.10:810][462]LogDirectoryWatcher: A directory notification for '../../../../../../Users/Tyler/Documents/GitHub/mgp-mgp-group-11/Development/Unreal Project/Content/' was aborted.
[2018.02.22-18.49.10:810][462]LogDirectoryWatcher: A directory notification for '../../../Engine/Plugins/2D/Paper2D/Content/' was aborted.
[2018.02.22-18.49.10:810][462]LogDirectoryWatcher: A directory notification for '../../../Engine/Plugins/Runtime/Oculus/OculusVR/Content/' was aborted.
[2018.02.22-18.49.10:810][462]LogDirectoryWatcher: A directory notification for '../../../Engine/Plugins/Runtime/Steam/SteamVR/Content/' was aborted.
[2018.02.22-18.49.11:079][462]LogExit: Object subsystem successfully closed.
[2018.02.22-18.49.11:121][462]LogD3D11RHI: Shutdown
[2018.02.22-18.49.11:122][462]LogD3D11RHI: CleanupD3DDevice
[2018.02.22-18.49.11:299][462]LogD3D11RHI: ~FD3D11DynamicRHI
[2018.02.22-18.49.11:367][462]LogModuleManager: Shutting down and abandoning module MovieSceneCapture (532)
[2018.02.22-18.49.11:368][462]LogModuleManager: Shutting down and abandoning module HierarchicalLODOutliner (530)
[2018.02.22-18.49.11:368][462]LogModuleManager: Shutting down and abandoning module SceneOutliner (528)
[2018.02.22-18.49.11:368][462]LogModuleManager: Shutting down and abandoning module AddContentDialog (526)
[2018.02.22-18.49.11:369][462]LogDirectoryWatcher: A directory notification for 'C:/Program Files/Epic Games/UE_4.17/FeaturePacks/' was aborted.
[2018.02.22-18.49.11:371][462]LogModuleManager: Shutting down and abandoning module WidgetCarousel (525)
[2018.02.22-18.49.11:371][462]LogModuleManager: Shutting down and abandoning module EditorWidgets (522)
[2018.02.22-18.49.11:371][462]LogModuleManager: Shutting down and abandoning module CollectionManager (520)
[2018.02.22-18.49.11:372][462]LogDirectoryWatcher: A directory notification for 'C:/Users/Tyler/Documents/GitHub/mgp-mgp-group-11/Development/Unreal Project/Content/Collections/' was aborted.
[2018.02.22-18.49.11:372][462]LogDirectoryWatcher: A directory notification for 'C:/Users/Tyler/Documents/GitHub/mgp-mgp-group-11/Development/Unreal Project/Content/Developers/Tyler/Collections/' was aborted.
[2018.02.22-18.49.11:372][462]LogDirectoryWatcher: A directory notification for 'C:/Users/Tyler/Documents/GitHub/mgp-mgp-group-11/Development/Unreal Project/Saved/Collections/' was aborted.
[2018.02.22-18.49.11:372][462]LogModuleManager: Shutting down and abandoning module StatsViewer (518)
[2018.02.22-18.49.11:373][462]LogModuleManager: Shutting down and abandoning module FoliageEdit (516)
[2018.02.22-18.49.11:373][462]LogModuleManager: Shutting down and abandoning module LandscapeEditor (514)
[2018.02.22-18.49.11:374][462]LogModuleManager: Shutting down and abandoning module MeshPaintMode (512)
[2018.02.22-18.49.11:374][462]LogModuleManager: Shutting down and abandoning module SceneDepthPickerMode (510)
[2018.02.22-18.49.11:374][462]LogModuleManager: Shutting down and abandoning module ActorPickerMode (508)
[2018.02.22-18.49.11:374][462]LogModuleManager: Shutting down and abandoning module GeometryMode (506)
[2018.02.22-18.49.11:374][462]LogModuleManager: Shutting down and abandoning module TextureAlignMode (504)
[2018.02.22-18.49.11:374][462]LogModuleManager: Shutting down and abandoning module BspMode (502)
[2018.02.22-18.49.11:375][462]LogModuleManager: Shutting down and abandoning module PIEPreviewDeviceProfileSelector (500)
[2018.02.22-18.49.11:375][462]LogModuleManager: Shutting down and abandoning module HardwareSurvey (498)
[2018.02.22-18.49.11:375][462]LogModuleManager: Shutting down and abandoning module SequenceRecorderSections (496)
[2018.02.22-18.49.11:375][462]LogModuleManager: Shutting down and abandoning module AutomationWorker (494)
[2018.02.22-18.49.11:375][462]LogModuleManager: Shutting down and abandoning module MatineeToLevelSequence (492)
[2018.02.22-18.49.11:376][462]LogModuleManager: Shutting down and abandoning module LevelSequenceEditor (490)
[2018.02.22-18.49.11:380][462]LogModuleManager: Shutting down and abandoning module PlacementMode (489)
[2018.02.22-18.49.11:380][462]LogModuleManager: Shutting down and abandoning module WmfMediaFactory (486)
[2018.02.22-18.49.11:380][462]LogModuleManager: Shutting down and abandoning module WmfMediaEditor (484)
[2018.02.22-18.49.11:380][462]LogModuleManager: Shutting down and abandoning module AvfMediaFactory (482)
[2018.02.22-18.49.11:380][462]LogModuleManager: Shutting down and abandoning module AvfMediaEditor (480)
[2018.02.22-18.49.11:380][462]LogModuleManager: Shutting down and abandoning module AndroidMediaFactory (478)
[2018.02.22-18.49.11:380][462]LogModuleManager: Shutting down and abandoning module Media (477)
[2018.02.22-18.49.11:380][462]LogModuleManager: Shutting down and abandoning module AndroidMediaEditor (474)
[2018.02.22-18.49.11:380][462]LogModuleManager: Shutting down and abandoning module CharacterAI (472)
[2018.02.22-18.49.11:380][462]LogModuleManager: Shutting down and abandoning module AudioCapture (470)
[2018.02.22-18.49.11:380][462]LogModuleManager: Shutting down and abandoning module SequenceRecorder (469)
[2018.02.22-18.49.11:380][462]LogModuleManager: Shutting down and abandoning module SmartSnapping (466)
[2018.02.22-18.49.11:381][462]LogModuleManager: Shutting down and abandoning module SessionServices (464)
[2018.02.22-18.49.11:381][462]LogModuleManager: Shutting down and abandoning module ViewportSnapping (462)
[2018.02.22-18.49.11:381][462]LogModuleManager: Shutting down and abandoning module ViewportInteraction (460)
[2018.02.22-18.49.11:381][462]LogModuleManager: Shutting down and abandoning module ClothPainter (458)
[2018.02.22-18.49.11:383][462]LogModuleManager: Shutting down and abandoning module LogVisualizer (456)
[2018.02.22-18.49.11:384][462]LogModuleManager: Shutting down and abandoning module IntroTutorials (454)
[2018.02.22-18.49.11:385][462]LogModuleManager: Shutting down and abandoning module GameProjectGeneration (453)
[2018.02.22-18.49.11:386][462]LogModuleManager: Shutting down and abandoning module IOSPlatformEditor (450)
[2018.02.22-18.49.11:387][462]LogModuleManager: Shutting down and abandoning module HTML5PlatformEditor (448)
[2018.02.22-18.49.11:387][462]LogModuleManager: Shutting down and abandoning module AndroidPlatformEditor (446)
[2018.02.22-18.49.11:387][462]LogModuleManager: Shutting down and abandoning module AndroidDeviceDetection (445)
[2018.02.22-18.49.11:543][462]LogModuleManager: Shutting down and abandoning module WindowsPlatformEditor (442)
[2018.02.22-18.49.11:543][462]LogModuleManager: Shutting down and abandoning module IOSRuntimeSettings (440)
[2018.02.22-18.49.11:543][462]LogModuleManager: Shutting down and abandoning module AndroidRuntimeSettings (438)
[2018.02.22-18.49.11:543][462]LogModuleManager: Shutting down and abandoning module InputBindingEditor (436)
[2018.02.22-18.49.11:544][462]LogModuleManager: Shutting down and abandoning module MergeActors (434)
[2018.02.22-18.49.11:545][462]LogModuleManager: Shutting down and abandoning module SizeMap (432)
[2018.02.22-18.49.11:545][462]LogModuleManager: Shutting down and abandoning module TreeMap (430)
[2018.02.22-18.49.11:546][462]LogModuleManager: Shutting down and abandoning module ReferenceViewer (428)
[2018.02.22-18.49.11:546][462]LogModuleManager: Shutting down and abandoning module LocalizationDashboard (426)
[2018.02.22-18.49.11:547][462]LogModuleManager: Shutting down and abandoning module LocalizationService (425)
[2018.02.22-18.49.11:547][462]LogModuleManager: Shutting down and abandoning module HardwareTargeting (422)
[2018.02.22-18.49.11:547][462]LogModuleManager: Shutting down and abandoning module DeviceProfileEditor (420)
[2018.02.22-18.49.11:548][462]LogModuleManager: Shutting down and abandoning module UndoHistory (418)
[2018.02.22-18.49.11:548][462]LogModuleManager: Shutting down and abandoning module XmlParser (416)
[2018.02.22-18.49.11:548][462]LogModuleManager: Shutting down and abandoning module Blutility (414)
[2018.02.22-18.49.11:549][462]LogModuleManager: Shutting down and abandoning module ProjectSettingsViewer (412)
[2018.02.22-18.49.11:549][462]LogModuleManager: Shutting down and abandoning module ProjectTargetPlatformEditor (411)
[2018.02.22-18.49.11:550][462]LogModuleManager: Shutting down and abandoning module EditorSettingsViewer (408)
[2018.02.22-18.49.11:550][462]LogModuleManager: Shutting down and abandoning module SettingsEditor (406)
[2018.02.22-18.49.11:552][462]LogModuleManager: Shutting down and abandoning module ProjectLauncher (404)
[2018.02.22-18.49.11:552][462]LogModuleManager: Shutting down and abandoning module SessionFrontend (402)
[2018.02.22-18.49.11:553][462]LogModuleManager: Shutting down and abandoning module ProfilerClient (400)
[2018.02.22-18.49.11:553][462]LogModuleManager: Shutting down and abandoning module DeviceManager (398)
[2018.02.22-18.49.11:554][462]LogModuleManager: Shutting down and abandoning module TargetDeviceServices (397)
[2018.02.22-18.49.11:607][462]LogModuleManager: Shutting down and abandoning module AutomationController (394)
[2018.02.22-18.49.11:608][462]LogModuleManager: Shutting down and abandoning module AutomationWindow (392)
[2018.02.22-18.49.11:610][462]LogModuleManager: Shutting down and abandoning module Layers (390)
[2018.02.22-18.49.11:612][462]LogModuleManager: Shutting down and abandoning module ComponentVisualizers (388)
[2018.02.22-18.49.11:612][462]LogModuleManager: Shutting down and abandoning module DetailCustomizations (386)
[2018.02.22-18.49.11:614][462]LogModuleManager: Shutting down and abandoning module PackagesDialog (384)
[2018.02.22-18.49.11:615][462]LogModuleManager: Shutting down and abandoning module Persona (382)
[2018.02.22-18.49.11:617][462]LogModuleManager: Shutting down and abandoning module AdvancedPreviewScene (381)
[2018.02.22-18.49.11:617][462]LogModuleManager: Shutting down and abandoning module AnimGraph (379)
[2018.02.22-18.49.11:617][462]LogModuleManager: Shutting down and abandoning module Kismet (376)
[2018.02.22-18.49.11:619][462]LogModuleManager: Shutting down and abandoning module ClassViewer (374)
[2018.02.22-18.49.11:619][462]LogModuleManager: Shutting down and abandoning module Toolbox (372)
[2018.02.22-18.49.11:619][462]LogModuleManager: Shutting down and abandoning module ModuleUI (370)
[2018.02.22-18.49.11:620][462]LogModuleManager: Shutting down and abandoning module MovieSceneTools (368)
[2018.02.22-18.49.11:620][462]LogModuleManager: Shutting down and abandoning module OutputLog (366)
[2018.02.22-18.49.11:620][462]LogModuleManager: Shutting down and abandoning module GammaUI (364)
[2018.02.22-18.49.11:621][462]LogModuleManager: Shutting down and abandoning module Documentation (362)
[2018.02.22-18.49.11:621][462]LogModuleManager: Shutting down and abandoning module MovieSceneTracks (360)
[2018.02.22-18.49.11:621][462]LogModuleManager: Shutting down and abandoning module MovieScene (358)
[2018.02.22-18.49.11:621][462]LogModuleManager: Shutting down and abandoning module Niagara (356)
[2018.02.22-18.49.11:621][462]LogModuleManager: Shutting down and abandoning module NiagaraEditor (355)
[2018.02.22-18.49.11:623][462]LogModuleManager: Shutting down and abandoning module StreamingPauseRendering (352)
[2018.02.22-18.49.11:623][462]LogModuleManager: Shutting down and abandoning module LauncherPlatform (350)
[2018.02.22-18.49.11:623][462]LogModuleManager: Shutting down and abandoning module AnalyticsET (348)
[2018.02.22-18.49.11:623][462]LogModuleManager: Shutting down and abandoning module PortalServices (346)
[2018.02.22-18.49.11:623][462]LogModuleManager: Shutting down and abandoning module PortalRpc (344)
[2018.02.22-18.49.11:623][462]LogModuleManager: Shutting down and abandoning module MessagingRpc (342)
[2018.02.22-18.49.11:623][462]LogModuleManager: Shutting down and abandoning module AIModule (340)
[2018.02.22-18.49.11:623][462]LogModuleManager: Shutting down and abandoning module GameplayDebugger (339)
[2018.02.22-18.49.11:623][462]LogModuleManager: Shutting down and abandoning module AITestSuite (337)
[2018.02.22-18.49.11:624][462]LogModuleManager: Shutting down and abandoning module ProfilerService (334)
[2018.02.22-18.49.11:695][462]LogModuleManager: Shutting down and abandoning module TaskGraph (332)
[2018.02.22-18.49.11:697][462]LogModuleManager: Shutting down and abandoning module SteamVRController (330)
[2018.02.22-18.49.11:697][462]LogModuleManager: Shutting down and abandoning module ProceduralMeshComponentEditor (328)
[2018.02.22-18.49.11:697][462]LogModuleManager: Shutting down and abandoning module ProceduralMeshComponent (326)
[2018.02.22-18.49.11:697][462]LogModuleManager: Shutting down and abandoning module OculusInput (324)
[2018.02.22-18.49.11:697][462]LogModuleManager: Shutting down and abandoning module MobilePatchingUtils (322)
[2018.02.22-18.49.11:698][462]LogModuleManager: Shutting down and abandoning module CustomMeshComponent (320)
[2018.02.22-18.49.11:698][462]LogModuleManager: Shutting down and abandoning module CableComponent (318)
[2018.02.22-18.49.11:698][462]LogModuleManager: Shutting down and abandoning module ArchVisCharacter (316)
[2018.02.22-18.49.11:698][462]LogModuleManager: Shutting down and abandoning module AndroidPermission (314)
[2018.02.22-18.49.11:698][462]LogModuleManager: Shutting down and abandoning module MediaPlayerEditor (310)
[2018.02.22-18.49.11:700][462]LogModuleManager: Shutting down and abandoning module HTML5Networking (308)
[2018.02.22-18.49.11:700][462]LogModuleManager: Shutting down and abandoning module AlembicImporter (306)
[2018.02.22-18.49.11:701][462]LogModuleManager: Shutting down and abandoning module AlembicLibrary (305)
[2018.02.22-18.49.11:701][462]LogModuleManager: Shutting down and abandoning module GeometryCache (304)
[2018.02.22-18.49.11:701][462]LogModuleManager: Shutting down and abandoning module GeometryCacheEd (303)
[2018.02.22-18.49.11:701][462]LogModuleManager: Shutting down and abandoning module SpeedTreeImporter (298)
[2018.02.22-18.49.11:701][462]LogModuleManager: Shutting down and abandoning module PluginBrowser (296)
[2018.02.22-18.49.11:703][462]LogModuleManager: Shutting down and abandoning module MobileLauncherProfileWizard (294)
[2018.02.22-18.49.11:704][462]LogModuleManager: Shutting down and abandoning module VisualStudioSourceCodeAccess (292)
[2018.02.22-18.49.11:704][462]LogModuleManager: Shutting down and abandoning module DesktopPlatform (291)
[2018.02.22-18.49.11:704][462]LogModuleManager: Shutting down and abandoning module UObjectPlugin (288)
[2018.02.22-18.49.11:704][462]LogModuleManager: Shutting down and abandoning module SubversionSourceControl (286)
[2018.02.22-18.49.11:705][462]LogModuleManager: Shutting down and abandoning module PerforceSourceControl (284)
[2018.02.22-18.49.11:707][462]LogModuleManager: Shutting down and abandoning module GitSourceControl (282)
[2018.02.22-18.49.11:708][462]LogModuleManager: Shutting down and abandoning module SourceControl (281)
[2018.02.22-18.49.11:709][462]LogModuleManager: Shutting down and abandoning module LightPropagationVolumeEditor (278)
[2018.02.22-18.49.11:709][462]LogModuleManager: Shutting down and abandoning module PaperTiledImporter (276)
[2018.02.22-18.49.11:709][462]LogModuleManager: Shutting down and abandoning module PaperSpriteSheetImporter (274)
[2018.02.22-18.49.11:709][462]LogModuleManager: Shutting down and abandoning module Paper2DEditor (272)
[2018.02.22-18.49.11:710][462]LogModuleManager: Shutting down and abandoning module MeshPaint (271)
[2018.02.22-18.49.11:710][462]LogModuleManager: Shutting down and abandoning module LevelEditor (269)
[2018.02.22-18.49.11:712][462]LogModuleManager: Shutting down and abandoning module PixelInspectorModule (268)
[2018.02.22-18.49.11:712][462]LogModuleManager: Shutting down and abandoning module MainFrame (266)
[2018.02.22-18.49.11:712][462]LogModuleManager: Shutting down and abandoning module HotReload (265)
[2018.02.22-18.49.11:713][462]LogModuleManager: Shutting down and abandoning module RuntimePhysXCooking (260)
[2018.02.22-18.49.11:714][462]LogModuleManager: Shutting down and abandoning module PhysXVehiclesEditor (258)
[2018.02.22-18.49.11:714][462]LogModuleManager: Shutting down and abandoning module PhysXVehicles (256)
[2018.02.22-18.49.11:714][462]LogModuleManager: Shutting down and abandoning module OculusEditor (254)
[2018.02.22-18.49.11:714][462]LogModuleManager: Shutting down and abandoning module LocationServicesBPLibrary (252)
[2018.02.22-18.49.11:714][462]LogModuleManager: Shutting down and abandoning module ImmediatePhysicsEditor (250)
[2018.02.22-18.49.11:714][462]LogModuleManager: Shutting down and abandoning module ImmediatePhysics (248)
[2018.02.22-18.49.11:714][462]LogModuleManager: Shutting down and abandoning module UdpMessaging (246)
[2018.02.22-18.49.11:815][462]LogModuleManager: Shutting down and abandoning module TcpMessaging (244)
[2018.02.22-18.49.11:916][462]LogModuleManager: Shutting down and abandoning module GameplayTagsEditor (242)
[2018.02.22-18.49.11:917][462]LogModuleManager: Shutting down and abandoning module FacialAnimationEditor (240)
[2018.02.22-18.49.11:917][462]LogModuleManager: Shutting down and abandoning module FacialAnimation (238)
[2018.02.22-18.49.11:917][462]LogModuleManager: Shutting down and abandoning module AssetManagerEditor (236)
[2018.02.22-18.49.11:919][462]LogModuleManager: Shutting down and abandoning module GraphEditor (235)
[2018.02.22-18.49.11:921][462]LogModuleManager: Shutting down and abandoning module ContentBrowser (233)
[2018.02.22-18.49.11:928][462]LogModuleManager: Shutting down and abandoning module LightPropagationVolumeRuntime (230)
[2018.02.22-18.49.11:929][462]LogModuleManager: Shutting down and abandoning module Paper2D (228)
[2018.02.22-18.49.11:929][462]LogModuleManager: Shutting down and abandoning module WindowsMoviePlayer (226)
[2018.02.22-18.49.11:929][462]LogModuleManager: Shutting down and abandoning module WmfMedia (224)
[2018.02.22-18.49.11:935][462]LogModuleManager: Shutting down and abandoning module PacketHandler (222)
[2018.02.22-18.49.11:935][462]LogModuleManager: Shutting down and abandoning module ClothingSystemEditor (220)
[2018.02.22-18.49.11:935][462]LogModuleManager: Shutting down and abandoning module ClothingSystemRuntime (218)
[2018.02.22-18.49.11:936][462]LogModuleManager: Shutting down and abandoning module Overlay (216)
[2018.02.22-18.49.11:936][462]LogModuleManager: Shutting down and abandoning module OverlayEditor (215)
[2018.02.22-18.49.11:936][462]LogModuleManager: Shutting down and abandoning module MediaAssets (212)
[2018.02.22-18.49.11:936][462]LogModuleManager: Shutting down and abandoning module VREditor (210)
[2018.02.22-18.49.11:937][462]LogModuleManager: Shutting down and abandoning module StringTableEditor (208)
[2018.02.22-18.49.11:938][462]LogModuleManager: Shutting down and abandoning module GameplayTasksEditor (206)
[2018.02.22-18.49.11:938][462]LogModuleManager: Shutting down and abandoning module BehaviorTreeEditor (204)
[2018.02.22-18.49.11:940][462]LogModuleManager: Shutting down and abandoning module FunctionalTesting (202)
[2018.02.22-18.49.11:940][462]LogModuleManager: Shutting down and abandoning module CollisionAnalyzer (200)
[2018.02.22-18.49.11:941][462]LogModuleManager: Shutting down and abandoning module WorkspaceMenuStructure (199)
[2018.02.22-18.49.11:941][462]LogModuleManager: Shutting down and abandoning module UMG (196)
[2018.02.22-18.49.11:941][462]LogModuleManager: Shutting down and abandoning module UMGEditor (195)
[2018.02.22-18.49.11:942][462]LogModuleManager: Shutting down and abandoning module Sequencer (194)
[2018.02.22-18.49.11:943][462]LogModuleManager: Shutting down and abandoning module MessageLog (191)
[2018.02.22-18.49.11:944][462]LogModuleManager: Shutting down and abandoning module SlateReflector (186)
[2018.02.22-18.49.11:946][462]LogModuleManager: Shutting down and abandoning module Slate (184)
[2018.02.22-18.49.11:947][462]LogModuleManager: Shutting down and abandoning module EditorStyle (182)
[2018.02.22-18.49.11:951][462]LogModuleManager: Shutting down and abandoning module MRMesh (180)
[2018.02.22-18.49.11:951][462]LogModuleManager: Shutting down and abandoning module SourceCodeAccess (178)
[2018.02.22-18.49.11:951][462]LogModuleManager: Shutting down and abandoning module HeadMountedDisplay (176)
[2018.02.22-18.49.11:951][462]LogModuleManager: Shutting down and abandoning module XAudio2 (174)
[2018.02.22-18.49.11:951][462]LogModuleManager: Shutting down and abandoning module Networking (172)
[2018.02.22-18.49.11:951][462]LogModuleManager: Shutting down and abandoning module Core (168)
[2018.02.22-18.49.11:951][462]LogModuleManager: Shutting down and abandoning module KismetCompiler (164)
[2018.02.22-18.49.11:951][462]LogModuleManager: Shutting down and abandoning module LevelSequence (162)
[2018.02.22-18.49.11:951][462]LogModuleManager: Shutting down and abandoning module MeshUtilities (160)
[2018.02.22-18.49.11:952][462]LogModuleManager: Shutting down and abandoning module MeshMergeUtilities (159)
[2018.02.22-18.49.11:953][462]LogModuleManager: Shutting down and abandoning module MeshReductionInterface (158)
[2018.02.22-18.49.11:953][462]LogModuleManager: Shutting down and abandoning module SimplygonSwarm (157)
[2018.02.22-18.49.11:954][462]LogModuleManager: Shutting down and abandoning module SimplygonMeshReduction (155)
[2018.02.22-18.49.11:954][462]LogModuleManager: Shutting down and abandoning module QuadricMeshReduction (153)
[2018.02.22-18.49.11:955][462]LogModuleManager: Shutting down and abandoning module MaterialBaking (149)
[2018.02.22-18.49.11:955][462]LogModuleManager: Shutting down and abandoning module DirectoryWatcher (146)
[2018.02.22-18.49.11:957][462]LogModuleManager: Shutting down and abandoning module DerivedDataCache (144)
[2018.02.22-18.49.12:035][462]LogDerivedDataCache: Shutdown
[2018.02.22-18.49.12:036][462]LogModuleManager: Shutting down and abandoning module TargetPlatform (142)
[2018.02.22-18.49.12:036][462]LogModuleManager: Shutting down and abandoning module VulkanShaderFormat (141)
[2018.02.22-18.49.12:036][462]LogModuleManager: Shutting down and abandoning module ShaderFormatVectorVM (139)
[2018.02.22-18.49.12:037][462]LogModuleManager: Shutting down and abandoning module ShaderFormatOpenGL (137)
[2018.02.22-18.49.12:037][462]LogModuleManager: Shutting down and abandoning module ShaderFormatD3D (135)
[2018.02.22-18.49.12:038][462]LogModuleManager: Shutting down and abandoning module MetalShaderFormat (133)
[2018.02.22-18.49.12:038][462]LogModuleManager: Shutting down and abandoning module TextureFormatUncompressed (131)
[2018.02.22-18.49.12:038][462]LogModuleManager: Shutting down and abandoning module TextureFormatPVR (129)
[2018.02.22-18.49.12:039][462]LogModuleManager: Shutting down and abandoning module TextureFormatDXT (127)
[2018.02.22-18.49.12:039][462]LogModuleManager: Shutting down and abandoning module TextureFormatIntelISPCTexComp (125)
[2018.02.22-18.49.12:039][462]LogModuleManager: Shutting down and abandoning module TextureFormatASTC (123)
[2018.02.22-18.49.12:039][462]LogModuleManager: Shutting down and abandoning module ImageWrapper (122)
[2018.02.22-18.49.12:039][462]LogModuleManager: Shutting down and abandoning module TextureFormatAndroid (119)
[2018.02.22-18.49.12:039][462]LogModuleManager: Shutting down and abandoning module AudioFormatOpus (117)
[2018.02.22-18.49.12:039][462]LogModuleManager: Shutting down and abandoning module AudioFormatOgg (115)
[2018.02.22-18.49.12:039][462]LogModuleManager: Shutting down and abandoning module AudioFormatADPCM (113)
[2018.02.22-18.49.12:039][462]LogModuleManager: Shutting down and abandoning module LinuxTargetPlatform (111)
[2018.02.22-18.49.12:039][462]LogModuleManager: Shutting down and abandoning module LinuxServerTargetPlatform (109)
[2018.02.22-18.49.12:039][462]LogModuleManager: Shutting down and abandoning module LinuxNoEditorTargetPlatform (107)
[2018.02.22-18.49.12:039][462]LogModuleManager: Shutting down and abandoning module LinuxClientTargetPlatform (105)
[2018.02.22-18.49.12:039][462]LogModuleManager: Shutting down and abandoning module TVOSTargetPlatform (103)
[2018.02.22-18.49.12:039][462]LogModuleManager: Shutting down and abandoning module Messaging (101)
[2018.02.22-18.49.12:040][462]LogModuleManager: Shutting down and abandoning module IOSTargetPlatform (99)
[2018.02.22-18.49.12:040][462]LogModuleManager: Shutting down and abandoning module HTML5TargetPlatform (97)
[2018.02.22-18.49.12:040][462]LogModuleManager: Shutting down and abandoning module Android_PVRTCTargetPlatform (95)
[2018.02.22-18.49.12:040][462]LogModuleManager: Shutting down and abandoning module Android_MultiTargetPlatform (93)
[2018.02.22-18.49.12:040][462]LogModuleManager: Shutting down and abandoning module Android_ETC2TargetPlatform (91)
[2018.02.22-18.49.12:040][462]LogModuleManager: Shutting down and abandoning module Android_ETC1TargetPlatform (89)
[2018.02.22-18.49.12:040][462]LogModuleManager: Shutting down and abandoning module Android_DXTTargetPlatform (87)
[2018.02.22-18.49.12:040][462]LogModuleManager: Shutting down and abandoning module Android_ATCTargetPlatform (85)
[2018.02.22-18.49.12:040][462]LogModuleManager: Shutting down and abandoning module Android_ASTCTargetPlatform (83)
[2018.02.22-18.49.12:040][462]LogModuleManager: Shutting down and abandoning module AndroidTargetPlatform (81)
[2018.02.22-18.49.12:040][462]LogModuleManager: Shutting down and abandoning module WindowsTargetPlatform (79)
[2018.02.22-18.49.12:040][462]LogModuleManager: Shutting down and abandoning module WindowsServerTargetPlatform (77)
[2018.02.22-18.49.12:040][462]LogModuleManager: Shutting down and abandoning module WindowsNoEditorTargetPlatform (75)
[2018.02.22-18.49.12:040][462]LogModuleManager: Shutting down and abandoning module WindowsClientTargetPlatform (73)
[2018.02.22-18.49.12:040][462]LogModuleManager: Shutting down and abandoning module MacTargetPlatform (71)
[2018.02.22-18.49.12:040][462]LogModuleManager: Shutting down and abandoning module MacServerTargetPlatform (69)
[2018.02.22-18.49.12:040][462]LogModuleManager: Shutting down and abandoning module MacNoEditorTargetPlatform (67)
[2018.02.22-18.49.12:040][462]LogModuleManager: Shutting down and abandoning module MacClientTargetPlatform (65)
[2018.02.22-18.49.12:040][462]LogModuleManager: Shutting down and abandoning module AllDesktopTargetPlatform (63)
[2018.02.22-18.49.12:040][462]LogModuleManager: Shutting down and abandoning module InputCore (60)
[2018.02.22-18.49.12:040][462]LogModuleManager: Shutting down and abandoning module Settings (58)
[2018.02.22-18.49.12:040][462]LogModuleManager: Shutting down and abandoning module PhysXCooking (56)
[2018.02.22-18.49.12:040][462]LogModuleManager: Shutting down and abandoning module SteamVR (54)
[2018.02.22-18.49.12:040][462]LogModuleManager: Shutting down and abandoning module OculusHMD (52)
[2018.02.22-18.49.12:040][462]LogModuleManager: Shutting down and abandoning module ExampleDeviceProfileSelector (50)
[2018.02.22-18.49.12:041][462]LogModuleManager: Shutting down and abandoning module OnlineBlueprintSupport (48)
[2018.02.22-18.49.12:041][462]LogModuleManager: Shutting down and abandoning module OnlineSubsystem (44)
[2018.02.22-18.49.12:041][462]LogOnline: Display: Unloading online subsystem: NULL
[2018.02.22-18.49.12:042][462]LogModuleManager: Shutting down and abandoning module XMPP (43)
[2018.02.22-18.49.12:043][462]LogModuleManager: Shutting down and abandoning module HTTP (41)
[2018.02.22-18.49.12:043][462]LogHttp: Display: Http module shutting down, but needs to wait on 1 outstanding Http requests:
[2018.02.22-18.49.12:043][462]LogHttp: Display: 	verb=[POST] url=[https://datarouter.ol.epicgames.com/datarouter/api/v1/public/data?SessionID=%7BD58BC380-46AA-EFEA-8FFB-DFBB1EE533BB%7D&AppID=UEEditor.Rocket.Release&AppVersion=4.17.2-3658906%2B%2B%2BUE4%2BRelease-4.17&UserID=ad426ac64c6a4c3b3bc68a9d0be433f0%7C3e484fc28f53456396d68cb79bbbd8db%7C22fe4f5b-d916-4dca-8f3b-0be2b7be1635&AppEnvironment=datacollector-binary&UploadType=eteventstream] status=Processing
[2018.02.22-18.49.12:051][462]LogModuleManager: Shutting down and abandoning module SSL (40)
[2018.02.22-18.49.12:054][462]LogModuleManager: Shutting down and abandoning module AnimationModifiers (36)
[2018.02.22-18.49.12:055][462]LogModuleManager: Shutting down and abandoning module PropertyEditor (35)
[2018.02.22-18.49.12:055][462]LogModuleManager: Shutting down and abandoning module AudioEditor (32)
[2018.02.22-18.49.12:056][462]LogModuleManager: Shutting down and abandoning module TextureCompressor (30)
[2018.02.22-18.49.12:057][462]LogModuleManager: Shutting down and abandoning module ShaderCore (28)
[2018.02.22-18.49.12:057][462]LogModuleManager: Shutting down and abandoning module Landscape (26)
[2018.02.22-18.49.12:057][462]LogModuleManager: Shutting down and abandoning module SlateRHIRenderer (24)
[2018.02.22-18.49.12:060][462]LogModuleManager: Shutting down and abandoning module OpenGLDrv (22)
[2018.02.22-18.49.12:061][462]LogModuleManager: Shutting down and abandoning module D3D11RHI (20)
[2018.02.22-18.49.12:061][462]LogModuleManager: Shutting down and abandoning module AnimGraphRuntime (18)
[2018.02.22-18.49.12:061][462]LogModuleManager: Shutting down and abandoning module Renderer (16)
[2018.02.22-18.49.12:061][462]LogModuleManager: Shutting down and abandoning module Engine (14)
[2018.02.22-18.49.12:061][462]LogModuleManager: Shutting down and abandoning module CoreUObject (12)
[2018.02.22-18.49.12:061][462]LogModuleManager: Shutting down and abandoning module NetworkFile (10)
[2018.02.22-18.49.12:062][462]LogModuleManager: Shutting down and abandoning module CookedIterativeFile (8)
[2018.02.22-18.49.12:062][462]LogModuleManager: Shutting down and abandoning module StreamingFile (6)
[2018.02.22-18.49.12:062][462]LogModuleManager: Shutting down and abandoning module SandboxFile (4)
[2018.02.22-18.49.12:062][462]LogModuleManager: Shutting down and abandoning module PakFile (2)
[2018.02.22-18.49.12:069][462]LogExit: Exiting.
[2018.02.22-18.49.12:100][462]Log file closed, 02/22/18 18:49:12
