Log file open, 05/02/18 09:35:34
LogWindows: Failed to load 'aqProf.dll' (GetLastError=126)
LogWindows: File 'aqProf.dll' does not exist
LogWindows: Failed to load 'VtuneApi.dll' (GetLastError=126)
LogWindows: File 'VtuneApi.dll' does not exist
LogWindows: Failed to load 'VtuneApi32e.dll' (GetLastError=126)
LogWindows: File 'VtuneApi32e.dll' does not exist
LogInit: Display: Running engine for game: Prototype_Group_11
LogPlatformFile: Not using cached read wrapper
LogInit: Display: RandInit(-1799474028) SRandInit(-1799474028).
LogTaskGraph: Started task graph with 5 named threads and 14 total threads with 3 sets of task threads.
LogStats: Stats thread started at 0.187552
LogD3D11RHI: Aftermath initialized
LogPluginManager: Mounting plugin Paper2D
LogPluginManager: Mounting plugin LightPropagationVolume
LogPluginManager: Mounting plugin CodeLiteSourceCodeAccess
LogPluginManager: Mounting plugin GitSourceControl
LogPluginManager: Mounting plugin KDevelopSourceCodeAccess
LogPluginManager: Mounting plugin NullSourceCodeAccess
LogPluginManager: Mounting plugin PerforceSourceControl
LogPluginManager: Mounting plugin SubversionSourceControl
LogPluginManager: Mounting plugin UObjectPlugin
LogPluginManager: Mounting plugin VisualStudioSourceCodeAccess
LogPluginManager: Mounting plugin XCodeSourceCodeAccess
LogPluginManager: Mounting plugin AssetManagerEditor
LogPluginManager: Mounting plugin AudioCapture
LogPluginManager: Mounting plugin FacialAnimation
LogPluginManager: Mounting plugin GameplayTagsEditor
LogPluginManager: Mounting plugin MobileLauncherProfileWizard
LogPluginManager: Mounting plugin PluginBrowser
LogPluginManager: Mounting plugin SpeedTreeImporter
LogPluginManager: Mounting plugin AlembicImporter
LogPluginManager: Mounting plugin CharacterAI
LogPluginManager: Mounting plugin HTML5Networking
LogPluginManager: Mounting plugin AndroidMedia
LogPluginManager: Mounting plugin AvfMedia
LogPluginManager: Mounting plugin MediaPlayerEditor
LogPluginManager: Mounting plugin WmfMedia
LogPluginManager: Mounting plugin TcpMessaging
LogPluginManager: Mounting plugin UdpMessaging
LogPluginManager: Mounting plugin LevelSequenceEditor
LogPluginManager: Mounting plugin MatineeToLevelSequence
LogPluginManager: Mounting plugin OnlineSubsystemGooglePlay
LogPluginManager: Mounting plugin OnlineSubsystemIOS
LogPluginManager: Mounting plugin OnlineSubsystem
LogPluginManager: Mounting plugin OnlineSubsystemNull
LogPluginManager: Mounting plugin OnlineSubsystemUtils
LogPluginManager: Mounting plugin AndroidDeviceProfileSelector
LogPluginManager: Mounting plugin AndroidMoviePlayer
LogPluginManager: Mounting plugin AndroidPermission
LogPluginManager: Mounting plugin AppleMoviePlayer
LogPluginManager: Mounting plugin ArchVisCharacter
LogPluginManager: Mounting plugin CableComponent
LogPluginManager: Mounting plugin CustomMeshComponent
LogPluginManager: Mounting plugin ExampleDeviceProfileSelector
LogPluginManager: Mounting plugin GoogleCloudMessaging
LogPluginManager: Mounting plugin ImmediatePhysics
LogPluginManager: Mounting plugin IOSDeviceProfileSelector
LogPluginManager: Mounting plugin LinuxDeviceProfileSelector
LogPluginManager: Mounting plugin LocationServicesBPLibrary
LogPluginManager: Mounting plugin MobilePatchingUtils
LogPluginManager: Mounting plugin OculusVR
LogPluginManager: Mounting plugin PhysXVehicles
LogPluginManager: Mounting plugin ProceduralMeshComponent
LogPluginManager: Mounting plugin RuntimePhysXCooking
LogPluginManager: Mounting plugin SteamVR
LogPluginManager: Mounting plugin WindowsMoviePlayer
LogInit: Using libcurl 7.47.1
LogInit:  - built for x86_64-pc-win32
LogInit:  - supports SSL with OpenSSL/1.0.2g
LogInit:  - supports HTTP deflate (compression) using libz 1.2.8
LogInit:  - other features:
LogInit:      CURL_VERSION_SSL
LogInit:      CURL_VERSION_LIBZ
LogInit:      CURL_VERSION_IPV6
LogInit:      CURL_VERSION_ASYNCHDNS
LogInit:      CURL_VERSION_LARGEFILE
LogInit:      CURL_VERSION_IDN
LogInit:  CurlRequestOptions (configurable via config and command line):
LogInit:  - bVerifyPeer = false  - Libcurl will NOT verify peer certificate
LogInit:  - bUseHttpProxy = false  - Libcurl will NOT use HTTP proxy
LogInit:  - bDontReuseConnections = false  - Libcurl will reuse connections
LogInit:  - CertBundlePath = nullptr  - Libcurl will use whatever was configured at build time.
LogInit: Build: ++UE4+Release-4.17-CL-3658906
LogInit: Engine Version: 4.17.2-3658906+++UE4+Release-4.17
LogInit: Compatible Engine Version: 4.17.0-3573198+++UE4+Release-4.17
LogInit: Net CL: 3573198
LogDevObjectVersion: Number of dev versions registered: 16
LogDevObjectVersion:   Dev-Blueprints (B0D832E4-1F89-4F0D-ACCF-7EB736FD4AA2): 10
LogDevObjectVersion:   Dev-Build (E1C64328-A22C-4D53-A36C-8E866417BD8C): 0
LogDevObjectVersion:   Dev-Core (375EC13C-06E4-48FB-B500-84F0262A717E): 2
LogDevObjectVersion:   Dev-Editor (E4B068ED-F494-42E9-A231-DA0B2E46BB41): 20
LogDevObjectVersion:   Dev-Framework (CFFC743F-43B0-4480-9391-14DF171D2073): 28
LogDevObjectVersion:   Dev-Mobile (B02B49B5-BB20-44E9-A304-32B752E40360): 0
LogDevObjectVersion:   Dev-Networking (A4E4105C-59A1-49B5-A7C5-40C4547EDFEE): 0
LogDevObjectVersion:   Dev-Online (39C831C9-5AE6-47DC-9A44-9C173E1C8E7C): 0
LogDevObjectVersion:   Dev-Physics (78F01B33-EBEA-4F98-B9B4-84EACCB95AA2): 0
LogDevObjectVersion:   Dev-Platform (6631380F-2D4D-43E0-8009-CF276956A95A): 0
LogDevObjectVersion:   Dev-Rendering (12F88B9F-8875-4AFC-A67C-D90C383ABD29): 19
LogDevObjectVersion:   Dev-Sequencer (7B5AE74C-D270-4C10-A958-57980B212A5A): 4
LogDevObjectVersion:   Dev-VR (D7296918-1DD6-4BDD-9DE2-64A83CC13884): 0
LogDevObjectVersion:   Dev-LoadTimes (C2A15278-BFE7-4AFE-6C17-90FF531DF755): 1
LogDevObjectVersion:   Private-Geometry (6EACA3D4-40EC-4CC1-B786-8BED09428FC5): 1
LogDevObjectVersion:   Dev-AnimPhys (29E575DD-E0A3-4627-9D10-D276232CDCEA): 7
LogInit: Compiled (64-bit): Sep 22 2017 13:47:16
LogInit: Compiled with Visual C++: 19.00.24215.01
LogInit: Build Configuration: Development
LogInit: Branch Name: ++UE4+Release-4.17
LogInit: Command line:  
LogInit: Base directory: C:/Program Files/Epic Games/UE_4.17/Engine/Binaries/Win64/
LogInit: Installed Engine Build: 1
LogInit: Presizing for max 8388607 objects, including 0 objects not considered by GC, pre-allocating 0 bytes for permanent pool.
LogInit: Object subsystem initialized
[2018.05.02-08.35.34:994][  0]LogInit: Selected Device Profile: [Windows]
[2018.05.02-08.35.34:994][  0]LogInit: Applying CVar settings loaded from the selected device profile: [Windows]
[2018.05.02-08.35.35:010][  0]LogInit: Computer: GAMES-105-015
[2018.05.02-08.35.35:010][  0]LogInit: User: Games
[2018.05.02-08.35.35:010][  0]LogInit: CPU Page size=4096, Cores=4
[2018.05.02-08.35.35:010][  0]LogInit: High frequency timer resolution =3.613284 MHz
[2018.05.02-08.35.35:010][  0]LogMemory: Memory total: Physical=15.9GB (16GB approx)
[2018.05.02-08.35.35:010][  0]LogMemory: Platform Memory Stats for Windows
[2018.05.02-08.35.35:010][  0]LogMemory: Process Physical Memory: 279.60 MB used, 279.60 MB peak
[2018.05.02-08.35.35:010][  0]LogMemory: Process Virtual Memory: 282.44 MB used, 282.44 MB peak
[2018.05.02-08.35.35:010][  0]LogMemory: Physical Memory: 5767.73 MB used,  10494.00 MB free, 16261.73 MB total
[2018.05.02-08.35.35:010][  0]LogMemory: Virtual Memory: 715.23 MB used,  10494.00 MB free, 134217728.00 MB total
[2018.05.02-08.35.35:263][  0]LogInit: Using OS detected language (en-US).
[2018.05.02-08.35.35:264][  0]LogInit: Using OS detected locale (en-US).
[2018.05.02-08.35.35:267][  0]LogTextLocalizationManager: No specific localization for 'en-US' exists, so the 'en' localization will be used.
[2018.05.02-08.35.36:041][  0]LogD3D11RHI: D3D11 adapters:
[2018.05.02-08.35.36:092][  0]LogD3D11RHI:    0. 'NVIDIA GeForce GTX 760' (Feature Level 11_0)
[2018.05.02-08.35.36:092][  0]LogD3D11RHI:       2017/0/8130 MB DedicatedVideo/DedicatedSystem/SharedSystem, Outputs:2, VendorId:0x10de
[2018.05.02-08.35.36:094][  0]LogD3D11RHI:    1. 'Microsoft Basic Render Driver' (Feature Level 11_0)
[2018.05.02-08.35.36:094][  0]LogD3D11RHI:       0/0/8130 MB DedicatedVideo/DedicatedSystem/SharedSystem, Outputs:0, VendorId:0x1414
[2018.05.02-08.35.36:094][  0]LogD3D11RHI: Chosen D3D11 Adapter: 0
[2018.05.02-08.35.36:101][  0]LogD3D11RHI: Creating new Direct3DDevice
[2018.05.02-08.35.36:101][  0]LogD3D11RHI:     GPU DeviceId: 0x1187 (for the marketing name, search the web for "GPU Device Id")
[2018.05.02-08.35.36:101][  0]LogWindows: EnumDisplayDevices:
[2018.05.02-08.35.36:101][  0]LogWindows:    0. 'NVIDIA GeForce GTX 760' (P:0 D:1)
[2018.05.02-08.35.36:101][  0]LogWindows:    1. 'NVIDIA GeForce GTX 760' (P:1 D:1)
[2018.05.02-08.35.36:101][  0]LogWindows:    2. 'NVIDIA GeForce GTX 760' (P:0 D:0)
[2018.05.02-08.35.36:101][  0]LogWindows:    3. 'NVIDIA GeForce GTX 760' (P:0 D:0)
[2018.05.02-08.35.36:101][  0]LogWindows: DebugString: GetVideoDriverDetailsInvalid PrimaryIsNotTheChoosenAdapter GetVideoDriverDetailsInvalid PrimaryIsNotTheChoosenAdapter GetVideoDriverDetailsInvalid PrimaryIsNotTheChoosenAdapter GetVideoDriverDetailsInvalid PrimaryIsNotTheChoosenAdapter FoundDriverCount:0 
[2018.05.02-08.35.36:101][  0]LogD3D11RHI:     Adapter Name: NVIDIA GeForce GTX 760
[2018.05.02-08.35.36:101][  0]LogD3D11RHI:   Driver Version: Unknown (internal:Unknown, unified:Unknown)
[2018.05.02-08.35.36:102][  0]LogD3D11RHI:      Driver Date: Unknown
[2018.05.02-08.35.36:102][  0]LogRHI: Texture pool is 1361 MB (70% of 1945 MB)
[2018.05.02-08.35.36:138][  0]LogD3D11RHI: Async texture creation enabled
[2018.05.02-08.35.36:152][  0]LogD3D11RHI: GPU Timing Frequency: 1000.000000 (Debug: 2 1)
[2018.05.02-08.35.36:196][  0]LogShaderCompilers: Guid format shader working directory is -35 characters bigger than the processId version (../../../../../../Users/Games/Desktop/mgp-mgp-group-11/Development/Unreal Project/Intermediate/Shaders/WorkingDirectory/9796/).
[2018.05.02-08.35.36:196][  0]LogShaderCompilers: Cleaned the shader compiler working directory 'C:/Users/Games/AppData/Local/Temp/UnrealShaderWorkingDir/5FD61D9D464FC4412394798E8B8A4A42/'.
[2018.05.02-08.35.36:196][  0]LogShaderCompilers: Display: Using Local Shader Compiler.
[2018.05.02-08.35.37:290][  0]LogTemp: Display: Loaded TP AllDesktopTargetPlatform
[2018.05.02-08.35.37:368][  0]LogTemp: Display: Loaded TP MacClientTargetPlatform
[2018.05.02-08.35.37:440][  0]LogTemp: Display: Loaded TP MacNoEditorTargetPlatform
[2018.05.02-08.35.37:512][  0]LogTemp: Display: Loaded TP MacServerTargetPlatform
[2018.05.02-08.35.37:593][  0]LogTemp: Display: Loaded TP MacTargetPlatform
[2018.05.02-08.35.37:669][  0]LogTemp: Display: Loaded TP WindowsClientTargetPlatform
[2018.05.02-08.35.37:751][  0]LogTemp: Display: Loaded TP WindowsNoEditorTargetPlatform
[2018.05.02-08.35.37:822][  0]LogTemp: Display: Loaded TP WindowsServerTargetPlatform
[2018.05.02-08.35.37:891][  0]LogTemp: Display: Loaded TP WindowsTargetPlatform
[2018.05.02-08.35.37:971][  0]LogTemp: Display: Loaded TP AndroidTargetPlatform
[2018.05.02-08.35.38:047][  0]LogTemp: Display: Loaded TP Android_ASTCTargetPlatform
[2018.05.02-08.35.38:123][  0]LogTemp: Display: Loaded TP Android_ATCTargetPlatform
[2018.05.02-08.35.38:204][  0]LogTemp: Display: Loaded TP Android_DXTTargetPlatform
[2018.05.02-08.35.38:280][  0]LogTemp: Display: Loaded TP Android_ETC1TargetPlatform
[2018.05.02-08.35.38:358][  0]LogTemp: Display: Loaded TP Android_ETC2TargetPlatform
[2018.05.02-08.35.38:518][  0]LogTemp: Display: Loaded TP Android_MultiTargetPlatform
[2018.05.02-08.35.38:518][  0]LogTemp: Display: Loaded TP Android_PVRTCTargetPlatform
[2018.05.02-08.35.38:583][  0]LogTemp: Display: Loaded TP HTML5TargetPlatform
[2018.05.02-08.35.38:713][  0]LogTemp: Display: Loaded TP IOSTargetPlatform
[2018.05.02-08.35.38:763][  0]LogTemp: Display: Loaded TP TVOSTargetPlatform
[2018.05.02-08.35.38:837][  0]LogTemp: Display: Loaded TP LinuxClientTargetPlatform
[2018.05.02-08.35.38:907][  0]LogTemp: Display: Loaded TP LinuxNoEditorTargetPlatform
[2018.05.02-08.35.38:976][  0]LogTemp: Display: Loaded TP LinuxServerTargetPlatform
[2018.05.02-08.35.39:049][  0]LogTemp: Display: Loaded TP LinuxTargetPlatform
[2018.05.02-08.35.39:049][  0]LogTargetPlatformManager: Display: Building Assets For Windows
[2018.05.02-08.35.39:749][  0]LogDerivedDataCache: Display: Max Cache Size: 512 MB
[2018.05.02-08.35.39:861][  0]LogDerivedDataCache: Loaded boot cache 0.11s 93MB C:/Users/Games/AppData/Local/UnrealEngine/4.17/DerivedDataCache/Boot.ddc.
[2018.05.02-08.35.39:861][  0]LogDerivedDataCache: Display: Loaded Boot cache: C:/Users/Games/AppData/Local/UnrealEngine/4.17/DerivedDataCache/Boot.ddc
[2018.05.02-08.35.39:862][  0]LogDerivedDataCache: FDerivedDataBackendGraph:  Pak pak cache file ../../../../../../Users/Games/Desktop/mgp-mgp-group-11/Development/Unreal Project/DerivedDataCache/DDC.ddp not found, will not use a pak cache.
[2018.05.02-08.35.39:862][  0]LogDerivedDataCache: Unable to find inner node Pak for hierarchical cache Hierarchy.
[2018.05.02-08.35.39:862][  0]LogDerivedDataCache: FDerivedDataBackendGraph:  CompressedPak pak cache file ../../../../../../Users/Games/Desktop/mgp-mgp-group-11/Development/Unreal Project/DerivedDataCache/Compressed.ddp not found, will not use a pak cache.
[2018.05.02-08.35.39:862][  0]LogDerivedDataCache: Unable to find inner node CompressedPak for hierarchical cache Hierarchy.
[2018.05.02-08.35.39:878][  0]LogDerivedDataCache: Display: Pak cache opened for reading ../../../Engine/DerivedDataCache/Compressed.ddp.
[2018.05.02-08.35.39:890][  0]LogDerivedDataCache: Using Local data cache path C:/Users/Games/AppData/Local/UnrealEngine/Common/DerivedDataCache: Writable
[2018.05.02-08.35.39:902][  0]LogMaterial: Verifying Global Shaders for PCD3D_SM5
[2018.05.02-08.35.39:903][  0]LogSlate: Using Freetype 2.6.0
[2018.05.02-08.35.39:904][  0]LogSlate: SlateFontCache - WITH_FREETYPE: 1, WITH_HARFBUZZ: 1
[2018.05.02-08.35.39:904][  0]LogSlate: SlateFontCache - WITH_FREETYPE: 1, WITH_HARFBUZZ: 1
[2018.05.02-08.35.40:243][  0]LogAssetRegistry: FAssetRegistry took 0.0273 seconds to start up
[2018.05.02-08.35.40:393][  0]LogInit: Selected Device Profile: [Windows]
[2018.05.02-08.35.40:572][  0]LogContentStreaming: Texture pool size is 0.00 MB
[2018.05.02-08.35.41:015][  0]LogSimplygon: Simplygon DLL not present - disabling.
[2018.05.02-08.35.41:080][  0]LogMeshReduction: Using SimplygonSwarm for distributed automatic mesh merging
[2018.05.02-08.35.41:080][  0]LogMeshReduction: Using QuadricMeshReduction for automatic static mesh reduction
[2018.05.02-08.35.41:080][  0]LogMeshReduction: No automatic skeletal mesh reduction module available
[2018.05.02-08.35.41:080][  0]LogMeshReduction: No automatic mesh merging module available
[2018.05.02-08.35.41:080][  0]LogMeshMerging: No automatic mesh merging module available
[2018.05.02-08.35.41:527][  0]LogNetVersion: Prototype_Group_11 , NetCL: 3573198, EngineNetVer: 2, GameNetVer: 0 (Checksum: 3139247147)
[2018.05.02-08.35.41:860][  0]LogPackageLocalizationCache: Processed 5 localized package path(s) for 2 prioritized culture(s) in 0.073663 seconds
[2018.05.02-08.35.41:871][  0]LogUObjectArray: 35825 objects as part of root set at end of initial load.
[2018.05.02-08.35.41:871][  0]LogUObjectAllocator: 7529104 out of 0 bytes used by permanent object pool.
[2018.05.02-08.35.41:871][  0]LogUObjectArray: CloseDisregardForGC: 0/0 objects in disregard for GC pool
[2018.05.02-08.35.41:981][  0]LogInit: WinSock: version 1.1 (2.2), MaxSocks=32767, MaxUdp=65467
[2018.05.02-08.35.45:647][  0]LogTcpMessaging: Initializing TcpMessaging bridge
[2018.05.02-08.35.45:700][  0]LogUdpMessaging: Initializing bridge on interface 0.0.0.0:0 to multicast group 230.0.0.1:6666.
[2018.05.02-08.35.46:599][  0]LogMaterial: Uniform references updated for custom material expression Custom.
[2018.05.02-08.35.47:166][  0]SourceControl: Source control is disabled
[2018.05.02-08.35.48:523][  0]LogAndroidPermission: UAndroidPermissionCallbackProxy::GetInstance
[2018.05.02-08.35.48:906][  0]LogOcInput: OculusInput pre-init called
[2018.05.02-08.35.49:245][  0]LogEngine: Initializing Engine...
[2018.05.02-08.35.49:247][  0]LogHMD: Failed to initialize OpenVR with code 100
[2018.05.02-08.35.49:509][  0]LogStats: UGameplayTagsManager::ConstructGameplayTagTree: Construct from data asset -  0.000 s
[2018.05.02-08.35.49:509][  0]LogStats: UGameplayTagsManager::ConstructGameplayTagTree: GameplayTagTreeChangedEvent.Broadcast -  0.000 s
[2018.05.02-08.35.49:681][  0]LogAIModule: Creating AISystem for world Untitled
[2018.05.02-08.35.49:690][  0]LogInit: XAudio2 using 'EV2316W-8 (NVIDIA High Definition Audio)' : 2 channels at 48 kHz using 16 bits per sample (channel mask 0x3)
[2018.05.02-08.35.49:710][  0]LogInit: FAudioDevice initialized.
[2018.05.02-08.35.49:865][  0]LogDerivedDataCache: Saved boot cache 0.15s 93MB C:/Users/Games/AppData/Local/UnrealEngine/4.17/DerivedDataCache/Boot.ddc.
[2018.05.02-08.35.49:901][  0]LogInit: Texture streaming: Enabled
[2018.05.02-08.35.50:212][  0]LogEngineSessionManager: EngineSessionManager initialized
[2018.05.02-08.35.50:248][  0]LogEngineSessionManager: EngineSessionManager sent abnormal shutdown report. Type=Crashed, SessionId={34FDCFB7-4C13-3CE7-1215-649999961D35}
[2018.05.02-08.35.50:748][  0]LogInit: Transaction tracking system initialized
[2018.05.02-08.35.51:190][  0]BlueprintLog: New page: Editor Load
[2018.05.02-08.35.52:850][  0]LocalizationService: Localization service is disabled
[2018.05.02-08.35.54:065][  0]LogConsoleResponse: Display: 
[2018.05.02-08.35.54:289][  0]LogCook: Display: Max memory allowance for cook 16384mb min free memory 0mb
[2018.05.02-08.35.54:289][  0]LogCook: Display: Mobile HDR setting 1
[2018.05.02-08.35.54:289][  0]LogGameplayTags: Display: UGameplayTagsManager::DoneAddingNativeTags. DelegateIsBound: 0
[2018.05.02-08.35.55:166][  0]LogFileCache: Scanning file cache for directory 'C:/Users/Games/Desktop/mgp-mgp-group-11/Development/Unreal Project/Content/' took 0.01s
[2018.05.02-08.35.56:028][  0]Cmd: MAP LOAD FILE="../../../../../../Users/Games/Desktop/mgp-mgp-group-11/Development/Unreal Project/Content/Levels/MainMenu.umap" TEMPLATE=0 SHOWPROGRESS=1 FEATURELEVEL=3
[2018.05.02-08.35.56:029][  0]LightingResults: New page: Lighting Build
[2018.05.02-08.35.56:092][  0]MapCheck: New page: Map Check
[2018.05.02-08.35.56:092][  0]LightingResults: New page: Lighting Build
[2018.05.02-08.35.56:112][  0]LogLinker: Warning: Can't find file '/Game/Levels/MainMenu_BuiltData'
[2018.05.02-08.35.56:112][  0]LogLinker: Warning: Can't find file for asset '/Game/Levels/MainMenu_BuiltData' while loading ../../../../../../Users/Games/Desktop/mgp-mgp-group-11/Development/Unreal Project/Content/Levels/MainMenu.umap.
[2018.05.02-08.35.56:112][  0]LoadErrors: Error: /Game/Levels/MainMenu : Can't find file for asset. /Game/Levels/MainMenu_BuiltData
[2018.05.02-08.35.56:402][  0]LogLinker: Warning: Can't find file '/Game/Levels/MainMenu_BuiltData'
[2018.05.02-08.35.56:402][  0]LogLinker: Warning: Can't find file for asset '/Game/Levels/MainMenu_BuiltData' while loading ../../../../../../Users/Games/Desktop/mgp-mgp-group-11/Development/Unreal Project/Content/Levels/MainMenu.umap.
[2018.05.02-08.35.56:402][  0]LoadErrors: Error: /Game/Levels/MainMenu : Can't find file for asset. /Game/Levels/MainMenu_BuiltData
[2018.05.02-08.35.56:407][  0]LogLinker: Warning: Can't find file '/Game/Levels/MainMenu_BuiltData'
[2018.05.02-08.35.56:407][  0]LogLinker: Warning: Can't find file for asset '/Game/Levels/MainMenu_BuiltData' while loading NULL.
[2018.05.02-08.35.56:407][  0]LogLinker: Warning: Can't find file '/Game/Levels/MainMenu_BuiltData'
[2018.05.02-08.35.56:408][  0]LogLinker: Warning: Can't find file for asset '/Game/Levels/MainMenu_BuiltData' while loading NULL.
[2018.05.02-08.35.56:438][  0]LogLinker: Warning: Can't find file '/Game/Levels/MainMenu_BuiltData'
[2018.05.02-08.35.56:438][  0]LoadErrors: Failed to load /Game/Levels/MainMenu_BuiltData.MainMenu_BuiltData Referenced by PersistentLevel
[2018.05.02-08.35.56:439][  0]LogLinker: Warning: Can't find file for asset '/Game/Levels/MainMenu_BuiltData' while loading NULL.
[2018.05.02-08.35.56:439][  0]LoadErrors: Failed to load /Game/Levels/MainMenu_BuiltData.MainMenu_BuiltData Referenced by PersistentLevel
[2018.05.02-08.35.56:617][  0]LogAIModule: Creating AISystem for world MainMenu
[2018.05.02-08.35.56:618][  0]LogEditorServer: Finished looking for orphan Actors (0.000 secs)
[2018.05.02-08.35.56:631][  0]Cmd: MAP CHECKDEP NOCLEARLOG
[2018.05.02-08.35.56:698][  0]MapCheck: Map check complete: 0 Error(s), 0 Warning(s), took 66.818ms to complete.
[2018.05.02-08.35.56:698][  0]LogFileHelpers: Loading map 'MainMenu' took 0.670
[2018.05.02-08.35.56:799][  0]LogWindowsTextInputMethodSystem: Display: IME system now deactivated.
[2018.05.02-08.35.56:931][  0]LogCollectionManager: Loaded 0 collections in 0.002212 seconds
[2018.05.02-08.35.57:025][  0]LogFileCache: Scanning file cache for directory 'C:/Users/Games/Desktop/mgp-mgp-group-11/Development/Unreal Project/Saved/Collections/' took 0.01s
[2018.05.02-08.35.57:025][  0]LogFileCache: Scanning file cache for directory 'C:/Users/Games/Desktop/mgp-mgp-group-11/Development/Unreal Project/Content/Developers/Games/Collections/' took 0.01s
[2018.05.02-08.35.57:025][  0]LogFileCache: Scanning file cache for directory 'C:/Users/Games/Desktop/mgp-mgp-group-11/Development/Unreal Project/Content/Collections/' took 0.01s
[2018.05.02-08.35.57:025][  0]LogCollectionManager: Rebuilt the GUID cache for 0 collections in 0.000001 seconds
[2018.05.02-08.35.57:034][  0]LogContentBrowser: Native class hierarchy populated in 0.0090 seconds. Added 2386 classes and 500 folders.
[2018.05.02-08.35.57:119][  0]LogContentBrowser: Native class hierarchy updated for 'WidgetCarousel' in 0.0007 seconds. Added 0 classes and 0 folders.
[2018.05.02-08.35.57:170][  0]LogContentBrowser: Native class hierarchy updated for 'AddContentDialog' in 0.0006 seconds. Added 0 classes and 0 folders.
[2018.05.02-08.35.57:227][  0]LogContentBrowser: Native class hierarchy updated for 'SceneOutliner' in 0.0007 seconds. Added 1 classes and 2 folders.
[2018.05.02-08.35.57:250][  0]LogSlate: Took 0.000289 seconds to synchronously load lazily loaded font '../../../Engine/Content/Slate/Fonts/Roboto-Regular.ttf' (155K)
[2018.05.02-08.35.57:253][  0]LogSlate: Took 0.000244 seconds to synchronously load lazily loaded font '../../../Engine/Content/Slate/Fonts/Roboto-Bold.ttf' (160K)
[2018.05.02-08.35.57:259][  0]LogSlate: Took 0.000267 seconds to synchronously load lazily loaded font '../../../Engine/Content/Editor/Slate/Fonts/FontAwesome.ttf' (139K)
[2018.05.02-08.35.57:374][  0]LogRenderer: Reallocating scene render targets to support 1208x580 Format 10 NumSamples 1 (Frame:1).
[2018.05.02-08.35.57:553][  0]LogContentBrowser: Native class hierarchy updated for 'HierarchicalLODOutliner' in 0.0007 seconds. Added 1 classes and 2 folders.
[2018.05.02-08.35.57:553][  0]LogLoad: (Engine Initialization) Total time: 24.72 seconds
[2018.05.02-08.35.57:553][  0]LogLoad: (Engine Initialization) Total Blueprint compile time: 0.00 seconds
[2018.05.02-08.35.57:553][  0]LogExternalProfiler: Found external profiler: VSPerf
[2018.05.02-08.35.57:553][  0]LogExternalProfiler: Using external profiler: VSPerf
[2018.05.02-08.35.57:582][  0]SourceControl: On branch master
[2018.05.02-08.35.57:582][  0]SourceControl: Your branch is behind 'origin/master' by 1 commit, and can be fast-forwarded.
[2018.05.02-08.35.57:583][  0]SourceControl:   (use "git pull" to update your local branch)
[2018.05.02-08.35.57:583][  0]SourceControl: Changes not staged for commit:
[2018.05.02-08.35.57:583][  0]SourceControl:   (use "git add/rm <file>..." to update what will be committed)
[2018.05.02-08.35.57:583][  0]SourceControl:   (use "git checkout -- <file>..." to discard changes in working directory)
[2018.05.02-08.35.57:583][  0]SourceControl: 	modified:   Development/Unreal Project/Content/Blueprints/Cannon.uasset
[2018.05.02-08.35.57:583][  0]SourceControl: 	modified:   Development/Unreal Project/Content/Levels/Casual_Levels/CasualLevel9.umap
[2018.05.02-08.35.57:583][  0]SourceControl: 	modified:   Development/Unreal Project/Intermediate/AssetRegistryCache/c90e3f55.bin
[2018.05.02-08.35.57:583][  0]SourceControl: 	modified:   Development/Unreal Project/Intermediate/CachedAssetRegistry.bin
[2018.05.02-08.35.57:583][  0]SourceControl: 	modified:   Development/Unreal Project/Intermediate/Config/CoalescedSourceConfigs/Engine.ini
[2018.05.02-08.35.57:583][  0]SourceControl: 	modified:   Development/Unreal Project/Saved/Autosaves/PackageRestoreData.json
[2018.05.02-08.35.57:583][  0]SourceControl: 	deleted:    Development/Unreal Project/Saved/Backup/Bullet_2018-03-17-18-27-58.uasset
[2018.05.02-08.35.57:583][  0]SourceControl: 	deleted:    Development/Unreal Project/Saved/Backup/Bullet_2018-03-17-19-01-06.uasset
[2018.05.02-08.35.57:583][  0]SourceControl: 	deleted:    Development/Unreal Project/Saved/Backup/JoeLevel2_2018-04-10-13-50-12.umap
[2018.05.02-08.35.57:583][  0]SourceControl: 	modified:   Development/Unreal Project/Saved/Config/Windows/EditorPerProjectUserSettings.ini
[2018.05.02-08.35.57:583][  0]SourceControl: 	modified:   Development/Unreal Project/Saved/Config/Windows/Engine.ini
[2018.05.02-08.35.57:583][  0]SourceControl: 	modified:   Development/Unreal Project/Saved/Logs/Prototype_Group_11.log
[2018.05.02-08.35.57:583][  0]SourceControl: 	modified:   Management/Presentations/Pitch 3.pptx
[2018.05.02-08.35.57:583][  0]SourceControl: Untracked files:
[2018.05.02-08.35.57:583][  0]SourceControl:   (use "git add <file>..." to include in what will be committed)
[2018.05.02-08.35.57:583][  0]SourceControl: 	Development/Unreal Project/Saved/Backup/Cannon_2018-05-02-09-31-17.uasset
[2018.05.02-08.35.57:583][  0]SourceControl: 	Development/Unreal Project/Saved/Backup/CasualLevel9_2018-05-02-09-26-46.umap
[2018.05.02-08.35.57:583][  0]SourceControl: 	Development/Unreal Project/Saved/Config/CrashReportClient/UE4CC-Windows-4559E203469DB00B3A7A9BB4A880C258/
[2018.05.02-08.35.57:583][  0]SourceControl: 	Development/Unreal Project/Saved/Config/CrashReportClient/UE4CC-Windows-F0AA04AE4A2B5B604F51939C9E77A3F7/
[2018.05.02-08.35.57:583][  0]SourceControl: 	Development/Unreal Project/Saved/Crashes/UE4CC-Windows-F0AA04AE4A2B5B604F51939C9E77A3F7_0000/
[2018.05.02-08.35.57:583][  0]SourceControl: 	Development/Unreal Project/Saved/Crashes/UE4CC-Windows-F0AA04AE4A2B5B604F51939C9E77A3F7_0001/
[2018.05.02-08.35.57:583][  0]SourceControl: 	Development/Unreal Project/Saved/Logs/Prototype_Group_11-backup-2018.05.02-09.13.25.log
[2018.05.02-08.35.57:583][  0]SourceControl: 	Development/Unreal Project/Saved/Logs/Prototype_Group_11-backup-2018.05.02-09.35.34.log
[2018.05.02-08.35.57:583][  0]SourceControl: 	Management/Presentations/Pitch 4.pptx
[2018.05.02-08.35.57:583][  0]SourceControl: 	Management/Presentations/~$Pitch 4.pptx
[2018.05.02-08.35.57:583][  0]SourceControl: no changes added to commit (use "git add" and/or "git commit -a")
[2018.05.02-08.35.57:583][  0]LogContentStreaming: Texture pool size now 1000 MB
[2018.05.02-08.35.57:634][  0]LogSlate: Took 0.000161 seconds to synchronously load lazily loaded font '../../../Engine/Content/Slate/Fonts/Roboto-Light.ttf' (159K)
[2018.05.02-08.35.57:695][  1]LogAssetRegistry: Asset discovery search completed in 17.4741 seconds
[2018.05.02-08.35.57:697][  1]LogCollectionManager: Rebuilt the object cache for 0 collections in 0.000001 seconds (found 0 objects)
[2018.05.02-08.35.57:697][  1]LogCollectionManager: Fixed up redirectors for 0 collections in 0.000047 seconds (updated 0 objects)
[2018.05.02-08.36.09:130][313]LogSlate: Took 0.000180 seconds to synchronously load lazily loaded font '../../../Engine/Content/Slate/Fonts/Roboto-Light.ttf' (159K)
[2018.05.02-08.36.09:147][313]Cmd: MAP LOAD FILE="../../../../../../Users/Games/Desktop/mgp-mgp-group-11/Development/Unreal Project/Content/Levels/MainMenu.umap" TEMPLATE=0 SHOWPROGRESS=1 FEATURELEVEL=3
[2018.05.02-08.36.09:147][313]LightingResults: New page: Lighting Build
[2018.05.02-08.36.09:148][313]LoadErrors: New page: Loading map: MainMenu.umap
[2018.05.02-08.36.09:148][313]MapCheck: New page: Map Check
[2018.05.02-08.36.09:148][313]LightingResults: New page: Lighting Build
[2018.05.02-08.36.09:161][313]LogLinker: Warning: Can't find file '/Game/Levels/MainMenu_BuiltData'
[2018.05.02-08.36.09:161][313]LogLinker: Warning: Can't find file for asset '/Game/Levels/MainMenu_BuiltData' while loading ../../../../../../Users/Games/Desktop/mgp-mgp-group-11/Development/Unreal Project/Content/Levels/MainMenu.umap.
[2018.05.02-08.36.09:161][313]LoadErrors: Error: /Game/Levels/MainMenu : Can't find file for asset. /Game/Levels/MainMenu_BuiltData
[2018.05.02-08.36.09:164][313]LogLinker: Warning: Can't find file '/Game/Levels/MainMenu_BuiltData'
[2018.05.02-08.36.09:164][313]LogLinker: Warning: Can't find file for asset '/Game/Levels/MainMenu_BuiltData' while loading ../../../../../../Users/Games/Desktop/mgp-mgp-group-11/Development/Unreal Project/Content/Levels/MainMenu.umap.
[2018.05.02-08.36.09:166][313]LogLinker: Warning: Can't find file '/Game/Levels/MainMenu_BuiltData'
[2018.05.02-08.36.09:167][313]LogLinker: Warning: Can't find file for asset '/Game/Levels/MainMenu_BuiltData' while loading NULL.
[2018.05.02-08.36.09:167][313]LogLinker: Warning: Can't find file '/Game/Levels/MainMenu_BuiltData'
[2018.05.02-08.36.09:167][313]LogLinker: Warning: Can't find file for asset '/Game/Levels/MainMenu_BuiltData' while loading NULL.
[2018.05.02-08.36.09:176][313]LogLinker: Warning: Can't find file '/Game/Levels/MainMenu_BuiltData'
[2018.05.02-08.36.09:176][313]LoadErrors: Failed to load /Game/Levels/MainMenu_BuiltData.MainMenu_BuiltData Referenced by PersistentLevel
[2018.05.02-08.36.09:176][313]LogLinker: Warning: Can't find file for asset '/Game/Levels/MainMenu_BuiltData' while loading NULL.
[2018.05.02-08.36.09:186][313]LogAIModule: Creating AISystem for world MainMenu
[2018.05.02-08.36.09:188][313]LogEditorServer: Finished looking for orphan Actors (0.000 secs)
[2018.05.02-08.36.09:256][313]Cmd: MAP CHECKDEP NOCLEARLOG
[2018.05.02-08.36.09:323][313]MapCheck: Map check complete: 0 Error(s), 0 Warning(s), took 67.591ms to complete.
[2018.05.02-08.36.09:325][313]LogFileHelpers: Loading map 'MainMenu' took 0.179
[2018.05.02-08.36.11:611][581]LogTemp: Repeating last play command: New Editor Window (PIE)
[2018.05.02-08.36.11:660][581]LogBlueprintUserMessages: Early PlayInEditor Detection: Level '/Game/Levels/MainMenu.MainMenu:PersistentLevel' has LevelScriptBlueprint '/Game/Levels/MainMenu.MainMenu:PersistentLevel.MainMenu' with GeneratedClass '/Game/Levels/MainMenu.MainMenu_C' with ClassGeneratedBy '/Game/Levels/MainMenu.MainMenu:PersistentLevel.MainMenu'
[2018.05.02-08.36.11:660][581]LogPlayLevel: PlayLevel: No blueprints needed recompiling
[2018.05.02-08.36.11:661][581]PIE: New page: PIE session: MainMenu (May 2, 2018, 10:36:11 AM)
[2018.05.02-08.36.11:662][581]LogPlayLevel: Creating play world package: /Game/Levels/UEDPIE_0_MainMenu
[2018.05.02-08.36.11:664][581]LogPlayLevel: PIE: StaticDuplicateObject took: (0.002062s)
[2018.05.02-08.36.11:664][581]LogAIModule: Creating AISystem for world MainMenu
[2018.05.02-08.36.11:664][581]LogPlayLevel: PIE: World Init took: (0.000690s)
[2018.05.02-08.36.11:665][581]LogPlayLevel: PIE: Created PIE world by copying editor world from /Game/Levels/MainMenu.MainMenu to /Game/Levels/UEDPIE_0_MainMenu.MainMenu (0.003024s)
[2018.05.02-08.36.11:676][581]LogInit: XAudio2 using 'EV2316W-8 (NVIDIA High Definition Audio)' : 2 channels at 48 kHz using 16 bits per sample (channel mask 0x3)
[2018.05.02-08.36.11:684][581]LogInit: FAudioDevice initialized.
[2018.05.02-08.36.11:741][581]LogLoad: Game class is 'BounceGamemode_C'
[2018.05.02-08.36.11:744][581]LogWorld: Bringing World /Game/Levels/UEDPIE_0_MainMenu.MainMenu up for play (max tick rate 0) at 2018.05.02-09.36.11
[2018.05.02-08.36.11:744][581]LogWorld: Bringing up level for play took: 0.000919
[2018.05.02-08.36.11:831][581]LogContentBrowser: Native class hierarchy updated for 'MovieSceneCapture' in 0.0015 seconds. Added 11 classes and 0 folders.
[2018.05.02-08.36.11:840][581]LogScript: Warning: Accessed None trying to read property Music
	MainMenu_C /Game/Levels/UEDPIE_0_MainMenu.MainMenu:PersistentLevel.MainMenu_C_0
	Function /Game/Levels/MainMenu.MainMenu_C:ExecuteUbergraph_MainMenu:0534
[2018.05.02-08.36.11:840][581]PIE: Error: Blueprint Runtime Error: Accessed None trying to read property Music from function: 'ExecuteUbergraph_MainMenu' from node: Branch in graph: EventGraph in object: MainMenu with description: Accessed None trying to read property Music
[2018.05.02-08.36.11:845][581]PIE: Play in editor start time for /Game/Levels/UEDPIE_0_MainMenu -0.262
[2018.05.02-08.36.11:845][581]LogBlueprintUserMessages: Late PlayInEditor Detection: Level '/Game/Levels/MainMenu.MainMenu:PersistentLevel' has LevelScriptBlueprint '/Game/Levels/MainMenu.MainMenu:PersistentLevel.MainMenu' with GeneratedClass '/Game/Levels/MainMenu.MainMenu_C' with ClassGeneratedBy '/Game/Levels/MainMenu.MainMenu:PersistentLevel.MainMenu'
[2018.05.02-08.36.11:858][581]LogRenderer: Reallocating scene render targets to support 1208x996 Format 10 NumSamples 1 (Frame:1).
[2018.05.02-08.36.18:803][338]LogPackageName: SearchForPackageOnDisk took   0.104s to resolve CasualLevel10.umap.
[2018.05.02-08.36.18:906][338]LogPackageName: SearchForPackageOnDisk took   0.102s to resolve CasualLevel10.umap.
[2018.05.02-08.36.18:906][338]LogNet: Browse: /Game/Levels/Casual_Levels/CasualLevel10
[2018.05.02-08.36.18:907][338]LogLoad: LoadMap: /Game/Levels/Casual_Levels/CasualLevel10
[2018.05.02-08.36.18:917][338]Cmd: MEM
[2018.05.02-08.36.18:926][338]LogMemory: Platform Memory Stats for Windows
[2018.05.02-08.36.18:926][338]LogMemory: Process Physical Memory: 1081.96 MB used, 1226.18 MB peak
[2018.05.02-08.36.18:926][338]LogMemory: Process Virtual Memory: 1540.20 MB used, 1732.81 MB peak
[2018.05.02-08.36.18:926][338]LogMemory: Physical Memory: 6542.86 MB used,  9718.87 MB free, 16261.73 MB total
[2018.05.02-08.36.18:926][338]LogMemory: Virtual Memory: 2517.04 MB used,  9718.87 MB free, 134217728.00 MB total
[2018.05.02-08.36.18:926][338]LogMemory: 
[2018.05.02-08.36.18:926][338]Allocator Stats for TBB: (not implemented)
[2018.05.02-08.36.19:403][338]LogAIModule: Creating AISystem for world CasualLeve10
[2018.05.02-08.36.20:014][338]LogWindows: Windows GetLastError: The operation completed successfully. (0)
[2018.05.02-08.36.20:733][338]LogWindows: Error: === Critical error: ===
[2018.05.02-08.36.20:733][338]LogWindows: Error: 
[2018.05.02-08.36.20:733][338]LogWindows: Error: Assertion failed: WorldContext.World()->GetOutermost()->HasAnyPackageFlags(PKG_PlayInEditor) [File:D:\Build\++UE4+Release-4.17+Compile\Sync\Engine\Source\Runtime\Engine\Private\UnrealEngine.cpp] [Line: 10299] 
[2018.05.02-08.36.20:733][338]LogWindows: Error: 
[2018.05.02-08.36.20:733][338]LogWindows: Error: 
[2018.05.02-08.36.20:733][338]LogWindows: Error: 
[2018.05.02-08.36.20:733][338]LogWindows: Error: KERNELBASE.dll!0x00000000849C4008
[2018.05.02-08.36.20:733][338]LogWindows: Error: UE4Editor-Core.dll!0x0000000041001CE4
[2018.05.02-08.36.20:733][338]LogWindows: Error: UE4Editor-Core.dll!0x0000000040DEAD5B
[2018.05.02-08.36.20:733][338]LogWindows: Error: UE4Editor-Core.dll!0x0000000040D80179
[2018.05.02-08.36.20:733][338]LogWindows: Error: UE4Editor-Engine.dll!0x0000000037D8E879
[2018.05.02-08.36.20:733][338]LogWindows: Error: UE4Editor-Engine.dll!0x0000000037D46AE8
[2018.05.02-08.36.20:733][338]LogWindows: Error: UE4Editor-Engine.dll!0x0000000037DAD89D
[2018.05.02-08.36.20:733][338]LogWindows: Error: UE4Editor-UnrealEd.dll!0x000000003F79BF80
[2018.05.02-08.36.20:733][338]LogWindows: Error: UE4Editor-UnrealEd.dll!0x000000004002D646
[2018.05.02-08.36.20:733][338]LogWindows: Error: UE4Editor.exe!0x00000000C957534A
[2018.05.02-08.36.20:733][338]LogWindows: Error: UE4Editor.exe!0x00000000C9583970
[2018.05.02-08.36.20:733][338]LogWindows: Error: UE4Editor.exe!0x00000000C95839EA
[2018.05.02-08.36.20:734][338]LogWindows: Error: UE4Editor.exe!0x00000000C95902D9
[2018.05.02-08.36.20:734][338]LogWindows: Error: UE4Editor.exe!0x00000000C9591C47
[2018.05.02-08.36.20:734][338]LogWindows: Error: KERNEL32.DLL!0x0000000087181FE4
[2018.05.02-08.36.20:734][338]LogWindows: Error: ntdll.dll!0x000000008785F061
[2018.05.02-08.36.20:734][338]LogWindows: Error: ntdll.dll!0x000000008785F061
[2018.05.02-08.36.20:734][338]LogWindows: Error: 
[2018.05.02-08.36.20:748][338]LogExit: Executing StaticShutdownAfterError
[2018.05.02-08.36.20:750][338]LogWindows: FPlatformMisc::RequestExit(1)
[2018.05.02-08.36.20:751][338]Log file closed, 05/02/18 09:36:20
