Log file open, 02/22/18 09:18:12
LogWindows: Failed to load 'aqProf.dll' (GetLastError=126)
LogWindows: File 'aqProf.dll' does not exist
LogWindows: Failed to load 'VSPerf140.dll' (GetLastError=126)
LogWindows: File 'VSPerf140.dll' does not exist
LogWindows: Failed to load 'VtuneApi.dll' (GetLastError=126)
LogWindows: File 'VtuneApi.dll' does not exist
LogWindows: Failed to load 'VtuneApi32e.dll' (GetLastError=126)
LogWindows: File 'VtuneApi32e.dll' does not exist
LogInit: Display: Running engine for game: Prototype_Group_11
LogPlatformFile: Not using cached read wrapper
LogInit: Display: RandInit(2029577066) SRandInit(2029577066).
LogTaskGraph: Started task graph with 5 named threads and 14 total threads with 3 sets of task threads.
LogStats: Stats thread started at 0.433194
LogD3D11RHI: Aftermath initialized
LogPluginManager: Mounting plugin Paper2D
LogPluginManager: Mounting plugin LightPropagationVolume
LogPluginManager: Mounting plugin CodeLiteSourceCodeAccess
LogPluginManager: Mounting plugin GitSourceControl
LogPluginManager: Mounting plugin KDevelopSourceCodeAccess
LogPluginManager: Mounting plugin NullSourceCodeAccess
LogPluginManager: Mounting plugin PerforceSourceControl
LogPluginManager: Mounting plugin SubversionSourceControl
LogPluginManager: Mounting plugin UObjectPlugin
LogPluginManager: Mounting plugin VisualStudioSourceCodeAccess
LogPluginManager: Mounting plugin XCodeSourceCodeAccess
LogPluginManager: Mounting plugin AssetManagerEditor
LogPluginManager: Mounting plugin AudioCapture
LogPluginManager: Mounting plugin FacialAnimation
LogPluginManager: Mounting plugin GameplayTagsEditor
LogPluginManager: Mounting plugin MobileLauncherProfileWizard
LogPluginManager: Mounting plugin PluginBrowser
LogPluginManager: Mounting plugin SpeedTreeImporter
LogPluginManager: Mounting plugin AlembicImporter
LogPluginManager: Mounting plugin CharacterAI
LogPluginManager: Mounting plugin HTML5Networking
LogPluginManager: Mounting plugin AndroidMedia
LogPluginManager: Mounting plugin AvfMedia
LogPluginManager: Mounting plugin MediaPlayerEditor
LogPluginManager: Mounting plugin WmfMedia
LogPluginManager: Mounting plugin TcpMessaging
LogPluginManager: Mounting plugin UdpMessaging
LogPluginManager: Mounting plugin LevelSequenceEditor
LogPluginManager: Mounting plugin MatineeToLevelSequence
LogPluginManager: Mounting plugin OnlineSubsystemGooglePlay
LogPluginManager: Mounting plugin OnlineSubsystemIOS
LogPluginManager: Mounting plugin OnlineSubsystem
LogPluginManager: Mounting plugin OnlineSubsystemNull
LogPluginManager: Mounting plugin OnlineSubsystemUtils
LogPluginManager: Mounting plugin AndroidDeviceProfileSelector
LogPluginManager: Mounting plugin AndroidMoviePlayer
LogPluginManager: Mounting plugin AndroidPermission
LogPluginManager: Mounting plugin AppleMoviePlayer
LogPluginManager: Mounting plugin ArchVisCharacter
LogPluginManager: Mounting plugin CableComponent
LogPluginManager: Mounting plugin CustomMeshComponent
LogPluginManager: Mounting plugin ExampleDeviceProfileSelector
LogPluginManager: Mounting plugin GoogleCloudMessaging
LogPluginManager: Mounting plugin ImmediatePhysics
LogPluginManager: Mounting plugin IOSDeviceProfileSelector
LogPluginManager: Mounting plugin LinuxDeviceProfileSelector
LogPluginManager: Mounting plugin LocationServicesBPLibrary
LogPluginManager: Mounting plugin MobilePatchingUtils
LogPluginManager: Mounting plugin OculusVR
LogPluginManager: Mounting plugin PhysXVehicles
LogPluginManager: Mounting plugin ProceduralMeshComponent
LogPluginManager: Mounting plugin RuntimePhysXCooking
LogPluginManager: Mounting plugin SteamVR
LogPluginManager: Mounting plugin WindowsMoviePlayer
LogInit: Using libcurl 7.47.1
LogInit:  - built for x86_64-pc-win32
LogInit:  - supports SSL with OpenSSL/1.0.2g
LogInit:  - supports HTTP deflate (compression) using libz 1.2.8
LogInit:  - other features:
LogInit:      CURL_VERSION_SSL
LogInit:      CURL_VERSION_LIBZ
LogInit:      CURL_VERSION_IPV6
LogInit:      CURL_VERSION_ASYNCHDNS
LogInit:      CURL_VERSION_LARGEFILE
LogInit:      CURL_VERSION_IDN
LogInit:  CurlRequestOptions (configurable via config and command line):
LogInit:  - bVerifyPeer = false  - Libcurl will NOT verify peer certificate
LogInit:  - bUseHttpProxy = false  - Libcurl will NOT use HTTP proxy
LogInit:  - bDontReuseConnections = false  - Libcurl will reuse connections
LogInit:  - CertBundlePath = nullptr  - Libcurl will use whatever was configured at build time.
LogInit: Build: ++UE4+Release-4.17-CL-3658906
LogInit: Engine Version: 4.17.2-3658906+++UE4+Release-4.17
LogInit: Compatible Engine Version: 4.17.0-3573198+++UE4+Release-4.17
LogInit: Net CL: 3573198
LogDevObjectVersion: Number of dev versions registered: 16
LogDevObjectVersion:   Dev-Blueprints (B0D832E4-1F89-4F0D-ACCF-7EB736FD4AA2): 10
LogDevObjectVersion:   Dev-Build (E1C64328-A22C-4D53-A36C-8E866417BD8C): 0
LogDevObjectVersion:   Dev-Core (375EC13C-06E4-48FB-B500-84F0262A717E): 2
LogDevObjectVersion:   Dev-Editor (E4B068ED-F494-42E9-A231-DA0B2E46BB41): 20
LogDevObjectVersion:   Dev-Framework (CFFC743F-43B0-4480-9391-14DF171D2073): 28
LogDevObjectVersion:   Dev-Mobile (B02B49B5-BB20-44E9-A304-32B752E40360): 0
LogDevObjectVersion:   Dev-Networking (A4E4105C-59A1-49B5-A7C5-40C4547EDFEE): 0
LogDevObjectVersion:   Dev-Online (39C831C9-5AE6-47DC-9A44-9C173E1C8E7C): 0
LogDevObjectVersion:   Dev-Physics (78F01B33-EBEA-4F98-B9B4-84EACCB95AA2): 0
LogDevObjectVersion:   Dev-Platform (6631380F-2D4D-43E0-8009-CF276956A95A): 0
LogDevObjectVersion:   Dev-Rendering (12F88B9F-8875-4AFC-A67C-D90C383ABD29): 19
LogDevObjectVersion:   Dev-Sequencer (7B5AE74C-D270-4C10-A958-57980B212A5A): 4
LogDevObjectVersion:   Dev-VR (D7296918-1DD6-4BDD-9DE2-64A83CC13884): 0
LogDevObjectVersion:   Dev-LoadTimes (C2A15278-BFE7-4AFE-6C17-90FF531DF755): 1
LogDevObjectVersion:   Private-Geometry (6EACA3D4-40EC-4CC1-B786-8BED09428FC5): 1
LogDevObjectVersion:   Dev-AnimPhys (29E575DD-E0A3-4627-9D10-D276232CDCEA): 7
LogInit: Compiled (64-bit): Sep 22 2017 13:47:16
LogInit: Compiled with Visual C++: 19.00.24215.01
LogInit: Build Configuration: Development
LogInit: Branch Name: ++UE4+Release-4.17
LogInit: Command line:  /Temp/Autosaves/Game/Levels/UEDPCMainMenu -game -PIEVIACONSOLE -ResX=1280 -ResY=720  -Multiprocess -messaging -SessionName="Play in Standalone Game" -featureleveles2 -faketouches -windowed 
LogInit: Base directory: C:/Program Files/Epic Games/UE_4.17/Engine/Binaries/Win64/
LogInit: Installed Engine Build: 1
LogInit: Presizing for max 8388607 objects, including 0 objects not considered by GC, pre-allocating 0 bytes for permanent pool.
LogInit: Object subsystem initialized
[2018.02.22-09.18.14:211][  0]LogInit: Selected Device Profile: [Windows]
[2018.02.22-09.18.14:211][  0]LogInit: Applying CVar settings loaded from the selected device profile: [Windows]
[2018.02.22-09.18.14:252][  0]LogInit: Computer: TYLER-PC
[2018.02.22-09.18.14:253][  0]LogInit: User: Tyler
[2018.02.22-09.18.14:253][  0]LogInit: CPU Page size=4096, Cores=4
[2018.02.22-09.18.14:253][  0]LogInit: High frequency timer resolution =3.418038 MHz
[2018.02.22-09.18.14:253][  0]LogMemory: Memory total: Physical=3.9GB (4GB approx)
[2018.02.22-09.18.14:253][  0]LogMemory: Platform Memory Stats for Windows
[2018.02.22-09.18.14:253][  0]LogMemory: Process Physical Memory: 278.99 MB used, 278.99 MB peak
[2018.02.22-09.18.14:253][  0]LogMemory: Process Virtual Memory: 282.12 MB used, 282.12 MB peak
[2018.02.22-09.18.14:253][  0]LogMemory: Physical Memory: 3789.61 MB used,  254.71 MB free, 4044.32 MB total
[2018.02.22-09.18.14:254][  0]LogMemory: Virtual Memory: 710.11 MB used,  254.71 MB free, 134217728.00 MB total
[2018.02.22-09.18.15:957][  0]LogInit: Using OS detected language (en-GB).
[2018.02.22-09.18.15:957][  0]LogInit: Using OS detected locale (en-GB).
[2018.02.22-09.18.16:120][  0]LogTextLocalizationManager: No specific localization for 'en-GB' exists, so the 'en' localization will be used.
[2018.02.22-09.18.17:777][  0]LogD3D11RHI: D3D11 adapters:
[2018.02.22-09.18.18:920][  0]LogD3D11RHI:    0. 'NVIDIA GeForce GTX 980' (Feature Level 11_0)
[2018.02.22-09.18.18:920][  0]LogD3D11RHI:       4053/0/2022 MB DedicatedVideo/DedicatedSystem/SharedSystem, Outputs:1, VendorId:0x10de
[2018.02.22-09.18.18:941][  0]LogD3D11RHI:    1. 'Microsoft Basic Render Driver' (Feature Level 11_0)
[2018.02.22-09.18.18:941][  0]LogD3D11RHI:       0/0/2022 MB DedicatedVideo/DedicatedSystem/SharedSystem, Outputs:0, VendorId:0x1414
[2018.02.22-09.18.18:941][  0]LogD3D11RHI: Chosen D3D11 Adapter: 0
[2018.02.22-09.18.18:958][  0]LogD3D11RHI: Creating new Direct3DDevice
[2018.02.22-09.18.18:958][  0]LogD3D11RHI:     GPU DeviceId: 0x13c0 (for the marketing name, search the web for "GPU Device Id")
[2018.02.22-09.18.18:958][  0]LogWindows: EnumDisplayDevices:
[2018.02.22-09.18.18:960][  0]LogWindows:    0. 'NVIDIA GeForce GTX 980' (P:1 D:1)
[2018.02.22-09.18.18:962][  0]LogWindows:    1. 'NVIDIA GeForce GTX 980' (P:0 D:0)
[2018.02.22-09.18.18:962][  0]LogWindows:    2. 'NVIDIA GeForce GTX 980' (P:0 D:0)
[2018.02.22-09.18.18:962][  0]LogWindows:    3. 'NVIDIA GeForce GTX 980' (P:0 D:0)
[2018.02.22-09.18.18:962][  0]LogWindows: DebugString: GetVideoDriverDetailsInvalid PrimaryIsNotTheChoosenAdapter GetVideoDriverDetailsInvalid PrimaryIsNotTheChoosenAdapter GetVideoDriverDetailsInvalid PrimaryIsNotTheChoosenAdapter GetVideoDriverDetailsInvalid PrimaryIsNotTheChoosenAdapter FoundDriverCount:0 
[2018.02.22-09.18.18:962][  0]LogD3D11RHI:     Adapter Name: NVIDIA GeForce GTX 980
[2018.02.22-09.18.18:962][  0]LogD3D11RHI:   Driver Version: Unknown (internal:Unknown, unified:Unknown)
[2018.02.22-09.18.18:962][  0]LogD3D11RHI:      Driver Date: Unknown
[2018.02.22-09.18.18:962][  0]LogRHI: Texture pool is 1361 MB (70% of 1945 MB)
[2018.02.22-09.18.19:025][  0]LogD3D11RHI: Async texture creation enabled
[2018.02.22-09.18.19:072][  0]LogD3D11RHI: GPU Timing Frequency: 1000.000000 (Debug: 2 2)
[2018.02.22-09.18.19:129][  0]LogShaderCompilers: Guid format shader working directory is -45 characters bigger than the processId version (../../../../../../Users/Tyler/Documents/GitHub/mgp-mgp-group-11/Development/Unreal Project/Intermediate/Shaders/WorkingDirectory/11308/).
[2018.02.22-09.18.19:130][  0]LogShaderCompilers: Cleaned the shader compiler working directory 'C:/Users/Tyler/AppData/Local/Temp/UnrealShaderWorkingDir/CEDA5F5A4DD71368A94CB088710B20B1/'.
[2018.02.22-09.18.19:130][  0]LogShaderCompilers: Display: Using Local Shader Compiler.
[2018.02.22-09.18.24:169][  0]LogTemp: Display: Loaded TP WindowsClientTargetPlatform
[2018.02.22-09.18.24:401][  0]LogTemp: Display: Loaded TP WindowsNoEditorTargetPlatform
[2018.02.22-09.18.24:579][  0]LogTemp: Display: Loaded TP WindowsServerTargetPlatform
[2018.02.22-09.18.24:811][  0]LogTemp: Display: Loaded TP WindowsTargetPlatform
[2018.02.22-09.18.24:811][  0]LogTargetPlatformManager: Display: Building Assets For Windows
[2018.02.22-09.18.27:105][  0]LogDerivedDataCache: Display: Max Cache Size: 512 MB
[2018.02.22-09.18.28:262][  0]LogDerivedDataCache: Loaded boot cache 1.15s 93MB C:/Users/Tyler/AppData/Local/UnrealEngine/4.17/DerivedDataCache/Boot.ddc.
[2018.02.22-09.18.28:262][  0]LogDerivedDataCache: Display: Loaded Boot cache: C:/Users/Tyler/AppData/Local/UnrealEngine/4.17/DerivedDataCache/Boot.ddc
[2018.02.22-09.18.28:263][  0]LogDerivedDataCache: FDerivedDataBackendGraph:  Pak pak cache file ../../../../../../Users/Tyler/Documents/GitHub/mgp-mgp-group-11/Development/Unreal Project/DerivedDataCache/DDC.ddp not found, will not use a pak cache.
[2018.02.22-09.18.28:263][  0]LogDerivedDataCache: Unable to find inner node Pak for hierarchical cache Hierarchy.
[2018.02.22-09.18.28:263][  0]LogDerivedDataCache: FDerivedDataBackendGraph:  CompressedPak pak cache file ../../../../../../Users/Tyler/Documents/GitHub/mgp-mgp-group-11/Development/Unreal Project/DerivedDataCache/Compressed.ddp not found, will not use a pak cache.
[2018.02.22-09.18.28:263][  0]LogDerivedDataCache: Unable to find inner node CompressedPak for hierarchical cache Hierarchy.
[2018.02.22-09.18.28:320][  0]LogDerivedDataCache: Display: Pak cache opened for reading ../../../Engine/DerivedDataCache/Compressed.ddp.
[2018.02.22-09.18.28:335][  0]LogDerivedDataCache: Using Local data cache path C:/Users/Tyler/AppData/Local/UnrealEngine/Common/DerivedDataCache: Writable
[2018.02.22-09.18.28:370][  0]LogMaterial: Verifying Global Shaders for PCD3D_ES2
[2018.02.22-09.18.28:380][  0]LogSlate: Using Freetype 2.6.0
[2018.02.22-09.18.28:423][  0]LogSlate: SlateFontCache - WITH_FREETYPE: 1, WITH_HARFBUZZ: 1
[2018.02.22-09.18.28:423][  0]LogSlate: SlateFontCache - WITH_FREETYPE: 1, WITH_HARFBUZZ: 1
[2018.02.22-09.18.30:573][  0]LogAssetRegistry: FAssetRegistry took 0.0188 seconds to start up
[2018.02.22-09.18.30:725][  0]LogPackageLocalizationCache: Processed 5 localized package path(s) for 2 prioritized culture(s) in 0.032898 seconds
[2018.02.22-09.18.31:030][  0]LogInit: Selected Device Profile: [Windows]
[2018.02.22-09.18.31:644][  0]LogContentStreaming: Texture pool size is 1000.00 MB
[2018.02.22-09.18.33:082][  0]LogSimplygon: Simplygon DLL not present - disabling.
[2018.02.22-09.18.33:307][  0]LogMeshReduction: Using SimplygonSwarm for distributed automatic mesh merging
[2018.02.22-09.18.33:308][  0]LogMeshReduction: Using QuadricMeshReduction for automatic static mesh reduction
[2018.02.22-09.18.33:308][  0]LogMeshReduction: No automatic skeletal mesh reduction module available
[2018.02.22-09.18.33:308][  0]LogMeshReduction: No automatic mesh merging module available
[2018.02.22-09.18.33:308][  0]LogMeshMerging: No automatic mesh merging module available
[2018.02.22-09.18.33:847][  0]LogMaterial: Missing cached shader map for material Widget3DPassThrough, compiling. 
[2018.02.22-09.18.33:899][  0]LogMaterial: Missing cached shader map for material Widget3DPassThrough, compiling. 
[2018.02.22-09.18.33:919][  0]LogMaterial: Missing cached shader map for material Widget3DPassThrough, compiling. 
[2018.02.22-09.18.33:932][  0]LogMaterial: Missing cached shader map for material Widget3DPassThrough, compiling. 
[2018.02.22-09.18.33:964][  0]LogMaterial: Missing cached shader map for material Widget3DPassThrough, compiling. 
[2018.02.22-09.18.34:808][  0]LogNetVersion: Prototype_Group_11 , NetCL: 3573198, EngineNetVer: 2, GameNetVer: 0 (Checksum: 3139247147)
[2018.02.22-09.18.35:736][  0]LogInit: WinSock: version 1.1 (2.2), MaxSocks=32767, MaxUdp=65467
[2018.02.22-09.18.39:906][  0]LogMaterial: Missing cached shader map for material LaserPointerMaterial, compiling. 
[2018.02.22-09.18.40:258][  0]LogMaterial: Missing cached shader map for material VRTextMaterial, compiling. 
[2018.02.22-09.18.41:900][  0]LogMoviePlayer: Initializing movie player
[2018.02.22-09.18.42:424][  0]LogMaterial: Missing cached shader map for material DefaultSpriteMaterial, compiling. 
[2018.02.22-09.18.43:185][  0]LogCollectionManager: Loaded 0 collections in 0.006469 seconds
[2018.02.22-09.18.43:329][  0]LogFileCache: Scanning file cache for directory 'C:/Users/Tyler/Documents/GitHub/mgp-mgp-group-11/Development/Unreal Project/Saved/Collections/' took 0.01s
[2018.02.22-09.18.43:329][  0]LogFileCache: Scanning file cache for directory 'C:/Users/Tyler/Documents/GitHub/mgp-mgp-group-11/Development/Unreal Project/Content/Developers/Tyler/Collections/' took 0.02s
[2018.02.22-09.18.43:329][  0]LogFileCache: Scanning file cache for directory 'C:/Users/Tyler/Documents/GitHub/mgp-mgp-group-11/Development/Unreal Project/Content/Collections/' took 0.02s
[2018.02.22-09.18.43:329][  0]LogCollectionManager: Rebuilt the object cache for 0 collections in 0.000001 seconds (found 0 objects)
[2018.02.22-09.18.43:329][  0]LogCollectionManager: Fixed up redirectors for 0 collections in 0.000395 seconds (updated 0 objects)
[2018.02.22-09.18.44:099][  0]LogTcpMessaging: Initializing TcpMessaging bridge
[2018.02.22-09.18.44:269][  0]LogUdpMessaging: Initializing bridge on interface 0.0.0.0:0 to multicast group 230.0.0.1:6666.
[2018.02.22-09.18.46:387][  0]SourceControl: Source control is disabled
[2018.02.22-09.18.46:388][  0]SourceControl: Source control is disabled
[2018.02.22-09.18.46:665][  0]SourceControl: Source control is disabled
[2018.02.22-09.18.47:971][  0]LogAndroidPermission: UAndroidPermissionCallbackProxy::GetInstance
[2018.02.22-09.18.48:981][  0]LogOcInput: OculusInput pre-init called
[2018.02.22-09.18.49:408][  0]LogUObjectArray: 38661 objects as part of root set at end of initial load.
[2018.02.22-09.18.49:408][  0]LogUObjectAllocator: 8461328 out of 0 bytes used by permanent object pool.
[2018.02.22-09.18.49:408][  0]LogUObjectArray: CloseDisregardForGC: 0/0 objects in disregard for GC pool
[2018.02.22-09.18.49:880][  0]LogEngine: Initializing Engine...
[2018.02.22-09.18.49:976][  0]LogHMD: Failed to initialize OpenVR with code 100
[2018.02.22-09.18.50:025][  0]LogMaterial: Missing cached shader map for material LevelColorationLitMaterial, compiling. Is special engine material.
[2018.02.22-09.18.51:304][  0]LogMaterial: Missing cached shader map for material LevelColorationUnlitMaterial, compiling. Is special engine material.
[2018.02.22-09.18.51:465][  0]LogMaterial: Missing cached shader map for material MAT_LevelColorationLitLightmapUV, compiling. Is special engine material.
[2018.02.22-09.18.52:574][  0]LogMaterial: Missing cached shader map for material ShadedLevelColorationLitMaterial, compiling. Is special engine material.
[2018.02.22-09.18.53:773][  0]LogMaterial: Missing cached shader map for material ShadedLevelColorationUnlitMateri, compiling. Is special engine material.
[2018.02.22-09.18.53:948][  0]LogMaterial: Missing cached shader map for material VertexColorMaterial, compiling. 
[2018.02.22-09.18.54:174][  0]LogMaterial: Missing cached shader map for material VertexColorViewMode_ColorOnly, compiling. 
[2018.02.22-09.18.54:195][  0]LogMaterial: Missing cached shader map for material VertexColorViewMode_AlphaAsColor, compiling. 
[2018.02.22-09.18.54:217][  0]LogMaterial: Missing cached shader map for material VertexColorViewMode_RedOnly, compiling. 
[2018.02.22-09.18.54:244][  0]LogMaterial: Missing cached shader map for material VertexColorViewMode_GreenOnly, compiling. 
[2018.02.22-09.18.54:266][  0]LogMaterial: Missing cached shader map for material VertexColorViewMode_BlueOnly, compiling. 
[2018.02.22-09.18.54:290][  0]LogMaterial: Missing cached shader map for material RemoveSurfaceMaterial, compiling. 
[2018.02.22-09.18.54:303][  0]LogMaterial: Missing cached shader map for material DebugMeshMaterial, compiling. 
[2018.02.22-09.18.54:333][  0]LogMaterial: Missing cached shader map for material M_InvalidLightmapSettings, compiling. 
[2018.02.22-09.18.54:488][  0]LogMaterial: Missing cached shader map for material GizmoMaterial, compiling. 
[2018.02.22-09.18.54:508][  0]LogMaterial: Missing cached shader map for material PhAT_JointLimitMaterial, compiling. 
[2018.02.22-09.18.54:937][  0]LogStats: UGameplayTagsManager::ConstructGameplayTagTree: Construct from data asset -  0.000 s
[2018.02.22-09.18.54:939][  0]LogStats: UGameplayTagsManager::ConstructGameplayTagTree: GameplayTagTreeChangedEvent.Broadcast -  0.001 s
[2018.02.22-09.18.55:044][  0]LogInit: XAudio2 using 'Headset Earphone (3- Corsair VOID Wireless Gaming Dongle)' : 2 channels at 48 kHz using 16 bits per sample (channel mask 0x3)
[2018.02.22-09.18.55:157][  0]LogInit: FAudioDevice initialized.
[2018.02.22-09.18.55:267][  0]LogInit: Texture streaming: Enabled
[2018.02.22-09.18.55:352][  0]LogMaterial: Uniform references updated for custom material expression Custom.
[2018.02.22-09.18.56:944][  0]LogSlateStyle: Warning: Unable to find Slate Widget Style 'NormalText'. Using FTextBlockStyle defaults instead.
[2018.02.22-09.18.56:944][  0]LogSlateStyle: Warning: Unable to find Slate Widget Style 'SpinBox'. Using FSpinBoxStyle defaults instead.
[2018.02.22-09.18.58:008][  0]LogInit: Display: Game Engine Initialized.
[2018.02.22-09.18.58:009][  0]LogGameplayTags: Display: UGameplayTagsManager::DoneAddingNativeTags. DelegateIsBound: 0
[2018.02.22-09.18.59:873][  0]LogInit: Display: Starting Game.
[2018.02.22-09.18.59:874][  0]LogNet: Browse: /Temp/Autosaves/Game/Levels/UEDPCMainMenu?Name=Player
[2018.02.22-09.18.59:875][  0]LogLoad: LoadMap: /Temp/Autosaves/Game/Levels/UEDPCMainMenu?Name=Player
[2018.02.22-09.18.59:992][  0]LogMemory: Platform Memory Stats for Windows
[2018.02.22-09.18.59:992][  0]LogMemory: Process Physical Memory: 866.27 MB used, 1120.23 MB peak
[2018.02.22-09.18.59:992][  0]LogMemory: Process Virtual Memory: 1253.84 MB used, 1336.15 MB peak
[2018.02.22-09.18.59:992][  0]LogMemory: Physical Memory: 3403.06 MB used,  641.26 MB free, 4044.32 MB total
[2018.02.22-09.18.59:992][  0]LogMemory: Virtual Memory: 1902.84 MB used,  641.26 MB free, 134217728.00 MB total
[2018.02.22-09.18.59:992][  0]LogMemory: 
[2018.02.22-09.18.59:992][  0]Allocator Stats for TBB: (not implemented)
[2018.02.22-09.19.01:048][  0]LogAIModule: Creating AISystem for world MainMenu
[2018.02.22-09.19.01:051][  0]LogLoad: Game class is 'FunctionalTestGameMode'
[2018.02.22-09.19.01:083][  0]LogWorld: Bringing World /Temp/Autosaves/Game/Levels/UEDPCMainMenu.MainMenu up for play (max tick rate 0) at 2018.02.22-09.19.01
[2018.02.22-09.19.01:085][  0]LogWorld: Bringing up level for play took: 0.003696
[2018.02.22-09.19.01:181][  0]LogLoad: Took 1.305653 seconds to LoadMap(/Temp/Autosaves/Game/Levels/UEDPCMainMenu)
[2018.02.22-09.19.01:868][  0]LogRenderer: Reallocating scene render targets to support 1280x720 Format 10 NumSamples 1 (Frame:1).
[2018.02.22-09.19.01:869][  0]LogLoad: (Engine Initialization) Total time: 55.28 seconds
[2018.02.22-09.19.01:869][  0]LogLoad: (Engine Initialization) Total Blueprint compile time: 0.00 seconds
[2018.02.22-09.19.01:870][  0]LogExternalProfiler: No external profilers were discovered.  External profiling features will not be available.
[2018.02.22-09.19.21:067][685]LogWindowsTextInputMethodSystem: Display: IME system now deactivated.
[2018.02.22-09.19.21:074][685]LogEngine: All Windows Closed
[2018.02.22-09.19.21:074][685]LogWindows: FPlatformMisc::RequestExit(0)
[2018.02.22-09.19.22:012][686]LogExit: Preparing to exit.
[2018.02.22-09.19.22:013][686]LogMoviePlayer: Shutting down movie player
[2018.02.22-09.19.22:600][686]LogExit: Game engine shut down
[2018.02.22-09.19.22:883][686]LogExit: Object subsystem successfully closed.
[2018.02.22-09.19.22:917][686]LogD3D11RHI: Shutdown
[2018.02.22-09.19.22:918][686]LogD3D11RHI: CleanupD3DDevice
[2018.02.22-09.19.23:024][686]LogD3D11RHI: ~FD3D11DynamicRHI
[2018.02.22-09.19.23:090][686]LogModuleManager: Shutting down and abandoning module SequenceRecorderSections (304)
[2018.02.22-09.19.23:090][686]LogModuleManager: Shutting down and abandoning module SequenceRecorder (302)
[2018.02.22-09.19.23:090][686]LogModuleManager: Shutting down and abandoning module AutomationController (300)
[2018.02.22-09.19.23:090][686]LogModuleManager: Shutting down and abandoning module AutomationWorker (298)
[2018.02.22-09.19.23:090][686]LogModuleManager: Shutting down and abandoning module AIModule (296)
[2018.02.22-09.19.23:090][686]LogModuleManager: Shutting down and abandoning module GameplayDebugger (295)
[2018.02.22-09.19.23:091][686]LogModuleManager: Shutting down and abandoning module AITestSuite (293)
[2018.02.22-09.19.23:091][686]LogModuleManager: Shutting down and abandoning module WmfMediaFactory (290)
[2018.02.22-09.19.23:091][686]LogModuleManager: Shutting down and abandoning module AvfMediaFactory (288)
[2018.02.22-09.19.23:091][686]LogModuleManager: Shutting down and abandoning module AndroidMediaFactory (286)
[2018.02.22-09.19.23:091][686]LogModuleManager: Shutting down and abandoning module Media (285)
[2018.02.22-09.19.23:091][686]LogModuleManager: Shutting down and abandoning module CharacterAI (282)
[2018.02.22-09.19.23:091][686]LogModuleManager: Shutting down and abandoning module SessionServices (280)
[2018.02.22-09.19.23:091][686]LogModuleManager: Shutting down and abandoning module MovieSceneCapture (278)
[2018.02.22-09.19.23:091][686]LogModuleManager: Shutting down and abandoning module MovieSceneTracks (276)
[2018.02.22-09.19.23:092][686]LogModuleManager: Shutting down and abandoning module MovieScene (274)
[2018.02.22-09.19.23:092][686]LogModuleManager: Shutting down and abandoning module GeometryCache (272)
[2018.02.22-09.19.23:092][686]LogModuleManager: Shutting down and abandoning module GeometryCacheEd (271)
[2018.02.22-09.19.23:092][686]LogModuleManager: Shutting down and abandoning module Niagara (268)
[2018.02.22-09.19.23:092][686]LogModuleManager: Shutting down and abandoning module NiagaraEditor (267)
[2018.02.22-09.19.23:094][686]LogModuleManager: Shutting down and abandoning module StreamingPauseRendering (264)
[2018.02.22-09.19.23:094][686]LogModuleManager: Shutting down and abandoning module PortalServices (262)
[2018.02.22-09.19.23:094][686]LogModuleManager: Shutting down and abandoning module PortalRpc (260)
[2018.02.22-09.19.23:094][686]LogModuleManager: Shutting down and abandoning module MessagingRpc (258)
[2018.02.22-09.19.23:094][686]LogModuleManager: Shutting down and abandoning module ProfilerService (256)
[2018.02.22-09.19.23:297][686]LogModuleManager: Shutting down and abandoning module TaskGraph (254)
[2018.02.22-09.19.23:298][686]LogModuleManager: Shutting down and abandoning module SteamVRController (252)
[2018.02.22-09.19.23:298][686]LogModuleManager: Shutting down and abandoning module ProceduralMeshComponent (250)
[2018.02.22-09.19.23:298][686]LogModuleManager: Shutting down and abandoning module OculusInput (248)
[2018.02.22-09.19.23:299][686]LogModuleManager: Shutting down and abandoning module MobilePatchingUtils (246)
[2018.02.22-09.19.23:299][686]LogModuleManager: Shutting down and abandoning module CustomMeshComponent (244)
[2018.02.22-09.19.23:299][686]LogModuleManager: Shutting down and abandoning module CableComponent (242)
[2018.02.22-09.19.23:299][686]LogModuleManager: Shutting down and abandoning module ArchVisCharacter (240)
[2018.02.22-09.19.23:299][686]LogModuleManager: Shutting down and abandoning module AndroidPermission (238)
[2018.02.22-09.19.23:299][686]LogModuleManager: Shutting down and abandoning module HTML5Networking (234)
[2018.02.22-09.19.23:299][686]LogModuleManager: Shutting down and abandoning module VisualStudioSourceCodeAccess (232)
[2018.02.22-09.19.23:299][686]LogModuleManager: Shutting down and abandoning module DesktopPlatform (231)
[2018.02.22-09.19.23:301][686]LogModuleManager: Shutting down and abandoning module HotReload (229)
[2018.02.22-09.19.23:302][686]LogModuleManager: Shutting down and abandoning module UObjectPlugin (226)
[2018.02.22-09.19.23:302][686]LogModuleManager: Shutting down and abandoning module SubversionSourceControl (224)
[2018.02.22-09.19.23:303][686]LogModuleManager: Shutting down and abandoning module PerforceSourceControl (222)
[2018.02.22-09.19.23:304][686]LogModuleManager: Shutting down and abandoning module SourceControl (221)
[2018.02.22-09.19.23:305][686]LogModuleManager: Shutting down and abandoning module RuntimePhysXCooking (218)
[2018.02.22-09.19.23:305][686]LogModuleManager: Shutting down and abandoning module PhysXVehiclesEditor (216)
[2018.02.22-09.19.23:305][686]LogModuleManager: Shutting down and abandoning module PhysXVehicles (214)
[2018.02.22-09.19.23:305][686]LogModuleManager: Shutting down and abandoning module LocationServicesBPLibrary (212)
[2018.02.22-09.19.23:305][686]LogModuleManager: Shutting down and abandoning module ImmediatePhysicsEditor (210)
[2018.02.22-09.19.23:305][686]LogModuleManager: Shutting down and abandoning module ImmediatePhysics (208)
[2018.02.22-09.19.23:306][686]LogModuleManager: Shutting down and abandoning module UdpMessaging (206)
[2018.02.22-09.19.23:406][686]LogModuleManager: Shutting down and abandoning module TcpMessaging (204)
[2018.02.22-09.19.23:508][686]LogModuleManager: Shutting down and abandoning module GameplayTagsEditor (202)
[2018.02.22-09.19.23:509][686]LogModuleManager: Shutting down and abandoning module FacialAnimation (200)
[2018.02.22-09.19.23:509][686]LogModuleManager: Shutting down and abandoning module AssetManagerEditor (198)
[2018.02.22-09.19.23:511][686]LogModuleManager: Shutting down and abandoning module GraphEditor (197)
[2018.02.22-09.19.23:514][686]LogModuleManager: Shutting down and abandoning module ContentBrowser (195)
[2018.02.22-09.19.23:517][686]LogModuleManager: Shutting down and abandoning module CollectionManager (194)
[2018.02.22-09.19.23:518][686]LogDirectoryWatcher: A directory notification for 'C:/Users/Tyler/Documents/GitHub/mgp-mgp-group-11/Development/Unreal Project/Content/Collections/' was aborted.
[2018.02.22-09.19.23:518][686]LogDirectoryWatcher: A directory notification for 'C:/Users/Tyler/Documents/GitHub/mgp-mgp-group-11/Development/Unreal Project/Content/Developers/Tyler/Collections/' was aborted.
[2018.02.22-09.19.23:518][686]LogDirectoryWatcher: A directory notification for 'C:/Users/Tyler/Documents/GitHub/mgp-mgp-group-11/Development/Unreal Project/Saved/Collections/' was aborted.
[2018.02.22-09.19.23:518][686]LogModuleManager: Shutting down and abandoning module DirectoryWatcher (193)
[2018.02.22-09.19.23:519][686]LogModuleManager: Shutting down and abandoning module LightPropagationVolumeRuntime (188)
[2018.02.22-09.19.23:519][686]LogModuleManager: Shutting down and abandoning module Paper2D (186)
[2018.02.22-09.19.23:520][686]LogModuleManager: Shutting down and abandoning module WindowsMoviePlayer (184)
[2018.02.22-09.19.23:520][686]LogModuleManager: Shutting down and abandoning module WmfMedia (182)
[2018.02.22-09.19.23:525][686]LogModuleManager: Shutting down and abandoning module PacketHandler (180)
[2018.02.22-09.19.23:525][686]LogModuleManager: Shutting down and abandoning module ClothingSystemEditor (178)
[2018.02.22-09.19.23:525][686]LogModuleManager: Shutting down and abandoning module ClothingSystemRuntime (176)
[2018.02.22-09.19.23:526][686]LogModuleManager: Shutting down and abandoning module Overlay (174)
[2018.02.22-09.19.23:526][686]LogModuleManager: Shutting down and abandoning module OverlayEditor (173)
[2018.02.22-09.19.23:526][686]LogModuleManager: Shutting down and abandoning module MediaAssets (170)
[2018.02.22-09.19.23:526][686]LogModuleManager: Shutting down and abandoning module VREditor (168)
[2018.02.22-09.19.23:527][686]LogModuleManager: Shutting down and abandoning module StringTableEditor (166)
[2018.02.22-09.19.23:527][686]LogModuleManager: Shutting down and abandoning module GameplayTasksEditor (164)
[2018.02.22-09.19.23:527][686]LogModuleManager: Shutting down and abandoning module BehaviorTreeEditor (162)
[2018.02.22-09.19.23:529][686]LogModuleManager: Shutting down and abandoning module FunctionalTesting (160)
[2018.02.22-09.19.23:529][686]LogModuleManager: Shutting down and abandoning module CollisionAnalyzer (158)
[2018.02.22-09.19.23:530][686]LogModuleManager: Shutting down and abandoning module WorkspaceMenuStructure (157)
[2018.02.22-09.19.23:530][686]LogModuleManager: Shutting down and abandoning module UMG (154)
[2018.02.22-09.19.23:530][686]LogModuleManager: Shutting down and abandoning module UMGEditor (153)
[2018.02.22-09.19.23:531][686]LogModuleManager: Shutting down and abandoning module Sequencer (152)
[2018.02.22-09.19.23:533][686]LogModuleManager: Shutting down and abandoning module MessageLog (149)
[2018.02.22-09.19.23:535][686]LogModuleManager: Shutting down and abandoning module SlateReflector (144)
[2018.02.22-09.19.23:538][686]LogModuleManager: Shutting down and abandoning module Slate (142)
[2018.02.22-09.19.23:538][686]LogModuleManager: Shutting down and abandoning module EditorStyle (140)
[2018.02.22-09.19.23:544][686]LogModuleManager: Shutting down and abandoning module MRMesh (138)
[2018.02.22-09.19.23:544][686]LogModuleManager: Shutting down and abandoning module Messaging (136)
[2018.02.22-09.19.23:544][686]LogModuleManager: Shutting down and abandoning module SourceCodeAccess (134)
[2018.02.22-09.19.23:544][686]LogModuleManager: Shutting down and abandoning module HeadMountedDisplay (132)
[2018.02.22-09.19.23:544][686]LogModuleManager: Shutting down and abandoning module XAudio2 (130)
[2018.02.22-09.19.23:544][686]LogModuleManager: Shutting down and abandoning module Networking (128)
[2018.02.22-09.19.23:544][686]LogModuleManager: Shutting down and abandoning module Core (124)
[2018.02.22-09.19.23:544][686]LogModuleManager: Shutting down and abandoning module KismetCompiler (122)
[2018.02.22-09.19.23:544][686]LogModuleManager: Shutting down and abandoning module LevelSequence (120)
[2018.02.22-09.19.23:544][686]LogModuleManager: Shutting down and abandoning module MeshUtilities (118)
[2018.02.22-09.19.23:546][686]LogModuleManager: Shutting down and abandoning module MeshMergeUtilities (117)
[2018.02.22-09.19.23:547][686]LogModuleManager: Shutting down and abandoning module MeshReductionInterface (116)
[2018.02.22-09.19.23:547][686]LogModuleManager: Shutting down and abandoning module SimplygonSwarm (115)
[2018.02.22-09.19.23:548][686]LogModuleManager: Shutting down and abandoning module SimplygonMeshReduction (113)
[2018.02.22-09.19.23:548][686]LogModuleManager: Shutting down and abandoning module QuadricMeshReduction (111)
[2018.02.22-09.19.23:548][686]LogModuleManager: Shutting down and abandoning module MaterialBaking (107)
[2018.02.22-09.19.23:549][686]LogModuleManager: Shutting down and abandoning module DerivedDataCache (102)
[2018.02.22-09.19.23:875][686]LogDerivedDataCache: Shutdown
[2018.02.22-09.19.23:875][686]LogModuleManager: Shutting down and abandoning module TargetPlatform (100)
[2018.02.22-09.19.23:875][686]LogModuleManager: Shutting down and abandoning module VulkanShaderFormat (99)
[2018.02.22-09.19.23:876][686]LogModuleManager: Shutting down and abandoning module ShaderFormatVectorVM (97)
[2018.02.22-09.19.23:877][686]LogModuleManager: Shutting down and abandoning module ShaderFormatOpenGL (95)
[2018.02.22-09.19.23:877][686]LogModuleManager: Shutting down and abandoning module ShaderFormatD3D (93)
[2018.02.22-09.19.23:878][686]LogModuleManager: Shutting down and abandoning module MetalShaderFormat (91)
[2018.02.22-09.19.23:879][686]LogModuleManager: Shutting down and abandoning module TextureFormatUncompressed (89)
[2018.02.22-09.19.23:879][686]LogModuleManager: Shutting down and abandoning module TextureFormatPVR (87)
[2018.02.22-09.19.23:879][686]LogModuleManager: Shutting down and abandoning module TextureFormatDXT (85)
[2018.02.22-09.19.23:879][686]LogModuleManager: Shutting down and abandoning module TextureFormatIntelISPCTexComp (83)
[2018.02.22-09.19.23:879][686]LogModuleManager: Shutting down and abandoning module TextureFormatASTC (81)
[2018.02.22-09.19.23:879][686]LogModuleManager: Shutting down and abandoning module ImageWrapper (80)
[2018.02.22-09.19.23:879][686]LogModuleManager: Shutting down and abandoning module TextureFormatAndroid (77)
[2018.02.22-09.19.23:879][686]LogModuleManager: Shutting down and abandoning module AudioFormatOpus (75)
[2018.02.22-09.19.23:880][686]LogModuleManager: Shutting down and abandoning module AudioFormatOgg (73)
[2018.02.22-09.19.23:880][686]LogModuleManager: Shutting down and abandoning module AudioFormatADPCM (71)
[2018.02.22-09.19.23:880][686]LogModuleManager: Shutting down and abandoning module WindowsTargetPlatform (69)
[2018.02.22-09.19.23:880][686]LogModuleManager: Shutting down and abandoning module WindowsServerTargetPlatform (67)
[2018.02.22-09.19.23:880][686]LogModuleManager: Shutting down and abandoning module WindowsNoEditorTargetPlatform (65)
[2018.02.22-09.19.23:880][686]LogModuleManager: Shutting down and abandoning module WindowsClientTargetPlatform (63)
[2018.02.22-09.19.23:880][686]LogModuleManager: Shutting down and abandoning module InputCore (60)
[2018.02.22-09.19.23:880][686]LogModuleManager: Shutting down and abandoning module Settings (58)
[2018.02.22-09.19.23:880][686]LogModuleManager: Shutting down and abandoning module PhysXCooking (56)
[2018.02.22-09.19.23:880][686]LogModuleManager: Shutting down and abandoning module SteamVR (54)
[2018.02.22-09.19.23:880][686]LogModuleManager: Shutting down and abandoning module OculusHMD (52)
[2018.02.22-09.19.23:880][686]LogModuleManager: Shutting down and abandoning module ExampleDeviceProfileSelector (50)
[2018.02.22-09.19.23:880][686]LogModuleManager: Shutting down and abandoning module OnlineBlueprintSupport (48)
[2018.02.22-09.19.23:880][686]LogModuleManager: Shutting down and abandoning module OnlineSubsystem (44)
[2018.02.22-09.19.23:880][686]LogOnline: Display: Unloading online subsystem: NULL
[2018.02.22-09.19.23:882][686]LogModuleManager: Shutting down and abandoning module XMPP (43)
[2018.02.22-09.19.23:884][686]LogModuleManager: Shutting down and abandoning module HTTP (41)
[2018.02.22-09.19.23:910][686]LogModuleManager: Shutting down and abandoning module SSL (40)
[2018.02.22-09.19.23:919][686]LogModuleManager: Shutting down and abandoning module AnimationModifiers (36)
[2018.02.22-09.19.23:920][686]LogModuleManager: Shutting down and abandoning module PropertyEditor (35)
[2018.02.22-09.19.23:924][686]LogModuleManager: Shutting down and abandoning module AudioEditor (32)
[2018.02.22-09.19.23:925][686]LogModuleManager: Shutting down and abandoning module TextureCompressor (30)
[2018.02.22-09.19.23:926][686]LogModuleManager: Shutting down and abandoning module ShaderCore (28)
[2018.02.22-09.19.23:926][686]LogModuleManager: Shutting down and abandoning module Landscape (26)
[2018.02.22-09.19.23:926][686]LogModuleManager: Shutting down and abandoning module SlateRHIRenderer (24)
[2018.02.22-09.19.23:928][686]LogModuleManager: Shutting down and abandoning module OpenGLDrv (22)
[2018.02.22-09.19.23:929][686]LogModuleManager: Shutting down and abandoning module D3D11RHI (20)
[2018.02.22-09.19.23:929][686]LogModuleManager: Shutting down and abandoning module AnimGraphRuntime (18)
[2018.02.22-09.19.23:929][686]LogModuleManager: Shutting down and abandoning module Renderer (16)
[2018.02.22-09.19.23:930][686]LogModuleManager: Shutting down and abandoning module Engine (14)
[2018.02.22-09.19.23:930][686]LogModuleManager: Shutting down and abandoning module CoreUObject (12)
[2018.02.22-09.19.23:930][686]LogModuleManager: Shutting down and abandoning module NetworkFile (10)
[2018.02.22-09.19.23:931][686]LogModuleManager: Shutting down and abandoning module CookedIterativeFile (8)
[2018.02.22-09.19.23:931][686]LogModuleManager: Shutting down and abandoning module StreamingFile (6)
[2018.02.22-09.19.23:931][686]LogModuleManager: Shutting down and abandoning module SandboxFile (4)
[2018.02.22-09.19.23:931][686]LogModuleManager: Shutting down and abandoning module PakFile (2)
[2018.02.22-09.19.23:939][686]LogExit: Exiting.
[2018.02.22-09.19.23:960][686]Log file closed, 02/22/18 09:19:23
