Log file open, 02/22/18 08:47:01
LogWindows: Failed to load 'aqProf.dll' (GetLastError=126)
LogWindows: File 'aqProf.dll' does not exist
LogWindows: Failed to load 'VSPerf140.dll' (GetLastError=126)
LogWindows: File 'VSPerf140.dll' does not exist
LogWindows: Failed to load 'VtuneApi.dll' (GetLastError=126)
LogWindows: File 'VtuneApi.dll' does not exist
LogWindows: Failed to load 'VtuneApi32e.dll' (GetLastError=126)
LogWindows: File 'VtuneApi32e.dll' does not exist
LogInit: Display: Running engine for game: MainMenu
LogPlatformFile: Not using cached read wrapper
LogInit: Display: RandInit(1837221980) SRandInit(1837221981).
LogTaskGraph: Started task graph with 5 named threads and 14 total threads with 3 sets of task threads.
LogStats: Stats thread started at 0.248226
LogD3D11RHI: Aftermath initialized
LogPluginManager: Mounting plugin Paper2D
LogPluginManager: Mounting plugin LightPropagationVolume
LogPluginManager: Mounting plugin CodeLiteSourceCodeAccess
LogPluginManager: Mounting plugin GitSourceControl
LogPluginManager: Mounting plugin KDevelopSourceCodeAccess
LogPluginManager: Mounting plugin NullSourceCodeAccess
LogPluginManager: Mounting plugin PerforceSourceControl
LogPluginManager: Mounting plugin SubversionSourceControl
LogPluginManager: Mounting plugin UObjectPlugin
LogPluginManager: Mounting plugin VisualStudioSourceCodeAccess
LogPluginManager: Mounting plugin XCodeSourceCodeAccess
LogPluginManager: Mounting plugin AssetManagerEditor
LogPluginManager: Mounting plugin AudioCapture
LogPluginManager: Mounting plugin FacialAnimation
LogPluginManager: Mounting plugin GameplayTagsEditor
LogPluginManager: Mounting plugin MobileLauncherProfileWizard
LogPluginManager: Mounting plugin PluginBrowser
LogPluginManager: Mounting plugin SpeedTreeImporter
LogPluginManager: Mounting plugin AlembicImporter
LogPluginManager: Mounting plugin CharacterAI
LogPluginManager: Mounting plugin HTML5Networking
LogPluginManager: Mounting plugin AndroidMedia
LogPluginManager: Mounting plugin AvfMedia
LogPluginManager: Mounting plugin MediaPlayerEditor
LogPluginManager: Mounting plugin WmfMedia
LogPluginManager: Mounting plugin TcpMessaging
LogPluginManager: Mounting plugin UdpMessaging
LogPluginManager: Mounting plugin LevelSequenceEditor
LogPluginManager: Mounting plugin MatineeToLevelSequence
LogPluginManager: Mounting plugin OnlineSubsystemGooglePlay
LogPluginManager: Mounting plugin OnlineSubsystemIOS
LogPluginManager: Mounting plugin OnlineSubsystem
LogPluginManager: Mounting plugin OnlineSubsystemNull
LogPluginManager: Mounting plugin OnlineSubsystemUtils
LogPluginManager: Mounting plugin AndroidDeviceProfileSelector
LogPluginManager: Mounting plugin AndroidMoviePlayer
LogPluginManager: Mounting plugin AndroidPermission
LogPluginManager: Mounting plugin AppleMoviePlayer
LogPluginManager: Mounting plugin ArchVisCharacter
LogPluginManager: Mounting plugin CableComponent
LogPluginManager: Mounting plugin CustomMeshComponent
LogPluginManager: Mounting plugin ExampleDeviceProfileSelector
LogPluginManager: Mounting plugin GoogleCloudMessaging
LogPluginManager: Mounting plugin ImmediatePhysics
LogPluginManager: Mounting plugin IOSDeviceProfileSelector
LogPluginManager: Mounting plugin LinuxDeviceProfileSelector
LogPluginManager: Mounting plugin LocationServicesBPLibrary
LogPluginManager: Mounting plugin MobilePatchingUtils
LogPluginManager: Mounting plugin OculusVR
LogPluginManager: Mounting plugin PhysXVehicles
LogPluginManager: Mounting plugin ProceduralMeshComponent
LogPluginManager: Mounting plugin RuntimePhysXCooking
LogPluginManager: Mounting plugin SteamVR
LogPluginManager: Mounting plugin WindowsMoviePlayer
LogInit: Using libcurl 7.47.1
LogInit:  - built for x86_64-pc-win32
LogInit:  - supports SSL with OpenSSL/1.0.2g
LogInit:  - supports HTTP deflate (compression) using libz 1.2.8
LogInit:  - other features:
LogInit:      CURL_VERSION_SSL
LogInit:      CURL_VERSION_LIBZ
LogInit:      CURL_VERSION_IPV6
LogInit:      CURL_VERSION_ASYNCHDNS
LogInit:      CURL_VERSION_LARGEFILE
LogInit:      CURL_VERSION_IDN
LogInit:  CurlRequestOptions (configurable via config and command line):
LogInit:  - bVerifyPeer = false  - Libcurl will NOT verify peer certificate
LogInit:  - bUseHttpProxy = false  - Libcurl will NOT use HTTP proxy
LogInit:  - bDontReuseConnections = false  - Libcurl will reuse connections
LogInit:  - CertBundlePath = nullptr  - Libcurl will use whatever was configured at build time.
LogInit: Build: ++UE4+Release-4.17-CL-3658906
LogInit: Engine Version: 4.17.2-3658906+++UE4+Release-4.17
LogInit: Compatible Engine Version: 4.17.0-3573198+++UE4+Release-4.17
LogInit: Net CL: 3573198
LogDevObjectVersion: Number of dev versions registered: 16
LogDevObjectVersion:   Dev-Blueprints (B0D832E4-1F89-4F0D-ACCF-7EB736FD4AA2): 10
LogDevObjectVersion:   Dev-Build (E1C64328-A22C-4D53-A36C-8E866417BD8C): 0
LogDevObjectVersion:   Dev-Core (375EC13C-06E4-48FB-B500-84F0262A717E): 2
LogDevObjectVersion:   Dev-Editor (E4B068ED-F494-42E9-A231-DA0B2E46BB41): 20
LogDevObjectVersion:   Dev-Framework (CFFC743F-43B0-4480-9391-14DF171D2073): 28
LogDevObjectVersion:   Dev-Mobile (B02B49B5-BB20-44E9-A304-32B752E40360): 0
LogDevObjectVersion:   Dev-Networking (A4E4105C-59A1-49B5-A7C5-40C4547EDFEE): 0
LogDevObjectVersion:   Dev-Online (39C831C9-5AE6-47DC-9A44-9C173E1C8E7C): 0
LogDevObjectVersion:   Dev-Physics (78F01B33-EBEA-4F98-B9B4-84EACCB95AA2): 0
LogDevObjectVersion:   Dev-Platform (6631380F-2D4D-43E0-8009-CF276956A95A): 0
LogDevObjectVersion:   Dev-Rendering (12F88B9F-8875-4AFC-A67C-D90C383ABD29): 19
LogDevObjectVersion:   Dev-Sequencer (7B5AE74C-D270-4C10-A958-57980B212A5A): 4
LogDevObjectVersion:   Dev-VR (D7296918-1DD6-4BDD-9DE2-64A83CC13884): 0
LogDevObjectVersion:   Dev-LoadTimes (C2A15278-BFE7-4AFE-6C17-90FF531DF755): 1
LogDevObjectVersion:   Private-Geometry (6EACA3D4-40EC-4CC1-B786-8BED09428FC5): 1
LogDevObjectVersion:   Dev-AnimPhys (29E575DD-E0A3-4627-9D10-D276232CDCEA): 7
LogInit: Compiled (64-bit): Sep 22 2017 13:47:16
LogInit: Compiled with Visual C++: 19.00.24215.01
LogInit: Build Configuration: Development
LogInit: Branch Name: ++UE4+Release-4.17
LogInit: Command line:  
LogInit: Base directory: C:/Program Files/Epic Games/UE_4.17/Engine/Binaries/Win64/
LogInit: Installed Engine Build: 1
LogInit: Presizing for max 8388607 objects, including 0 objects not considered by GC, pre-allocating 0 bytes for permanent pool.
LogInit: Object subsystem initialized
[2018.02.22-08.47.03:201][  0]LogInit: Selected Device Profile: [Windows]
[2018.02.22-08.47.03:201][  0]LogInit: Applying CVar settings loaded from the selected device profile: [Windows]
[2018.02.22-08.47.03:246][  0]LogInit: Computer: TYLER-PC
[2018.02.22-08.47.03:246][  0]LogInit: User: Tyler
[2018.02.22-08.47.03:246][  0]LogInit: CPU Page size=4096, Cores=4
[2018.02.22-08.47.03:246][  0]LogInit: High frequency timer resolution =3.418050 MHz
[2018.02.22-08.47.03:247][  0]LogMemory: Memory total: Physical=3.9GB (4GB approx)
[2018.02.22-08.47.03:247][  0]LogMemory: Platform Memory Stats for Windows
[2018.02.22-08.47.03:247][  0]LogMemory: Process Physical Memory: 278.03 MB used, 278.03 MB peak
[2018.02.22-08.47.03:247][  0]LogMemory: Process Virtual Memory: 274.17 MB used, 274.17 MB peak
[2018.02.22-08.47.03:247][  0]LogMemory: Physical Memory: 3642.67 MB used,  401.65 MB free, 4044.32 MB total
[2018.02.22-08.47.03:247][  0]LogMemory: Virtual Memory: 702.11 MB used,  401.65 MB free, 134217728.00 MB total
[2018.02.22-08.47.03:697][  0]LogInit: Using OS detected language (en-GB).
[2018.02.22-08.47.03:697][  0]LogInit: Using OS detected locale (en-GB).
[2018.02.22-08.47.03:797][  0]LogTextLocalizationManager: No specific localization for 'en-GB' exists, so the 'en' localization will be used.
[2018.02.22-08.47.07:992][  0]LogD3D11RHI: D3D11 adapters:
[2018.02.22-08.47.08:076][  0]LogD3D11RHI:    0. 'NVIDIA GeForce GTX 980' (Feature Level 11_0)
[2018.02.22-08.47.08:076][  0]LogD3D11RHI:       4053/0/2022 MB DedicatedVideo/DedicatedSystem/SharedSystem, Outputs:1, VendorId:0x10de
[2018.02.22-08.47.08:083][  0]LogD3D11RHI:    1. 'Microsoft Basic Render Driver' (Feature Level 11_0)
[2018.02.22-08.47.08:083][  0]LogD3D11RHI:       0/0/2022 MB DedicatedVideo/DedicatedSystem/SharedSystem, Outputs:0, VendorId:0x1414
[2018.02.22-08.47.08:083][  0]LogD3D11RHI: Chosen D3D11 Adapter: 0
[2018.02.22-08.47.08:098][  0]LogD3D11RHI: Creating new Direct3DDevice
[2018.02.22-08.47.08:099][  0]LogD3D11RHI:     GPU DeviceId: 0x13c0 (for the marketing name, search the web for "GPU Device Id")
[2018.02.22-08.47.08:099][  0]LogWindows: EnumDisplayDevices:
[2018.02.22-08.47.08:099][  0]LogWindows:    0. 'NVIDIA GeForce GTX 980' (P:1 D:1)
[2018.02.22-08.47.08:099][  0]LogWindows:    1. 'NVIDIA GeForce GTX 980' (P:0 D:0)
[2018.02.22-08.47.08:099][  0]LogWindows:    2. 'NVIDIA GeForce GTX 980' (P:0 D:0)
[2018.02.22-08.47.08:100][  0]LogWindows:    3. 'NVIDIA GeForce GTX 980' (P:0 D:0)
[2018.02.22-08.47.08:100][  0]LogWindows: DebugString: GetVideoDriverDetailsInvalid PrimaryIsNotTheChoosenAdapter GetVideoDriverDetailsInvalid PrimaryIsNotTheChoosenAdapter GetVideoDriverDetailsInvalid PrimaryIsNotTheChoosenAdapter GetVideoDriverDetailsInvalid PrimaryIsNotTheChoosenAdapter FoundDriverCount:0 
[2018.02.22-08.47.08:100][  0]LogD3D11RHI:     Adapter Name: NVIDIA GeForce GTX 980
[2018.02.22-08.47.08:100][  0]LogD3D11RHI:   Driver Version: Unknown (internal:Unknown, unified:Unknown)
[2018.02.22-08.47.08:100][  0]LogD3D11RHI:      Driver Date: Unknown
[2018.02.22-08.47.08:100][  0]LogRHI: Texture pool is 1361 MB (70% of 1945 MB)
[2018.02.22-08.47.08:146][  0]LogD3D11RHI: Async texture creation enabled
[2018.02.22-08.47.08:301][  0]LogD3D11RHI: GPU Timing Frequency: 1000.000000 (Debug: 2 2)
[2018.02.22-08.47.08:346][  0]LogShaderCompilers: Guid format shader working directory is -46 characters bigger than the processId version (../../../../../../Users/Tyler/Documents/GitHub/mgp-mgp-group-11/Development/MainMenuProject/Intermediate/Shaders/WorkingDirectory/13756/).
[2018.02.22-08.47.08:346][  0]LogShaderCompilers: Cleaned the shader compiler working directory 'C:/Users/Tyler/AppData/Local/Temp/UnrealShaderWorkingDir/139C11084833C971B52FF1AD6E2055D6/'.
[2018.02.22-08.47.08:346][  0]LogShaderCompilers: Display: Using Local Shader Compiler.
[2018.02.22-08.47.11:555][  0]LogTemp: Display: Loaded TP AllDesktopTargetPlatform
[2018.02.22-08.47.11:657][  0]LogTemp: Display: Loaded TP MacClientTargetPlatform
[2018.02.22-08.47.11:762][  0]LogTemp: Display: Loaded TP MacNoEditorTargetPlatform
[2018.02.22-08.47.11:874][  0]LogTemp: Display: Loaded TP MacServerTargetPlatform
[2018.02.22-08.47.11:988][  0]LogTemp: Display: Loaded TP MacTargetPlatform
[2018.02.22-08.47.12:095][  0]LogTemp: Display: Loaded TP WindowsClientTargetPlatform
[2018.02.22-08.47.12:199][  0]LogTemp: Display: Loaded TP WindowsNoEditorTargetPlatform
[2018.02.22-08.47.12:304][  0]LogTemp: Display: Loaded TP WindowsServerTargetPlatform
[2018.02.22-08.47.12:406][  0]LogTemp: Display: Loaded TP WindowsTargetPlatform
[2018.02.22-08.47.12:518][  0]LogTemp: Display: Loaded TP AndroidTargetPlatform
[2018.02.22-08.47.12:622][  0]LogTemp: Display: Loaded TP Android_ASTCTargetPlatform
[2018.02.22-08.47.12:730][  0]LogTemp: Display: Loaded TP Android_ATCTargetPlatform
[2018.02.22-08.47.12:841][  0]LogTemp: Display: Loaded TP Android_DXTTargetPlatform
[2018.02.22-08.47.12:944][  0]LogTemp: Display: Loaded TP Android_ETC1TargetPlatform
[2018.02.22-08.47.13:053][  0]LogTemp: Display: Loaded TP Android_ETC2TargetPlatform
[2018.02.22-08.47.13:260][  0]LogTemp: Display: Loaded TP Android_MultiTargetPlatform
[2018.02.22-08.47.13:260][  0]LogTemp: Display: Loaded TP Android_PVRTCTargetPlatform
[2018.02.22-08.47.13:347][  0]LogTemp: Display: Loaded TP HTML5TargetPlatform
[2018.02.22-08.47.13:524][  0]LogTemp: Display: Loaded TP IOSTargetPlatform
[2018.02.22-08.47.13:584][  0]LogTemp: Display: Loaded TP TVOSTargetPlatform
[2018.02.22-08.47.13:687][  0]LogTemp: Display: Loaded TP LinuxClientTargetPlatform
[2018.02.22-08.47.13:792][  0]LogTemp: Display: Loaded TP LinuxNoEditorTargetPlatform
[2018.02.22-08.47.13:896][  0]LogTemp: Display: Loaded TP LinuxServerTargetPlatform
[2018.02.22-08.47.14:015][  0]LogTemp: Display: Loaded TP LinuxTargetPlatform
[2018.02.22-08.47.14:015][  0]LogTargetPlatformManager: Display: Building Assets For Windows
[2018.02.22-08.47.15:125][  0]LogDerivedDataCache: Display: Max Cache Size: 512 MB
[2018.02.22-08.47.15:811][  0]LogDerivedDataCache: Loaded boot cache 0.68s 93MB C:/Users/Tyler/AppData/Local/UnrealEngine/4.17/DerivedDataCache/Boot.ddc.
[2018.02.22-08.47.15:811][  0]LogDerivedDataCache: Display: Loaded Boot cache: C:/Users/Tyler/AppData/Local/UnrealEngine/4.17/DerivedDataCache/Boot.ddc
[2018.02.22-08.47.15:812][  0]LogDerivedDataCache: FDerivedDataBackendGraph:  Pak pak cache file ../../../../../../Users/Tyler/Documents/GitHub/mgp-mgp-group-11/Development/MainMenuProject/DerivedDataCache/DDC.ddp not found, will not use a pak cache.
[2018.02.22-08.47.15:812][  0]LogDerivedDataCache: Unable to find inner node Pak for hierarchical cache Hierarchy.
[2018.02.22-08.47.15:812][  0]LogDerivedDataCache: FDerivedDataBackendGraph:  CompressedPak pak cache file ../../../../../../Users/Tyler/Documents/GitHub/mgp-mgp-group-11/Development/MainMenuProject/DerivedDataCache/Compressed.ddp not found, will not use a pak cache.
[2018.02.22-08.47.15:812][  0]LogDerivedDataCache: Unable to find inner node CompressedPak for hierarchical cache Hierarchy.
[2018.02.22-08.47.15:839][  0]LogDerivedDataCache: Display: Pak cache opened for reading ../../../Engine/DerivedDataCache/Compressed.ddp.
[2018.02.22-08.47.15:852][  0]LogDerivedDataCache: Using Local data cache path C:/Users/Tyler/AppData/Local/UnrealEngine/Common/DerivedDataCache: Writable
[2018.02.22-08.47.15:877][  0]LogMaterial: Verifying Global Shaders for PCD3D_SM5
[2018.02.22-08.47.15:881][  0]LogSlate: Using Freetype 2.6.0
[2018.02.22-08.47.15:896][  0]LogSlate: SlateFontCache - WITH_FREETYPE: 1, WITH_HARFBUZZ: 1
[2018.02.22-08.47.15:896][  0]LogSlate: SlateFontCache - WITH_FREETYPE: 1, WITH_HARFBUZZ: 1
[2018.02.22-08.47.17:255][  0]LogAssetRegistry: FAssetRegistry took 0.0350 seconds to start up
[2018.02.22-08.47.17:597][  0]LogInit: Selected Device Profile: [Windows]
[2018.02.22-08.47.18:340][  0]LogContentStreaming: Texture pool size is 0.00 MB
[2018.02.22-08.47.19:181][  0]LogSimplygon: Simplygon DLL not present - disabling.
[2018.02.22-08.47.19:282][  0]LogMeshReduction: Using SimplygonSwarm for distributed automatic mesh merging
[2018.02.22-08.47.19:283][  0]LogMeshReduction: Using QuadricMeshReduction for automatic static mesh reduction
[2018.02.22-08.47.19:283][  0]LogMeshReduction: No automatic skeletal mesh reduction module available
[2018.02.22-08.47.19:283][  0]LogMeshReduction: No automatic mesh merging module available
[2018.02.22-08.47.19:283][  0]LogMeshMerging: No automatic mesh merging module available
[2018.02.22-08.47.20:595][  0]LogNetVersion: MainMenu , NetCL: 3573198, EngineNetVer: 2, GameNetVer: 0 (Checksum: 3302695824)
[2018.02.22-08.47.21:518][  0]LogPackageLocalizationCache: Processed 5 localized package path(s) for 2 prioritized culture(s) in 0.112355 seconds
[2018.02.22-08.47.21:531][  0]LogUObjectArray: 35825 objects as part of root set at end of initial load.
[2018.02.22-08.47.21:531][  0]LogUObjectAllocator: 7529112 out of 0 bytes used by permanent object pool.
[2018.02.22-08.47.21:531][  0]LogUObjectArray: CloseDisregardForGC: 0/0 objects in disregard for GC pool
[2018.02.22-08.47.21:689][  0]LogInit: WinSock: version 1.1 (2.2), MaxSocks=32767, MaxUdp=65467
[2018.02.22-08.47.31:725][  0]LogTcpMessaging: Initializing TcpMessaging bridge
[2018.02.22-08.47.31:820][  0]LogUdpMessaging: Initializing bridge on interface 0.0.0.0:0 to multicast group 230.0.0.1:6666.
[2018.02.22-08.47.33:592][  0]LogMaterial: Uniform references updated for custom material expression Custom.
[2018.02.22-08.47.34:699][  0]SourceControl: Source control is disabled
[2018.02.22-08.47.34:699][  0]SourceControl: Source control is disabled
[2018.02.22-08.47.34:825][  0]SourceControl: Source control is disabled
[2018.02.22-08.47.34:943][  0]SourceControl: Source control is disabled
[2018.02.22-08.47.36:470][  0]LogAndroidPermission: UAndroidPermissionCallbackProxy::GetInstance
[2018.02.22-08.47.37:072][  0]LogOcInput: OculusInput pre-init called
[2018.02.22-08.47.37:725][  0]LogEngine: Initializing Engine...
[2018.02.22-08.47.37:812][  0]LogHMD: Failed to initialize OpenVR with code 100
[2018.02.22-08.47.38:526][  0]LogStats: UGameplayTagsManager::ConstructGameplayTagTree: Construct from data asset -  0.000 s
[2018.02.22-08.47.38:527][  0]LogStats: UGameplayTagsManager::ConstructGameplayTagTree: GameplayTagTreeChangedEvent.Broadcast -  0.000 s
[2018.02.22-08.47.38:889][  0]LogAIModule: Creating AISystem for world Untitled
[2018.02.22-08.47.38:919][  0]LogInit: XAudio2 using 'Headset Earphone (3- Corsair VOID Wireless Gaming Dongle)' : 2 channels at 48 kHz using 16 bits per sample (channel mask 0x3)
[2018.02.22-08.47.38:949][  0]LogInit: FAudioDevice initialized.
[2018.02.22-08.47.39:200][  0]LogDerivedDataCache: Saved boot cache 0.25s 93MB C:/Users/Tyler/AppData/Local/UnrealEngine/4.17/DerivedDataCache/Boot.ddc.
[2018.02.22-08.47.39:447][  0]LogInit: Texture streaming: Enabled
[2018.02.22-08.47.39:833][  0]LogEngineSessionManager: EngineSessionManager initialized
[2018.02.22-08.47.40:434][  0]LogInit: Transaction tracking system initialized
[2018.02.22-08.47.41:735][  0]BlueprintLog: New page: Editor Load
[2018.02.22-08.47.44:078][  0]LocalizationService: Localization service is disabled
[2018.02.22-08.47.45:912][  0]LogConsoleResponse: Display: 
[2018.02.22-08.47.46:589][  0]LogFileCache: Scanning file cache for directory 'C:/Users/Tyler/Documents/GitHub/mgp-mgp-group-11/Development/MainMenuProject/Content/' took 0.02s
[2018.02.22-08.47.46:590][  0]LogCook: Display: Max memory allowance for cook 16384mb min free memory 0mb
[2018.02.22-08.47.46:590][  0]LogCook: Display: Mobile HDR setting 1
[2018.02.22-08.47.46:591][  0]LogGameplayTags: Display: UGameplayTagsManager::DoneAddingNativeTags. DelegateIsBound: 0
[2018.02.22-08.47.49:147][  0]SourceControl: Source control is disabled
[2018.02.22-08.47.49:150][  0]Cmd: MAP LOAD FILE="../../../../../../Users/Tyler/Documents/GitHub/mgp-mgp-group-11/Development/MainMenuProject/Content/Levels/MainMenu.umap" TEMPLATE=0 SHOWPROGRESS=1 FEATURELEVEL=3
[2018.02.22-08.47.49:159][  0]LightingResults: New page: Lighting Build
[2018.02.22-08.47.49:261][  0]MapCheck: New page: Map Check
[2018.02.22-08.47.49:261][  0]LightingResults: New page: Lighting Build
[2018.02.22-08.47.49:668][  0]LogAIModule: Creating AISystem for world MainMenu
[2018.02.22-08.47.49:676][  0]LogEditorServer: Finished looking for orphan Actors (0.000 secs)
[2018.02.22-08.47.49:727][  0]Cmd: MAP CHECKDEP NOCLEARLOG
[2018.02.22-08.47.49:818][  0]MapCheck: Map check complete: 0 Error(s), 0 Warning(s), took 90.643ms to complete.
[2018.02.22-08.47.49:818][  0]LogFileHelpers: Loading map 'MainMenu' took 0.669
[2018.02.22-08.47.50:166][  0]LogCollectionManager: Loaded 0 collections in 0.003298 seconds
[2018.02.22-08.47.50:304][  0]LogFileCache: Scanning file cache for directory 'C:/Users/Tyler/Documents/GitHub/mgp-mgp-group-11/Development/MainMenuProject/Saved/Collections/' took 0.01s
[2018.02.22-08.47.50:304][  0]LogFileCache: Scanning file cache for directory 'C:/Users/Tyler/Documents/GitHub/mgp-mgp-group-11/Development/MainMenuProject/Content/Developers/Tyler/Collections/' took 0.01s
[2018.02.22-08.47.50:304][  0]LogFileCache: Scanning file cache for directory 'C:/Users/Tyler/Documents/GitHub/mgp-mgp-group-11/Development/MainMenuProject/Content/Collections/' took 0.01s
[2018.02.22-08.47.50:304][  0]LogCollectionManager: Rebuilt the GUID cache for 0 collections in 0.000001 seconds
[2018.02.22-08.47.50:322][  0]LogContentBrowser: Native class hierarchy populated in 0.0162 seconds. Added 2386 classes and 500 folders.
[2018.02.22-08.47.50:474][  0]LogContentBrowser: Native class hierarchy updated for 'WidgetCarousel' in 0.0009 seconds. Added 0 classes and 0 folders.
[2018.02.22-08.47.51:054][  0]LogContentBrowser: Native class hierarchy updated for 'AddContentDialog' in 0.0010 seconds. Added 0 classes and 0 folders.
[2018.02.22-08.47.51:165][  0]LogContentBrowser: Native class hierarchy updated for 'SceneOutliner' in 0.0009 seconds. Added 1 classes and 2 folders.
[2018.02.22-08.47.51:253][  0]LogSlate: Took 0.015739 seconds to synchronously load lazily loaded font '../../../Engine/Content/Slate/Fonts/Roboto-Regular.ttf' (155K)
[2018.02.22-08.47.51:274][  0]LogSlate: Took 0.012115 seconds to synchronously load lazily loaded font '../../../Engine/Content/Slate/Fonts/Roboto-Bold.ttf' (160K)
[2018.02.22-08.47.51:285][  0]LogSlate: Took 0.007047 seconds to synchronously load lazily loaded font '../../../Engine/Content/Editor/Slate/Fonts/FontAwesome.ttf' (139K)
[2018.02.22-08.47.51:449][  0]LogRenderer: Reallocating scene render targets to support 1528x576 Format 10 NumSamples 1 (Frame:1).
[2018.02.22-08.47.51:884][  0]LogContentBrowser: Native class hierarchy updated for 'HierarchicalLODOutliner' in 0.0010 seconds. Added 1 classes and 2 folders.
[2018.02.22-08.47.51:884][  0]LogLoad: (Engine Initialization) Total time: 52.80 seconds
[2018.02.22-08.47.51:884][  0]LogLoad: (Engine Initialization) Total Blueprint compile time: 0.00 seconds
[2018.02.22-08.47.51:885][  0]LogExternalProfiler: No external profilers were discovered.  External profiling features will not be available.
[2018.02.22-08.47.51:920][  0]LogContentStreaming: Texture pool size now 1000 MB
[2018.02.22-08.47.51:997][  0]LogSlate: Took 0.007120 seconds to synchronously load lazily loaded font '../../../Engine/Content/Slate/Fonts/Roboto-Light.ttf' (159K)
[2018.02.22-08.47.52:054][  2]LogAssetRegistry: Asset discovery search completed in 34.8224 seconds
[2018.02.22-08.47.52:057][  2]LogCollectionManager: Rebuilt the object cache for 0 collections in 0.000001 seconds (found 0 objects)
[2018.02.22-08.47.52:057][  2]LogCollectionManager: Fixed up redirectors for 0 collections in 0.000086 seconds (updated 0 objects)
[2018.02.22-08.47.55:693][322]LogTemp: Repeating last play command: Selected Viewport
[2018.02.22-08.47.55:748][322]LogBlueprintUserMessages: Early PlayInEditor Detection: Level '/Game/Levels/MainMenu.MainMenu:PersistentLevel' has LevelScriptBlueprint '/Game/Levels/MainMenu.MainMenu:PersistentLevel.MainMenu' with GeneratedClass '/Game/Levels/MainMenu.MainMenu_C' with ClassGeneratedBy '/Game/Levels/MainMenu.MainMenu:PersistentLevel.MainMenu'
[2018.02.22-08.47.55:749][322]LogPlayLevel: PlayLevel: No blueprints needed recompiling
[2018.02.22-08.47.55:759][322]PIE: New page: PIE session: MainMenu (22 Feb 2018 08:47:55)
[2018.02.22-08.47.55:760][322]LogPlayLevel: Creating play world package: /Game/Levels/UEDPIE_0_MainMenu
[2018.02.22-08.47.55:763][322]LogPlayLevel: PIE: StaticDuplicateObject took: (0.003071s)
[2018.02.22-08.47.55:764][322]LogAIModule: Creating AISystem for world MainMenu
[2018.02.22-08.47.55:764][322]LogPlayLevel: PIE: World Init took: (0.001325s)
[2018.02.22-08.47.55:765][322]LogPlayLevel: PIE: Created PIE world by copying editor world from /Game/Levels/MainMenu.MainMenu to /Game/Levels/UEDPIE_0_MainMenu.MainMenu (0.006076s)
[2018.02.22-08.47.55:815][322]LogInit: XAudio2 using 'Headset Earphone (3- Corsair VOID Wireless Gaming Dongle)' : 2 channels at 48 kHz using 16 bits per sample (channel mask 0x3)
[2018.02.22-08.47.55:829][322]LogInit: FAudioDevice initialized.
[2018.02.22-08.47.55:883][322]LogLoad: Game class is 'GameModeBase'
[2018.02.22-08.47.55:900][322]LogWorld: Bringing World /Game/Levels/UEDPIE_0_MainMenu.MainMenu up for play (max tick rate 0) at 2018.02.22-08.47.55
[2018.02.22-08.47.55:903][322]LogWorld: Bringing up level for play took: 0.003353
[2018.02.22-08.47.56:025][322]LogContentBrowser: Native class hierarchy updated for 'MovieSceneCapture' in 0.0012 seconds. Added 11 classes and 0 folders.
[2018.02.22-08.47.56:052][322]PIE: Play in editor start time for /Game/Levels/UEDPIE_0_MainMenu 0.652
[2018.02.22-08.47.56:053][322]LogBlueprintUserMessages: Late PlayInEditor Detection: Level '/Game/Levels/MainMenu.MainMenu:PersistentLevel' has LevelScriptBlueprint '/Game/Levels/MainMenu.MainMenu:PersistentLevel.MainMenu' with GeneratedClass '/Game/Levels/MainMenu.MainMenu_C' with ClassGeneratedBy '/Game/Levels/MainMenu.MainMenu:PersistentLevel.MainMenu'
[2018.02.22-08.48.08:826][807]LogBlueprintUserMessages: Early EndPlayMap Detection: Level '/Game/Levels/MainMenu.MainMenu:PersistentLevel' has LevelScriptBlueprint '/Game/Levels/MainMenu.MainMenu:PersistentLevel.MainMenu' with GeneratedClass '/Game/Levels/MainMenu.MainMenu_C' with ClassGeneratedBy '/Game/Levels/MainMenu.MainMenu:PersistentLevel.MainMenu'
[2018.02.22-08.48.08:868][807]LogBlueprintUserMessages: Late EndPlayMap Detection: Level '/Game/Levels/MainMenu.MainMenu:PersistentLevel' has LevelScriptBlueprint '/Game/Levels/MainMenu.MainMenu:PersistentLevel.MainMenu' with GeneratedClass '/Game/Levels/MainMenu.MainMenu_C' with ClassGeneratedBy '/Game/Levels/MainMenu.MainMenu:PersistentLevel.MainMenu'
[2018.02.22-08.48.34:856][585]LogSlate: Took 0.000390 seconds to synchronously load lazily loaded font '../../../Engine/Content/Slate/Fonts/Roboto-Light.ttf' (159K)
[2018.02.22-08.48.35:178][585]LogMetaData: Removing '/Game/Blueprints/LevelSelectWidget.LevelSelectWidget_C' ref from Metadata '/Game/Blueprints/LevelSelectBlueprint.PackageMetaData'
[2018.02.22-08.48.35:179][585]LogMetaData: Removing '/Game/Blueprints/LevelSelectWidget.SKEL_LevelSelectWidget_C' ref from Metadata '/Game/Blueprints/LevelSelectBlueprint.PackageMetaData'
[2018.02.22-08.48.35:304][585]LogSavePackage: Save=89.65ms
[2018.02.22-08.48.35:304][585]LogSavePackage: Moving '../../../../../../Users/Tyler/Documents/GitHub/mgp-mgp-group-11/Development/MainMenuProject/Saved/LevelSelectWidget23B74EF64970D13277BC8886E5C37DB0.tmp' to '../../../../../../Users/Tyler/Documents/GitHub/mgp-mgp-group-11/Development/MainMenuProject/Content/Blueprints/LevelSelectWidget.uasset'
[2018.02.22-08.48.35:311][585]LogSavePackage: Display: Finished SavePackage ../../../../../../Users/Tyler/Documents/GitHub/mgp-mgp-group-11/Development/MainMenuProject/Content/Blueprints/LevelSelectWidget.uasset
[2018.02.22-08.48.35:347][585]LogSavePackage: Save=11.23ms
[2018.02.22-08.48.35:348][585]LogSavePackage: Moving '../../../../../../Users/Tyler/Documents/GitHub/mgp-mgp-group-11/Development/MainMenuProject/Saved/LevelSelectBlueprintD38B699D4517A2F16B3157B6F293ACA5.tmp' to '../../../../../../Users/Tyler/Documents/GitHub/mgp-mgp-group-11/Development/MainMenuProject/Content/Blueprints/LevelSelectBlueprint.uasset'
[2018.02.22-08.48.35:353][585]LogSavePackage: Display: Finished SavePackage ../../../../../../Users/Tyler/Documents/GitHub/mgp-mgp-group-11/Development/MainMenuProject/Content/Blueprints/LevelSelectBlueprint.uasset
[2018.02.22-08.48.40:228][991]LogMetaData: Removing '/Game/Blueprints/OptionsWidget.OptionsWidget_C' ref from Metadata '/Game/Blueprints/OptionsBlueprint.PackageMetaData'
[2018.02.22-08.48.40:228][991]LogMetaData: Removing '/Game/Blueprints/OptionsWidget.SKEL_OptionsWidget_C' ref from Metadata '/Game/Blueprints/OptionsBlueprint.PackageMetaData'
[2018.02.22-08.48.40:302][991]LogSavePackage: Save=47.36ms
[2018.02.22-08.48.40:302][991]LogSavePackage: Moving '../../../../../../Users/Tyler/Documents/GitHub/mgp-mgp-group-11/Development/MainMenuProject/Saved/OptionsWidgetE5D6194843173C640DC2179B7F86EF0B.tmp' to '../../../../../../Users/Tyler/Documents/GitHub/mgp-mgp-group-11/Development/MainMenuProject/Content/Blueprints/OptionsWidget.uasset'
[2018.02.22-08.48.40:308][991]LogSavePackage: Display: Finished SavePackage ../../../../../../Users/Tyler/Documents/GitHub/mgp-mgp-group-11/Development/MainMenuProject/Content/Blueprints/OptionsWidget.uasset
[2018.02.22-08.48.40:609][991]LogSavePackage: Save=82.43ms
[2018.02.22-08.48.40:609][991]LogSavePackage: Moving '../../../../../../Users/Tyler/Documents/GitHub/mgp-mgp-group-11/Development/MainMenuProject/Saved/MainmenuWidgetEFA049F34C42E10E16225CB8FD83EF7E.tmp' to '../../../../../../Users/Tyler/Documents/GitHub/mgp-mgp-group-11/Development/MainMenuProject/Content/Blueprints/MainmenuWidget.uasset'
[2018.02.22-08.48.40:615][991]LogSavePackage: Display: Finished SavePackage ../../../../../../Users/Tyler/Documents/GitHub/mgp-mgp-group-11/Development/MainMenuProject/Content/Blueprints/MainmenuWidget.uasset
[2018.02.22-08.48.45:476][355]LogMetaData: Removing '/Game/Blueprints/HelpWidget.HelpWidget_C' ref from Metadata '/Game/Blueprints/HelpBlueprint.PackageMetaData'
[2018.02.22-08.48.45:476][355]LogMetaData: Removing '/Game/Blueprints/HelpWidget.SKEL_HelpWidget_C' ref from Metadata '/Game/Blueprints/HelpBlueprint.PackageMetaData'
[2018.02.22-08.48.45:561][355]LogSavePackage: Save=49.89ms
[2018.02.22-08.48.45:561][355]LogSavePackage: Moving '../../../../../../Users/Tyler/Documents/GitHub/mgp-mgp-group-11/Development/MainMenuProject/Saved/HelpWidgetAD6756FC45C2CA56A2376D8875D1CBE3.tmp' to '../../../../../../Users/Tyler/Documents/GitHub/mgp-mgp-group-11/Development/MainMenuProject/Content/Blueprints/HelpWidget.uasset'
[2018.02.22-08.48.45:567][355]LogSavePackage: Display: Finished SavePackage ../../../../../../Users/Tyler/Documents/GitHub/mgp-mgp-group-11/Development/MainMenuProject/Content/Blueprints/HelpWidget.uasset
[2018.02.22-08.48.45:898][355]LogSavePackage: Save=90.58ms
[2018.02.22-08.48.45:898][355]LogSavePackage: Moving '../../../../../../Users/Tyler/Documents/GitHub/mgp-mgp-group-11/Development/MainMenuProject/Saved/MainmenuWidget99F29CF04D790797B3B32B8A5EFD6C2F.tmp' to '../../../../../../Users/Tyler/Documents/GitHub/mgp-mgp-group-11/Development/MainMenuProject/Content/Blueprints/MainmenuWidget.uasset'
[2018.02.22-08.48.45:905][355]LogSavePackage: Display: Finished SavePackage ../../../../../../Users/Tyler/Documents/GitHub/mgp-mgp-group-11/Development/MainMenuProject/Content/Blueprints/MainmenuWidget.uasset
[2018.02.22-08.48.51:224][760]LogMetaData: Removing '/Game/Blueprints/LevelButtonWidget.LevelButtonWidget_C' ref from Metadata '/Game/Blueprints/LevelButtonBlueprint.PackageMetaData'
[2018.02.22-08.48.51:224][760]LogMetaData: Removing '/Game/Blueprints/LevelButtonWidget.LevelButtonWidget:EventGraph.K2Node_Event_0' ref from Metadata '/Game/Blueprints/LevelButtonBlueprint.PackageMetaData'
[2018.02.22-08.48.51:224][760]LogMetaData: Removing '/Game/Blueprints/LevelButtonWidget.SKEL_LevelButtonWidget_C' ref from Metadata '/Game/Blueprints/LevelButtonBlueprint.PackageMetaData'
[2018.02.22-08.48.51:296][760]LogSavePackage: Save=44.07ms
[2018.02.22-08.48.51:296][760]LogSavePackage: Moving '../../../../../../Users/Tyler/Documents/GitHub/mgp-mgp-group-11/Development/MainMenuProject/Saved/LevelButtonWidget7F3A47974AEC1FB8336A3C8FEF2755C0.tmp' to '../../../../../../Users/Tyler/Documents/GitHub/mgp-mgp-group-11/Development/MainMenuProject/Content/Blueprints/LevelButtonWidget.uasset'
[2018.02.22-08.48.51:301][760]LogSavePackage: Display: Finished SavePackage ../../../../../../Users/Tyler/Documents/GitHub/mgp-mgp-group-11/Development/MainMenuProject/Content/Blueprints/LevelButtonWidget.uasset
[2018.02.22-08.48.51:618][760]LogSavePackage: Save=76.59ms
[2018.02.22-08.48.51:618][760]LogSavePackage: Moving '../../../../../../Users/Tyler/Documents/GitHub/mgp-mgp-group-11/Development/MainMenuProject/Saved/LevelSelectWidget1A008DA0484F278F22FD8BB563C1791A.tmp' to '../../../../../../Users/Tyler/Documents/GitHub/mgp-mgp-group-11/Development/MainMenuProject/Content/Blueprints/LevelSelectWidget.uasset'
[2018.02.22-08.48.51:625][760]LogSavePackage: Display: Finished SavePackage ../../../../../../Users/Tyler/Documents/GitHub/mgp-mgp-group-11/Development/MainMenuProject/Content/Blueprints/LevelSelectWidget.uasset
[2018.02.22-08.48.54:432][883]LogSlate: Took 0.000366 seconds to synchronously load lazily loaded font '../../../Engine/Content/Slate/Fonts/Roboto-Regular.ttf' (155K)
[2018.02.22-08.48.54:707][883]LogContentBrowser: Native class hierarchy updated for 'BlueprintGraph' in 0.0019 seconds. Added 113 classes and 0 folders.
[2018.02.22-08.48.56:049][883]LogSlate: Took 0.000501 seconds to synchronously load lazily loaded font '../../../Engine/Content/Slate/Fonts/Roboto-Light.ttf' (159K)
[2018.02.22-08.48.56:056][883]LogSlate: Took 0.005850 seconds to synchronously load lazily loaded font '../../../Engine/Content/Editor/Slate/Fonts/Roboto-BoldCondensed.ttf' (158K)
[2018.02.22-08.49.56:395][ 40]LogSavePackage: Save=88.41ms
[2018.02.22-08.49.56:396][ 40]LogSavePackage: Moving '../../../../../../Users/Tyler/Documents/GitHub/mgp-mgp-group-11/Development/MainMenuProject/Saved/MainMenu9E12F3204592E592396FFA9E544D232D.tmp' to '../../../../../../Users/Tyler/Documents/GitHub/mgp-mgp-group-11/Development/MainMenuProject/Content/Levels/MainMenu.umap'
[2018.02.22-08.49.56:401][ 40]LogSavePackage: Display: Finished SavePackage ../../../../../../Users/Tyler/Documents/GitHub/mgp-mgp-group-11/Development/MainMenuProject/Content/Levels/MainMenu.umap
[2018.02.22-08.49.56:454][ 40]LogFileHelpers: Saving map 'MainMenu' took 0.360
[2018.02.22-08.50.56:551][904]AssetTools: New page: Content migration completed successfully!
[2018.02.22-08.50.56:551][904]AssetTools: /Game/Blueprints/LevelButtonWidget
[2018.02.22-08.50.56:551][904]AssetTools: /Game/Assets/LevelSelectPictures/LevelButton
[2018.02.22-08.50.56:551][904]AssetTools: /Game/Assets/MainMenuPictures/MenuBackground
[2018.02.22-08.50.56:551][904]AssetTools: /Game/Assets/LevelSelectPictures/LevelSelectText
[2018.02.22-08.50.56:551][904]AssetTools: /Game/Assets/LevelSelectPictures/BackButton
[2018.02.22-08.50.56:551][904]AssetTools: /Game/Assets/MainMenuPictures/HelpButton
[2018.02.22-08.50.56:551][904]AssetTools: /Game/Assets/MainMenuPictures/PlayTriangle
[2018.02.22-08.50.56:551][904]AssetTools: /Game/Assets/MainMenuPictures/QuitButton
[2018.02.22-08.50.56:551][904]AssetTools: /Game/Assets/MainMenuPictures/SettingsButton
[2018.02.22-08.50.56:551][904]AssetTools: /Game/Assets/MainMenuPictures/TitleText
[2018.02.22-08.50.56:551][904]AssetTools: /Game/Blueprints/MainmenuWidget
[2018.02.22-08.50.56:551][904]AssetTools: /Game/Blueprints/HelpWidget
[2018.02.22-08.50.56:551][904]AssetTools: /Game/Blueprints/LevelSelectWidget
[2018.02.22-08.50.56:551][904]AssetTools: /Game/Blueprints/OptionsWidget
[2018.02.22-08.50.56:551][904]AssetTools: /Game/Blueprints/LevelSelectBlueprint
[2018.02.22-08.50.56:551][904]AssetTools: /Game/Levels/MainMenu
[2018.02.22-08.50.56:551][904]AssetTools: /Game/NewWidgetBlueprint
[2018.02.22-08.55.20:655][792]LogD3D11RHI: Error: SwapChain->ResizeBuffers(1,SizeX,SizeY,RenderTargetFormat,DXGI_SWAP_CHAIN_FLAG_ALLOW_MODE_SWITCH) failed 
 at D:\Build\++UE4+Release-4.17+Compile\Sync\Engine\Source\Runtime\Windows\D3D11RHI\Private\D3D11Viewport.cpp:220 
 with error DXGI_ERROR_DEVICE_REMOVED, 
 Size=1040x744 Format=DXGI_FORMAT_R10G10B10A2_UNORM(0x00000018)
[2018.02.22-08.55.20:667][792]LogWindows: Windows GetLastError: The operation completed successfully. (0)
